[6.797s] Invoking command in '/home/pi/ros2_ws/src/green_vision': PYTHONPATH=/home/pi/ros2_ws/build/green_vision/prefix_override:/usr/lib/python3/dist-packages/colcon_core/task/python/colcon_distutils_commands:/home/pi/ros2_ws/install/green_vision/lib/python3.10/site-packages:${PYTHONPATH} /usr/bin/python3 -W ignore:setup.py install is deprecated -W ignore:easy_install command is deprecated setup.py egg_info --egg-base ../../build/green_vision build --build-base /home/pi/ros2_ws/build/green_vision/build install --record /home/pi/ros2_ws/build/green_vision/install.log --single-version-externally-managed install_data
[8.738s] running egg_info
[8.754s] writing ../../build/green_vision/green_vision.egg-info/PKG-INFO
[8.757s] writing dependency_links to ../../build/green_vision/green_vision.egg-info/dependency_links.txt
[8.763s] writing entry points to ../../build/green_vision/green_vision.egg-info/entry_points.txt
[8.765s] writing requirements to ../../build/green_vision/green_vision.egg-info/requires.txt
[8.767s] writing top-level names to ../../build/green_vision/green_vision.egg-info/top_level.txt
[8.790s] reading manifest file '../../build/green_vision/green_vision.egg-info/SOURCES.txt'
[8.807s] writing manifest file '../../build/green_vision/green_vision.egg-info/SOURCES.txt'
[8.809s] running build
[8.811s] running build_py
[8.814s] copying green_vision/green_vision.py -> /home/pi/ros2_ws/build/green_vision/build/lib/green_vision
[8.818s] running install
[8.821s] running install_lib
[8.831s] copying /home/pi/ros2_ws/build/green_vision/build/lib/green_vision/green_vision.py -> /home/pi/ros2_ws/install/green_vision/lib/python3.10/site-packages/green_vision
[8.842s] byte-compiling /home/pi/ros2_ws/install/green_vision/lib/python3.10/site-packages/green_vision/green_vision.py to green_vision.cpython-310.pyc
[8.844s] Sorry: IndentationError: unindent does not match any outer indentation level (green_vision.py, line 79)
[8.845s] running install_data
[8.846s] running install_egg_info
[8.864s] removing '/home/pi/ros2_ws/install/green_vision/lib/python3.10/site-packages/green_vision-0.0.0-py3.10.egg-info' (and everything under it)
[8.869s] Copying ../../build/green_vision/green_vision.egg-info to /home/pi/ros2_ws/install/green_vision/lib/python3.10/site-packages/green_vision-0.0.0-py3.10.egg-info
[8.880s] running install_scripts
[9.026s] Installing green_vision script to /home/pi/ros2_ws/install/green_vision/lib/green_vision
[9.029s] writing list of installed files to '/home/pi/ros2_ws/build/green_vision/install.log'
[9.262s] Invoked command in '/home/pi/ros2_ws/src/green_vision' returned '0': PYTHONPATH=/home/pi/ros2_ws/build/green_vision/prefix_override:/usr/lib/python3/dist-packages/colcon_core/task/python/colcon_distutils_commands:/home/pi/ros2_ws/install/green_vision/lib/python3.10/site-packages:${PYTHONPATH} /usr/bin/python3 -W ignore:setup.py install is deprecated -W ignore:easy_install command is deprecated setup.py egg_info --egg-base ../../build/green_vision build --build-base /home/pi/ros2_ws/build/green_vision/build install --record /home/pi/ros2_ws/build/green_vision/install.log --single-version-externally-managed install_data
