[0.154s] Invoking command in '/home/pi/ros2_ws/build/realsense2_camera': AMENT_PREFIX_PATH=/home/pi/ros2_ws/install/realsense2_camera_msgs:${AMENT_PREFIX_PATH} CMAKE_PREFIX_PATH=/home/pi/ros2_ws/install/realsense2_camera_msgs:/home/pi/ros2_ws/install/turtlesim:/home/pi/ros2_ws/install/rplidar_ros:/home/pi/ros2_ws/install/robo_rover:/home/pi/ros2_ws/install/ack_control:/home/pi/ros2_ws/install/py_Controller:/home/pi/ros2_ws/install/green_vision:/home/pi/ros2_ws/install/green_control:/opt/ros/humble LD_LIBRARY_PATH=/home/pi/ros2_ws/install/realsense2_camera_msgs/lib:${LD_LIBRARY_PATH} PYTHONPATH=/home/pi/ros2_ws/install/realsense2_camera_msgs/local/lib/python3.10/dist-packages:${PYTHONPATH} /usr/bin/cmake /home/pi/ros2_ws/src/realsense-ros/realsense2_camera -DCMAKE_INSTALL_PREFIX=/home/pi/ros2_ws/install/realsense2_camera
[0.827s] -- The C compiler identification is GNU 11.4.0
[1.204s] -- The CXX compiler identification is GNU 11.4.0
[1.236s] -- Detecting C compiler ABI info
[1.663s] -- Detecting C compiler ABI info - done
[1.687s] -- Check for working C compiler: /usr/bin/cc - skipped
[1.688s] -- Detecting C compile features
[1.690s] -- Detecting C compile features - done
[1.704s] -- Detecting CXX compiler ABI info
[2.298s] -- Detecting CXX compiler ABI info - done
[2.325s] -- Check for working CXX compiler: /usr/bin/c++ - skipped
[2.329s] -- Detecting CXX compile features
[2.330s] -- Detecting CXX compile features - done
[2.333s] -- Create Release Build.
[2.368s] -- Found ament_cmake: 1.3.13 (/opt/ros/humble/share/ament_cmake/cmake)
[3.508s] -- Found Python3: /usr/bin/python3 (found version "3.10.12") found components: Interpreter 
[4.386s] -- Found builtin_interfaces: 1.2.2 (/opt/ros/humble/share/builtin_interfaces/cmake)
[4.858s] -- Found rosidl_generator_c: 3.1.8 (/opt/ros/humble/share/rosidl_generator_c/cmake)
[4.932s] -- Found rosidl_adapter: 3.1.8 (/opt/ros/humble/share/rosidl_adapter/cmake)
[5.026s] -- Found rosidl_generator_cpp: 3.1.8 (/opt/ros/humble/share/rosidl_generator_cpp/cmake)
[5.149s] -- Using all available rosidl_typesupport_c: rosidl_typesupport_fastrtps_c;rosidl_typesupport_introspection_c
[5.293s] -- Using all available rosidl_typesupport_cpp: rosidl_typesupport_fastrtps_cpp;rosidl_typesupport_introspection_cpp
[5.450s] -- Found rclcpp: 16.0.18 (/opt/ros/humble/share/rclcpp/cmake)
[5.907s] -- Found rmw_implementation_cmake: 6.1.2 (/opt/ros/humble/share/rmw_implementation_cmake/cmake)
[5.950s] -- Found rmw_fastrtps_cpp: 6.2.10 (/opt/ros/humble/share/rmw_fastrtps_cpp/cmake)
[6.750s] -- Found OpenSSL: /usr/lib/aarch64-linux-gnu/libcrypto.so (found version "3.0.2")  
[7.618s] -- Found FastRTPS: /opt/ros/humble/include  
[8.158s] -- Using RMW implementation 'rmw_fastrtps_cpp' as default
[10.130s] -- Looking for pthread.h
[10.557s] -- Looking for pthread.h - found
[10.560s] -- Performing Test CMAKE_HAVE_LIBC_PTHREAD
[10.991s] -- Performing Test CMAKE_HAVE_LIBC_PTHREAD - Success
[10.996s] -- Found Threads: TRUE  
[12.846s] -- Found rclcpp_action: 16.0.18 (/opt/ros/humble/share/rclcpp_action/cmake)
[13.068s] -- Found realsense2_camera_msgs: 4.57.7 (/home/pi/ros2_ws/install/realsense2_camera_msgs/share/realsense2_camera_msgs/cmake)
[13.357s] -- Found std_srvs: 4.9.1 (/opt/ros/humble/share/std_srvs/cmake)
[13.445s] -- Found nav_msgs: 4.9.1 (/opt/ros/humble/share/nav_msgs/cmake)
[13.559s] -- Found tf2_ros: 0.25.19 (/opt/ros/humble/share/tf2_ros/cmake)
[14.173s] -- Found diagnostic_updater: 4.0.6 (/opt/ros/humble/share/diagnostic_updater/cmake)
[14.391s] -- Found OpenCV: /usr (found version "4.5.4") found components: core 
[14.426s] -- Found image_transport: 3.1.12 (/opt/ros/humble/share/image_transport/cmake)
[14.752s] -- Found cv_bridge: 3.2.1 (/opt/ros/humble/share/cv_bridge/cmake)
[14.969s] [33mCMake Warning at CMakeLists.txt:155 (find_package):
[14.969s]   Could not find a configuration file for package "realsense2" that is
[14.969s]   compatible with requested version "2.56.6".
[14.970s] 
[14.970s]   The following configuration files were considered but not accepted:
[14.970s] 
[14.971s]     /opt/ros/humble/lib/aarch64-linux-gnu/cmake/realsense2/realsense2Config.cmake, version: 2.56.4
[14.971s] 
[14.972s] 
[14.972s] [0m
[14.972s] [31mCMake Error at CMakeLists.txt:160 (message):
[14.973s]   
[14.973s] 
[14.974s]   
[14.975s] 
[14.975s]    RealSense SDK 2.0 is missing, please install it from https://github.com/realsenseai/librealsense/releases
[14.976s] 
[14.976s]   
[14.976s] 
[14.977s] 
[14.977s] [0m
[14.978s] -- Configuring incomplete, errors occurred!
[14.979s] See also "/home/pi/ros2_ws/build/realsense2_camera/CMakeFiles/CMakeOutput.log".
[15.015s] Invoked command in '/home/pi/ros2_ws/build/realsense2_camera' returned '1': AMENT_PREFIX_PATH=/home/pi/ros2_ws/install/realsense2_camera_msgs:${AMENT_PREFIX_PATH} CMAKE_PREFIX_PATH=/home/pi/ros2_ws/install/realsense2_camera_msgs:/home/pi/ros2_ws/install/turtlesim:/home/pi/ros2_ws/install/rplidar_ros:/home/pi/ros2_ws/install/robo_rover:/home/pi/ros2_ws/install/ack_control:/home/pi/ros2_ws/install/py_Controller:/home/pi/ros2_ws/install/green_vision:/home/pi/ros2_ws/install/green_control:/opt/ros/humble LD_LIBRARY_PATH=/home/pi/ros2_ws/install/realsense2_camera_msgs/lib:${LD_LIBRARY_PATH} PYTHONPATH=/home/pi/ros2_ws/install/realsense2_camera_msgs/local/lib/python3.10/dist-packages:${PYTHONPATH} /usr/bin/cmake /home/pi/ros2_ws/src/realsense-ros/realsense2_camera -DCMAKE_INSTALL_PREFIX=/home/pi/ros2_ws/install/realsense2_camera
