[0.139s] Invoking command in '/home/pi/ros2_ws/build/ack_control': CMAKE_PREFIX_PATH=${CMAKE_PREFIX_PATH}:/home/pi/ros2_ws/install/green_vision:/home/pi/ros2_ws/install/green_control:/opt/ros/humble /usr/bin/cmake --build /home/pi/ros2_ws/build/ack_control -- -j4 -l4
[2.881s] [100%] Built target ack_control
[2.910s] Invoked command in '/home/pi/ros2_ws/build/ack_control' returned '0': CMAKE_PREFIX_PATH=${CMAKE_PREFIX_PATH}:/home/pi/ros2_ws/install/green_vision:/home/pi/ros2_ws/install/green_control:/opt/ros/humble /usr/bin/cmake --build /home/pi/ros2_ws/build/ack_control -- -j4 -l4
[2.959s] Invoking command in '/home/pi/ros2_ws/build/ack_control': CMAKE_PREFIX_PATH=${CMAKE_PREFIX_PATH}:/home/pi/ros2_ws/install/green_vision:/home/pi/ros2_ws/install/green_control:/opt/ros/humble /usr/bin/cmake --install /home/pi/ros2_ws/build/ack_control
[3.000s] -- Install configuration: ""
[3.002s] -- Execute custom install script
[3.003s] -- Up-to-date symlink: /home/pi/ros2_ws/install/ack_control/share/ack_control//ack_control.xml
[3.006s] -- Up-to-date symlink: /home/pi/ros2_ws/install/ack_control/lib/liback_control.so
[3.010s] -- Up-to-date symlink: /home/pi/ros2_ws/install/ack_control/share/ack_control/config/ack_controllers.yaml
[3.013s] -- Up-to-date symlink: /home/pi/ros2_ws/install/ack_control/share/ack_control/description/deep.urdf.xacro
[3.016s] -- Up-to-date symlink: /home/pi/ros2_ws/install/ack_control/share/ack_control/launch/bringup.launch.py
[3.023s] -- Up-to-date symlink: /home/pi/ros2_ws/install/ack_control/include/ack_control/ack_hardware.hpp
[3.028s] -- Up-to-date symlink: /home/pi/ros2_ws/install/ack_control/share/ament_index/resource_index/package_run_dependencies/ack_control
[3.031s] -- Up-to-date symlink: /home/pi/ros2_ws/install/ack_control/share/ament_index/resource_index/parent_prefix_path/ack_control
[3.034s] -- Up-to-date symlink: /home/pi/ros2_ws/install/ack_control/share/ack_control/environment/ament_prefix_path.sh
[3.036s] -- Up-to-date symlink: /home/pi/ros2_ws/install/ack_control/share/ack_control/environment/ament_prefix_path.dsv
[3.038s] -- Up-to-date symlink: /home/pi/ros2_ws/install/ack_control/share/ack_control/environment/path.sh
[3.041s] -- Up-to-date symlink: /home/pi/ros2_ws/install/ack_control/share/ack_control/environment/path.dsv
[3.043s] -- Up-to-date symlink: /home/pi/ros2_ws/install/ack_control/share/ack_control/local_setup.bash
[3.046s] -- Up-to-date symlink: /home/pi/ros2_ws/install/ack_control/share/ack_control/local_setup.sh
[3.049s] -- Up-to-date symlink: /home/pi/ros2_ws/install/ack_control/share/ack_control/local_setup.zsh
[3.052s] -- Up-to-date symlink: /home/pi/ros2_ws/install/ack_control/share/ack_control/local_setup.dsv
[3.054s] -- Symlinking: /home/pi/ros2_ws/install/ack_control/share/ack_control/package.dsv
[3.098s] -- Up-to-date symlink: /home/pi/ros2_ws/install/ack_control/share/ament_index/resource_index/packages/ack_control
[3.101s] -- Up-to-date symlink: /home/pi/ros2_ws/install/ack_control/share/ament_index/resource_index/hardware_interface__pluginlib__plugin/ack_control
[3.104s] -- Up-to-date symlink: /home/pi/ros2_ws/install/ack_control/share/ack_control/cmake/ack_controlConfig.cmake
[3.106s] -- Up-to-date symlink: /home/pi/ros2_ws/install/ack_control/share/ack_control/cmake/ack_controlConfig-version.cmake
[3.108s] -- Up-to-date symlink: /home/pi/ros2_ws/install/ack_control/share/ack_control/package.xml
[3.126s] Invoked command in '/home/pi/ros2_ws/build/ack_control' returned '0': CMAKE_PREFIX_PATH=${CMAKE_PREFIX_PATH}:/home/pi/ros2_ws/install/green_vision:/home/pi/ros2_ws/install/green_control:/opt/ros/humble /usr/bin/cmake --install /home/pi/ros2_ws/build/ack_control
