[0.079s] Invoking command in '/home/pi/ros2_ws/src/build/robo_rover': CMAKE_PREFIX_PATH=${CMAKE_PREFIX_PATH}:/opt/ros/humble /usr/bin/cmake /home/pi/ros2_ws/src/robo_rover -DCMAKE_INSTALL_PREFIX=/home/pi/ros2_ws/src/install/robo_rover
[0.381s] -- The C compiler identification is GNU 11.4.0
[0.693s] -- The CXX compiler identification is GNU 11.4.0
[0.722s] -- Detecting C compiler ABI info
[1.094s] -- Detecting C compiler ABI info - done
[1.120s] -- Check for working C compiler: /usr/bin/cc - skipped
[1.121s] -- Detecting C compile features
[1.122s] -- Detecting C compile features - done
[1.134s] -- Detecting CXX compiler ABI info
[1.547s] -- Detecting CXX compiler ABI info - done
[1.575s] -- Check for working CXX compiler: /usr/bin/c++ - skipped
[1.576s] -- Detecting CXX compile features
[1.579s] -- Detecting CXX compile features - done
[1.613s] -- Found ament_cmake: 1.3.12 (/opt/ros/humble/share/ament_cmake/cmake)
[2.636s] -- Found Python3: /usr/bin/python3 (found version "3.10.12") found components: Interpreter 
[3.428s] -- Found rclpy: 3.3.19 (/opt/ros/humble/share/rclpy/cmake)
[3.454s] -- Found std_msgs: 4.9.0 (/opt/ros/humble/share/std_msgs/cmake)
[3.822s] -- Found rosidl_generator_c: 3.1.8 (/opt/ros/humble/share/rosidl_generator_c/cmake)
[3.886s] -- Found rosidl_adapter: 3.1.8 (/opt/ros/humble/share/rosidl_adapter/cmake)
[3.963s] -- Found rosidl_generator_cpp: 3.1.8 (/opt/ros/humble/share/rosidl_generator_cpp/cmake)
[4.053s] -- Using all available rosidl_typesupport_c: rosidl_typesupport_fastrtps_c;rosidl_typesupport_introspection_c
[4.182s] -- Using all available rosidl_typesupport_cpp: rosidl_typesupport_fastrtps_cpp;rosidl_typesupport_introspection_cpp
[4.352s] -- Found geometry_msgs: 4.9.0 (/opt/ros/humble/share/geometry_msgs/cmake)
[4.430s] -- Found sensor_msgs: 4.9.0 (/opt/ros/humble/share/sensor_msgs/cmake)
[4.986s] -- Found ament_lint_auto: 0.12.14 (/opt/ros/humble/share/ament_lint_auto/cmake)
[5.573s] -- Added test 'copyright' to check source files copyright and LICENSE
[5.595s] -- Added test 'flake8' to check Python code syntax and style conventions
[5.600s] -- Added test 'lint_cmake' to check CMake code style
[5.604s] -- Added test 'pep257' to check Python code against some of the docstring style conventions in PEP 257
[5.616s] -- Added test 'xmllint' to check XML markup files
[5.624s] -- Configuring done
[5.660s] -- Generating done
[5.671s] -- Build files have been written to: /home/pi/ros2_ws/src/build/robo_rover
[5.710s] Invoked command in '/home/pi/ros2_ws/src/build/robo_rover' returned '0': CMAKE_PREFIX_PATH=${CMAKE_PREFIX_PATH}:/opt/ros/humble /usr/bin/cmake /home/pi/ros2_ws/src/robo_rover -DCMAKE_INSTALL_PREFIX=/home/pi/ros2_ws/src/install/robo_rover
[5.711s] Invoking command in '/home/pi/ros2_ws/src/build/robo_rover': CMAKE_PREFIX_PATH=${CMAKE_PREFIX_PATH}:/opt/ros/humble /usr/bin/cmake --build /home/pi/ros2_ws/src/build/robo_rover -- -j4 -l4
[5.944s] Built target ament_cmake_python_copy_robo_rover
[7.535s] running egg_info
[7.538s] creating robo_rover.egg-info
[7.539s] writing robo_rover.egg-info/PKG-INFO
[7.540s] writing dependency_links to robo_rover.egg-info/dependency_links.txt
[7.541s] writing top-level names to robo_rover.egg-info/top_level.txt
[7.542s] writing manifest file 'robo_rover.egg-info/SOURCES.txt'
[7.555s] reading manifest file 'robo_rover.egg-info/SOURCES.txt'
[7.557s] writing manifest file 'robo_rover.egg-info/SOURCES.txt'
[7.714s] Built target ament_cmake_python_build_robo_rover_egg
[7.756s] Invoked command in '/home/pi/ros2_ws/src/build/robo_rover' returned '0': CMAKE_PREFIX_PATH=${CMAKE_PREFIX_PATH}:/opt/ros/humble /usr/bin/cmake --build /home/pi/ros2_ws/src/build/robo_rover -- -j4 -l4
[7.802s] Invoking command in '/home/pi/ros2_ws/src/build/robo_rover': CMAKE_PREFIX_PATH=${CMAKE_PREFIX_PATH}:/opt/ros/humble /usr/bin/cmake --install /home/pi/ros2_ws/src/build/robo_rover
[7.834s] -- Install configuration: ""
[7.835s] -- Installing: /home/pi/ros2_ws/src/install/robo_rover/share/robo_rover/environment/pythonpath.sh
[7.837s] -- Installing: /home/pi/ros2_ws/src/install/robo_rover/share/robo_rover/environment/pythonpath.dsv
[7.838s] -- Installing: /home/pi/ros2_ws/src/install/robo_rover/local/lib/python3.10/dist-packages/robo_rover-1.0.0-py3.10.egg-info
[7.839s] -- Installing: /home/pi/ros2_ws/src/install/robo_rover/local/lib/python3.10/dist-packages/robo_rover-1.0.0-py3.10.egg-info/PKG-INFO
[7.841s] -- Installing: /home/pi/ros2_ws/src/install/robo_rover/local/lib/python3.10/dist-packages/robo_rover-1.0.0-py3.10.egg-info/top_level.txt
[7.842s] -- Installing: /home/pi/ros2_ws/src/install/robo_rover/local/lib/python3.10/dist-packages/robo_rover-1.0.0-py3.10.egg-info/dependency_links.txt
[7.844s] -- Installing: /home/pi/ros2_ws/src/install/robo_rover/local/lib/python3.10/dist-packages/robo_rover-1.0.0-py3.10.egg-info/SOURCES.txt
[7.846s] -- Installing: /home/pi/ros2_ws/src/install/robo_rover/local/lib/python3.10/dist-packages/robo_rover
[7.847s] -- Installing: /home/pi/ros2_ws/src/install/robo_rover/local/lib/python3.10/dist-packages/robo_rover/__init__.py
[7.848s] -- Installing: /home/pi/ros2_ws/src/install/robo_rover/local/lib/python3.10/dist-packages/robo_rover/rover_node.py
[8.067s] Listing '/home/pi/ros2_ws/src/install/robo_rover/local/lib/python3.10/dist-packages/robo_rover'...
[8.068s] Compiling '/home/pi/ros2_ws/src/install/robo_rover/local/lib/python3.10/dist-packages/robo_rover/__init__.py'...
[8.070s] Compiling '/home/pi/ros2_ws/src/install/robo_rover/local/lib/python3.10/dist-packages/robo_rover/rover_node.py'...
[8.100s] -- Installing: /home/pi/ros2_ws/src/install/robo_rover/lib/robo_rover/rover_node
[8.102s] -- Installing: /home/pi/ros2_ws/src/install/robo_rover/share/robo_rover/launch
[8.102s] -- Installing: /home/pi/ros2_ws/src/install/robo_rover/share/robo_rover/launch/rover_launch.py
[8.107s] -- Installing: /home/pi/ros2_ws/src/install/robo_rover/share/ament_index/resource_index/package_run_dependencies/robo_rover
[8.108s] -- Installing: /home/pi/ros2_ws/src/install/robo_rover/share/ament_index/resource_index/parent_prefix_path/robo_rover
[8.108s] -- Installing: /home/pi/ros2_ws/src/install/robo_rover/share/robo_rover/environment/ament_prefix_path.sh
[8.111s] -- Installing: /home/pi/ros2_ws/src/install/robo_rover/share/robo_rover/environment/ament_prefix_path.dsv
[8.111s] -- Installing: /home/pi/ros2_ws/src/install/robo_rover/share/robo_rover/environment/path.sh
[8.112s] -- Installing: /home/pi/ros2_ws/src/install/robo_rover/share/robo_rover/environment/path.dsv
[8.114s] -- Installing: /home/pi/ros2_ws/src/install/robo_rover/share/robo_rover/local_setup.bash
[8.115s] -- Installing: /home/pi/ros2_ws/src/install/robo_rover/share/robo_rover/local_setup.sh
[8.116s] -- Installing: /home/pi/ros2_ws/src/install/robo_rover/share/robo_rover/local_setup.zsh
[8.118s] -- Installing: /home/pi/ros2_ws/src/install/robo_rover/share/robo_rover/local_setup.dsv
[8.119s] -- Installing: /home/pi/ros2_ws/src/install/robo_rover/share/robo_rover/package.dsv
[8.121s] -- Installing: /home/pi/ros2_ws/src/install/robo_rover/share/ament_index/resource_index/packages/robo_rover
[8.123s] -- Installing: /home/pi/ros2_ws/src/install/robo_rover/share/robo_rover/cmake/robo_roverConfig.cmake
[8.124s] -- Installing: /home/pi/ros2_ws/src/install/robo_rover/share/robo_rover/cmake/robo_roverConfig-version.cmake
[8.126s] -- Installing: /home/pi/ros2_ws/src/install/robo_rover/share/robo_rover/package.xml
[8.135s] Invoked command in '/home/pi/ros2_ws/src/build/robo_rover' returned '0': CMAKE_PREFIX_PATH=${CMAKE_PREFIX_PATH}:/opt/ros/humble /usr/bin/cmake --install /home/pi/ros2_ws/src/build/robo_rover
