[0.093s] Invoking command in '/home/pi/ros2_ws/build/robo_rover': CMAKE_PREFIX_PATH=${CMAKE_PREFIX_PATH}:/opt/ros/humble /usr/bin/cmake /home/pi/ros2_ws/src/robo_rover -DAMENT_CMAKE_SYMLINK_INSTALL=1 -DCMAKE_INSTALL_PREFIX=/home/pi/ros2_ws/install/robo_rover
[0.478s] -- The C compiler identification is GNU 11.4.0
[0.835s] -- The CXX compiler identification is GNU 11.4.0
[0.868s] -- Detecting C compiler ABI info
[1.302s] -- Detecting C compiler ABI info - done
[1.330s] -- Check for working C compiler: /usr/bin/cc - skipped
[1.331s] -- Detecting C compile features
[1.333s] -- Detecting C compile features - done
[1.345s] -- Detecting CXX compiler ABI info
[1.818s] -- Detecting CXX compiler ABI info - done
[1.846s] -- Check for working CXX compiler: /usr/bin/c++ - skipped
[1.847s] -- Detecting CXX compile features
[1.849s] -- Detecting CXX compile features - done
[1.878s] -- Found ament_cmake: 1.3.12 (/opt/ros/humble/share/ament_cmake/cmake)
[3.058s] -- Found Python3: /usr/bin/python3 (found version "3.10.12") found components: Interpreter 
[3.545s] -- Override CMake install command with custom implementation using symlinks instead of copying resources
[3.853s] -- Found rclpy: 3.3.19 (/opt/ros/humble/share/rclpy/cmake)
[3.872s] -- Found std_msgs: 4.9.0 (/opt/ros/humble/share/std_msgs/cmake)
[4.189s] -- Found rosidl_generator_c: 3.1.8 (/opt/ros/humble/share/rosidl_generator_c/cmake)
[4.238s] -- Found rosidl_adapter: 3.1.8 (/opt/ros/humble/share/rosidl_adapter/cmake)
[4.301s] -- Found rosidl_generator_cpp: 3.1.8 (/opt/ros/humble/share/rosidl_generator_cpp/cmake)
[4.384s] -- Using all available rosidl_typesupport_c: rosidl_typesupport_fastrtps_c;rosidl_typesupport_introspection_c
[4.495s] -- Using all available rosidl_typesupport_cpp: rosidl_typesupport_fastrtps_cpp;rosidl_typesupport_introspection_cpp
[4.655s] -- Found geometry_msgs: 4.9.0 (/opt/ros/humble/share/geometry_msgs/cmake)
[4.728s] -- Found sensor_msgs: 4.9.0 (/opt/ros/humble/share/sensor_msgs/cmake)
[5.293s] -- Found ament_lint_auto: 0.12.14 (/opt/ros/humble/share/ament_lint_auto/cmake)
[5.832s] -- Added test 'copyright' to check source files copyright and LICENSE
[5.853s] -- Added test 'flake8' to check Python code syntax and style conventions
[5.857s] -- Added test 'lint_cmake' to check CMake code style
[5.862s] -- Added test 'pep257' to check Python code against some of the docstring style conventions in PEP 257
[5.872s] -- Added test 'xmllint' to check XML markup files
[5.883s] -- Configuring done
[5.920s] -- Generating done
[5.931s] -- Build files have been written to: /home/pi/ros2_ws/build/robo_rover
[5.968s] Invoked command in '/home/pi/ros2_ws/build/robo_rover' returned '0': CMAKE_PREFIX_PATH=${CMAKE_PREFIX_PATH}:/opt/ros/humble /usr/bin/cmake /home/pi/ros2_ws/src/robo_rover -DAMENT_CMAKE_SYMLINK_INSTALL=1 -DCMAKE_INSTALL_PREFIX=/home/pi/ros2_ws/install/robo_rover
[5.973s] Invoking command in '/home/pi/ros2_ws/build/robo_rover': CMAKE_PREFIX_PATH=${CMAKE_PREFIX_PATH}:/opt/ros/humble /usr/bin/cmake --build /home/pi/ros2_ws/build/robo_rover -- -j4 -l4
[6.219s] Built target ament_cmake_python_symlink_robo_rover
[8.041s] running egg_info
[8.044s] creating robo_rover.egg-info
[8.045s] writing robo_rover.egg-info/PKG-INFO
[8.047s] writing dependency_links to robo_rover.egg-info/dependency_links.txt
[8.049s] writing top-level names to robo_rover.egg-info/top_level.txt
[8.051s] writing manifest file 'robo_rover.egg-info/SOURCES.txt'
[8.065s] reading manifest file 'robo_rover.egg-info/SOURCES.txt'
[8.069s] writing manifest file 'robo_rover.egg-info/SOURCES.txt'
[8.316s] Built target ament_cmake_python_build_robo_rover_egg
[8.386s] Invoked command in '/home/pi/ros2_ws/build/robo_rover' returned '0': CMAKE_PREFIX_PATH=${CMAKE_PREFIX_PATH}:/opt/ros/humble /usr/bin/cmake --build /home/pi/ros2_ws/build/robo_rover -- -j4 -l4
[8.424s] Invoking command in '/home/pi/ros2_ws/build/robo_rover': CMAKE_PREFIX_PATH=${CMAKE_PREFIX_PATH}:/opt/ros/humble /usr/bin/cmake --install /home/pi/ros2_ws/build/robo_rover
[8.459s] -- Install configuration: ""
[8.461s] -- Execute custom install script
[8.464s] -- Symlinking: /home/pi/ros2_ws/install/robo_rover/share/robo_rover/environment/pythonpath.sh
[8.500s] -- Symlinking: /home/pi/ros2_ws/install/robo_rover/share/robo_rover/environment/pythonpath.dsv
[8.570s] -- Symlinking: /home/pi/ros2_ws/install/robo_rover/local/lib/python3.10/dist-packages/robo_rover-1.0.0-py3.10.egg-info/PKG-INFO
[8.602s] -- Symlinking: /home/pi/ros2_ws/install/robo_rover/local/lib/python3.10/dist-packages/robo_rover-1.0.0-py3.10.egg-info/SOURCES.txt
[8.655s] -- Symlinking: /home/pi/ros2_ws/install/robo_rover/local/lib/python3.10/dist-packages/robo_rover-1.0.0-py3.10.egg-info/dependency_links.txt
[8.701s] -- Symlinking: /home/pi/ros2_ws/install/robo_rover/local/lib/python3.10/dist-packages/robo_rover-1.0.0-py3.10.egg-info/top_level.txt
[8.776s] -- Symlinking: /home/pi/ros2_ws/install/robo_rover/local/lib/python3.10/dist-packages/robo_rover/__init__.py
[8.815s] -- Symlinking: /home/pi/ros2_ws/install/robo_rover/local/lib/python3.10/dist-packages/robo_rover/rover_node.py
[8.856s] -- Symlinking: /home/pi/ros2_ws/install/robo_rover/share/robo_rover/launch/rover_launch.py
[8.902s] -- Symlinking: /home/pi/ros2_ws/install/robo_rover/share/ament_index/resource_index/package_run_dependencies/robo_rover
[8.953s] -- Symlinking: /home/pi/ros2_ws/install/robo_rover/share/ament_index/resource_index/parent_prefix_path/robo_rover
[9.028s] -- Symlinking: /home/pi/ros2_ws/install/robo_rover/share/robo_rover/environment/ament_prefix_path.sh
[9.095s] -- Symlinking: /home/pi/ros2_ws/install/robo_rover/share/robo_rover/environment/ament_prefix_path.dsv
[9.139s] -- Symlinking: /home/pi/ros2_ws/install/robo_rover/share/robo_rover/environment/path.sh
[9.178s] -- Symlinking: /home/pi/ros2_ws/install/robo_rover/share/robo_rover/environment/path.dsv
[9.212s] -- Symlinking: /home/pi/ros2_ws/install/robo_rover/share/robo_rover/local_setup.bash
[9.247s] -- Symlinking: /home/pi/ros2_ws/install/robo_rover/share/robo_rover/local_setup.sh
[9.286s] -- Symlinking: /home/pi/ros2_ws/install/robo_rover/share/robo_rover/local_setup.zsh
[9.321s] -- Symlinking: /home/pi/ros2_ws/install/robo_rover/share/robo_rover/local_setup.dsv
[9.356s] -- Symlinking: /home/pi/ros2_ws/install/robo_rover/share/robo_rover/package.dsv
[9.396s] -- Symlinking: /home/pi/ros2_ws/install/robo_rover/share/ament_index/resource_index/packages/robo_rover
[9.434s] -- Symlinking: /home/pi/ros2_ws/install/robo_rover/share/robo_rover/cmake/robo_roverConfig.cmake
[9.472s] -- Symlinking: /home/pi/ros2_ws/install/robo_rover/share/robo_rover/cmake/robo_roverConfig-version.cmake
[9.511s] -- Symlinking: /home/pi/ros2_ws/install/robo_rover/share/robo_rover/package.xml
[9.745s] Listing '/home/pi/ros2_ws/install/robo_rover/local/lib/python3.10/dist-packages/robo_rover'...
[9.746s] Compiling '/home/pi/ros2_ws/install/robo_rover/local/lib/python3.10/dist-packages/robo_rover/__init__.py'...
[9.746s] Compiling '/home/pi/ros2_ws/install/robo_rover/local/lib/python3.10/dist-packages/robo_rover/rover_node.py'...
[9.811s] -- Installing: /home/pi/ros2_ws/install/robo_rover/lib/robo_rover/rover_node
[9.826s] Invoked command in '/home/pi/ros2_ws/build/robo_rover' returned '0': CMAKE_PREFIX_PATH=${CMAKE_PREFIX_PATH}:/opt/ros/humble /usr/bin/cmake --install /home/pi/ros2_ws/build/robo_rover
