[6.833s] Invoking command in '/home/pi/ros2_ws/src/green_control': PYTHONPATH=/home/pi/ros2_ws/build/green_control/prefix_override:/usr/lib/python3/dist-packages/colcon_core/task/python/colcon_distutils_commands:/home/pi/ros2_ws/install/green_control/lib/python3.10/site-packages:${PYTHONPATH} /usr/bin/python3 -W ignore:setup.py install is deprecated -W ignore:easy_install command is deprecated setup.py egg_info --egg-base ../../build/green_control build --build-base /home/pi/ros2_ws/build/green_control/build install --record /home/pi/ros2_ws/build/green_control/install.log --single-version-externally-managed install_data
[8.974s] running egg_info
[8.979s] writing ../../build/green_control/green_control.egg-info/PKG-INFO
[8.981s] writing dependency_links to ../../build/green_control/green_control.egg-info/dependency_links.txt
[8.983s] writing entry points to ../../build/green_control/green_control.egg-info/entry_points.txt
[8.985s] writing requirements to ../../build/green_control/green_control.egg-info/requires.txt
[8.986s] writing top-level names to ../../build/green_control/green_control.egg-info/top_level.txt
[8.999s] reading manifest file '../../build/green_control/green_control.egg-info/SOURCES.txt'
[9.005s] writing manifest file '../../build/green_control/green_control.egg-info/SOURCES.txt'
[9.006s] running build
[9.007s] running build_py
[9.009s] running install
[9.012s] running install_lib
[9.018s] running install_data
[9.019s] running install_egg_info
[9.031s] removing '/home/pi/ros2_ws/install/green_control/lib/python3.10/site-packages/green_control-0.0.0-py3.10.egg-info' (and everything under it)
[9.034s] Copying ../../build/green_control/green_control.egg-info to /home/pi/ros2_ws/install/green_control/lib/python3.10/site-packages/green_control-0.0.0-py3.10.egg-info
[9.045s] running install_scripts
[9.201s] Installing green_control script to /home/pi/ros2_ws/install/green_control/lib/green_control
[9.204s] writing list of installed files to '/home/pi/ros2_ws/build/green_control/install.log'
[9.396s] Invoked command in '/home/pi/ros2_ws/src/green_control' returned '0': PYTHONPATH=/home/pi/ros2_ws/build/green_control/prefix_override:/usr/lib/python3/dist-packages/colcon_core/task/python/colcon_distutils_commands:/home/pi/ros2_ws/install/green_control/lib/python3.10/site-packages:${PYTHONPATH} /usr/bin/python3 -W ignore:setup.py install is deprecated -W ignore:easy_install command is deprecated setup.py egg_info --egg-base ../../build/green_control build --build-base /home/pi/ros2_ws/build/green_control/build install --record /home/pi/ros2_ws/build/green_control/install.log --single-version-externally-managed install_data
