[0.058s] Invoking command in '/home/pi/ros2_ws/build/turtlesim': CMAKE_PREFIX_PATH=${CMAKE_PREFIX_PATH}:/home/pi/ros2_ws/install/green_vision:/home/pi/ros2_ws/install/green_control:/opt/ros/humble /usr/bin/cmake --build /home/pi/ros2_ws/build/turtlesim -- -j4 -l4
[0.519s] [  1%] Built target turtlesim__cpp
[0.577s] [ 11%] Built target turtlesim__rosidl_generator_c
[0.589s] [ 11%] Built target ament_cmake_python_symlink_turtlesim
[0.868s] [ 21%] Built target turtlesim__rosidl_typesupport_cpp
[0.958s] [ 31%] Built target turtlesim__rosidl_typesupport_introspection_cpp
[0.986s] [ 41%] Built target turtlesim__rosidl_typesupport_fastrtps_cpp
[1.235s] [ 51%] Built target turtlesim__rosidl_typesupport_fastrtps_c
[1.299s] [ 61%] Built target turtlesim__rosidl_typesupport_introspection_c
[1.384s] [ 71%] Built target turtlesim__rosidl_typesupport_c
[1.631s] [ 73%] Built target turtle_teleop_key
[1.653s] [ 79%] Built target turtlesim_node
[1.657s] [ 81%] Built target draw_square
[1.750s] [ 81%] Built target turtlesim
[1.773s] [ 83%] Built target mimic
[1.850s] [ 84%] Built target turtlesim__py
[1.977s] [ 93%] Built target turtlesim__rosidl_generator_py
[2.099s] [ 95%] Built target turtlesim__rosidl_typesupport_introspection_c__pyext
[2.104s] [ 97%] Built target turtlesim__rosidl_typesupport_fastrtps_c__pyext
[2.106s] [100%] Built target turtlesim__rosidl_typesupport_c__pyext
[2.545s] running egg_info
[2.547s] writing turtlesim.egg-info/PKG-INFO
[2.548s] writing dependency_links to turtlesim.egg-info/dependency_links.txt
[2.549s] writing top-level names to turtlesim.egg-info/top_level.txt
[2.561s] reading manifest file 'turtlesim.egg-info/SOURCES.txt'
[2.565s] writing manifest file 'turtlesim.egg-info/SOURCES.txt'
[2.694s] [100%] Built target ament_cmake_python_build_turtlesim_egg
[2.746s] Invoked command in '/home/pi/ros2_ws/build/turtlesim' returned '0': CMAKE_PREFIX_PATH=${CMAKE_PREFIX_PATH}:/home/pi/ros2_ws/install/green_vision:/home/pi/ros2_ws/install/green_control:/opt/ros/humble /usr/bin/cmake --build /home/pi/ros2_ws/build/turtlesim -- -j4 -l4
[2.757s] Invoking command in '/home/pi/ros2_ws/build/turtlesim': CMAKE_PREFIX_PATH=${CMAKE_PREFIX_PATH}:/home/pi/ros2_ws/install/green_vision:/home/pi/ros2_ws/install/green_control:/opt/ros/humble /usr/bin/cmake --install /home/pi/ros2_ws/build/turtlesim
[2.790s] -- Install configuration: ""
[2.794s] -- Execute custom install script
[2.796s] -- Up-to-date symlink: /home/pi/ros2_ws/install/turtlesim/share/ament_index/resource_index/rosidl_interfaces/turtlesim
[2.803s] -- Up-to-date symlink: /home/pi/ros2_ws/install/turtlesim/include/turtlesim/turtlesim/action/detail/rotate_absolute__functions.h
[2.805s] -- Up-to-date symlink: /home/pi/ros2_ws/install/turtlesim/include/turtlesim/turtlesim/action/detail/rotate_absolute__struct.h
[2.806s] -- Up-to-date symlink: /home/pi/ros2_ws/install/turtlesim/include/turtlesim/turtlesim/action/detail/rotate_absolute__type_support.h
[2.808s] -- Up-to-date symlink: /home/pi/ros2_ws/install/turtlesim/include/turtlesim/turtlesim/action/rotate_absolute.h
[2.809s] -- Up-to-date symlink: /home/pi/ros2_ws/install/turtlesim/include/turtlesim/turtlesim/msg/color.h
[2.811s] -- Up-to-date symlink: /home/pi/ros2_ws/install/turtlesim/include/turtlesim/turtlesim/msg/detail/color__functions.h
[2.812s] -- Up-to-date symlink: /home/pi/ros2_ws/install/turtlesim/include/turtlesim/turtlesim/msg/detail/color__struct.h
[2.813s] -- Up-to-date symlink: /home/pi/ros2_ws/install/turtlesim/include/turtlesim/turtlesim/msg/detail/color__type_support.h
[2.815s] -- Up-to-date symlink: /home/pi/ros2_ws/install/turtlesim/include/turtlesim/turtlesim/msg/detail/pose__functions.h
[2.816s] -- Up-to-date symlink: /home/pi/ros2_ws/install/turtlesim/include/turtlesim/turtlesim/msg/detail/pose__struct.h
[2.818s] -- Up-to-date symlink: /home/pi/ros2_ws/install/turtlesim/include/turtlesim/turtlesim/msg/detail/pose__type_support.h
[2.819s] -- Up-to-date symlink: /home/pi/ros2_ws/install/turtlesim/include/turtlesim/turtlesim/msg/pose.h
[2.821s] -- Up-to-date symlink: /home/pi/ros2_ws/install/turtlesim/include/turtlesim/turtlesim/msg/rosidl_generator_c__visibility_control.h
[2.822s] -- Up-to-date symlink: /home/pi/ros2_ws/install/turtlesim/include/turtlesim/turtlesim/srv/detail/kill__functions.h
[2.824s] -- Up-to-date symlink: /home/pi/ros2_ws/install/turtlesim/include/turtlesim/turtlesim/srv/detail/kill__struct.h
[2.825s] -- Up-to-date symlink: /home/pi/ros2_ws/install/turtlesim/include/turtlesim/turtlesim/srv/detail/kill__type_support.h
[2.827s] -- Up-to-date symlink: /home/pi/ros2_ws/install/turtlesim/include/turtlesim/turtlesim/srv/detail/set_pen__functions.h
[2.828s] -- Up-to-date symlink: /home/pi/ros2_ws/install/turtlesim/include/turtlesim/turtlesim/srv/detail/set_pen__struct.h
[2.830s] -- Up-to-date symlink: /home/pi/ros2_ws/install/turtlesim/include/turtlesim/turtlesim/srv/detail/set_pen__type_support.h
[2.831s] -- Up-to-date symlink: /home/pi/ros2_ws/install/turtlesim/include/turtlesim/turtlesim/srv/detail/spawn__functions.h
[2.833s] -- Up-to-date symlink: /home/pi/ros2_ws/install/turtlesim/include/turtlesim/turtlesim/srv/detail/spawn__struct.h
[2.834s] -- Up-to-date symlink: /home/pi/ros2_ws/install/turtlesim/include/turtlesim/turtlesim/srv/detail/spawn__type_support.h
[2.836s] -- Up-to-date symlink: /home/pi/ros2_ws/install/turtlesim/include/turtlesim/turtlesim/srv/detail/teleport_absolute__functions.h
[2.837s] -- Up-to-date symlink: /home/pi/ros2_ws/install/turtlesim/include/turtlesim/turtlesim/srv/detail/teleport_absolute__struct.h
[2.838s] -- Up-to-date symlink: /home/pi/ros2_ws/install/turtlesim/include/turtlesim/turtlesim/srv/detail/teleport_absolute__type_support.h
[2.840s] -- Up-to-date symlink: /home/pi/ros2_ws/install/turtlesim/include/turtlesim/turtlesim/srv/detail/teleport_relative__functions.h
[2.841s] -- Up-to-date symlink: /home/pi/ros2_ws/install/turtlesim/include/turtlesim/turtlesim/srv/detail/teleport_relative__struct.h
[2.843s] -- Up-to-date symlink: /home/pi/ros2_ws/install/turtlesim/include/turtlesim/turtlesim/srv/detail/teleport_relative__type_support.h
[2.844s] -- Up-to-date symlink: /home/pi/ros2_ws/install/turtlesim/include/turtlesim/turtlesim/srv/kill.h
[2.845s] -- Up-to-date symlink: /home/pi/ros2_ws/install/turtlesim/include/turtlesim/turtlesim/srv/set_pen.h
[2.847s] -- Up-to-date symlink: /home/pi/ros2_ws/install/turtlesim/include/turtlesim/turtlesim/srv/spawn.h
[2.848s] -- Up-to-date symlink: /home/pi/ros2_ws/install/turtlesim/include/turtlesim/turtlesim/srv/teleport_absolute.h
[2.850s] -- Up-to-date symlink: /home/pi/ros2_ws/install/turtlesim/include/turtlesim/turtlesim/srv/teleport_relative.h
[2.852s] -- Up-to-date symlink: /home/pi/ros2_ws/install/turtlesim/share/turtlesim/environment/library_path.sh
[2.853s] -- Up-to-date symlink: /home/pi/ros2_ws/install/turtlesim/share/turtlesim/environment/library_path.dsv
[2.860s] -- Up-to-date symlink: /home/pi/ros2_ws/install/turtlesim/include/turtlesim/turtlesim/action/detail/rotate_absolute__rosidl_typesupport_fastrtps_c.h
[2.862s] -- Up-to-date symlink: /home/pi/ros2_ws/install/turtlesim/include/turtlesim/turtlesim/msg/detail/color__rosidl_typesupport_fastrtps_c.h
[2.863s] -- Up-to-date symlink: /home/pi/ros2_ws/install/turtlesim/include/turtlesim/turtlesim/msg/detail/pose__rosidl_typesupport_fastrtps_c.h
[2.865s] -- Up-to-date symlink: /home/pi/ros2_ws/install/turtlesim/include/turtlesim/turtlesim/msg/rosidl_typesupport_fastrtps_c__visibility_control.h
[2.866s] -- Up-to-date symlink: /home/pi/ros2_ws/install/turtlesim/include/turtlesim/turtlesim/srv/detail/kill__rosidl_typesupport_fastrtps_c.h
[2.868s] -- Up-to-date symlink: /home/pi/ros2_ws/install/turtlesim/include/turtlesim/turtlesim/srv/detail/set_pen__rosidl_typesupport_fastrtps_c.h
[2.869s] -- Up-to-date symlink: /home/pi/ros2_ws/install/turtlesim/include/turtlesim/turtlesim/srv/detail/spawn__rosidl_typesupport_fastrtps_c.h
[2.871s] -- Up-to-date symlink: /home/pi/ros2_ws/install/turtlesim/include/turtlesim/turtlesim/srv/detail/teleport_absolute__rosidl_typesupport_fastrtps_c.h
[2.872s] -- Up-to-date symlink: /home/pi/ros2_ws/install/turtlesim/include/turtlesim/turtlesim/srv/detail/teleport_relative__rosidl_typesupport_fastrtps_c.h
[2.879s] -- Up-to-date symlink: /home/pi/ros2_ws/install/turtlesim/include/turtlesim/turtlesim/action/detail/rotate_absolute__builder.hpp
[2.880s] -- Up-to-date symlink: /home/pi/ros2_ws/install/turtlesim/include/turtlesim/turtlesim/action/detail/rotate_absolute__struct.hpp
[2.882s] -- Up-to-date symlink: /home/pi/ros2_ws/install/turtlesim/include/turtlesim/turtlesim/action/detail/rotate_absolute__traits.hpp
[2.883s] -- Up-to-date symlink: /home/pi/ros2_ws/install/turtlesim/include/turtlesim/turtlesim/action/detail/rotate_absolute__type_support.hpp
[2.884s] -- Up-to-date symlink: /home/pi/ros2_ws/install/turtlesim/include/turtlesim/turtlesim/action/rotate_absolute.hpp
[2.886s] -- Up-to-date symlink: /home/pi/ros2_ws/install/turtlesim/include/turtlesim/turtlesim/msg/color.hpp
[2.887s] -- Up-to-date symlink: /home/pi/ros2_ws/install/turtlesim/include/turtlesim/turtlesim/msg/detail/color__builder.hpp
[2.889s] -- Up-to-date symlink: /home/pi/ros2_ws/install/turtlesim/include/turtlesim/turtlesim/msg/detail/color__struct.hpp
[2.890s] -- Up-to-date symlink: /home/pi/ros2_ws/install/turtlesim/include/turtlesim/turtlesim/msg/detail/color__traits.hpp
[2.891s] -- Up-to-date symlink: /home/pi/ros2_ws/install/turtlesim/include/turtlesim/turtlesim/msg/detail/color__type_support.hpp
[2.893s] -- Up-to-date symlink: /home/pi/ros2_ws/install/turtlesim/include/turtlesim/turtlesim/msg/detail/pose__builder.hpp
[2.894s] -- Up-to-date symlink: /home/pi/ros2_ws/install/turtlesim/include/turtlesim/turtlesim/msg/detail/pose__struct.hpp
[2.896s] -- Up-to-date symlink: /home/pi/ros2_ws/install/turtlesim/include/turtlesim/turtlesim/msg/detail/pose__traits.hpp
[2.897s] -- Up-to-date symlink: /home/pi/ros2_ws/install/turtlesim/include/turtlesim/turtlesim/msg/detail/pose__type_support.hpp
[2.898s] -- Up-to-date symlink: /home/pi/ros2_ws/install/turtlesim/include/turtlesim/turtlesim/msg/pose.hpp
[2.900s] -- Up-to-date symlink: /home/pi/ros2_ws/install/turtlesim/include/turtlesim/turtlesim/msg/rosidl_generator_cpp__visibility_control.hpp
[2.901s] -- Up-to-date symlink: /home/pi/ros2_ws/install/turtlesim/include/turtlesim/turtlesim/srv/detail/kill__builder.hpp
[2.903s] -- Up-to-date symlink: /home/pi/ros2_ws/install/turtlesim/include/turtlesim/turtlesim/srv/detail/kill__struct.hpp
[2.904s] -- Up-to-date symlink: /home/pi/ros2_ws/install/turtlesim/include/turtlesim/turtlesim/srv/detail/kill__traits.hpp
[2.906s] -- Up-to-date symlink: /home/pi/ros2_ws/install/turtlesim/include/turtlesim/turtlesim/srv/detail/kill__type_support.hpp
[2.907s] -- Up-to-date symlink: /home/pi/ros2_ws/install/turtlesim/include/turtlesim/turtlesim/srv/detail/set_pen__builder.hpp
[2.909s] -- Up-to-date symlink: /home/pi/ros2_ws/install/turtlesim/include/turtlesim/turtlesim/srv/detail/set_pen__struct.hpp
[2.910s] -- Up-to-date symlink: /home/pi/ros2_ws/install/turtlesim/include/turtlesim/turtlesim/srv/detail/set_pen__traits.hpp
[2.912s] -- Up-to-date symlink: /home/pi/ros2_ws/install/turtlesim/include/turtlesim/turtlesim/srv/detail/set_pen__type_support.hpp
[2.913s] -- Up-to-date symlink: /home/pi/ros2_ws/install/turtlesim/include/turtlesim/turtlesim/srv/detail/spawn__builder.hpp
[2.914s] -- Up-to-date symlink: /home/pi/ros2_ws/install/turtlesim/include/turtlesim/turtlesim/srv/detail/spawn__struct.hpp
[2.916s] -- Up-to-date symlink: /home/pi/ros2_ws/install/turtlesim/include/turtlesim/turtlesim/srv/detail/spawn__traits.hpp
[2.917s] -- Up-to-date symlink: /home/pi/ros2_ws/install/turtlesim/include/turtlesim/turtlesim/srv/detail/spawn__type_support.hpp
[2.919s] -- Up-to-date symlink: /home/pi/ros2_ws/install/turtlesim/include/turtlesim/turtlesim/srv/detail/teleport_absolute__builder.hpp
[2.920s] -- Up-to-date symlink: /home/pi/ros2_ws/install/turtlesim/include/turtlesim/turtlesim/srv/detail/teleport_absolute__struct.hpp
[2.922s] -- Up-to-date symlink: /home/pi/ros2_ws/install/turtlesim/include/turtlesim/turtlesim/srv/detail/teleport_absolute__traits.hpp
[2.924s] -- Up-to-date symlink: /home/pi/ros2_ws/install/turtlesim/include/turtlesim/turtlesim/srv/detail/teleport_absolute__type_support.hpp
[2.925s] -- Up-to-date symlink: /home/pi/ros2_ws/install/turtlesim/include/turtlesim/turtlesim/srv/detail/teleport_relative__builder.hpp
[2.927s] -- Up-to-date symlink: /home/pi/ros2_ws/install/turtlesim/include/turtlesim/turtlesim/srv/detail/teleport_relative__struct.hpp
[2.928s] -- Up-to-date symlink: /home/pi/ros2_ws/install/turtlesim/include/turtlesim/turtlesim/srv/detail/teleport_relative__traits.hpp
[2.930s] -- Up-to-date symlink: /home/pi/ros2_ws/install/turtlesim/include/turtlesim/turtlesim/srv/detail/teleport_relative__type_support.hpp
[2.931s] -- Up-to-date symlink: /home/pi/ros2_ws/install/turtlesim/include/turtlesim/turtlesim/srv/kill.hpp
[2.933s] -- Up-to-date symlink: /home/pi/ros2_ws/install/turtlesim/include/turtlesim/turtlesim/srv/set_pen.hpp
[2.934s] -- Up-to-date symlink: /home/pi/ros2_ws/install/turtlesim/include/turtlesim/turtlesim/srv/spawn.hpp
[2.936s] -- Up-to-date symlink: /home/pi/ros2_ws/install/turtlesim/include/turtlesim/turtlesim/srv/teleport_absolute.hpp
[2.937s] -- Up-to-date symlink: /home/pi/ros2_ws/install/turtlesim/include/turtlesim/turtlesim/srv/teleport_relative.hpp
[2.946s] -- Up-to-date symlink: /home/pi/ros2_ws/install/turtlesim/include/turtlesim/turtlesim/action/detail/rotate_absolute__rosidl_typesupport_fastrtps_cpp.hpp
[2.948s] -- Up-to-date symlink: /home/pi/ros2_ws/install/turtlesim/include/turtlesim/turtlesim/msg/detail/color__rosidl_typesupport_fastrtps_cpp.hpp
[2.949s] -- Up-to-date symlink: /home/pi/ros2_ws/install/turtlesim/include/turtlesim/turtlesim/msg/detail/pose__rosidl_typesupport_fastrtps_cpp.hpp
[2.951s] -- Up-to-date symlink: /home/pi/ros2_ws/install/turtlesim/include/turtlesim/turtlesim/msg/rosidl_typesupport_fastrtps_cpp__visibility_control.h
[2.952s] -- Up-to-date symlink: /home/pi/ros2_ws/install/turtlesim/include/turtlesim/turtlesim/srv/detail/kill__rosidl_typesupport_fastrtps_cpp.hpp
[2.954s] -- Up-to-date symlink: /home/pi/ros2_ws/install/turtlesim/include/turtlesim/turtlesim/srv/detail/set_pen__rosidl_typesupport_fastrtps_cpp.hpp
[2.955s] -- Up-to-date symlink: /home/pi/ros2_ws/install/turtlesim/include/turtlesim/turtlesim/srv/detail/spawn__rosidl_typesupport_fastrtps_cpp.hpp
[2.957s] -- Up-to-date symlink: /home/pi/ros2_ws/install/turtlesim/include/turtlesim/turtlesim/srv/detail/teleport_absolute__rosidl_typesupport_fastrtps_cpp.hpp
[2.958s] -- Up-to-date symlink: /home/pi/ros2_ws/install/turtlesim/include/turtlesim/turtlesim/srv/detail/teleport_relative__rosidl_typesupport_fastrtps_cpp.hpp
[2.963s] -- Up-to-date symlink: /home/pi/ros2_ws/install/turtlesim/include/turtlesim/turtlesim/action/detail/rotate_absolute__rosidl_typesupport_introspection_c.h
[2.964s] -- Up-to-date symlink: /home/pi/ros2_ws/install/turtlesim/include/turtlesim/turtlesim/msg/detail/color__rosidl_typesupport_introspection_c.h
[2.966s] -- Up-to-date symlink: /home/pi/ros2_ws/install/turtlesim/include/turtlesim/turtlesim/msg/detail/pose__rosidl_typesupport_introspection_c.h
[2.967s] -- Up-to-date symlink: /home/pi/ros2_ws/install/turtlesim/include/turtlesim/turtlesim/msg/rosidl_typesupport_introspection_c__visibility_control.h
[2.969s] -- Up-to-date symlink: /home/pi/ros2_ws/install/turtlesim/include/turtlesim/turtlesim/srv/detail/kill__rosidl_typesupport_introspection_c.h
[2.970s] -- Up-to-date symlink: /home/pi/ros2_ws/install/turtlesim/include/turtlesim/turtlesim/srv/detail/set_pen__rosidl_typesupport_introspection_c.h
[2.972s] -- Up-to-date symlink: /home/pi/ros2_ws/install/turtlesim/include/turtlesim/turtlesim/srv/detail/spawn__rosidl_typesupport_introspection_c.h
[2.973s] -- Up-to-date symlink: /home/pi/ros2_ws/install/turtlesim/include/turtlesim/turtlesim/srv/detail/teleport_absolute__rosidl_typesupport_introspection_c.h
[2.975s] -- Up-to-date symlink: /home/pi/ros2_ws/install/turtlesim/include/turtlesim/turtlesim/srv/detail/teleport_relative__rosidl_typesupport_introspection_c.h
[2.980s] -- Up-to-date symlink: /home/pi/ros2_ws/install/turtlesim/include/turtlesim/turtlesim/action/detail/rotate_absolute__rosidl_typesupport_introspection_cpp.hpp
[2.981s] -- Up-to-date symlink: /home/pi/ros2_ws/install/turtlesim/include/turtlesim/turtlesim/msg/detail/color__rosidl_typesupport_introspection_cpp.hpp
[2.983s] -- Up-to-date symlink: /home/pi/ros2_ws/install/turtlesim/include/turtlesim/turtlesim/msg/detail/pose__rosidl_typesupport_introspection_cpp.hpp
[2.984s] -- Up-to-date symlink: /home/pi/ros2_ws/install/turtlesim/include/turtlesim/turtlesim/srv/detail/kill__rosidl_typesupport_introspection_cpp.hpp
[2.986s] -- Up-to-date symlink: /home/pi/ros2_ws/install/turtlesim/include/turtlesim/turtlesim/srv/detail/set_pen__rosidl_typesupport_introspection_cpp.hpp
[2.987s] -- Up-to-date symlink: /home/pi/ros2_ws/install/turtlesim/include/turtlesim/turtlesim/srv/detail/spawn__rosidl_typesupport_introspection_cpp.hpp
[2.989s] -- Up-to-date symlink: /home/pi/ros2_ws/install/turtlesim/include/turtlesim/turtlesim/srv/detail/teleport_absolute__rosidl_typesupport_introspection_cpp.hpp
[2.990s] -- Up-to-date symlink: /home/pi/ros2_ws/install/turtlesim/include/turtlesim/turtlesim/srv/detail/teleport_relative__rosidl_typesupport_introspection_cpp.hpp
[2.992s] -- Up-to-date symlink: /home/pi/ros2_ws/install/turtlesim/share/turtlesim/environment/pythonpath.sh
[2.993s] -- Up-to-date symlink: /home/pi/ros2_ws/install/turtlesim/share/turtlesim/environment/pythonpath.dsv
[2.995s] -- Up-to-date symlink: /home/pi/ros2_ws/install/turtlesim/local/lib/python3.10/dist-packages/turtlesim-1.4.3-py3.10.egg-info/PKG-INFO
[2.997s] -- Up-to-date symlink: /home/pi/ros2_ws/install/turtlesim/local/lib/python3.10/dist-packages/turtlesim-1.4.3-py3.10.egg-info/SOURCES.txt
[2.998s] -- Up-to-date symlink: /home/pi/ros2_ws/install/turtlesim/local/lib/python3.10/dist-packages/turtlesim-1.4.3-py3.10.egg-info/dependency_links.txt
[3.000s] -- Up-to-date symlink: /home/pi/ros2_ws/install/turtlesim/local/lib/python3.10/dist-packages/turtlesim-1.4.3-py3.10.egg-info/top_level.txt
[3.009s] -- Up-to-date symlink: /home/pi/ros2_ws/install/turtlesim/local/lib/python3.10/dist-packages/turtlesim/__init__.py
[3.010s] -- Up-to-date symlink: /home/pi/ros2_ws/install/turtlesim/local/lib/python3.10/dist-packages/turtlesim/_turtlesim_s.ep.rosidl_typesupport_c.c
[3.012s] -- Up-to-date symlink: /home/pi/ros2_ws/install/turtlesim/local/lib/python3.10/dist-packages/turtlesim/_turtlesim_s.ep.rosidl_typesupport_fastrtps_c.c
[3.013s] -- Up-to-date symlink: /home/pi/ros2_ws/install/turtlesim/local/lib/python3.10/dist-packages/turtlesim/_turtlesim_s.ep.rosidl_typesupport_introspection_c.c
[3.014s] -- Up-to-date symlink: /home/pi/ros2_ws/install/turtlesim/local/lib/python3.10/dist-packages/turtlesim/action/__init__.py
[3.016s] -- Up-to-date symlink: /home/pi/ros2_ws/install/turtlesim/local/lib/python3.10/dist-packages/turtlesim/action/_rotate_absolute.py
[3.017s] -- Up-to-date symlink: /home/pi/ros2_ws/install/turtlesim/local/lib/python3.10/dist-packages/turtlesim/action/_rotate_absolute_s.c
[3.018s] -- Up-to-date symlink: /home/pi/ros2_ws/install/turtlesim/local/lib/python3.10/dist-packages/turtlesim/libturtlesim__rosidl_generator_py.so
[3.020s] -- Up-to-date symlink: /home/pi/ros2_ws/install/turtlesim/local/lib/python3.10/dist-packages/turtlesim/msg/__init__.py
[3.021s] -- Up-to-date symlink: /home/pi/ros2_ws/install/turtlesim/local/lib/python3.10/dist-packages/turtlesim/msg/_color.py
[3.023s] -- Up-to-date symlink: /home/pi/ros2_ws/install/turtlesim/local/lib/python3.10/dist-packages/turtlesim/msg/_color_s.c
[3.025s] -- Up-to-date symlink: /home/pi/ros2_ws/install/turtlesim/local/lib/python3.10/dist-packages/turtlesim/msg/_pose.py
[3.026s] -- Up-to-date symlink: /home/pi/ros2_ws/install/turtlesim/local/lib/python3.10/dist-packages/turtlesim/msg/_pose_s.c
[3.028s] -- Up-to-date symlink: /home/pi/ros2_ws/install/turtlesim/local/lib/python3.10/dist-packages/turtlesim/srv/__init__.py
[3.029s] -- Up-to-date symlink: /home/pi/ros2_ws/install/turtlesim/local/lib/python3.10/dist-packages/turtlesim/srv/_kill.py
[3.031s] -- Up-to-date symlink: /home/pi/ros2_ws/install/turtlesim/local/lib/python3.10/dist-packages/turtlesim/srv/_kill_s.c
[3.032s] -- Up-to-date symlink: /home/pi/ros2_ws/install/turtlesim/local/lib/python3.10/dist-packages/turtlesim/srv/_set_pen.py
[3.033s] -- Up-to-date symlink: /home/pi/ros2_ws/install/turtlesim/local/lib/python3.10/dist-packages/turtlesim/srv/_set_pen_s.c
[3.035s] -- Up-to-date symlink: /home/pi/ros2_ws/install/turtlesim/local/lib/python3.10/dist-packages/turtlesim/srv/_spawn.py
[3.036s] -- Up-to-date symlink: /home/pi/ros2_ws/install/turtlesim/local/lib/python3.10/dist-packages/turtlesim/srv/_spawn_s.c
[3.038s] -- Up-to-date symlink: /home/pi/ros2_ws/install/turtlesim/local/lib/python3.10/dist-packages/turtlesim/srv/_teleport_absolute.py
[3.039s] -- Up-to-date symlink: /home/pi/ros2_ws/install/turtlesim/local/lib/python3.10/dist-packages/turtlesim/srv/_teleport_absolute_s.c
[3.041s] -- Up-to-date symlink: /home/pi/ros2_ws/install/turtlesim/local/lib/python3.10/dist-packages/turtlesim/srv/_teleport_relative.py
[3.042s] -- Up-to-date symlink: /home/pi/ros2_ws/install/turtlesim/local/lib/python3.10/dist-packages/turtlesim/srv/_teleport_relative_s.c
[3.044s] -- Up-to-date symlink: /home/pi/ros2_ws/install/turtlesim/local/lib/python3.10/dist-packages/turtlesim/turtlesim_s__rosidl_typesupport_c.cpython-310-aarch64-linux-gnu.so
[3.045s] -- Up-to-date symlink: /home/pi/ros2_ws/install/turtlesim/local/lib/python3.10/dist-packages/turtlesim/turtlesim_s__rosidl_typesupport_fastrtps_c.cpython-310-aarch64-linux-gnu.so
[3.047s] -- Up-to-date symlink: /home/pi/ros2_ws/install/turtlesim/local/lib/python3.10/dist-packages/turtlesim/turtlesim_s__rosidl_typesupport_introspection_c.cpython-310-aarch64-linux-gnu.so
[3.049s] -- Up-to-date symlink: /home/pi/ros2_ws/install/turtlesim/local/lib/python3.10/dist-packages/turtlesim/turtlesim_s__rosidl_typesupport_fastrtps_c.cpython-310-aarch64-linux-gnu.so
[3.052s] -- Up-to-date symlink: /home/pi/ros2_ws/install/turtlesim/local/lib/python3.10/dist-packages/turtlesim/turtlesim_s__rosidl_typesupport_introspection_c.cpython-310-aarch64-linux-gnu.so
[3.054s] -- Up-to-date symlink: /home/pi/ros2_ws/install/turtlesim/local/lib/python3.10/dist-packages/turtlesim/turtlesim_s__rosidl_typesupport_c.cpython-310-aarch64-linux-gnu.so
[3.055s] -- Up-to-date symlink: /home/pi/ros2_ws/install/turtlesim/share/turtlesim/action/RotateAbsolute.idl
[3.057s] -- Up-to-date symlink: /home/pi/ros2_ws/install/turtlesim/share/turtlesim/msg/Color.idl
[3.058s] -- Up-to-date symlink: /home/pi/ros2_ws/install/turtlesim/share/turtlesim/msg/Pose.idl
[3.060s] -- Up-to-date symlink: /home/pi/ros2_ws/install/turtlesim/share/turtlesim/srv/Kill.idl
[3.061s] -- Up-to-date symlink: /home/pi/ros2_ws/install/turtlesim/share/turtlesim/srv/SetPen.idl
[3.063s] -- Up-to-date symlink: /home/pi/ros2_ws/install/turtlesim/share/turtlesim/srv/Spawn.idl
[3.065s] -- Up-to-date symlink: /home/pi/ros2_ws/install/turtlesim/share/turtlesim/srv/TeleportAbsolute.idl
[3.066s] -- Up-to-date symlink: /home/pi/ros2_ws/install/turtlesim/share/turtlesim/srv/TeleportRelative.idl
[3.068s] -- Up-to-date symlink: /home/pi/ros2_ws/install/turtlesim/share/turtlesim/action/RotateAbsolute.action
[3.068s] -- Up-to-date symlink: /home/pi/ros2_ws/install/turtlesim/share/turtlesim/msg/Color.msg
[3.069s] -- Up-to-date symlink: /home/pi/ros2_ws/install/turtlesim/share/turtlesim/msg/Pose.msg
[3.070s] -- Up-to-date symlink: /home/pi/ros2_ws/install/turtlesim/share/turtlesim/srv/Kill.srv
[3.072s] -- Up-to-date symlink: /home/pi/ros2_ws/install/turtlesim/share/turtlesim/srv/Kill_Request.msg
[3.073s] -- Up-to-date symlink: /home/pi/ros2_ws/install/turtlesim/share/turtlesim/srv/Kill_Response.msg
[3.074s] -- Up-to-date symlink: /home/pi/ros2_ws/install/turtlesim/share/turtlesim/srv/SetPen.srv
[3.076s] -- Up-to-date symlink: /home/pi/ros2_ws/install/turtlesim/share/turtlesim/srv/SetPen_Request.msg
[3.077s] -- Up-to-date symlink: /home/pi/ros2_ws/install/turtlesim/share/turtlesim/srv/SetPen_Response.msg
[3.078s] -- Up-to-date symlink: /home/pi/ros2_ws/install/turtlesim/share/turtlesim/srv/Spawn.srv
[3.080s] -- Up-to-date symlink: /home/pi/ros2_ws/install/turtlesim/share/turtlesim/srv/Spawn_Request.msg
[3.081s] -- Up-to-date symlink: /home/pi/ros2_ws/install/turtlesim/share/turtlesim/srv/Spawn_Response.msg
[3.083s] -- Up-to-date symlink: /home/pi/ros2_ws/install/turtlesim/share/turtlesim/srv/TeleportAbsolute.srv
[3.084s] -- Up-to-date symlink: /home/pi/ros2_ws/install/turtlesim/share/turtlesim/srv/TeleportAbsolute_Request.msg
[3.086s] -- Up-to-date symlink: /home/pi/ros2_ws/install/turtlesim/share/turtlesim/srv/TeleportAbsolute_Response.msg
[3.087s] -- Up-to-date symlink: /home/pi/ros2_ws/install/turtlesim/share/turtlesim/srv/TeleportRelative.srv
[3.089s] -- Up-to-date symlink: /home/pi/ros2_ws/install/turtlesim/share/turtlesim/srv/TeleportRelative_Request.msg
[3.090s] -- Up-to-date symlink: /home/pi/ros2_ws/install/turtlesim/share/turtlesim/srv/TeleportRelative_Response.msg
[3.092s] -- Up-to-date symlink: /home/pi/ros2_ws/install/turtlesim/lib/turtlesim/turtlesim_node
[3.093s] -- Up-to-date symlink: /home/pi/ros2_ws/install/turtlesim/lib/turtlesim/turtle_teleop_key
[3.094s] -- Up-to-date symlink: /home/pi/ros2_ws/install/turtlesim/lib/turtlesim/draw_square
[3.095s] -- Up-to-date symlink: /home/pi/ros2_ws/install/turtlesim/lib/turtlesim/mimic
[3.097s] -- Up-to-date symlink: /home/pi/ros2_ws/install/turtlesim/share/turtlesim/launch/multisim.launch.py
[3.099s] -- Up-to-date symlink: /home/pi/ros2_ws/install/turtlesim/share/ament_index/resource_index/package_run_dependencies/turtlesim
[3.100s] -- Up-to-date symlink: /home/pi/ros2_ws/install/turtlesim/share/ament_index/resource_index/parent_prefix_path/turtlesim
[3.102s] -- Up-to-date symlink: /home/pi/ros2_ws/install/turtlesim/share/turtlesim/environment/ament_prefix_path.sh
[3.103s] -- Up-to-date symlink: /home/pi/ros2_ws/install/turtlesim/share/turtlesim/environment/ament_prefix_path.dsv
[3.105s] -- Up-to-date symlink: /home/pi/ros2_ws/install/turtlesim/share/turtlesim/environment/path.sh
[3.106s] -- Up-to-date symlink: /home/pi/ros2_ws/install/turtlesim/share/turtlesim/environment/path.dsv
[3.107s] -- Up-to-date symlink: /home/pi/ros2_ws/install/turtlesim/share/turtlesim/local_setup.bash
[3.108s] -- Up-to-date symlink: /home/pi/ros2_ws/install/turtlesim/share/turtlesim/local_setup.sh
[3.110s] -- Up-to-date symlink: /home/pi/ros2_ws/install/turtlesim/share/turtlesim/local_setup.zsh
[3.111s] -- Up-to-date symlink: /home/pi/ros2_ws/install/turtlesim/share/turtlesim/local_setup.dsv
[3.111s] -- Symlinking: /home/pi/ros2_ws/install/turtlesim/share/turtlesim/package.dsv
[3.147s] -- Up-to-date symlink: /home/pi/ros2_ws/install/turtlesim/share/ament_index/resource_index/packages/turtlesim
[3.149s] -- Up-to-date symlink: /home/pi/ros2_ws/install/turtlesim/share/turtlesim/cmake/rosidl_cmake-extras.cmake
[3.150s] -- Up-to-date symlink: /home/pi/ros2_ws/install/turtlesim/share/turtlesim/cmake/ament_cmake_export_dependencies-extras.cmake
[3.151s] -- Up-to-date symlink: /home/pi/ros2_ws/install/turtlesim/share/turtlesim/cmake/ament_cmake_export_include_directories-extras.cmake
[3.153s] -- Up-to-date symlink: /home/pi/ros2_ws/install/turtlesim/share/turtlesim/cmake/ament_cmake_export_libraries-extras.cmake
[3.154s] -- Up-to-date symlink: /home/pi/ros2_ws/install/turtlesim/share/turtlesim/cmake/ament_cmake_export_targets-extras.cmake
[3.156s] -- Up-to-date symlink: /home/pi/ros2_ws/install/turtlesim/share/turtlesim/cmake/rosidl_cmake_export_typesupport_targets-extras.cmake
[3.157s] -- Up-to-date symlink: /home/pi/ros2_ws/install/turtlesim/share/turtlesim/cmake/rosidl_cmake_export_typesupport_libraries-extras.cmake
[3.159s] -- Up-to-date symlink: /home/pi/ros2_ws/install/turtlesim/share/turtlesim/cmake/turtlesimConfig.cmake
[3.160s] -- Up-to-date symlink: /home/pi/ros2_ws/install/turtlesim/share/turtlesim/cmake/turtlesimConfig-version.cmake
[3.161s] -- Up-to-date symlink: /home/pi/ros2_ws/install/turtlesim/share/turtlesim/package.xml
[3.164s] -- Up-to-date: /home/pi/ros2_ws/install/turtlesim/lib/libturtlesim__rosidl_generator_c.so
[3.169s] -- Up-to-date: /home/pi/ros2_ws/install/turtlesim/lib/libturtlesim__rosidl_typesupport_fastrtps_c.so
[3.173s] -- Up-to-date: /home/pi/ros2_ws/install/turtlesim/lib/libturtlesim__rosidl_typesupport_fastrtps_cpp.so
[3.177s] -- Up-to-date: /home/pi/ros2_ws/install/turtlesim/lib/libturtlesim__rosidl_typesupport_introspection_c.so
[3.182s] -- Up-to-date: /home/pi/ros2_ws/install/turtlesim/lib/libturtlesim__rosidl_typesupport_c.so
[3.187s] -- Up-to-date: /home/pi/ros2_ws/install/turtlesim/lib/libturtlesim__rosidl_typesupport_introspection_cpp.so
[3.191s] -- Up-to-date: /home/pi/ros2_ws/install/turtlesim/lib/libturtlesim__rosidl_typesupport_cpp.so
[3.360s] Listing '/home/pi/ros2_ws/install/turtlesim/local/lib/python3.10/dist-packages/turtlesim'...
[3.361s] Listing '/home/pi/ros2_ws/install/turtlesim/local/lib/python3.10/dist-packages/turtlesim/action'...
[3.362s] Listing '/home/pi/ros2_ws/install/turtlesim/local/lib/python3.10/dist-packages/turtlesim/msg'...
[3.363s] Listing '/home/pi/ros2_ws/install/turtlesim/local/lib/python3.10/dist-packages/turtlesim/srv'...
[3.388s] -- Up-to-date: /home/pi/ros2_ws/install/turtlesim/lib/libturtlesim__rosidl_generator_py.so
[3.389s] -- Up-to-date: /home/pi/ros2_ws/install/turtlesim/share/turtlesim/images
[3.389s] -- Up-to-date: /home/pi/ros2_ws/install/turtlesim/share/turtlesim/images/eloquent.png
[3.390s] -- Up-to-date: /home/pi/ros2_ws/install/turtlesim/share/turtlesim/images/galactic.png
[3.390s] -- Up-to-date: /home/pi/ros2_ws/install/turtlesim/share/turtlesim/images/dashing.png
[3.391s] -- Up-to-date: /home/pi/ros2_ws/install/turtlesim/share/turtlesim/images/humble.png
[3.391s] -- Up-to-date: /home/pi/ros2_ws/install/turtlesim/share/turtlesim/images/bouncy.png
[3.391s] -- Up-to-date: /home/pi/ros2_ws/install/turtlesim/share/turtlesim/images/rolling.png
[3.392s] -- Up-to-date: /home/pi/ros2_ws/install/turtlesim/share/turtlesim/images/ardent.png
[3.392s] -- Up-to-date: /home/pi/ros2_ws/install/turtlesim/share/turtlesim/images/crystal.png
[3.392s] -- Up-to-date: /home/pi/ros2_ws/install/turtlesim/share/turtlesim/images/foxy.png
[3.393s] -- Up-to-date: /home/pi/ros2_ws/install/turtlesim/share/turtlesim/cmake/export_turtlesim__rosidl_generator_cExport.cmake
[3.394s] -- Up-to-date: /home/pi/ros2_ws/install/turtlesim/share/turtlesim/cmake/export_turtlesim__rosidl_generator_cExport-noconfig.cmake
[3.396s] -- Up-to-date: /home/pi/ros2_ws/install/turtlesim/share/turtlesim/cmake/export_turtlesim__rosidl_typesupport_fastrtps_cExport.cmake
[3.396s] -- Up-to-date: /home/pi/ros2_ws/install/turtlesim/share/turtlesim/cmake/export_turtlesim__rosidl_typesupport_fastrtps_cExport-noconfig.cmake
[3.399s] -- Up-to-date: /home/pi/ros2_ws/install/turtlesim/share/turtlesim/cmake/export_turtlesim__rosidl_generator_cppExport.cmake
[3.401s] -- Up-to-date: /home/pi/ros2_ws/install/turtlesim/share/turtlesim/cmake/export_turtlesim__rosidl_typesupport_fastrtps_cppExport.cmake
[3.401s] -- Up-to-date: /home/pi/ros2_ws/install/turtlesim/share/turtlesim/cmake/export_turtlesim__rosidl_typesupport_fastrtps_cppExport-noconfig.cmake
[3.404s] -- Up-to-date: /home/pi/ros2_ws/install/turtlesim/share/turtlesim/cmake/turtlesim__rosidl_typesupport_introspection_cExport.cmake
[3.404s] -- Up-to-date: /home/pi/ros2_ws/install/turtlesim/share/turtlesim/cmake/turtlesim__rosidl_typesupport_introspection_cExport-noconfig.cmake
[3.407s] -- Up-to-date: /home/pi/ros2_ws/install/turtlesim/share/turtlesim/cmake/turtlesim__rosidl_typesupport_cExport.cmake
[3.407s] -- Up-to-date: /home/pi/ros2_ws/install/turtlesim/share/turtlesim/cmake/turtlesim__rosidl_typesupport_cExport-noconfig.cmake
[3.410s] -- Up-to-date: /home/pi/ros2_ws/install/turtlesim/share/turtlesim/cmake/turtlesim__rosidl_typesupport_introspection_cppExport.cmake
[3.411s] -- Up-to-date: /home/pi/ros2_ws/install/turtlesim/share/turtlesim/cmake/turtlesim__rosidl_typesupport_introspection_cppExport-noconfig.cmake
[3.413s] -- Up-to-date: /home/pi/ros2_ws/install/turtlesim/share/turtlesim/cmake/turtlesim__rosidl_typesupport_cppExport.cmake
[3.414s] -- Up-to-date: /home/pi/ros2_ws/install/turtlesim/share/turtlesim/cmake/turtlesim__rosidl_typesupport_cppExport-noconfig.cmake
[3.416s] -- Up-to-date: /home/pi/ros2_ws/install/turtlesim/share/turtlesim/cmake/export_turtlesim__rosidl_generator_pyExport.cmake
[3.417s] -- Up-to-date: /home/pi/ros2_ws/install/turtlesim/share/turtlesim/cmake/export_turtlesim__rosidl_generator_pyExport-noconfig.cmake
[3.427s] Invoked command in '/home/pi/ros2_ws/build/turtlesim' returned '0': CMAKE_PREFIX_PATH=${CMAKE_PREFIX_PATH}:/home/pi/ros2_ws/install/green_vision:/home/pi/ros2_ws/install/green_control:/opt/ros/humble /usr/bin/cmake --install /home/pi/ros2_ws/build/turtlesim
