[5.791s] Invoking command in '/home/pi/ros2_ws/src/green_vision': PYTHONPATH=/home/pi/ros2_ws/build/green_vision/prefix_override:/usr/lib/python3/dist-packages/colcon_core/task/python/colcon_distutils_commands:/home/pi/ros2_ws/install/green_vision/lib/python3.10/site-packages:${PYTHONPATH} /usr/bin/python3 -W ignore:setup.py install is deprecated -W ignore:easy_install command is deprecated setup.py egg_info --egg-base ../../build/green_vision build --build-base /home/pi/ros2_ws/build/green_vision/build install --record /home/pi/ros2_ws/build/green_vision/install.log --single-version-externally-managed install_data
[7.982s] running egg_info
[7.986s] writing ../../build/green_vision/green_vision.egg-info/PKG-INFO
[7.987s] writing dependency_links to ../../build/green_vision/green_vision.egg-info/dependency_links.txt
[7.989s] writing entry points to ../../build/green_vision/green_vision.egg-info/entry_points.txt
[7.990s] writing requirements to ../../build/green_vision/green_vision.egg-info/requires.txt
[7.991s] writing top-level names to ../../build/green_vision/green_vision.egg-info/top_level.txt
[8.003s] reading manifest file '../../build/green_vision/green_vision.egg-info/SOURCES.txt'
[8.007s] writing manifest file '../../build/green_vision/green_vision.egg-info/SOURCES.txt'
[8.008s] running build
[8.009s] running build_py
[8.010s] copying green_vision/green_vision.py -> /home/pi/ros2_ws/build/green_vision/build/lib/green_vision
[8.011s] running install
[8.013s] running install_lib
[8.017s] copying /home/pi/ros2_ws/build/green_vision/build/lib/green_vision/green_vision.py -> /home/pi/ros2_ws/install/green_vision/lib/python3.10/site-packages/green_vision
[8.020s] byte-compiling /home/pi/ros2_ws/install/green_vision/lib/python3.10/site-packages/green_vision/green_vision.py to green_vision.cpython-310.pyc
[8.024s] running install_data
[8.026s] running install_egg_info
[8.037s] removing '/home/pi/ros2_ws/install/green_vision/lib/python3.10/site-packages/green_vision-0.0.0-py3.10.egg-info' (and everything under it)
[8.039s] Copying ../../build/green_vision/green_vision.egg-info to /home/pi/ros2_ws/install/green_vision/lib/python3.10/site-packages/green_vision-0.0.0-py3.10.egg-info
[8.049s] running install_scripts
[8.145s] Installing green_vision script to /home/pi/ros2_ws/install/green_vision/lib/green_vision
[8.147s] writing list of installed files to '/home/pi/ros2_ws/build/green_vision/install.log'
[8.321s] Invoked command in '/home/pi/ros2_ws/src/green_vision' returned '0': PYTHONPATH=/home/pi/ros2_ws/build/green_vision/prefix_override:/usr/lib/python3/dist-packages/colcon_core/task/python/colcon_distutils_commands:/home/pi/ros2_ws/install/green_vision/lib/python3.10/site-packages:${PYTHONPATH} /usr/bin/python3 -W ignore:setup.py install is deprecated -W ignore:easy_install command is deprecated setup.py egg_info --egg-base ../../build/green_vision build --build-base /home/pi/ros2_ws/build/green_vision/build install --record /home/pi/ros2_ws/build/green_vision/install.log --single-version-externally-managed install_data
