[1.386s] Invoking command in '/home/pi/ros2_ws/build/robo_rover': CMAKE_PREFIX_PATH=${CMAKE_PREFIX_PATH}:/opt/ros/humble /usr/bin/cmake --build /home/pi/ros2_ws/build/robo_rover -- -j4 -l4
[1.729s] Built target ament_cmake_python_symlink_robo_rover
[3.777s] running egg_info
[3.780s] writing robo_rover.egg-info/PKG-INFO
[3.781s] writing dependency_links to robo_rover.egg-info/dependency_links.txt
[3.783s] writing top-level names to robo_rover.egg-info/top_level.txt
[3.799s] reading manifest file 'robo_rover.egg-info/SOURCES.txt'
[3.802s] writing manifest file 'robo_rover.egg-info/SOURCES.txt'
[3.961s] Built target ament_cmake_python_build_robo_rover_egg
[4.015s] Invoked command in '/home/pi/ros2_ws/build/robo_rover' returned '0': CMAKE_PREFIX_PATH=${CMAKE_PREFIX_PATH}:/opt/ros/humble /usr/bin/cmake --build /home/pi/ros2_ws/build/robo_rover -- -j4 -l4
[4.024s] Invoking command in '/home/pi/ros2_ws/build/robo_rover': CMAKE_PREFIX_PATH=${CMAKE_PREFIX_PATH}:/opt/ros/humble /usr/bin/cmake --install /home/pi/ros2_ws/build/robo_rover
[4.057s] -- Install configuration: ""
[4.059s] -- Execute custom install script
[4.061s] -- Up-to-date symlink: /home/pi/ros2_ws/install/robo_rover/share/robo_rover/environment/pythonpath.sh
[4.062s] -- Up-to-date symlink: /home/pi/ros2_ws/install/robo_rover/share/robo_rover/environment/pythonpath.dsv
[4.066s] -- Up-to-date symlink: /home/pi/ros2_ws/install/robo_rover/local/lib/python3.10/dist-packages/robo_rover-1.0.0-py3.10.egg-info/PKG-INFO
[4.067s] -- Up-to-date symlink: /home/pi/ros2_ws/install/robo_rover/local/lib/python3.10/dist-packages/robo_rover-1.0.0-py3.10.egg-info/SOURCES.txt
[4.069s] -- Up-to-date symlink: /home/pi/ros2_ws/install/robo_rover/local/lib/python3.10/dist-packages/robo_rover-1.0.0-py3.10.egg-info/dependency_links.txt
[4.070s] -- Up-to-date symlink: /home/pi/ros2_ws/install/robo_rover/local/lib/python3.10/dist-packages/robo_rover-1.0.0-py3.10.egg-info/top_level.txt
[4.073s] -- Up-to-date symlink: /home/pi/ros2_ws/install/robo_rover/local/lib/python3.10/dist-packages/robo_rover/__init__.py
[4.075s] -- Up-to-date symlink: /home/pi/ros2_ws/install/robo_rover/local/lib/python3.10/dist-packages/robo_rover/rover_node.py
[4.077s] -- Up-to-date symlink: /home/pi/ros2_ws/install/robo_rover/share/robo_rover/launch/rover_launch.py
[4.079s] -- Up-to-date symlink: /home/pi/ros2_ws/install/robo_rover/share/ament_index/resource_index/package_run_dependencies/robo_rover
[4.080s] -- Up-to-date symlink: /home/pi/ros2_ws/install/robo_rover/share/ament_index/resource_index/parent_prefix_path/robo_rover
[4.082s] -- Up-to-date symlink: /home/pi/ros2_ws/install/robo_rover/share/robo_rover/environment/ament_prefix_path.sh
[4.083s] -- Up-to-date symlink: /home/pi/ros2_ws/install/robo_rover/share/robo_rover/environment/ament_prefix_path.dsv
[4.085s] -- Up-to-date symlink: /home/pi/ros2_ws/install/robo_rover/share/robo_rover/environment/path.sh
[4.086s] -- Up-to-date symlink: /home/pi/ros2_ws/install/robo_rover/share/robo_rover/environment/path.dsv
[4.088s] -- Up-to-date symlink: /home/pi/ros2_ws/install/robo_rover/share/robo_rover/local_setup.bash
[4.089s] -- Up-to-date symlink: /home/pi/ros2_ws/install/robo_rover/share/robo_rover/local_setup.sh
[4.090s] -- Up-to-date symlink: /home/pi/ros2_ws/install/robo_rover/share/robo_rover/local_setup.zsh
[4.092s] -- Up-to-date symlink: /home/pi/ros2_ws/install/robo_rover/share/robo_rover/local_setup.dsv
[4.093s] -- Symlinking: /home/pi/ros2_ws/install/robo_rover/share/robo_rover/package.dsv
[4.144s] -- Up-to-date symlink: /home/pi/ros2_ws/install/robo_rover/share/ament_index/resource_index/packages/robo_rover
[4.145s] -- Up-to-date symlink: /home/pi/ros2_ws/install/robo_rover/share/robo_rover/cmake/robo_roverConfig.cmake
[4.147s] -- Up-to-date symlink: /home/pi/ros2_ws/install/robo_rover/share/robo_rover/cmake/robo_roverConfig-version.cmake
[4.149s] -- Up-to-date symlink: /home/pi/ros2_ws/install/robo_rover/share/robo_rover/package.xml
[4.367s] Listing '/home/pi/ros2_ws/install/robo_rover/local/lib/python3.10/dist-packages/robo_rover'...
[4.402s] -- Up-to-date: /home/pi/ros2_ws/install/robo_rover/lib/robo_rover/rover_node
[4.410s] Invoked command in '/home/pi/ros2_ws/build/robo_rover' returned '0': CMAKE_PREFIX_PATH=${CMAKE_PREFIX_PATH}:/opt/ros/humble /usr/bin/cmake --install /home/pi/ros2_ws/build/robo_rover
