[0.099s] Invoking command in '/home/pi/ros2_ws/build/description': CMAKE_PREFIX_PATH=${CMAKE_PREFIX_PATH}:/opt/ros/humble /usr/bin/cmake /home/pi/ros2_ws/src/description -DCMAKE_INSTALL_PREFIX=/home/pi/ros2_ws/install/description
[1.298s] -- The C compiler identification is GNU 11.4.0
[2.273s] -- The CXX compiler identification is GNU 11.4.0
[2.319s] -- Detecting C compiler ABI info
[2.791s] -- Detecting C compiler ABI info - done
[2.819s] -- Check for working C compiler: /usr/bin/cc - skipped
[2.821s] -- Detecting C compile features
[2.825s] -- Detecting C compile features - done
[2.842s] -- Detecting CXX compiler ABI info
[3.329s] -- Detecting CXX compiler ABI info - done
[3.356s] -- Check for working CXX compiler: /usr/bin/c++ - skipped
[3.358s] -- Detecting CXX compile features
[3.360s] -- Detecting CXX compile features - done
[3.401s] -- Found ament_cmake: 1.3.12 (/opt/ros/humble/share/ament_cmake/cmake)
[4.651s] -- Found Python3: /usr/bin/python3 (found version "3.10.12") found components: Interpreter 
[5.504s] -- Found ament_lint_auto: 0.12.14 (/opt/ros/humble/share/ament_lint_auto/cmake)
[6.119s] -- Added test 'lint_cmake' to check CMake code style
[6.131s] -- Added test 'xmllint' to check XML markup files
[6.144s] -- Configuring done
[6.165s] -- Generating done
[6.174s] -- Build files have been written to: /home/pi/ros2_ws/build/description
[6.205s] Invoked command in '/home/pi/ros2_ws/build/description' returned '0': CMAKE_PREFIX_PATH=${CMAKE_PREFIX_PATH}:/opt/ros/humble /usr/bin/cmake /home/pi/ros2_ws/src/description -DCMAKE_INSTALL_PREFIX=/home/pi/ros2_ws/install/description
[6.214s] Invoking command in '/home/pi/ros2_ws/build/description': CMAKE_PREFIX_PATH=${CMAKE_PREFIX_PATH}:/opt/ros/humble /usr/bin/cmake --build /home/pi/ros2_ws/build/description -- -j4 -l4
[6.390s] Invoked command in '/home/pi/ros2_ws/build/description' returned '0': CMAKE_PREFIX_PATH=${CMAKE_PREFIX_PATH}:/opt/ros/humble /usr/bin/cmake --build /home/pi/ros2_ws/build/description -- -j4 -l4
[6.437s] Invoking command in '/home/pi/ros2_ws/build/description': CMAKE_PREFIX_PATH=${CMAKE_PREFIX_PATH}:/opt/ros/humble /usr/bin/cmake --install /home/pi/ros2_ws/build/description
[6.495s] -- Install configuration: ""
[6.496s] -- Installing: /home/pi/ros2_ws/install/description/share/description/urdf
[6.496s] -- Installing: /home/pi/ros2_ws/install/description/share/description/urdf/deep_urdf.xacro
[6.497s] -- Installing: /home/pi/ros2_ws/install/description/share/ament_index/resource_index/package_run_dependencies/description
[6.515s] -- Installing: /home/pi/ros2_ws/install/description/share/ament_index/resource_index/parent_prefix_path/description
[6.520s] -- Installing: /home/pi/ros2_ws/install/description/share/description/environment/ament_prefix_path.sh
[6.529s] -- Installing: /home/pi/ros2_ws/install/description/share/description/environment/ament_prefix_path.dsv
[6.541s] -- Installing: /home/pi/ros2_ws/install/description/share/description/environment/path.sh
[6.544s] -- Installing: /home/pi/ros2_ws/install/description/share/description/environment/path.dsv
[6.545s] -- Installing: /home/pi/ros2_ws/install/description/share/description/local_setup.bash
[6.547s] -- Installing: /home/pi/ros2_ws/install/description/share/description/local_setup.sh
[6.549s] -- Installing: /home/pi/ros2_ws/install/description/share/description/local_setup.zsh
[6.550s] -- Installing: /home/pi/ros2_ws/install/description/share/description/local_setup.dsv
[6.550s] -- Installing: /home/pi/ros2_ws/install/description/share/description/package.dsv
[6.551s] -- Installing: /home/pi/ros2_ws/install/description/share/ament_index/resource_index/packages/description
[6.552s] -- Installing: /home/pi/ros2_ws/install/description/share/description/cmake/descriptionConfig.cmake
[6.552s] -- Installing: /home/pi/ros2_ws/install/description/share/description/cmake/descriptionConfig-version.cmake
[6.553s] -- Installing: /home/pi/ros2_ws/install/description/share/description/package.xml
[6.779s] Invoked command in '/home/pi/ros2_ws/build/description' returned '0': CMAKE_PREFIX_PATH=${CMAKE_PREFIX_PATH}:/opt/ros/humble /usr/bin/cmake --install /home/pi/ros2_ws/build/description
