[0.103s] Invoking command in '/home/pi/ros2_ws/build/ack_control': CMAKE_PREFIX_PATH=${CMAKE_PREFIX_PATH}:/opt/ros/humble /usr/bin/cmake /home/pi/ros2_ws/src/ack_control -DAMENT_CMAKE_SYMLINK_INSTALL=1 -DCMAKE_INSTALL_PREFIX=/home/pi/ros2_ws/install/ack_control
[0.440s] -- The C compiler identification is GNU 11.4.0
[0.806s] -- The CXX compiler identification is GNU 11.4.0
[0.855s] -- Detecting C compiler ABI info
[1.308s] -- Detecting C compiler ABI info - done
[1.338s] -- Check for working C compiler: /usr/bin/cc - skipped
[1.339s] -- Detecting C compile features
[1.341s] -- Detecting C compile features - done
[1.354s] -- Detecting CXX compiler ABI info
[1.831s] -- Detecting CXX compiler ABI info - done
[1.862s] -- Check for working CXX compiler: /usr/bin/c++ - skipped
[1.863s] -- Detecting CXX compile features
[1.864s] -- Detecting CXX compile features - done
[1.894s] -- Found ament_cmake: 1.3.12 (/opt/ros/humble/share/ament_cmake/cmake)
[3.033s] -- Found Python3: /usr/bin/python3 (found version "3.10.12") found components: Interpreter 
[3.508s] -- Override CMake install command with custom implementation using symlinks instead of copying resources
[3.844s] -- Found hardware_interface: 2.53.0 (/opt/ros/humble/share/hardware_interface/cmake)
[4.197s] -- Found rosidl_generator_c: 3.1.8 (/opt/ros/humble/share/rosidl_generator_c/cmake)
[4.246s] -- Found rosidl_adapter: 3.1.8 (/opt/ros/humble/share/rosidl_adapter/cmake)
[4.309s] -- Found rosidl_generator_cpp: 3.1.8 (/opt/ros/humble/share/rosidl_generator_cpp/cmake)
[4.390s] -- Using all available rosidl_typesupport_c: rosidl_typesupport_fastrtps_c;rosidl_typesupport_introspection_c
[4.502s] -- Using all available rosidl_typesupport_cpp: rosidl_typesupport_fastrtps_cpp;rosidl_typesupport_introspection_cpp
[5.971s] -- Found rmw_implementation_cmake: 6.1.2 (/opt/ros/humble/share/rmw_implementation_cmake/cmake)
[6.004s] -- Found rmw_fastrtps_cpp: 6.2.9 (/opt/ros/humble/share/rmw_fastrtps_cpp/cmake)
[6.186s] -- Found TinyXML2 via Config file: TinyXML2_DIR-NOTFOUND
[6.443s] -- Found OpenSSL: /usr/lib/aarch64-linux-gnu/libcrypto.so (found version "3.0.2")  
[6.463s] -- Found TinyXML2 via Config file: TinyXML2_DIR-NOTFOUND
[6.553s] -- Found FastRTPS: /opt/ros/humble/include  
[6.571s] -- Found TinyXML2 via Config file: TinyXML2_DIR-NOTFOUND
[6.614s] -- Found TinyXML2 via Config file: TinyXML2_DIR-NOTFOUND
[6.658s] -- Using RMW implementation 'rmw_fastrtps_cpp' as default
[6.753s] -- Looking for pthread.h
[7.174s] -- Looking for pthread.h - found
[7.175s] -- Performing Test CMAKE_HAVE_LIBC_PTHREAD
[7.607s] -- Performing Test CMAKE_HAVE_LIBC_PTHREAD - Success
[7.612s] -- Found Threads: TRUE  
[8.419s] -- Configuring done
[8.507s] -- Generating done
[8.531s] -- Build files have been written to: /home/pi/ros2_ws/build/ack_control
[8.595s] Invoked command in '/home/pi/ros2_ws/build/ack_control' returned '0': CMAKE_PREFIX_PATH=${CMAKE_PREFIX_PATH}:/opt/ros/humble /usr/bin/cmake /home/pi/ros2_ws/src/ack_control -DAMENT_CMAKE_SYMLINK_INSTALL=1 -DCMAKE_INSTALL_PREFIX=/home/pi/ros2_ws/install/ack_control
[8.599s] Invoking command in '/home/pi/ros2_ws/build/ack_control': CMAKE_PREFIX_PATH=${CMAKE_PREFIX_PATH}:/opt/ros/humble /usr/bin/cmake --build /home/pi/ros2_ws/build/ack_control -- -j4 -l4
[8.932s] [ 50%] [32mBuilding CXX object CMakeFiles/ack_control.dir/src/ack_hardware.cpp.o[0m
[24.143s] [100%] [32m[1mLinking CXX shared library liback_control.so[0m
[25.817s] [100%] Built target ack_control
[25.926s] Invoked command in '/home/pi/ros2_ws/build/ack_control' returned '0': CMAKE_PREFIX_PATH=${CMAKE_PREFIX_PATH}:/opt/ros/humble /usr/bin/cmake --build /home/pi/ros2_ws/build/ack_control -- -j4 -l4
[25.944s] Invoking command in '/home/pi/ros2_ws/build/ack_control': CMAKE_PREFIX_PATH=${CMAKE_PREFIX_PATH}:/opt/ros/humble /usr/bin/cmake --install /home/pi/ros2_ws/build/ack_control
[26.001s] -- Install configuration: ""
[26.003s] -- Execute custom install script
[26.006s] -- Symlinking: /home/pi/ros2_ws/install/ack_control/share/ack_control//ack_control.xml
[26.057s] -- Symlinking: /home/pi/ros2_ws/install/ack_control/lib/liback_control.so
[26.101s] -- Symlinking: /home/pi/ros2_ws/install/ack_control/share/ack_control/config/ack_controllers.yaml
[26.147s] -- Symlinking: /home/pi/ros2_ws/install/ack_control/share/ack_control/description/deep.urdf.xacro
[26.220s] -- Symlinking: /home/pi/ros2_ws/install/ack_control/share/ack_control/launch/bringup.launch.py
[26.266s] -- Symlinking: /home/pi/ros2_ws/install/ack_control/include/ack_control/ack_hardware.hpp
[26.311s] -- Symlinking: /home/pi/ros2_ws/install/ack_control/share/ament_index/resource_index/package_run_dependencies/ack_control
[26.360s] -- Symlinking: /home/pi/ros2_ws/install/ack_control/share/ament_index/resource_index/parent_prefix_path/ack_control
[26.405s] -- Symlinking: /home/pi/ros2_ws/install/ack_control/share/ack_control/environment/ament_prefix_path.sh
[26.453s] -- Symlinking: /home/pi/ros2_ws/install/ack_control/share/ack_control/environment/ament_prefix_path.dsv
[26.498s] -- Symlinking: /home/pi/ros2_ws/install/ack_control/share/ack_control/environment/path.sh
[26.543s] -- Symlinking: /home/pi/ros2_ws/install/ack_control/share/ack_control/environment/path.dsv
[26.591s] -- Symlinking: /home/pi/ros2_ws/install/ack_control/share/ack_control/local_setup.bash
[26.634s] -- Symlinking: /home/pi/ros2_ws/install/ack_control/share/ack_control/local_setup.sh
[26.681s] -- Symlinking: /home/pi/ros2_ws/install/ack_control/share/ack_control/local_setup.zsh
[26.730s] -- Symlinking: /home/pi/ros2_ws/install/ack_control/share/ack_control/local_setup.dsv
[26.842s] -- Symlinking: /home/pi/ros2_ws/install/ack_control/share/ack_control/package.dsv
[26.943s] -- Symlinking: /home/pi/ros2_ws/install/ack_control/share/ament_index/resource_index/packages/ack_control
[27.051s] -- Symlinking: /home/pi/ros2_ws/install/ack_control/share/ament_index/resource_index/hardware_interface__pluginlib__plugin/ack_control
[27.155s] -- Symlinking: /home/pi/ros2_ws/install/ack_control/share/ack_control/cmake/ack_controlConfig.cmake
[27.251s] -- Symlinking: /home/pi/ros2_ws/install/ack_control/share/ack_control/cmake/ack_controlConfig-version.cmake
[27.362s] -- Symlinking: /home/pi/ros2_ws/install/ack_control/share/ack_control/package.xml
[27.454s] Invoked command in '/home/pi/ros2_ws/build/ack_control' returned '0': CMAKE_PREFIX_PATH=${CMAKE_PREFIX_PATH}:/opt/ros/humble /usr/bin/cmake --install /home/pi/ros2_ws/build/ack_control
