[0.139s] Invoking command in '/home/pi/ros2_ws/build/ack_control': CMAKE_PREFIX_PATH=${CMAKE_PREFIX_PATH}:/home/pi/ros2_ws/install/green_vision:/home/pi/ros2_ws/install/green_control:/opt/ros/humble /usr/bin/cmake --build /home/pi/ros2_ws/build/ack_control -- -j4 -l4
[2.757s] [100%] Built target ack_control
[2.778s] Invoked command in '/home/pi/ros2_ws/build/ack_control' returned '0': CMAKE_PREFIX_PATH=${CMAKE_PREFIX_PATH}:/home/pi/ros2_ws/install/green_vision:/home/pi/ros2_ws/install/green_control:/opt/ros/humble /usr/bin/cmake --build /home/pi/ros2_ws/build/ack_control -- -j4 -l4
[2.816s] Invoking command in '/home/pi/ros2_ws/build/ack_control': CMAKE_PREFIX_PATH=${CMAKE_PREFIX_PATH}:/home/pi/ros2_ws/install/green_vision:/home/pi/ros2_ws/install/green_control:/opt/ros/humble /usr/bin/cmake --install /home/pi/ros2_ws/build/ack_control
[2.851s] -- Install configuration: ""
[2.853s] -- Execute custom install script
[2.855s] -- Up-to-date symlink: /home/pi/ros2_ws/install/ack_control/share/ack_control//ack_control.xml
[2.856s] -- Up-to-date symlink: /home/pi/ros2_ws/install/ack_control/lib/liback_control.so
[2.857s] -- Up-to-date symlink: /home/pi/ros2_ws/install/ack_control/share/ack_control/config/ack_controllers.yaml
[2.857s] -- Up-to-date symlink: /home/pi/ros2_ws/install/ack_control/share/ack_control/description/deep.urdf.xacro
[2.859s] -- Up-to-date symlink: /home/pi/ros2_ws/install/ack_control/share/ack_control/launch/bringup.launch.py
[2.861s] -- Up-to-date symlink: /home/pi/ros2_ws/install/ack_control/include/ack_control/ack_hardware.hpp
[2.862s] -- Up-to-date symlink: /home/pi/ros2_ws/install/ack_control/share/ament_index/resource_index/package_run_dependencies/ack_control
[2.866s] -- Up-to-date symlink: /home/pi/ros2_ws/install/ack_control/share/ament_index/resource_index/parent_prefix_path/ack_control
[2.867s] -- Up-to-date symlink: /home/pi/ros2_ws/install/ack_control/share/ack_control/environment/ament_prefix_path.sh
[2.867s] -- Up-to-date symlink: /home/pi/ros2_ws/install/ack_control/share/ack_control/environment/ament_prefix_path.dsv
[2.868s] -- Up-to-date symlink: /home/pi/ros2_ws/install/ack_control/share/ack_control/environment/path.sh
[2.868s] -- Up-to-date symlink: /home/pi/ros2_ws/install/ack_control/share/ack_control/environment/path.dsv
[2.869s] -- Up-to-date symlink: /home/pi/ros2_ws/install/ack_control/share/ack_control/local_setup.bash
[2.870s] -- Up-to-date symlink: /home/pi/ros2_ws/install/ack_control/share/ack_control/local_setup.sh
[2.871s] -- Up-to-date symlink: /home/pi/ros2_ws/install/ack_control/share/ack_control/local_setup.zsh
[2.872s] -- Up-to-date symlink: /home/pi/ros2_ws/install/ack_control/share/ack_control/local_setup.dsv
[2.873s] -- Symlinking: /home/pi/ros2_ws/install/ack_control/share/ack_control/package.dsv
[2.917s] -- Up-to-date symlink: /home/pi/ros2_ws/install/ack_control/share/ament_index/resource_index/packages/ack_control
[2.919s] -- Up-to-date symlink: /home/pi/ros2_ws/install/ack_control/share/ament_index/resource_index/hardware_interface__pluginlib__plugin/ack_control
[2.920s] -- Up-to-date symlink: /home/pi/ros2_ws/install/ack_control/share/ack_control/cmake/ack_controlConfig.cmake
[2.921s] -- Up-to-date symlink: /home/pi/ros2_ws/install/ack_control/share/ack_control/cmake/ack_controlConfig-version.cmake
[2.922s] -- Up-to-date symlink: /home/pi/ros2_ws/install/ack_control/share/ack_control/package.xml
[2.930s] Invoked command in '/home/pi/ros2_ws/build/ack_control' returned '0': CMAKE_PREFIX_PATH=${CMAKE_PREFIX_PATH}:/home/pi/ros2_ws/install/green_vision:/home/pi/ros2_ws/install/green_control:/opt/ros/humble /usr/bin/cmake --install /home/pi/ros2_ws/build/ack_control
