[6.717s] Invoking command in '/home/pi/ros2_ws/src/green_control': PYTHONPATH=/home/pi/ros2_ws/build/green_control/prefix_override:/usr/lib/python3/dist-packages/colcon_core/task/python/colcon_distutils_commands:/home/pi/ros2_ws/install/green_control/lib/python3.10/site-packages:${PYTHONPATH} /usr/bin/python3 -W ignore:setup.py install is deprecated -W ignore:easy_install command is deprecated setup.py egg_info --egg-base ../../build/green_control build --build-base /home/pi/ros2_ws/build/green_control/build install --record /home/pi/ros2_ws/build/green_control/install.log --single-version-externally-managed install_data
[8.731s] running egg_info
[8.735s] writing ../../build/green_control/green_control.egg-info/PKG-INFO
[8.738s] writing dependency_links to ../../build/green_control/green_control.egg-info/dependency_links.txt
[8.741s] writing entry points to ../../build/green_control/green_control.egg-info/entry_points.txt
[8.743s] writing requirements to ../../build/green_control/green_control.egg-info/requires.txt
[8.745s] writing top-level names to ../../build/green_control/green_control.egg-info/top_level.txt
[8.766s] reading manifest file '../../build/green_control/green_control.egg-info/SOURCES.txt'
[8.770s] writing manifest file '../../build/green_control/green_control.egg-info/SOURCES.txt'
[8.774s] running build
[8.776s] running build_py
[8.784s] running install
[8.788s] running install_lib
[8.791s] running install_data
[8.792s] running install_egg_info
[8.800s] removing '/home/pi/ros2_ws/install/green_control/lib/python3.10/site-packages/green_control-0.0.0-py3.10.egg-info' (and everything under it)
[8.804s] Copying ../../build/green_control/green_control.egg-info to /home/pi/ros2_ws/install/green_control/lib/python3.10/site-packages/green_control-0.0.0-py3.10.egg-info
[8.813s] running install_scripts
[8.916s] Installing green_control script to /home/pi/ros2_ws/install/green_control/lib/green_control
[8.918s] writing list of installed files to '/home/pi/ros2_ws/build/green_control/install.log'
[9.079s] Invoked command in '/home/pi/ros2_ws/src/green_control' returned '0': PYTHONPATH=/home/pi/ros2_ws/build/green_control/prefix_override:/usr/lib/python3/dist-packages/colcon_core/task/python/colcon_distutils_commands:/home/pi/ros2_ws/install/green_control/lib/python3.10/site-packages:${PYTHONPATH} /usr/bin/python3 -W ignore:setup.py install is deprecated -W ignore:easy_install command is deprecated setup.py egg_info --egg-base ../../build/green_control build --build-base /home/pi/ros2_ws/build/green_control/build install --record /home/pi/ros2_ws/build/green_control/install.log --single-version-externally-managed install_data
