[7.259s] Invoking command in '/home/pi/ros2_ws/src/green_control': PYTHONPATH=/home/pi/ros2_ws/build/green_control/prefix_override:/usr/lib/python3/dist-packages/colcon_core/task/python/colcon_distutils_commands:/home/pi/ros2_ws/install/green_control/lib/python3.10/site-packages:${PYTHONPATH} /usr/bin/python3 -W ignore:setup.py install is deprecated -W ignore:easy_install command is deprecated setup.py egg_info --egg-base ../../build/green_control build --build-base /home/pi/ros2_ws/build/green_control/build install --record /home/pi/ros2_ws/build/green_control/install.log --single-version-externally-managed install_data
[9.103s] running egg_info
[9.106s] writing ../../build/green_control/green_control.egg-info/PKG-INFO
[9.107s] writing dependency_links to ../../build/green_control/green_control.egg-info/dependency_links.txt
[9.108s] writing entry points to ../../build/green_control/green_control.egg-info/entry_points.txt
[9.109s] writing requirements to ../../build/green_control/green_control.egg-info/requires.txt
[9.110s] writing top-level names to ../../build/green_control/green_control.egg-info/top_level.txt
[9.121s] reading manifest file '../../build/green_control/green_control.egg-info/SOURCES.txt'
[9.127s] writing manifest file '../../build/green_control/green_control.egg-info/SOURCES.txt'
[9.128s] running build
[9.129s] running build_py
[9.136s] running install
[9.137s] running install_lib
[9.142s] running install_data
[9.143s] running install_egg_info
[9.147s] removing '/home/pi/ros2_ws/install/green_control/lib/python3.10/site-packages/green_control-0.0.0-py3.10.egg-info' (and everything under it)
[9.148s] Copying ../../build/green_control/green_control.egg-info to /home/pi/ros2_ws/install/green_control/lib/python3.10/site-packages/green_control-0.0.0-py3.10.egg-info
[9.156s] running install_scripts
[9.257s] Installing green_control script to /home/pi/ros2_ws/install/green_control/lib/green_control
[9.263s] writing list of installed files to '/home/pi/ros2_ws/build/green_control/install.log'
[9.478s] Invoked command in '/home/pi/ros2_ws/src/green_control' returned '0': PYTHONPATH=/home/pi/ros2_ws/build/green_control/prefix_override:/usr/lib/python3/dist-packages/colcon_core/task/python/colcon_distutils_commands:/home/pi/ros2_ws/install/green_control/lib/python3.10/site-packages:${PYTHONPATH} /usr/bin/python3 -W ignore:setup.py install is deprecated -W ignore:easy_install command is deprecated setup.py egg_info --egg-base ../../build/green_control build --build-base /home/pi/ros2_ws/build/green_control/build install --record /home/pi/ros2_ws/build/green_control/install.log --single-version-externally-managed install_data
