[6.775s] Invoking command in '/home/pi/ros2_ws/src/green_vision': PYTHONPATH=/home/pi/ros2_ws/build/green_vision/prefix_override:/usr/lib/python3/dist-packages/colcon_core/task/python/colcon_distutils_commands:/home/pi/ros2_ws/install/green_vision/lib/python3.10/site-packages:${PYTHONPATH} /usr/bin/python3 -W ignore:setup.py install is deprecated -W ignore:easy_install command is deprecated setup.py egg_info --egg-base ../../build/green_vision build --build-base /home/pi/ros2_ws/build/green_vision/build install --record /home/pi/ros2_ws/build/green_vision/install.log --single-version-externally-managed install_data
[8.794s] running egg_info
[8.803s] writing ../../build/green_vision/green_vision.egg-info/PKG-INFO
[8.807s] writing dependency_links to ../../build/green_vision/green_vision.egg-info/dependency_links.txt
[8.808s] writing entry points to ../../build/green_vision/green_vision.egg-info/entry_points.txt
[8.810s] writing requirements to ../../build/green_vision/green_vision.egg-info/requires.txt
[8.815s] writing top-level names to ../../build/green_vision/green_vision.egg-info/top_level.txt
[8.835s] reading manifest file '../../build/green_vision/green_vision.egg-info/SOURCES.txt'
[8.844s] writing manifest file '../../build/green_vision/green_vision.egg-info/SOURCES.txt'
[8.847s] running build
[8.848s] running build_py
[8.850s] copying green_vision/green_vision.py -> /home/pi/ros2_ws/build/green_vision/build/lib/green_vision
[8.867s] running install
[8.869s] running install_lib
[8.874s] copying /home/pi/ros2_ws/build/green_vision/build/lib/green_vision/green_vision.py -> /home/pi/ros2_ws/install/green_vision/lib/python3.10/site-packages/green_vision
[8.879s] byte-compiling /home/pi/ros2_ws/install/green_vision/lib/python3.10/site-packages/green_vision/green_vision.py to green_vision.cpython-310.pyc
[8.959s] running install_data
[8.963s] running install_egg_info
[8.977s] removing '/home/pi/ros2_ws/install/green_vision/lib/python3.10/site-packages/green_vision-0.0.0-py3.10.egg-info' (and everything under it)
[8.981s] Copying ../../build/green_vision/green_vision.egg-info to /home/pi/ros2_ws/install/green_vision/lib/python3.10/site-packages/green_vision-0.0.0-py3.10.egg-info
[9.059s] running install_scripts
[9.227s] Installing green_vision script to /home/pi/ros2_ws/install/green_vision/lib/green_vision
[9.232s] writing list of installed files to '/home/pi/ros2_ws/build/green_vision/install.log'
[11.330s] Invoked command in '/home/pi/ros2_ws/src/green_vision' returned '0': PYTHONPATH=/home/pi/ros2_ws/build/green_vision/prefix_override:/usr/lib/python3/dist-packages/colcon_core/task/python/colcon_distutils_commands:/home/pi/ros2_ws/install/green_vision/lib/python3.10/site-packages:${PYTHONPATH} /usr/bin/python3 -W ignore:setup.py install is deprecated -W ignore:easy_install command is deprecated setup.py egg_info --egg-base ../../build/green_vision build --build-base /home/pi/ros2_ws/build/green_vision/build install --record /home/pi/ros2_ws/build/green_vision/install.log --single-version-externally-managed install_data
