[6.120s] Invoking command in '/home/pi/ros2_ws/src/green_control': PYTHONPATH=/home/pi/ros2_ws/build/green_control/prefix_override:/usr/lib/python3/dist-packages/colcon_core/task/python/colcon_distutils_commands:/home/pi/ros2_ws/install/green_control/lib/python3.10/site-packages:${PYTHONPATH} /usr/bin/python3 -W ignore:setup.py install is deprecated -W ignore:easy_install command is deprecated setup.py egg_info --egg-base ../../build/green_control build --build-base /home/pi/ros2_ws/build/green_control/build install --record /home/pi/ros2_ws/build/green_control/install.log --single-version-externally-managed install_data
[8.115s] running egg_info
[8.118s] writing ../../build/green_control/green_control.egg-info/PKG-INFO
[8.120s] writing dependency_links to ../../build/green_control/green_control.egg-info/dependency_links.txt
[8.122s] writing entry points to ../../build/green_control/green_control.egg-info/entry_points.txt
[8.123s] writing requirements to ../../build/green_control/green_control.egg-info/requires.txt
[8.125s] writing top-level names to ../../build/green_control/green_control.egg-info/top_level.txt
[8.134s] reading manifest file '../../build/green_control/green_control.egg-info/SOURCES.txt'
[8.139s] writing manifest file '../../build/green_control/green_control.egg-info/SOURCES.txt'
[8.140s] running build
[8.142s] running build_py
[8.143s] running install
[8.143s] running install_lib
[8.150s] running install_data
[8.151s] running install_egg_info
[8.161s] removing '/home/pi/ros2_ws/install/green_control/lib/python3.10/site-packages/green_control-0.0.0-py3.10.egg-info' (and everything under it)
[8.164s] Copying ../../build/green_control/green_control.egg-info to /home/pi/ros2_ws/install/green_control/lib/python3.10/site-packages/green_control-0.0.0-py3.10.egg-info
[8.176s] running install_scripts
[8.270s] Installing green_control script to /home/pi/ros2_ws/install/green_control/lib/green_control
[8.272s] writing list of installed files to '/home/pi/ros2_ws/build/green_control/install.log'
[8.493s] Invoked command in '/home/pi/ros2_ws/src/green_control' returned '0': PYTHONPATH=/home/pi/ros2_ws/build/green_control/prefix_override:/usr/lib/python3/dist-packages/colcon_core/task/python/colcon_distutils_commands:/home/pi/ros2_ws/install/green_control/lib/python3.10/site-packages:${PYTHONPATH} /usr/bin/python3 -W ignore:setup.py install is deprecated -W ignore:easy_install command is deprecated setup.py egg_info --egg-base ../../build/green_control build --build-base /home/pi/ros2_ws/build/green_control/build install --record /home/pi/ros2_ws/build/green_control/install.log --single-version-externally-managed install_data
