[0.076s] Invoking command in '/home/pi/ros2_ws/build/turtlesim': CMAKE_PREFIX_PATH=${CMAKE_PREFIX_PATH}:/opt/ros/humble /usr/bin/cmake --build /home/pi/ros2_ws/build/turtlesim -- -j4 -l4
[0.573s] [  1%] Built target turtlesim__cpp
[0.670s] [  1%] Built target ament_cmake_python_symlink_turtlesim
[0.715s] [ 11%] Built target turtlesim__rosidl_generator_c
[0.857s] [ 21%] Built target turtlesim__rosidl_typesupport_fastrtps_cpp
[0.867s] [ 31%] Built target turtlesim__rosidl_typesupport_cpp
[1.031s] [ 41%] Built target turtlesim__rosidl_typesupport_introspection_cpp
[1.172s] [ 51%] Built target turtlesim__rosidl_typesupport_fastrtps_c
[1.183s] [ 61%] Built target turtlesim__rosidl_typesupport_introspection_c
[1.216s] [ 71%] Built target turtlesim__rosidl_typesupport_c
[1.527s] [ 73%] Built target draw_square
[1.545s] [ 75%] Built target turtle_teleop_key
[1.641s] [ 81%] Built target turtlesim_node
[1.776s] [ 83%] Built target mimic
[1.781s] [ 83%] Built target turtlesim
[1.938s] [ 84%] Built target turtlesim__py
[2.154s] [ 93%] Built target turtlesim__rosidl_generator_py
[2.407s] [ 95%] Built target turtlesim__rosidl_typesupport_fastrtps_c__pyext
[2.419s] [ 97%] Built target turtlesim__rosidl_typesupport_introspection_c__pyext
[2.439s] [100%] Built target turtlesim__rosidl_typesupport_c__pyext
[3.012s] running egg_info
[3.015s] writing turtlesim.egg-info/PKG-INFO
[3.017s] writing dependency_links to turtlesim.egg-info/dependency_links.txt
[3.018s] writing top-level names to turtlesim.egg-info/top_level.txt
[3.044s] reading manifest file 'turtlesim.egg-info/SOURCES.txt'
[3.050s] writing manifest file 'turtlesim.egg-info/SOURCES.txt'
[3.218s] [100%] Built target ament_cmake_python_build_turtlesim_egg
[3.283s] Invoked command in '/home/pi/ros2_ws/build/turtlesim' returned '0': CMAKE_PREFIX_PATH=${CMAKE_PREFIX_PATH}:/opt/ros/humble /usr/bin/cmake --build /home/pi/ros2_ws/build/turtlesim -- -j4 -l4
[3.296s] Invoking command in '/home/pi/ros2_ws/build/turtlesim': CMAKE_PREFIX_PATH=${CMAKE_PREFIX_PATH}:/opt/ros/humble /usr/bin/cmake --install /home/pi/ros2_ws/build/turtlesim
[3.331s] -- Install configuration: ""
[3.336s] -- Execute custom install script
[3.339s] -- Up-to-date symlink: /home/pi/ros2_ws/install/turtlesim/share/ament_index/resource_index/rosidl_interfaces/turtlesim
[3.351s] -- Up-to-date symlink: /home/pi/ros2_ws/install/turtlesim/include/turtlesim/turtlesim/action/detail/rotate_absolute__functions.h
[3.354s] -- Up-to-date symlink: /home/pi/ros2_ws/install/turtlesim/include/turtlesim/turtlesim/action/detail/rotate_absolute__struct.h
[3.357s] -- Up-to-date symlink: /home/pi/ros2_ws/install/turtlesim/include/turtlesim/turtlesim/action/detail/rotate_absolute__type_support.h
[3.359s] -- Up-to-date symlink: /home/pi/ros2_ws/install/turtlesim/include/turtlesim/turtlesim/action/rotate_absolute.h
[3.362s] -- Up-to-date symlink: /home/pi/ros2_ws/install/turtlesim/include/turtlesim/turtlesim/msg/color.h
[3.365s] -- Up-to-date symlink: /home/pi/ros2_ws/install/turtlesim/include/turtlesim/turtlesim/msg/detail/color__functions.h
[3.369s] -- Up-to-date symlink: /home/pi/ros2_ws/install/turtlesim/include/turtlesim/turtlesim/msg/detail/color__struct.h
[3.372s] -- Up-to-date symlink: /home/pi/ros2_ws/install/turtlesim/include/turtlesim/turtlesim/msg/detail/color__type_support.h
[3.375s] -- Up-to-date symlink: /home/pi/ros2_ws/install/turtlesim/include/turtlesim/turtlesim/msg/detail/pose__functions.h
[3.378s] -- Up-to-date symlink: /home/pi/ros2_ws/install/turtlesim/include/turtlesim/turtlesim/msg/detail/pose__struct.h
[3.381s] -- Up-to-date symlink: /home/pi/ros2_ws/install/turtlesim/include/turtlesim/turtlesim/msg/detail/pose__type_support.h
[3.384s] -- Up-to-date symlink: /home/pi/ros2_ws/install/turtlesim/include/turtlesim/turtlesim/msg/pose.h
[3.385s] -- Up-to-date symlink: /home/pi/ros2_ws/install/turtlesim/include/turtlesim/turtlesim/msg/rosidl_generator_c__visibility_control.h
[3.388s] -- Up-to-date symlink: /home/pi/ros2_ws/install/turtlesim/include/turtlesim/turtlesim/srv/detail/kill__functions.h
[3.390s] -- Up-to-date symlink: /home/pi/ros2_ws/install/turtlesim/include/turtlesim/turtlesim/srv/detail/kill__struct.h
[3.392s] -- Up-to-date symlink: /home/pi/ros2_ws/install/turtlesim/include/turtlesim/turtlesim/srv/detail/kill__type_support.h
[3.394s] -- Up-to-date symlink: /home/pi/ros2_ws/install/turtlesim/include/turtlesim/turtlesim/srv/detail/set_pen__functions.h
[3.396s] -- Up-to-date symlink: /home/pi/ros2_ws/install/turtlesim/include/turtlesim/turtlesim/srv/detail/set_pen__struct.h
[3.398s] -- Up-to-date symlink: /home/pi/ros2_ws/install/turtlesim/include/turtlesim/turtlesim/srv/detail/set_pen__type_support.h
[3.399s] -- Up-to-date symlink: /home/pi/ros2_ws/install/turtlesim/include/turtlesim/turtlesim/srv/detail/spawn__functions.h
[3.401s] -- Up-to-date symlink: /home/pi/ros2_ws/install/turtlesim/include/turtlesim/turtlesim/srv/detail/spawn__struct.h
[3.403s] -- Up-to-date symlink: /home/pi/ros2_ws/install/turtlesim/include/turtlesim/turtlesim/srv/detail/spawn__type_support.h
[3.405s] -- Up-to-date symlink: /home/pi/ros2_ws/install/turtlesim/include/turtlesim/turtlesim/srv/detail/teleport_absolute__functions.h
[3.406s] -- Up-to-date symlink: /home/pi/ros2_ws/install/turtlesim/include/turtlesim/turtlesim/srv/detail/teleport_absolute__struct.h
[3.408s] -- Up-to-date symlink: /home/pi/ros2_ws/install/turtlesim/include/turtlesim/turtlesim/srv/detail/teleport_absolute__type_support.h
[3.410s] -- Up-to-date symlink: /home/pi/ros2_ws/install/turtlesim/include/turtlesim/turtlesim/srv/detail/teleport_relative__functions.h
[3.412s] -- Up-to-date symlink: /home/pi/ros2_ws/install/turtlesim/include/turtlesim/turtlesim/srv/detail/teleport_relative__struct.h
[3.414s] -- Up-to-date symlink: /home/pi/ros2_ws/install/turtlesim/include/turtlesim/turtlesim/srv/detail/teleport_relative__type_support.h
[3.416s] -- Up-to-date symlink: /home/pi/ros2_ws/install/turtlesim/include/turtlesim/turtlesim/srv/kill.h
[3.418s] -- Up-to-date symlink: /home/pi/ros2_ws/install/turtlesim/include/turtlesim/turtlesim/srv/set_pen.h
[3.420s] -- Up-to-date symlink: /home/pi/ros2_ws/install/turtlesim/include/turtlesim/turtlesim/srv/spawn.h
[3.421s] -- Up-to-date symlink: /home/pi/ros2_ws/install/turtlesim/include/turtlesim/turtlesim/srv/teleport_absolute.h
[3.423s] -- Up-to-date symlink: /home/pi/ros2_ws/install/turtlesim/include/turtlesim/turtlesim/srv/teleport_relative.h
[3.425s] -- Up-to-date symlink: /home/pi/ros2_ws/install/turtlesim/share/turtlesim/environment/library_path.sh
[3.427s] -- Up-to-date symlink: /home/pi/ros2_ws/install/turtlesim/share/turtlesim/environment/library_path.dsv
[3.434s] -- Up-to-date symlink: /home/pi/ros2_ws/install/turtlesim/include/turtlesim/turtlesim/action/detail/rotate_absolute__rosidl_typesupport_fastrtps_c.h
[3.436s] -- Up-to-date symlink: /home/pi/ros2_ws/install/turtlesim/include/turtlesim/turtlesim/msg/detail/color__rosidl_typesupport_fastrtps_c.h
[3.438s] -- Up-to-date symlink: /home/pi/ros2_ws/install/turtlesim/include/turtlesim/turtlesim/msg/detail/pose__rosidl_typesupport_fastrtps_c.h
[3.440s] -- Up-to-date symlink: /home/pi/ros2_ws/install/turtlesim/include/turtlesim/turtlesim/msg/rosidl_typesupport_fastrtps_c__visibility_control.h
[3.441s] -- Up-to-date symlink: /home/pi/ros2_ws/install/turtlesim/include/turtlesim/turtlesim/srv/detail/kill__rosidl_typesupport_fastrtps_c.h
[3.443s] -- Up-to-date symlink: /home/pi/ros2_ws/install/turtlesim/include/turtlesim/turtlesim/srv/detail/set_pen__rosidl_typesupport_fastrtps_c.h
[3.445s] -- Up-to-date symlink: /home/pi/ros2_ws/install/turtlesim/include/turtlesim/turtlesim/srv/detail/spawn__rosidl_typesupport_fastrtps_c.h
[3.446s] -- Up-to-date symlink: /home/pi/ros2_ws/install/turtlesim/include/turtlesim/turtlesim/srv/detail/teleport_absolute__rosidl_typesupport_fastrtps_c.h
[3.448s] -- Up-to-date symlink: /home/pi/ros2_ws/install/turtlesim/include/turtlesim/turtlesim/srv/detail/teleport_relative__rosidl_typesupport_fastrtps_c.h
[3.456s] -- Up-to-date symlink: /home/pi/ros2_ws/install/turtlesim/include/turtlesim/turtlesim/action/detail/rotate_absolute__builder.hpp
[3.458s] -- Up-to-date symlink: /home/pi/ros2_ws/install/turtlesim/include/turtlesim/turtlesim/action/detail/rotate_absolute__struct.hpp
[3.459s] -- Up-to-date symlink: /home/pi/ros2_ws/install/turtlesim/include/turtlesim/turtlesim/action/detail/rotate_absolute__traits.hpp
[3.461s] -- Up-to-date symlink: /home/pi/ros2_ws/install/turtlesim/include/turtlesim/turtlesim/action/detail/rotate_absolute__type_support.hpp
[3.463s] -- Up-to-date symlink: /home/pi/ros2_ws/install/turtlesim/include/turtlesim/turtlesim/action/rotate_absolute.hpp
[3.464s] -- Up-to-date symlink: /home/pi/ros2_ws/install/turtlesim/include/turtlesim/turtlesim/msg/color.hpp
[3.466s] -- Up-to-date symlink: /home/pi/ros2_ws/install/turtlesim/include/turtlesim/turtlesim/msg/detail/color__builder.hpp
[3.470s] -- Up-to-date symlink: /home/pi/ros2_ws/install/turtlesim/include/turtlesim/turtlesim/msg/detail/color__struct.hpp
[3.471s] -- Up-to-date symlink: /home/pi/ros2_ws/install/turtlesim/include/turtlesim/turtlesim/msg/detail/color__traits.hpp
[3.472s] -- Up-to-date symlink: /home/pi/ros2_ws/install/turtlesim/include/turtlesim/turtlesim/msg/detail/color__type_support.hpp
[3.475s] -- Up-to-date symlink: /home/pi/ros2_ws/install/turtlesim/include/turtlesim/turtlesim/msg/detail/pose__builder.hpp
[3.476s] -- Up-to-date symlink: /home/pi/ros2_ws/install/turtlesim/include/turtlesim/turtlesim/msg/detail/pose__struct.hpp
[3.478s] -- Up-to-date symlink: /home/pi/ros2_ws/install/turtlesim/include/turtlesim/turtlesim/msg/detail/pose__traits.hpp
[3.480s] -- Up-to-date symlink: /home/pi/ros2_ws/install/turtlesim/include/turtlesim/turtlesim/msg/detail/pose__type_support.hpp
[3.482s] -- Up-to-date symlink: /home/pi/ros2_ws/install/turtlesim/include/turtlesim/turtlesim/msg/pose.hpp
[3.484s] -- Up-to-date symlink: /home/pi/ros2_ws/install/turtlesim/include/turtlesim/turtlesim/msg/rosidl_generator_cpp__visibility_control.hpp
[3.486s] -- Up-to-date symlink: /home/pi/ros2_ws/install/turtlesim/include/turtlesim/turtlesim/srv/detail/kill__builder.hpp
[3.488s] -- Up-to-date symlink: /home/pi/ros2_ws/install/turtlesim/include/turtlesim/turtlesim/srv/detail/kill__struct.hpp
[3.489s] -- Up-to-date symlink: /home/pi/ros2_ws/install/turtlesim/include/turtlesim/turtlesim/srv/detail/kill__traits.hpp
[3.491s] -- Up-to-date symlink: /home/pi/ros2_ws/install/turtlesim/include/turtlesim/turtlesim/srv/detail/kill__type_support.hpp
[3.493s] -- Up-to-date symlink: /home/pi/ros2_ws/install/turtlesim/include/turtlesim/turtlesim/srv/detail/set_pen__builder.hpp
[3.495s] -- Up-to-date symlink: /home/pi/ros2_ws/install/turtlesim/include/turtlesim/turtlesim/srv/detail/set_pen__struct.hpp
[3.496s] -- Up-to-date symlink: /home/pi/ros2_ws/install/turtlesim/include/turtlesim/turtlesim/srv/detail/set_pen__traits.hpp
[3.498s] -- Up-to-date symlink: /home/pi/ros2_ws/install/turtlesim/include/turtlesim/turtlesim/srv/detail/set_pen__type_support.hpp
[3.500s] -- Up-to-date symlink: /home/pi/ros2_ws/install/turtlesim/include/turtlesim/turtlesim/srv/detail/spawn__builder.hpp
[3.502s] -- Up-to-date symlink: /home/pi/ros2_ws/install/turtlesim/include/turtlesim/turtlesim/srv/detail/spawn__struct.hpp
[3.504s] -- Up-to-date symlink: /home/pi/ros2_ws/install/turtlesim/include/turtlesim/turtlesim/srv/detail/spawn__traits.hpp
[3.506s] -- Up-to-date symlink: /home/pi/ros2_ws/install/turtlesim/include/turtlesim/turtlesim/srv/detail/spawn__type_support.hpp
[3.508s] -- Up-to-date symlink: /home/pi/ros2_ws/install/turtlesim/include/turtlesim/turtlesim/srv/detail/teleport_absolute__builder.hpp
[3.509s] -- Up-to-date symlink: /home/pi/ros2_ws/install/turtlesim/include/turtlesim/turtlesim/srv/detail/teleport_absolute__struct.hpp
[3.511s] -- Up-to-date symlink: /home/pi/ros2_ws/install/turtlesim/include/turtlesim/turtlesim/srv/detail/teleport_absolute__traits.hpp
[3.513s] -- Up-to-date symlink: /home/pi/ros2_ws/install/turtlesim/include/turtlesim/turtlesim/srv/detail/teleport_absolute__type_support.hpp
[3.515s] -- Up-to-date symlink: /home/pi/ros2_ws/install/turtlesim/include/turtlesim/turtlesim/srv/detail/teleport_relative__builder.hpp
[3.517s] -- Up-to-date symlink: /home/pi/ros2_ws/install/turtlesim/include/turtlesim/turtlesim/srv/detail/teleport_relative__struct.hpp
[3.519s] -- Up-to-date symlink: /home/pi/ros2_ws/install/turtlesim/include/turtlesim/turtlesim/srv/detail/teleport_relative__traits.hpp
[3.520s] -- Up-to-date symlink: /home/pi/ros2_ws/install/turtlesim/include/turtlesim/turtlesim/srv/detail/teleport_relative__type_support.hpp
[3.522s] -- Up-to-date symlink: /home/pi/ros2_ws/install/turtlesim/include/turtlesim/turtlesim/srv/kill.hpp
[3.524s] -- Up-to-date symlink: /home/pi/ros2_ws/install/turtlesim/include/turtlesim/turtlesim/srv/set_pen.hpp
[3.526s] -- Up-to-date symlink: /home/pi/ros2_ws/install/turtlesim/include/turtlesim/turtlesim/srv/spawn.hpp
[3.527s] -- Up-to-date symlink: /home/pi/ros2_ws/install/turtlesim/include/turtlesim/turtlesim/srv/teleport_absolute.hpp
[3.529s] -- Up-to-date symlink: /home/pi/ros2_ws/install/turtlesim/include/turtlesim/turtlesim/srv/teleport_relative.hpp
[3.538s] -- Up-to-date symlink: /home/pi/ros2_ws/install/turtlesim/include/turtlesim/turtlesim/action/detail/rotate_absolute__rosidl_typesupport_fastrtps_cpp.hpp
[3.540s] -- Up-to-date symlink: /home/pi/ros2_ws/install/turtlesim/include/turtlesim/turtlesim/msg/detail/color__rosidl_typesupport_fastrtps_cpp.hpp
[3.542s] -- Up-to-date symlink: /home/pi/ros2_ws/install/turtlesim/include/turtlesim/turtlesim/msg/detail/pose__rosidl_typesupport_fastrtps_cpp.hpp
[3.543s] -- Up-to-date symlink: /home/pi/ros2_ws/install/turtlesim/include/turtlesim/turtlesim/msg/rosidl_typesupport_fastrtps_cpp__visibility_control.h
[3.546s] -- Up-to-date symlink: /home/pi/ros2_ws/install/turtlesim/include/turtlesim/turtlesim/srv/detail/kill__rosidl_typesupport_fastrtps_cpp.hpp
[3.548s] -- Up-to-date symlink: /home/pi/ros2_ws/install/turtlesim/include/turtlesim/turtlesim/srv/detail/set_pen__rosidl_typesupport_fastrtps_cpp.hpp
[3.550s] -- Up-to-date symlink: /home/pi/ros2_ws/install/turtlesim/include/turtlesim/turtlesim/srv/detail/spawn__rosidl_typesupport_fastrtps_cpp.hpp
[3.552s] -- Up-to-date symlink: /home/pi/ros2_ws/install/turtlesim/include/turtlesim/turtlesim/srv/detail/teleport_absolute__rosidl_typesupport_fastrtps_cpp.hpp
[3.554s] -- Up-to-date symlink: /home/pi/ros2_ws/install/turtlesim/include/turtlesim/turtlesim/srv/detail/teleport_relative__rosidl_typesupport_fastrtps_cpp.hpp
[3.561s] -- Up-to-date symlink: /home/pi/ros2_ws/install/turtlesim/include/turtlesim/turtlesim/action/detail/rotate_absolute__rosidl_typesupport_introspection_c.h
[3.562s] -- Up-to-date symlink: /home/pi/ros2_ws/install/turtlesim/include/turtlesim/turtlesim/msg/detail/color__rosidl_typesupport_introspection_c.h
[3.565s] -- Up-to-date symlink: /home/pi/ros2_ws/install/turtlesim/include/turtlesim/turtlesim/msg/detail/pose__rosidl_typesupport_introspection_c.h
[3.567s] -- Up-to-date symlink: /home/pi/ros2_ws/install/turtlesim/include/turtlesim/turtlesim/msg/rosidl_typesupport_introspection_c__visibility_control.h
[3.571s] -- Up-to-date symlink: /home/pi/ros2_ws/install/turtlesim/include/turtlesim/turtlesim/srv/detail/kill__rosidl_typesupport_introspection_c.h
[3.572s] -- Up-to-date symlink: /home/pi/ros2_ws/install/turtlesim/include/turtlesim/turtlesim/srv/detail/set_pen__rosidl_typesupport_introspection_c.h
[3.574s] -- Up-to-date symlink: /home/pi/ros2_ws/install/turtlesim/include/turtlesim/turtlesim/srv/detail/spawn__rosidl_typesupport_introspection_c.h
[3.576s] -- Up-to-date symlink: /home/pi/ros2_ws/install/turtlesim/include/turtlesim/turtlesim/srv/detail/teleport_absolute__rosidl_typesupport_introspection_c.h
[3.578s] -- Up-to-date symlink: /home/pi/ros2_ws/install/turtlesim/include/turtlesim/turtlesim/srv/detail/teleport_relative__rosidl_typesupport_introspection_c.h
[3.585s] -- Up-to-date symlink: /home/pi/ros2_ws/install/turtlesim/include/turtlesim/turtlesim/action/detail/rotate_absolute__rosidl_typesupport_introspection_cpp.hpp
[3.588s] -- Up-to-date symlink: /home/pi/ros2_ws/install/turtlesim/include/turtlesim/turtlesim/msg/detail/color__rosidl_typesupport_introspection_cpp.hpp
[3.590s] -- Up-to-date symlink: /home/pi/ros2_ws/install/turtlesim/include/turtlesim/turtlesim/msg/detail/pose__rosidl_typesupport_introspection_cpp.hpp
[3.593s] -- Up-to-date symlink: /home/pi/ros2_ws/install/turtlesim/include/turtlesim/turtlesim/srv/detail/kill__rosidl_typesupport_introspection_cpp.hpp
[3.596s] -- Up-to-date symlink: /home/pi/ros2_ws/install/turtlesim/include/turtlesim/turtlesim/srv/detail/set_pen__rosidl_typesupport_introspection_cpp.hpp
[3.599s] -- Up-to-date symlink: /home/pi/ros2_ws/install/turtlesim/include/turtlesim/turtlesim/srv/detail/spawn__rosidl_typesupport_introspection_cpp.hpp
[3.602s] -- Up-to-date symlink: /home/pi/ros2_ws/install/turtlesim/include/turtlesim/turtlesim/srv/detail/teleport_absolute__rosidl_typesupport_introspection_cpp.hpp
[3.604s] -- Up-to-date symlink: /home/pi/ros2_ws/install/turtlesim/include/turtlesim/turtlesim/srv/detail/teleport_relative__rosidl_typesupport_introspection_cpp.hpp
[3.607s] -- Up-to-date symlink: /home/pi/ros2_ws/install/turtlesim/share/turtlesim/environment/pythonpath.sh
[3.609s] -- Up-to-date symlink: /home/pi/ros2_ws/install/turtlesim/share/turtlesim/environment/pythonpath.dsv
[3.612s] -- Up-to-date symlink: /home/pi/ros2_ws/install/turtlesim/local/lib/python3.10/dist-packages/turtlesim-1.4.3-py3.10.egg-info/PKG-INFO
[3.615s] -- Up-to-date symlink: /home/pi/ros2_ws/install/turtlesim/local/lib/python3.10/dist-packages/turtlesim-1.4.3-py3.10.egg-info/SOURCES.txt
[3.617s] -- Up-to-date symlink: /home/pi/ros2_ws/install/turtlesim/local/lib/python3.10/dist-packages/turtlesim-1.4.3-py3.10.egg-info/dependency_links.txt
[3.619s] -- Up-to-date symlink: /home/pi/ros2_ws/install/turtlesim/local/lib/python3.10/dist-packages/turtlesim-1.4.3-py3.10.egg-info/top_level.txt
[3.631s] -- Up-to-date symlink: /home/pi/ros2_ws/install/turtlesim/local/lib/python3.10/dist-packages/turtlesim/__init__.py
[3.634s] -- Up-to-date symlink: /home/pi/ros2_ws/install/turtlesim/local/lib/python3.10/dist-packages/turtlesim/_turtlesim_s.ep.rosidl_typesupport_c.c
[3.635s] -- Up-to-date symlink: /home/pi/ros2_ws/install/turtlesim/local/lib/python3.10/dist-packages/turtlesim/_turtlesim_s.ep.rosidl_typesupport_fastrtps_c.c
[3.638s] -- Up-to-date symlink: /home/pi/ros2_ws/install/turtlesim/local/lib/python3.10/dist-packages/turtlesim/_turtlesim_s.ep.rosidl_typesupport_introspection_c.c
[3.639s] -- Up-to-date symlink: /home/pi/ros2_ws/install/turtlesim/local/lib/python3.10/dist-packages/turtlesim/action/__init__.py
[3.641s] -- Up-to-date symlink: /home/pi/ros2_ws/install/turtlesim/local/lib/python3.10/dist-packages/turtlesim/action/_rotate_absolute.py
[3.643s] -- Up-to-date symlink: /home/pi/ros2_ws/install/turtlesim/local/lib/python3.10/dist-packages/turtlesim/action/_rotate_absolute_s.c
[3.645s] -- Up-to-date symlink: /home/pi/ros2_ws/install/turtlesim/local/lib/python3.10/dist-packages/turtlesim/libturtlesim__rosidl_generator_py.so
[3.647s] -- Up-to-date symlink: /home/pi/ros2_ws/install/turtlesim/local/lib/python3.10/dist-packages/turtlesim/msg/__init__.py
[3.649s] -- Up-to-date symlink: /home/pi/ros2_ws/install/turtlesim/local/lib/python3.10/dist-packages/turtlesim/msg/_color.py
[3.650s] -- Up-to-date symlink: /home/pi/ros2_ws/install/turtlesim/local/lib/python3.10/dist-packages/turtlesim/msg/_color_s.c
[3.652s] -- Up-to-date symlink: /home/pi/ros2_ws/install/turtlesim/local/lib/python3.10/dist-packages/turtlesim/msg/_pose.py
[3.654s] -- Up-to-date symlink: /home/pi/ros2_ws/install/turtlesim/local/lib/python3.10/dist-packages/turtlesim/msg/_pose_s.c
[3.659s] -- Up-to-date symlink: /home/pi/ros2_ws/install/turtlesim/local/lib/python3.10/dist-packages/turtlesim/srv/__init__.py
[3.660s] -- Up-to-date symlink: /home/pi/ros2_ws/install/turtlesim/local/lib/python3.10/dist-packages/turtlesim/srv/_kill.py
[3.660s] -- Up-to-date symlink: /home/pi/ros2_ws/install/turtlesim/local/lib/python3.10/dist-packages/turtlesim/srv/_kill_s.c
[3.662s] -- Up-to-date symlink: /home/pi/ros2_ws/install/turtlesim/local/lib/python3.10/dist-packages/turtlesim/srv/_set_pen.py
[3.663s] -- Up-to-date symlink: /home/pi/ros2_ws/install/turtlesim/local/lib/python3.10/dist-packages/turtlesim/srv/_set_pen_s.c
[3.665s] -- Up-to-date symlink: /home/pi/ros2_ws/install/turtlesim/local/lib/python3.10/dist-packages/turtlesim/srv/_spawn.py
[3.666s] -- Up-to-date symlink: /home/pi/ros2_ws/install/turtlesim/local/lib/python3.10/dist-packages/turtlesim/srv/_spawn_s.c
[3.670s] -- Up-to-date symlink: /home/pi/ros2_ws/install/turtlesim/local/lib/python3.10/dist-packages/turtlesim/srv/_teleport_absolute.py
[3.670s] -- Up-to-date symlink: /home/pi/ros2_ws/install/turtlesim/local/lib/python3.10/dist-packages/turtlesim/srv/_teleport_absolute_s.c
[3.672s] -- Up-to-date symlink: /home/pi/ros2_ws/install/turtlesim/local/lib/python3.10/dist-packages/turtlesim/srv/_teleport_relative.py
[3.674s] -- Up-to-date symlink: /home/pi/ros2_ws/install/turtlesim/local/lib/python3.10/dist-packages/turtlesim/srv/_teleport_relative_s.c
[3.676s] -- Up-to-date symlink: /home/pi/ros2_ws/install/turtlesim/local/lib/python3.10/dist-packages/turtlesim/turtlesim_s__rosidl_typesupport_c.cpython-310-aarch64-linux-gnu.so
[3.678s] -- Up-to-date symlink: /home/pi/ros2_ws/install/turtlesim/local/lib/python3.10/dist-packages/turtlesim/turtlesim_s__rosidl_typesupport_fastrtps_c.cpython-310-aarch64-linux-gnu.so
[3.679s] -- Up-to-date symlink: /home/pi/ros2_ws/install/turtlesim/local/lib/python3.10/dist-packages/turtlesim/turtlesim_s__rosidl_typesupport_introspection_c.cpython-310-aarch64-linux-gnu.so
[3.682s] -- Up-to-date symlink: /home/pi/ros2_ws/install/turtlesim/local/lib/python3.10/dist-packages/turtlesim/turtlesim_s__rosidl_typesupport_fastrtps_c.cpython-310-aarch64-linux-gnu.so
[3.684s] -- Up-to-date symlink: /home/pi/ros2_ws/install/turtlesim/local/lib/python3.10/dist-packages/turtlesim/turtlesim_s__rosidl_typesupport_introspection_c.cpython-310-aarch64-linux-gnu.so
[3.687s] -- Up-to-date symlink: /home/pi/ros2_ws/install/turtlesim/local/lib/python3.10/dist-packages/turtlesim/turtlesim_s__rosidl_typesupport_c.cpython-310-aarch64-linux-gnu.so
[3.689s] -- Up-to-date symlink: /home/pi/ros2_ws/install/turtlesim/share/turtlesim/action/RotateAbsolute.idl
[3.692s] -- Up-to-date symlink: /home/pi/ros2_ws/install/turtlesim/share/turtlesim/msg/Color.idl
[3.694s] -- Up-to-date symlink: /home/pi/ros2_ws/install/turtlesim/share/turtlesim/msg/Pose.idl
[3.696s] -- Up-to-date symlink: /home/pi/ros2_ws/install/turtlesim/share/turtlesim/srv/Kill.idl
[3.698s] -- Up-to-date symlink: /home/pi/ros2_ws/install/turtlesim/share/turtlesim/srv/SetPen.idl
[3.700s] -- Up-to-date symlink: /home/pi/ros2_ws/install/turtlesim/share/turtlesim/srv/Spawn.idl
[3.702s] -- Up-to-date symlink: /home/pi/ros2_ws/install/turtlesim/share/turtlesim/srv/TeleportAbsolute.idl
[3.704s] -- Up-to-date symlink: /home/pi/ros2_ws/install/turtlesim/share/turtlesim/srv/TeleportRelative.idl
[3.705s] -- Up-to-date symlink: /home/pi/ros2_ws/install/turtlesim/share/turtlesim/action/RotateAbsolute.action
[3.707s] -- Up-to-date symlink: /home/pi/ros2_ws/install/turtlesim/share/turtlesim/msg/Color.msg
[3.708s] -- Up-to-date symlink: /home/pi/ros2_ws/install/turtlesim/share/turtlesim/msg/Pose.msg
[3.709s] -- Up-to-date symlink: /home/pi/ros2_ws/install/turtlesim/share/turtlesim/srv/Kill.srv
[3.711s] -- Up-to-date symlink: /home/pi/ros2_ws/install/turtlesim/share/turtlesim/srv/Kill_Request.msg
[3.713s] -- Up-to-date symlink: /home/pi/ros2_ws/install/turtlesim/share/turtlesim/srv/Kill_Response.msg
[3.714s] -- Up-to-date symlink: /home/pi/ros2_ws/install/turtlesim/share/turtlesim/srv/SetPen.srv
[3.716s] -- Up-to-date symlink: /home/pi/ros2_ws/install/turtlesim/share/turtlesim/srv/SetPen_Request.msg
[3.718s] -- Up-to-date symlink: /home/pi/ros2_ws/install/turtlesim/share/turtlesim/srv/SetPen_Response.msg
[3.720s] -- Up-to-date symlink: /home/pi/ros2_ws/install/turtlesim/share/turtlesim/srv/Spawn.srv
[3.721s] -- Up-to-date symlink: /home/pi/ros2_ws/install/turtlesim/share/turtlesim/srv/Spawn_Request.msg
[3.723s] -- Up-to-date symlink: /home/pi/ros2_ws/install/turtlesim/share/turtlesim/srv/Spawn_Response.msg
[3.725s] -- Up-to-date symlink: /home/pi/ros2_ws/install/turtlesim/share/turtlesim/srv/TeleportAbsolute.srv
[3.727s] -- Up-to-date symlink: /home/pi/ros2_ws/install/turtlesim/share/turtlesim/srv/TeleportAbsolute_Request.msg
[3.728s] -- Up-to-date symlink: /home/pi/ros2_ws/install/turtlesim/share/turtlesim/srv/TeleportAbsolute_Response.msg
[3.730s] -- Up-to-date symlink: /home/pi/ros2_ws/install/turtlesim/share/turtlesim/srv/TeleportRelative.srv
[3.732s] -- Up-to-date symlink: /home/pi/ros2_ws/install/turtlesim/share/turtlesim/srv/TeleportRelative_Request.msg
[3.734s] -- Up-to-date symlink: /home/pi/ros2_ws/install/turtlesim/share/turtlesim/srv/TeleportRelative_Response.msg
[3.737s] -- Up-to-date symlink: /home/pi/ros2_ws/install/turtlesim/lib/turtlesim/turtlesim_node
[3.738s] -- Up-to-date symlink: /home/pi/ros2_ws/install/turtlesim/lib/turtlesim/turtle_teleop_key
[3.739s] -- Up-to-date symlink: /home/pi/ros2_ws/install/turtlesim/lib/turtlesim/draw_square
[3.740s] -- Up-to-date symlink: /home/pi/ros2_ws/install/turtlesim/lib/turtlesim/mimic
[3.744s] -- Up-to-date symlink: /home/pi/ros2_ws/install/turtlesim/share/turtlesim/launch/multisim.launch.py
[3.745s] -- Up-to-date symlink: /home/pi/ros2_ws/install/turtlesim/share/ament_index/resource_index/package_run_dependencies/turtlesim
[3.748s] -- Up-to-date symlink: /home/pi/ros2_ws/install/turtlesim/share/ament_index/resource_index/parent_prefix_path/turtlesim
[3.750s] -- Up-to-date symlink: /home/pi/ros2_ws/install/turtlesim/share/turtlesim/environment/ament_prefix_path.sh
[3.751s] -- Up-to-date symlink: /home/pi/ros2_ws/install/turtlesim/share/turtlesim/environment/ament_prefix_path.dsv
[3.753s] -- Up-to-date symlink: /home/pi/ros2_ws/install/turtlesim/share/turtlesim/environment/path.sh
[3.754s] -- Up-to-date symlink: /home/pi/ros2_ws/install/turtlesim/share/turtlesim/environment/path.dsv
[3.756s] -- Up-to-date symlink: /home/pi/ros2_ws/install/turtlesim/share/turtlesim/local_setup.bash
[3.758s] -- Up-to-date symlink: /home/pi/ros2_ws/install/turtlesim/share/turtlesim/local_setup.sh
[3.760s] -- Up-to-date symlink: /home/pi/ros2_ws/install/turtlesim/share/turtlesim/local_setup.zsh
[3.761s] -- Up-to-date symlink: /home/pi/ros2_ws/install/turtlesim/share/turtlesim/local_setup.dsv
[3.762s] -- Symlinking: /home/pi/ros2_ws/install/turtlesim/share/turtlesim/package.dsv
[3.801s] -- Up-to-date symlink: /home/pi/ros2_ws/install/turtlesim/share/ament_index/resource_index/packages/turtlesim
[3.803s] -- Up-to-date symlink: /home/pi/ros2_ws/install/turtlesim/share/turtlesim/cmake/rosidl_cmake-extras.cmake
[3.805s] -- Up-to-date symlink: /home/pi/ros2_ws/install/turtlesim/share/turtlesim/cmake/ament_cmake_export_dependencies-extras.cmake
[3.806s] -- Up-to-date symlink: /home/pi/ros2_ws/install/turtlesim/share/turtlesim/cmake/ament_cmake_export_include_directories-extras.cmake
[3.808s] -- Up-to-date symlink: /home/pi/ros2_ws/install/turtlesim/share/turtlesim/cmake/ament_cmake_export_libraries-extras.cmake
[3.810s] -- Up-to-date symlink: /home/pi/ros2_ws/install/turtlesim/share/turtlesim/cmake/ament_cmake_export_targets-extras.cmake
[3.811s] -- Up-to-date symlink: /home/pi/ros2_ws/install/turtlesim/share/turtlesim/cmake/rosidl_cmake_export_typesupport_targets-extras.cmake
[3.813s] -- Up-to-date symlink: /home/pi/ros2_ws/install/turtlesim/share/turtlesim/cmake/rosidl_cmake_export_typesupport_libraries-extras.cmake
[3.815s] -- Up-to-date symlink: /home/pi/ros2_ws/install/turtlesim/share/turtlesim/cmake/turtlesimConfig.cmake
[3.816s] -- Up-to-date symlink: /home/pi/ros2_ws/install/turtlesim/share/turtlesim/cmake/turtlesimConfig-version.cmake
[3.817s] -- Up-to-date symlink: /home/pi/ros2_ws/install/turtlesim/share/turtlesim/package.xml
[3.821s] -- Up-to-date: /home/pi/ros2_ws/install/turtlesim/lib/libturtlesim__rosidl_generator_c.so
[3.825s] -- Up-to-date: /home/pi/ros2_ws/install/turtlesim/lib/libturtlesim__rosidl_typesupport_fastrtps_c.so
[3.831s] -- Up-to-date: /home/pi/ros2_ws/install/turtlesim/lib/libturtlesim__rosidl_typesupport_fastrtps_cpp.so
[3.835s] -- Up-to-date: /home/pi/ros2_ws/install/turtlesim/lib/libturtlesim__rosidl_typesupport_introspection_c.so
[3.840s] -- Up-to-date: /home/pi/ros2_ws/install/turtlesim/lib/libturtlesim__rosidl_typesupport_c.so
[3.844s] -- Up-to-date: /home/pi/ros2_ws/install/turtlesim/lib/libturtlesim__rosidl_typesupport_introspection_cpp.so
[3.848s] -- Up-to-date: /home/pi/ros2_ws/install/turtlesim/lib/libturtlesim__rosidl_typesupport_cpp.so
[4.059s] Listing '/home/pi/ros2_ws/install/turtlesim/local/lib/python3.10/dist-packages/turtlesim'...
[4.060s] Listing '/home/pi/ros2_ws/install/turtlesim/local/lib/python3.10/dist-packages/turtlesim/action'...
[4.061s] Listing '/home/pi/ros2_ws/install/turtlesim/local/lib/python3.10/dist-packages/turtlesim/msg'...
[4.063s] Listing '/home/pi/ros2_ws/install/turtlesim/local/lib/python3.10/dist-packages/turtlesim/srv'...
[4.096s] -- Up-to-date: /home/pi/ros2_ws/install/turtlesim/lib/libturtlesim__rosidl_generator_py.so
[4.099s] -- Up-to-date: /home/pi/ros2_ws/install/turtlesim/share/turtlesim/images
[4.101s] -- Up-to-date: /home/pi/ros2_ws/install/turtlesim/share/turtlesim/images/eloquent.png
[4.103s] -- Up-to-date: /home/pi/ros2_ws/install/turtlesim/share/turtlesim/images/galactic.png
[4.105s] -- Up-to-date: /home/pi/ros2_ws/install/turtlesim/share/turtlesim/images/dashing.png
[4.107s] -- Up-to-date: /home/pi/ros2_ws/install/turtlesim/share/turtlesim/images/humble.png
[4.108s] -- Up-to-date: /home/pi/ros2_ws/install/turtlesim/share/turtlesim/images/bouncy.png
[4.109s] -- Up-to-date: /home/pi/ros2_ws/install/turtlesim/share/turtlesim/images/rolling.png
[4.110s] -- Up-to-date: /home/pi/ros2_ws/install/turtlesim/share/turtlesim/images/ardent.png
[4.114s] -- Up-to-date: /home/pi/ros2_ws/install/turtlesim/share/turtlesim/images/crystal.png
[4.115s] -- Up-to-date: /home/pi/ros2_ws/install/turtlesim/share/turtlesim/images/foxy.png
[4.120s] -- Up-to-date: /home/pi/ros2_ws/install/turtlesim/share/turtlesim/cmake/export_turtlesim__rosidl_generator_cExport.cmake
[4.121s] -- Up-to-date: /home/pi/ros2_ws/install/turtlesim/share/turtlesim/cmake/export_turtlesim__rosidl_generator_cExport-noconfig.cmake
[4.124s] -- Up-to-date: /home/pi/ros2_ws/install/turtlesim/share/turtlesim/cmake/export_turtlesim__rosidl_typesupport_fastrtps_cExport.cmake
[4.126s] -- Up-to-date: /home/pi/ros2_ws/install/turtlesim/share/turtlesim/cmake/export_turtlesim__rosidl_typesupport_fastrtps_cExport-noconfig.cmake
[4.128s] -- Up-to-date: /home/pi/ros2_ws/install/turtlesim/share/turtlesim/cmake/export_turtlesim__rosidl_generator_cppExport.cmake
[4.131s] -- Up-to-date: /home/pi/ros2_ws/install/turtlesim/share/turtlesim/cmake/export_turtlesim__rosidl_typesupport_fastrtps_cppExport.cmake
[4.132s] -- Up-to-date: /home/pi/ros2_ws/install/turtlesim/share/turtlesim/cmake/export_turtlesim__rosidl_typesupport_fastrtps_cppExport-noconfig.cmake
[4.135s] -- Up-to-date: /home/pi/ros2_ws/install/turtlesim/share/turtlesim/cmake/turtlesim__rosidl_typesupport_introspection_cExport.cmake
[4.136s] -- Up-to-date: /home/pi/ros2_ws/install/turtlesim/share/turtlesim/cmake/turtlesim__rosidl_typesupport_introspection_cExport-noconfig.cmake
[4.140s] -- Up-to-date: /home/pi/ros2_ws/install/turtlesim/share/turtlesim/cmake/turtlesim__rosidl_typesupport_cExport.cmake
[4.141s] -- Up-to-date: /home/pi/ros2_ws/install/turtlesim/share/turtlesim/cmake/turtlesim__rosidl_typesupport_cExport-noconfig.cmake
[4.145s] -- Up-to-date: /home/pi/ros2_ws/install/turtlesim/share/turtlesim/cmake/turtlesim__rosidl_typesupport_introspection_cppExport.cmake
[4.146s] -- Up-to-date: /home/pi/ros2_ws/install/turtlesim/share/turtlesim/cmake/turtlesim__rosidl_typesupport_introspection_cppExport-noconfig.cmake
[4.148s] -- Up-to-date: /home/pi/ros2_ws/install/turtlesim/share/turtlesim/cmake/turtlesim__rosidl_typesupport_cppExport.cmake
[4.150s] -- Up-to-date: /home/pi/ros2_ws/install/turtlesim/share/turtlesim/cmake/turtlesim__rosidl_typesupport_cppExport-noconfig.cmake
[4.153s] -- Up-to-date: /home/pi/ros2_ws/install/turtlesim/share/turtlesim/cmake/export_turtlesim__rosidl_generator_pyExport.cmake
[4.154s] -- Up-to-date: /home/pi/ros2_ws/install/turtlesim/share/turtlesim/cmake/export_turtlesim__rosidl_generator_pyExport-noconfig.cmake
[4.167s] Invoked command in '/home/pi/ros2_ws/build/turtlesim' returned '0': CMAKE_PREFIX_PATH=${CMAKE_PREFIX_PATH}:/opt/ros/humble /usr/bin/cmake --install /home/pi/ros2_ws/build/turtlesim
