[0.055s] Invoking command in '/home/pi/ros2_ws/build/rplidar_ros': CMAKE_PREFIX_PATH=${CMAKE_PREFIX_PATH}:/opt/ros/humble /usr/bin/cmake --build /home/pi/ros2_ws/build/rplidar_ros -- -j4 -l4
[0.652s] [  5%] Built target rplidar_client
[0.696s] [ 52%] Built target rplidar_composition
[0.727s] [100%] Built target rplidar_node
[0.783s] Invoked command in '/home/pi/ros2_ws/build/rplidar_ros' returned '0': CMAKE_PREFIX_PATH=${CMAKE_PREFIX_PATH}:/opt/ros/humble /usr/bin/cmake --build /home/pi/ros2_ws/build/rplidar_ros -- -j4 -l4
[0.794s] Invoking command in '/home/pi/ros2_ws/build/rplidar_ros': CMAKE_PREFIX_PATH=${CMAKE_PREFIX_PATH}:/opt/ros/humble /usr/bin/cmake --install /home/pi/ros2_ws/build/rplidar_ros
[0.850s] -- Install configuration: ""
[0.857s] -- Execute custom install script
[0.873s] -- Up-to-date symlink: /home/pi/ros2_ws/install/rplidar_ros/share/rplidar_ros/launch/__pycache__/rplidar_a1_launch.cpython-310.pyc
[0.878s] -- Up-to-date symlink: /home/pi/ros2_ws/install/rplidar_ros/share/rplidar_ros/launch/rplidar_a1_launch.py
[0.882s] -- Up-to-date symlink: /home/pi/ros2_ws/install/rplidar_ros/share/rplidar_ros/launch/rplidar_a2m12_launch.py
[0.885s] -- Up-to-date symlink: /home/pi/ros2_ws/install/rplidar_ros/share/rplidar_ros/launch/rplidar_a2m7_launch.py
[0.891s] -- Up-to-date symlink: /home/pi/ros2_ws/install/rplidar_ros/share/rplidar_ros/launch/rplidar_a2m8_launch.py
[0.895s] -- Up-to-date symlink: /home/pi/ros2_ws/install/rplidar_ros/share/rplidar_ros/launch/rplidar_a3_launch.py
[0.899s] -- Up-to-date symlink: /home/pi/ros2_ws/install/rplidar_ros/share/rplidar_ros/launch/rplidar_c1_launch.py
[0.902s] -- Up-to-date symlink: /home/pi/ros2_ws/install/rplidar_ros/share/rplidar_ros/launch/rplidar_s1_launch.py
[0.906s] -- Up-to-date symlink: /home/pi/ros2_ws/install/rplidar_ros/share/rplidar_ros/launch/rplidar_s1_tcp_launch.py
[0.911s] -- Up-to-date symlink: /home/pi/ros2_ws/install/rplidar_ros/share/rplidar_ros/launch/rplidar_s2_launch.py
[0.918s] -- Up-to-date symlink: /home/pi/ros2_ws/install/rplidar_ros/share/rplidar_ros/launch/rplidar_s2e_launch.py
[0.922s] -- Up-to-date symlink: /home/pi/ros2_ws/install/rplidar_ros/share/rplidar_ros/launch/rplidar_s3_launch.py
[0.928s] -- Up-to-date symlink: /home/pi/ros2_ws/install/rplidar_ros/share/rplidar_ros/launch/rplidar_t1_launch.py
[0.932s] -- Up-to-date symlink: /home/pi/ros2_ws/install/rplidar_ros/share/rplidar_ros/launch/view_rplidar_a1_launch.py
[0.935s] -- Up-to-date symlink: /home/pi/ros2_ws/install/rplidar_ros/share/rplidar_ros/launch/view_rplidar_a2m12_launch.py
[0.939s] -- Up-to-date symlink: /home/pi/ros2_ws/install/rplidar_ros/share/rplidar_ros/launch/view_rplidar_a2m7_launch.py
[0.942s] -- Up-to-date symlink: /home/pi/ros2_ws/install/rplidar_ros/share/rplidar_ros/launch/view_rplidar_a2m8_launch.py
[0.947s] -- Up-to-date symlink: /home/pi/ros2_ws/install/rplidar_ros/share/rplidar_ros/launch/view_rplidar_a3_launch.py
[0.951s] -- Up-to-date symlink: /home/pi/ros2_ws/install/rplidar_ros/share/rplidar_ros/launch/view_rplidar_c1_launch.py
[0.955s] -- Up-to-date symlink: /home/pi/ros2_ws/install/rplidar_ros/share/rplidar_ros/launch/view_rplidar_s1_launch.py
[0.959s] -- Up-to-date symlink: /home/pi/ros2_ws/install/rplidar_ros/share/rplidar_ros/launch/view_rplidar_s1_tcp_launch.py
[0.963s] -- Up-to-date symlink: /home/pi/ros2_ws/install/rplidar_ros/share/rplidar_ros/launch/view_rplidar_s2_launch.py
[0.967s] -- Up-to-date symlink: /home/pi/ros2_ws/install/rplidar_ros/share/rplidar_ros/launch/view_rplidar_s2e_launch.py
[0.970s] -- Up-to-date symlink: /home/pi/ros2_ws/install/rplidar_ros/share/rplidar_ros/launch/view_rplidar_s3_launch.py
[0.974s] -- Up-to-date symlink: /home/pi/ros2_ws/install/rplidar_ros/share/rplidar_ros/launch/view_rplidar_t1_launch.py
[0.982s] -- Up-to-date symlink: /home/pi/ros2_ws/install/rplidar_ros/share/rplidar_ros/rviz/rplidar_ros.rviz
[0.993s] -- Up-to-date symlink: /home/pi/ros2_ws/install/rplidar_ros/lib/rplidar_ros/rplidar_node
[0.995s] -- Up-to-date symlink: /home/pi/ros2_ws/install/rplidar_ros/lib/rplidar_ros/rplidar_composition
[0.996s] -- Up-to-date symlink: /home/pi/ros2_ws/install/rplidar_ros/lib/rplidar_ros/rplidar_client
[0.997s] -- Up-to-date symlink: /home/pi/ros2_ws/install/rplidar_ros/share/ament_index/resource_index/package_run_dependencies/rplidar_ros
[1.004s] -- Up-to-date symlink: /home/pi/ros2_ws/install/rplidar_ros/share/ament_index/resource_index/parent_prefix_path/rplidar_ros
[1.010s] -- Up-to-date symlink: /home/pi/ros2_ws/install/rplidar_ros/share/rplidar_ros/environment/ament_prefix_path.sh
[1.011s] -- Up-to-date symlink: /home/pi/ros2_ws/install/rplidar_ros/share/rplidar_ros/environment/ament_prefix_path.dsv
[1.013s] -- Up-to-date symlink: /home/pi/ros2_ws/install/rplidar_ros/share/rplidar_ros/environment/path.sh
[1.014s] -- Up-to-date symlink: /home/pi/ros2_ws/install/rplidar_ros/share/rplidar_ros/environment/path.dsv
[1.017s] -- Up-to-date symlink: /home/pi/ros2_ws/install/rplidar_ros/share/rplidar_ros/local_setup.bash
[1.019s] -- Up-to-date symlink: /home/pi/ros2_ws/install/rplidar_ros/share/rplidar_ros/local_setup.sh
[1.023s] -- Up-to-date symlink: /home/pi/ros2_ws/install/rplidar_ros/share/rplidar_ros/local_setup.zsh
[1.027s] -- Up-to-date symlink: /home/pi/ros2_ws/install/rplidar_ros/share/rplidar_ros/local_setup.dsv
[1.029s] -- Symlinking: /home/pi/ros2_ws/install/rplidar_ros/share/rplidar_ros/package.dsv
[1.141s] -- Up-to-date symlink: /home/pi/ros2_ws/install/rplidar_ros/share/ament_index/resource_index/packages/rplidar_ros
[1.169s] -- Up-to-date symlink: /home/pi/ros2_ws/install/rplidar_ros/share/rplidar_ros/cmake/ament_cmake_export_dependencies-extras.cmake
[1.180s] -- Up-to-date symlink: /home/pi/ros2_ws/install/rplidar_ros/share/rplidar_ros/cmake/ament_cmake_export_include_directories-extras.cmake
[1.184s] -- Up-to-date symlink: /home/pi/ros2_ws/install/rplidar_ros/share/rplidar_ros/cmake/rplidar_rosConfig.cmake
[1.199s] -- Up-to-date symlink: /home/pi/ros2_ws/install/rplidar_ros/share/rplidar_ros/cmake/rplidar_rosConfig-version.cmake
[1.199s] -- Up-to-date symlink: /home/pi/ros2_ws/install/rplidar_ros/share/rplidar_ros/package.xml
[1.206s] Invoked command in '/home/pi/ros2_ws/build/rplidar_ros' returned '0': CMAKE_PREFIX_PATH=${CMAKE_PREFIX_PATH}:/opt/ros/humble /usr/bin/cmake --install /home/pi/ros2_ws/build/rplidar_ros
