[0.065s] Invoking command in '/home/pi/ros2_ws/build/rplidar_ros': CMAKE_PREFIX_PATH=${CMAKE_PREFIX_PATH}:/home/pi/ros2_ws/install/green_vision:/home/pi/ros2_ws/install/green_control:/opt/ros/humble /usr/bin/cmake --build /home/pi/ros2_ws/build/rplidar_ros -- -j4 -l4
[0.483s] [  5%] Built target rplidar_client
[0.518s] [ 52%] Built target rplidar_node
[0.570s] [100%] Built target rplidar_composition
[0.641s] Invoked command in '/home/pi/ros2_ws/build/rplidar_ros' returned '0': CMAKE_PREFIX_PATH=${CMAKE_PREFIX_PATH}:/home/pi/ros2_ws/install/green_vision:/home/pi/ros2_ws/install/green_control:/opt/ros/humble /usr/bin/cmake --build /home/pi/ros2_ws/build/rplidar_ros -- -j4 -l4
[0.643s] Invoking command in '/home/pi/ros2_ws/build/rplidar_ros': CMAKE_PREFIX_PATH=${CMAKE_PREFIX_PATH}:/home/pi/ros2_ws/install/green_vision:/home/pi/ros2_ws/install/green_control:/opt/ros/humble /usr/bin/cmake --install /home/pi/ros2_ws/build/rplidar_ros
[0.679s] -- Install configuration: ""
[0.684s] -- Execute custom install script
[0.688s] -- Up-to-date symlink: /home/pi/ros2_ws/install/rplidar_ros/share/rplidar_ros/launch/__pycache__/rplidar_a1_launch.cpython-310.pyc
[0.691s] -- Up-to-date symlink: /home/pi/ros2_ws/install/rplidar_ros/share/rplidar_ros/launch/rplidar_a1_launch.py
[0.693s] -- Up-to-date symlink: /home/pi/ros2_ws/install/rplidar_ros/share/rplidar_ros/launch/rplidar_a2m12_launch.py
[0.695s] -- Up-to-date symlink: /home/pi/ros2_ws/install/rplidar_ros/share/rplidar_ros/launch/rplidar_a2m7_launch.py
[0.697s] -- Up-to-date symlink: /home/pi/ros2_ws/install/rplidar_ros/share/rplidar_ros/launch/rplidar_a2m8_launch.py
[0.700s] -- Up-to-date symlink: /home/pi/ros2_ws/install/rplidar_ros/share/rplidar_ros/launch/rplidar_a3_launch.py
[0.704s] -- Up-to-date symlink: /home/pi/ros2_ws/install/rplidar_ros/share/rplidar_ros/launch/rplidar_c1_launch.py
[0.706s] -- Up-to-date symlink: /home/pi/ros2_ws/install/rplidar_ros/share/rplidar_ros/launch/rplidar_s1_launch.py
[0.708s] -- Up-to-date symlink: /home/pi/ros2_ws/install/rplidar_ros/share/rplidar_ros/launch/rplidar_s1_tcp_launch.py
[0.710s] -- Up-to-date symlink: /home/pi/ros2_ws/install/rplidar_ros/share/rplidar_ros/launch/rplidar_s2_launch.py
[0.712s] -- Up-to-date symlink: /home/pi/ros2_ws/install/rplidar_ros/share/rplidar_ros/launch/rplidar_s2e_launch.py
[0.715s] -- Up-to-date symlink: /home/pi/ros2_ws/install/rplidar_ros/share/rplidar_ros/launch/rplidar_s3_launch.py
[0.717s] -- Up-to-date symlink: /home/pi/ros2_ws/install/rplidar_ros/share/rplidar_ros/launch/rplidar_t1_launch.py
[0.721s] -- Up-to-date symlink: /home/pi/ros2_ws/install/rplidar_ros/share/rplidar_ros/launch/view_rplidar_a1_launch.py
[0.723s] -- Up-to-date symlink: /home/pi/ros2_ws/install/rplidar_ros/share/rplidar_ros/launch/view_rplidar_a2m12_launch.py
[0.726s] -- Up-to-date symlink: /home/pi/ros2_ws/install/rplidar_ros/share/rplidar_ros/launch/view_rplidar_a2m7_launch.py
[0.728s] -- Up-to-date symlink: /home/pi/ros2_ws/install/rplidar_ros/share/rplidar_ros/launch/view_rplidar_a2m8_launch.py
[0.730s] -- Up-to-date symlink: /home/pi/ros2_ws/install/rplidar_ros/share/rplidar_ros/launch/view_rplidar_a3_launch.py
[0.732s] -- Up-to-date symlink: /home/pi/ros2_ws/install/rplidar_ros/share/rplidar_ros/launch/view_rplidar_c1_launch.py
[0.735s] -- Up-to-date symlink: /home/pi/ros2_ws/install/rplidar_ros/share/rplidar_ros/launch/view_rplidar_s1_launch.py
[0.737s] -- Up-to-date symlink: /home/pi/ros2_ws/install/rplidar_ros/share/rplidar_ros/launch/view_rplidar_s1_tcp_launch.py
[0.740s] -- Up-to-date symlink: /home/pi/ros2_ws/install/rplidar_ros/share/rplidar_ros/launch/view_rplidar_s2_launch.py
[0.742s] -- Up-to-date symlink: /home/pi/ros2_ws/install/rplidar_ros/share/rplidar_ros/launch/view_rplidar_s2e_launch.py
[0.745s] -- Up-to-date symlink: /home/pi/ros2_ws/install/rplidar_ros/share/rplidar_ros/launch/view_rplidar_s3_launch.py
[0.747s] -- Up-to-date symlink: /home/pi/ros2_ws/install/rplidar_ros/share/rplidar_ros/launch/view_rplidar_t1_launch.py
[0.750s] -- Up-to-date symlink: /home/pi/ros2_ws/install/rplidar_ros/share/rplidar_ros/rviz/rplidar_ros.rviz
[0.753s] -- Up-to-date symlink: /home/pi/ros2_ws/install/rplidar_ros/lib/rplidar_ros/rplidar_node
[0.755s] -- Up-to-date symlink: /home/pi/ros2_ws/install/rplidar_ros/lib/rplidar_ros/rplidar_composition
[0.757s] -- Up-to-date symlink: /home/pi/ros2_ws/install/rplidar_ros/lib/rplidar_ros/rplidar_client
[0.760s] -- Up-to-date symlink: /home/pi/ros2_ws/install/rplidar_ros/share/ament_index/resource_index/package_run_dependencies/rplidar_ros
[0.765s] -- Up-to-date symlink: /home/pi/ros2_ws/install/rplidar_ros/share/ament_index/resource_index/parent_prefix_path/rplidar_ros
[0.767s] -- Up-to-date symlink: /home/pi/ros2_ws/install/rplidar_ros/share/rplidar_ros/environment/ament_prefix_path.sh
[0.769s] -- Up-to-date symlink: /home/pi/ros2_ws/install/rplidar_ros/share/rplidar_ros/environment/ament_prefix_path.dsv
[0.771s] -- Up-to-date symlink: /home/pi/ros2_ws/install/rplidar_ros/share/rplidar_ros/environment/path.sh
[0.774s] -- Up-to-date symlink: /home/pi/ros2_ws/install/rplidar_ros/share/rplidar_ros/environment/path.dsv
[0.776s] -- Up-to-date symlink: /home/pi/ros2_ws/install/rplidar_ros/share/rplidar_ros/local_setup.bash
[0.778s] -- Up-to-date symlink: /home/pi/ros2_ws/install/rplidar_ros/share/rplidar_ros/local_setup.sh
[0.780s] -- Up-to-date symlink: /home/pi/ros2_ws/install/rplidar_ros/share/rplidar_ros/local_setup.zsh
[0.784s] -- Up-to-date symlink: /home/pi/ros2_ws/install/rplidar_ros/share/rplidar_ros/local_setup.dsv
[0.785s] -- Symlinking: /home/pi/ros2_ws/install/rplidar_ros/share/rplidar_ros/package.dsv
[0.834s] -- Up-to-date symlink: /home/pi/ros2_ws/install/rplidar_ros/share/ament_index/resource_index/packages/rplidar_ros
[0.835s] -- Up-to-date symlink: /home/pi/ros2_ws/install/rplidar_ros/share/rplidar_ros/cmake/ament_cmake_export_dependencies-extras.cmake
[0.837s] -- Up-to-date symlink: /home/pi/ros2_ws/install/rplidar_ros/share/rplidar_ros/cmake/ament_cmake_export_include_directories-extras.cmake
[0.841s] -- Up-to-date symlink: /home/pi/ros2_ws/install/rplidar_ros/share/rplidar_ros/cmake/rplidar_rosConfig.cmake
[0.844s] -- Up-to-date symlink: /home/pi/ros2_ws/install/rplidar_ros/share/rplidar_ros/cmake/rplidar_rosConfig-version.cmake
[0.847s] -- Up-to-date symlink: /home/pi/ros2_ws/install/rplidar_ros/share/rplidar_ros/package.xml
[0.862s] Invoked command in '/home/pi/ros2_ws/build/rplidar_ros' returned '0': CMAKE_PREFIX_PATH=${CMAKE_PREFIX_PATH}:/home/pi/ros2_ws/install/green_vision:/home/pi/ros2_ws/install/green_control:/opt/ros/humble /usr/bin/cmake --install /home/pi/ros2_ws/build/rplidar_ros
