[0.092s] Invoking command in '/home/pi/ros2_ws/build/rplidar_ros': CMAKE_PREFIX_PATH=${CMAKE_PREFIX_PATH}:/home/pi/ros2_ws/install/py_Controller:/home/pi/ros2_ws/install/green_vision:/home/pi/ros2_ws/install/green_control:/opt/ros/humble /usr/bin/cmake --build /home/pi/ros2_ws/build/rplidar_ros -- -j4 -l4
[0.628s] [ 47%] Built target rplidar_composition
[0.690s] [ 60%] Built target rplidar_client
[0.696s] [100%] Built target rplidar_node
[0.767s] Invoked command in '/home/pi/ros2_ws/build/rplidar_ros' returned '0': CMAKE_PREFIX_PATH=${CMAKE_PREFIX_PATH}:/home/pi/ros2_ws/install/py_Controller:/home/pi/ros2_ws/install/green_vision:/home/pi/ros2_ws/install/green_control:/opt/ros/humble /usr/bin/cmake --build /home/pi/ros2_ws/build/rplidar_ros -- -j4 -l4
[0.779s] Invoking command in '/home/pi/ros2_ws/build/rplidar_ros': CMAKE_PREFIX_PATH=${CMAKE_PREFIX_PATH}:/home/pi/ros2_ws/install/py_Controller:/home/pi/ros2_ws/install/green_vision:/home/pi/ros2_ws/install/green_control:/opt/ros/humble /usr/bin/cmake --install /home/pi/ros2_ws/build/rplidar_ros
[0.832s] -- Install configuration: ""
[0.836s] -- Execute custom install script
[0.839s] -- Up-to-date symlink: /home/pi/ros2_ws/install/rplidar_ros/share/rplidar_ros/launch/__pycache__/rplidar_a1_launch.cpython-310.pyc
[0.842s] -- Up-to-date symlink: /home/pi/ros2_ws/install/rplidar_ros/share/rplidar_ros/launch/rplidar_a1_launch.py
[0.849s] -- Up-to-date symlink: /home/pi/ros2_ws/install/rplidar_ros/share/rplidar_ros/launch/rplidar_a2m12_launch.py
[0.850s] -- Up-to-date symlink: /home/pi/ros2_ws/install/rplidar_ros/share/rplidar_ros/launch/rplidar_a2m7_launch.py
[0.854s] -- Up-to-date symlink: /home/pi/ros2_ws/install/rplidar_ros/share/rplidar_ros/launch/rplidar_a2m8_launch.py
[0.856s] -- Up-to-date symlink: /home/pi/ros2_ws/install/rplidar_ros/share/rplidar_ros/launch/rplidar_a3_launch.py
[0.857s] -- Up-to-date symlink: /home/pi/ros2_ws/install/rplidar_ros/share/rplidar_ros/launch/rplidar_c1_launch.py
[0.862s] -- Up-to-date symlink: /home/pi/ros2_ws/install/rplidar_ros/share/rplidar_ros/launch/rplidar_s1_launch.py
[0.863s] -- Up-to-date symlink: /home/pi/ros2_ws/install/rplidar_ros/share/rplidar_ros/launch/rplidar_s1_tcp_launch.py
[0.863s] -- Up-to-date symlink: /home/pi/ros2_ws/install/rplidar_ros/share/rplidar_ros/launch/rplidar_s2_launch.py
[0.864s] -- Up-to-date symlink: /home/pi/ros2_ws/install/rplidar_ros/share/rplidar_ros/launch/rplidar_s2e_launch.py
[0.866s] -- Up-to-date symlink: /home/pi/ros2_ws/install/rplidar_ros/share/rplidar_ros/launch/rplidar_s3_launch.py
[0.870s] -- Up-to-date symlink: /home/pi/ros2_ws/install/rplidar_ros/share/rplidar_ros/launch/rplidar_t1_launch.py
[0.871s] -- Up-to-date symlink: /home/pi/ros2_ws/install/rplidar_ros/share/rplidar_ros/launch/view_rplidar_a1_launch.py
[0.874s] -- Up-to-date symlink: /home/pi/ros2_ws/install/rplidar_ros/share/rplidar_ros/launch/view_rplidar_a2m12_launch.py
[0.875s] -- Up-to-date symlink: /home/pi/ros2_ws/install/rplidar_ros/share/rplidar_ros/launch/view_rplidar_a2m7_launch.py
[0.879s] -- Up-to-date symlink: /home/pi/ros2_ws/install/rplidar_ros/share/rplidar_ros/launch/view_rplidar_a2m8_launch.py
[0.879s] -- Up-to-date symlink: /home/pi/ros2_ws/install/rplidar_ros/share/rplidar_ros/launch/view_rplidar_a3_launch.py
[0.883s] -- Up-to-date symlink: /home/pi/ros2_ws/install/rplidar_ros/share/rplidar_ros/launch/view_rplidar_c1_launch.py
[0.883s] -- Up-to-date symlink: /home/pi/ros2_ws/install/rplidar_ros/share/rplidar_ros/launch/view_rplidar_s1_launch.py
[0.886s] -- Up-to-date symlink: /home/pi/ros2_ws/install/rplidar_ros/share/rplidar_ros/launch/view_rplidar_s1_tcp_launch.py
[0.890s] -- Up-to-date symlink: /home/pi/ros2_ws/install/rplidar_ros/share/rplidar_ros/launch/view_rplidar_s2_launch.py
[0.891s] -- Up-to-date symlink: /home/pi/ros2_ws/install/rplidar_ros/share/rplidar_ros/launch/view_rplidar_s2e_launch.py
[0.895s] -- Up-to-date symlink: /home/pi/ros2_ws/install/rplidar_ros/share/rplidar_ros/launch/view_rplidar_s3_launch.py
[0.896s] -- Up-to-date symlink: /home/pi/ros2_ws/install/rplidar_ros/share/rplidar_ros/launch/view_rplidar_t1_launch.py
[0.899s] -- Up-to-date symlink: /home/pi/ros2_ws/install/rplidar_ros/share/rplidar_ros/rviz/rplidar_ros.rviz
[0.903s] -- Up-to-date symlink: /home/pi/ros2_ws/install/rplidar_ros/lib/rplidar_ros/rplidar_node
[0.903s] -- Up-to-date symlink: /home/pi/ros2_ws/install/rplidar_ros/lib/rplidar_ros/rplidar_composition
[0.907s] -- Up-to-date symlink: /home/pi/ros2_ws/install/rplidar_ros/lib/rplidar_ros/rplidar_client
[0.908s] -- Up-to-date symlink: /home/pi/ros2_ws/install/rplidar_ros/share/ament_index/resource_index/package_run_dependencies/rplidar_ros
[0.910s] -- Up-to-date symlink: /home/pi/ros2_ws/install/rplidar_ros/share/ament_index/resource_index/parent_prefix_path/rplidar_ros
[0.914s] -- Up-to-date symlink: /home/pi/ros2_ws/install/rplidar_ros/share/rplidar_ros/environment/ament_prefix_path.sh
[0.915s] -- Up-to-date symlink: /home/pi/ros2_ws/install/rplidar_ros/share/rplidar_ros/environment/ament_prefix_path.dsv
[0.918s] -- Up-to-date symlink: /home/pi/ros2_ws/install/rplidar_ros/share/rplidar_ros/environment/path.sh
[0.919s] -- Up-to-date symlink: /home/pi/ros2_ws/install/rplidar_ros/share/rplidar_ros/environment/path.dsv
[0.922s] -- Up-to-date symlink: /home/pi/ros2_ws/install/rplidar_ros/share/rplidar_ros/local_setup.bash
[0.926s] -- Up-to-date symlink: /home/pi/ros2_ws/install/rplidar_ros/share/rplidar_ros/local_setup.sh
[0.927s] -- Up-to-date symlink: /home/pi/ros2_ws/install/rplidar_ros/share/rplidar_ros/local_setup.zsh
[0.931s] -- Up-to-date symlink: /home/pi/ros2_ws/install/rplidar_ros/share/rplidar_ros/local_setup.dsv
[0.932s] -- Symlinking: /home/pi/ros2_ws/install/rplidar_ros/share/rplidar_ros/package.dsv
[0.980s] -- Up-to-date symlink: /home/pi/ros2_ws/install/rplidar_ros/share/ament_index/resource_index/packages/rplidar_ros
[0.983s] -- Up-to-date symlink: /home/pi/ros2_ws/install/rplidar_ros/share/rplidar_ros/cmake/ament_cmake_export_dependencies-extras.cmake
[0.985s] -- Up-to-date symlink: /home/pi/ros2_ws/install/rplidar_ros/share/rplidar_ros/cmake/ament_cmake_export_include_directories-extras.cmake
[0.988s] -- Up-to-date symlink: /home/pi/ros2_ws/install/rplidar_ros/share/rplidar_ros/cmake/rplidar_rosConfig.cmake
[0.994s] -- Up-to-date symlink: /home/pi/ros2_ws/install/rplidar_ros/share/rplidar_ros/cmake/rplidar_rosConfig-version.cmake
[0.995s] -- Up-to-date symlink: /home/pi/ros2_ws/install/rplidar_ros/share/rplidar_ros/package.xml
[1.010s] Invoked command in '/home/pi/ros2_ws/build/rplidar_ros' returned '0': CMAKE_PREFIX_PATH=${CMAKE_PREFIX_PATH}:/home/pi/ros2_ws/install/py_Controller:/home/pi/ros2_ws/install/green_vision:/home/pi/ros2_ws/install/green_control:/opt/ros/humble /usr/bin/cmake --install /home/pi/ros2_ws/build/rplidar_ros
