[0.049s] Invoking command in '/home/pi/ros2_ws/build/turtlesim': CMAKE_PREFIX_PATH=${CMAKE_PREFIX_PATH}:/home/pi/ros2_ws/install/green_control:/opt/ros/humble /usr/bin/cmake --build /home/pi/ros2_ws/build/turtlesim -- -j4 -l4
[0.419s] [ 10%] Built target turtlesim__rosidl_generator_c
[0.457s] [ 11%] Built target turtlesim__cpp
[0.583s] [ 11%] Built target ament_cmake_python_symlink_turtlesim
[0.774s] [ 31%] Built target turtlesim__rosidl_typesupport_introspection_c
[0.775s] [ 31%] Built target turtlesim__rosidl_typesupport_fastrtps_c
[0.781s] [ 41%] Built target turtlesim__rosidl_typesupport_c
[0.862s] [ 51%] Built target turtlesim__rosidl_typesupport_introspection_cpp
[1.064s] [ 61%] Built target turtlesim__rosidl_typesupport_fastrtps_cpp
[1.095s] [ 71%] Built target turtlesim__rosidl_typesupport_cpp
[1.364s] [ 71%] Built target turtlesim
[1.437s] [ 73%] Built target turtle_teleop_key
[1.511s] [ 79%] Built target turtlesim_node
[1.738s] [ 81%] Built target draw_square
[1.770s] [ 82%] Built target turtlesim__py
[1.809s] [ 84%] Built target mimic
[1.953s] [ 93%] Built target turtlesim__rosidl_generator_py
[2.251s] [ 95%] Built target turtlesim__rosidl_typesupport_fastrtps_c__pyext
[2.281s] [ 97%] Built target turtlesim__rosidl_typesupport_introspection_c__pyext
[2.307s] [100%] Built target turtlesim__rosidl_typesupport_c__pyext
[3.223s] running egg_info
[3.228s] writing turtlesim.egg-info/PKG-INFO
[3.229s] writing dependency_links to turtlesim.egg-info/dependency_links.txt
[3.229s] writing top-level names to turtlesim.egg-info/top_level.txt
[3.250s] reading manifest file 'turtlesim.egg-info/SOURCES.txt'
[3.254s] writing manifest file 'turtlesim.egg-info/SOURCES.txt'
[3.420s] [100%] Built target ament_cmake_python_build_turtlesim_egg
[3.488s] Invoked command in '/home/pi/ros2_ws/build/turtlesim' returned '0': CMAKE_PREFIX_PATH=${CMAKE_PREFIX_PATH}:/home/pi/ros2_ws/install/green_control:/opt/ros/humble /usr/bin/cmake --build /home/pi/ros2_ws/build/turtlesim -- -j4 -l4
[3.490s] Invoking command in '/home/pi/ros2_ws/build/turtlesim': CMAKE_PREFIX_PATH=${CMAKE_PREFIX_PATH}:/home/pi/ros2_ws/install/green_control:/opt/ros/humble /usr/bin/cmake --install /home/pi/ros2_ws/build/turtlesim
[3.525s] -- Install configuration: ""
[3.529s] -- Execute custom install script
[3.530s] -- Up-to-date symlink: /home/pi/ros2_ws/install/turtlesim/share/ament_index/resource_index/rosidl_interfaces/turtlesim
[3.536s] -- Up-to-date symlink: /home/pi/ros2_ws/install/turtlesim/include/turtlesim/turtlesim/action/detail/rotate_absolute__functions.h
[3.537s] -- Up-to-date symlink: /home/pi/ros2_ws/install/turtlesim/include/turtlesim/turtlesim/action/detail/rotate_absolute__struct.h
[3.538s] -- Up-to-date symlink: /home/pi/ros2_ws/install/turtlesim/include/turtlesim/turtlesim/action/detail/rotate_absolute__type_support.h
[3.540s] -- Up-to-date symlink: /home/pi/ros2_ws/install/turtlesim/include/turtlesim/turtlesim/action/rotate_absolute.h
[3.541s] -- Up-to-date symlink: /home/pi/ros2_ws/install/turtlesim/include/turtlesim/turtlesim/msg/color.h
[3.542s] -- Up-to-date symlink: /home/pi/ros2_ws/install/turtlesim/include/turtlesim/turtlesim/msg/detail/color__functions.h
[3.543s] -- Up-to-date symlink: /home/pi/ros2_ws/install/turtlesim/include/turtlesim/turtlesim/msg/detail/color__struct.h
[3.544s] -- Up-to-date symlink: /home/pi/ros2_ws/install/turtlesim/include/turtlesim/turtlesim/msg/detail/color__type_support.h
[3.546s] -- Up-to-date symlink: /home/pi/ros2_ws/install/turtlesim/include/turtlesim/turtlesim/msg/detail/pose__functions.h
[3.547s] -- Up-to-date symlink: /home/pi/ros2_ws/install/turtlesim/include/turtlesim/turtlesim/msg/detail/pose__struct.h
[3.548s] -- Up-to-date symlink: /home/pi/ros2_ws/install/turtlesim/include/turtlesim/turtlesim/msg/detail/pose__type_support.h
[3.549s] -- Up-to-date symlink: /home/pi/ros2_ws/install/turtlesim/include/turtlesim/turtlesim/msg/pose.h
[3.550s] -- Up-to-date symlink: /home/pi/ros2_ws/install/turtlesim/include/turtlesim/turtlesim/msg/rosidl_generator_c__visibility_control.h
[3.551s] -- Up-to-date symlink: /home/pi/ros2_ws/install/turtlesim/include/turtlesim/turtlesim/srv/detail/kill__functions.h
[3.552s] -- Up-to-date symlink: /home/pi/ros2_ws/install/turtlesim/include/turtlesim/turtlesim/srv/detail/kill__struct.h
[3.554s] -- Up-to-date symlink: /home/pi/ros2_ws/install/turtlesim/include/turtlesim/turtlesim/srv/detail/kill__type_support.h
[3.555s] -- Up-to-date symlink: /home/pi/ros2_ws/install/turtlesim/include/turtlesim/turtlesim/srv/detail/set_pen__functions.h
[3.556s] -- Up-to-date symlink: /home/pi/ros2_ws/install/turtlesim/include/turtlesim/turtlesim/srv/detail/set_pen__struct.h
[3.557s] -- Up-to-date symlink: /home/pi/ros2_ws/install/turtlesim/include/turtlesim/turtlesim/srv/detail/set_pen__type_support.h
[3.558s] -- Up-to-date symlink: /home/pi/ros2_ws/install/turtlesim/include/turtlesim/turtlesim/srv/detail/spawn__functions.h
[3.559s] -- Up-to-date symlink: /home/pi/ros2_ws/install/turtlesim/include/turtlesim/turtlesim/srv/detail/spawn__struct.h
[3.561s] -- Up-to-date symlink: /home/pi/ros2_ws/install/turtlesim/include/turtlesim/turtlesim/srv/detail/spawn__type_support.h
[3.562s] -- Up-to-date symlink: /home/pi/ros2_ws/install/turtlesim/include/turtlesim/turtlesim/srv/detail/teleport_absolute__functions.h
[3.563s] -- Up-to-date symlink: /home/pi/ros2_ws/install/turtlesim/include/turtlesim/turtlesim/srv/detail/teleport_absolute__struct.h
[3.564s] -- Up-to-date symlink: /home/pi/ros2_ws/install/turtlesim/include/turtlesim/turtlesim/srv/detail/teleport_absolute__type_support.h
[3.566s] -- Up-to-date symlink: /home/pi/ros2_ws/install/turtlesim/include/turtlesim/turtlesim/srv/detail/teleport_relative__functions.h
[3.567s] -- Up-to-date symlink: /home/pi/ros2_ws/install/turtlesim/include/turtlesim/turtlesim/srv/detail/teleport_relative__struct.h
[3.568s] -- Up-to-date symlink: /home/pi/ros2_ws/install/turtlesim/include/turtlesim/turtlesim/srv/detail/teleport_relative__type_support.h
[3.569s] -- Up-to-date symlink: /home/pi/ros2_ws/install/turtlesim/include/turtlesim/turtlesim/srv/kill.h
[3.570s] -- Up-to-date symlink: /home/pi/ros2_ws/install/turtlesim/include/turtlesim/turtlesim/srv/set_pen.h
[3.571s] -- Up-to-date symlink: /home/pi/ros2_ws/install/turtlesim/include/turtlesim/turtlesim/srv/spawn.h
[3.573s] -- Up-to-date symlink: /home/pi/ros2_ws/install/turtlesim/include/turtlesim/turtlesim/srv/teleport_absolute.h
[3.574s] -- Up-to-date symlink: /home/pi/ros2_ws/install/turtlesim/include/turtlesim/turtlesim/srv/teleport_relative.h
[3.575s] -- Up-to-date symlink: /home/pi/ros2_ws/install/turtlesim/share/turtlesim/environment/library_path.sh
[3.576s] -- Up-to-date symlink: /home/pi/ros2_ws/install/turtlesim/share/turtlesim/environment/library_path.dsv
[3.584s] -- Up-to-date symlink: /home/pi/ros2_ws/install/turtlesim/include/turtlesim/turtlesim/action/detail/rotate_absolute__rosidl_typesupport_fastrtps_c.h
[3.585s] -- Up-to-date symlink: /home/pi/ros2_ws/install/turtlesim/include/turtlesim/turtlesim/msg/detail/color__rosidl_typesupport_fastrtps_c.h
[3.586s] -- Up-to-date symlink: /home/pi/ros2_ws/install/turtlesim/include/turtlesim/turtlesim/msg/detail/pose__rosidl_typesupport_fastrtps_c.h
[3.587s] -- Up-to-date symlink: /home/pi/ros2_ws/install/turtlesim/include/turtlesim/turtlesim/msg/rosidl_typesupport_fastrtps_c__visibility_control.h
[3.588s] -- Up-to-date symlink: /home/pi/ros2_ws/install/turtlesim/include/turtlesim/turtlesim/srv/detail/kill__rosidl_typesupport_fastrtps_c.h
[3.590s] -- Up-to-date symlink: /home/pi/ros2_ws/install/turtlesim/include/turtlesim/turtlesim/srv/detail/set_pen__rosidl_typesupport_fastrtps_c.h
[3.591s] -- Up-to-date symlink: /home/pi/ros2_ws/install/turtlesim/include/turtlesim/turtlesim/srv/detail/spawn__rosidl_typesupport_fastrtps_c.h
[3.592s] -- Up-to-date symlink: /home/pi/ros2_ws/install/turtlesim/include/turtlesim/turtlesim/srv/detail/teleport_absolute__rosidl_typesupport_fastrtps_c.h
[3.593s] -- Up-to-date symlink: /home/pi/ros2_ws/install/turtlesim/include/turtlesim/turtlesim/srv/detail/teleport_relative__rosidl_typesupport_fastrtps_c.h
[3.600s] -- Up-to-date symlink: /home/pi/ros2_ws/install/turtlesim/include/turtlesim/turtlesim/action/detail/rotate_absolute__builder.hpp
[3.601s] -- Up-to-date symlink: /home/pi/ros2_ws/install/turtlesim/include/turtlesim/turtlesim/action/detail/rotate_absolute__struct.hpp
[3.602s] -- Up-to-date symlink: /home/pi/ros2_ws/install/turtlesim/include/turtlesim/turtlesim/action/detail/rotate_absolute__traits.hpp
[3.603s] -- Up-to-date symlink: /home/pi/ros2_ws/install/turtlesim/include/turtlesim/turtlesim/action/detail/rotate_absolute__type_support.hpp
[3.604s] -- Up-to-date symlink: /home/pi/ros2_ws/install/turtlesim/include/turtlesim/turtlesim/action/rotate_absolute.hpp
[3.606s] -- Up-to-date symlink: /home/pi/ros2_ws/install/turtlesim/include/turtlesim/turtlesim/msg/color.hpp
[3.607s] -- Up-to-date symlink: /home/pi/ros2_ws/install/turtlesim/include/turtlesim/turtlesim/msg/detail/color__builder.hpp
[3.608s] -- Up-to-date symlink: /home/pi/ros2_ws/install/turtlesim/include/turtlesim/turtlesim/msg/detail/color__struct.hpp
[3.609s] -- Up-to-date symlink: /home/pi/ros2_ws/install/turtlesim/include/turtlesim/turtlesim/msg/detail/color__traits.hpp
[3.611s] -- Up-to-date symlink: /home/pi/ros2_ws/install/turtlesim/include/turtlesim/turtlesim/msg/detail/color__type_support.hpp
[3.612s] -- Up-to-date symlink: /home/pi/ros2_ws/install/turtlesim/include/turtlesim/turtlesim/msg/detail/pose__builder.hpp
[3.613s] -- Up-to-date symlink: /home/pi/ros2_ws/install/turtlesim/include/turtlesim/turtlesim/msg/detail/pose__struct.hpp
[3.614s] -- Up-to-date symlink: /home/pi/ros2_ws/install/turtlesim/include/turtlesim/turtlesim/msg/detail/pose__traits.hpp
[3.615s] -- Up-to-date symlink: /home/pi/ros2_ws/install/turtlesim/include/turtlesim/turtlesim/msg/detail/pose__type_support.hpp
[3.616s] -- Up-to-date symlink: /home/pi/ros2_ws/install/turtlesim/include/turtlesim/turtlesim/msg/pose.hpp
[3.617s] -- Up-to-date symlink: /home/pi/ros2_ws/install/turtlesim/include/turtlesim/turtlesim/msg/rosidl_generator_cpp__visibility_control.hpp
[3.619s] -- Up-to-date symlink: /home/pi/ros2_ws/install/turtlesim/include/turtlesim/turtlesim/srv/detail/kill__builder.hpp
[3.620s] -- Up-to-date symlink: /home/pi/ros2_ws/install/turtlesim/include/turtlesim/turtlesim/srv/detail/kill__struct.hpp
[3.621s] -- Up-to-date symlink: /home/pi/ros2_ws/install/turtlesim/include/turtlesim/turtlesim/srv/detail/kill__traits.hpp
[3.623s] -- Up-to-date symlink: /home/pi/ros2_ws/install/turtlesim/include/turtlesim/turtlesim/srv/detail/kill__type_support.hpp
[3.624s] -- Up-to-date symlink: /home/pi/ros2_ws/install/turtlesim/include/turtlesim/turtlesim/srv/detail/set_pen__builder.hpp
[3.625s] -- Up-to-date symlink: /home/pi/ros2_ws/install/turtlesim/include/turtlesim/turtlesim/srv/detail/set_pen__struct.hpp
[3.626s] -- Up-to-date symlink: /home/pi/ros2_ws/install/turtlesim/include/turtlesim/turtlesim/srv/detail/set_pen__traits.hpp
[3.629s] -- Up-to-date symlink: /home/pi/ros2_ws/install/turtlesim/include/turtlesim/turtlesim/srv/detail/set_pen__type_support.hpp
[3.630s] -- Up-to-date symlink: /home/pi/ros2_ws/install/turtlesim/include/turtlesim/turtlesim/srv/detail/spawn__builder.hpp
[3.631s] -- Up-to-date symlink: /home/pi/ros2_ws/install/turtlesim/include/turtlesim/turtlesim/srv/detail/spawn__struct.hpp
[3.632s] -- Up-to-date symlink: /home/pi/ros2_ws/install/turtlesim/include/turtlesim/turtlesim/srv/detail/spawn__traits.hpp
[3.634s] -- Up-to-date symlink: /home/pi/ros2_ws/install/turtlesim/include/turtlesim/turtlesim/srv/detail/spawn__type_support.hpp
[3.635s] -- Up-to-date symlink: /home/pi/ros2_ws/install/turtlesim/include/turtlesim/turtlesim/srv/detail/teleport_absolute__builder.hpp
[3.636s] -- Up-to-date symlink: /home/pi/ros2_ws/install/turtlesim/include/turtlesim/turtlesim/srv/detail/teleport_absolute__struct.hpp
[3.638s] -- Up-to-date symlink: /home/pi/ros2_ws/install/turtlesim/include/turtlesim/turtlesim/srv/detail/teleport_absolute__traits.hpp
[3.639s] -- Up-to-date symlink: /home/pi/ros2_ws/install/turtlesim/include/turtlesim/turtlesim/srv/detail/teleport_absolute__type_support.hpp
[3.640s] -- Up-to-date symlink: /home/pi/ros2_ws/install/turtlesim/include/turtlesim/turtlesim/srv/detail/teleport_relative__builder.hpp
[3.642s] -- Up-to-date symlink: /home/pi/ros2_ws/install/turtlesim/include/turtlesim/turtlesim/srv/detail/teleport_relative__struct.hpp
[3.644s] -- Up-to-date symlink: /home/pi/ros2_ws/install/turtlesim/include/turtlesim/turtlesim/srv/detail/teleport_relative__traits.hpp
[3.645s] -- Up-to-date symlink: /home/pi/ros2_ws/install/turtlesim/include/turtlesim/turtlesim/srv/detail/teleport_relative__type_support.hpp
[3.646s] -- Up-to-date symlink: /home/pi/ros2_ws/install/turtlesim/include/turtlesim/turtlesim/srv/kill.hpp
[3.647s] -- Up-to-date symlink: /home/pi/ros2_ws/install/turtlesim/include/turtlesim/turtlesim/srv/set_pen.hpp
[3.649s] -- Up-to-date symlink: /home/pi/ros2_ws/install/turtlesim/include/turtlesim/turtlesim/srv/spawn.hpp
[3.650s] -- Up-to-date symlink: /home/pi/ros2_ws/install/turtlesim/include/turtlesim/turtlesim/srv/teleport_absolute.hpp
[3.651s] -- Up-to-date symlink: /home/pi/ros2_ws/install/turtlesim/include/turtlesim/turtlesim/srv/teleport_relative.hpp
[3.660s] -- Up-to-date symlink: /home/pi/ros2_ws/install/turtlesim/include/turtlesim/turtlesim/action/detail/rotate_absolute__rosidl_typesupport_fastrtps_cpp.hpp
[3.661s] -- Up-to-date symlink: /home/pi/ros2_ws/install/turtlesim/include/turtlesim/turtlesim/msg/detail/color__rosidl_typesupport_fastrtps_cpp.hpp
[3.663s] -- Up-to-date symlink: /home/pi/ros2_ws/install/turtlesim/include/turtlesim/turtlesim/msg/detail/pose__rosidl_typesupport_fastrtps_cpp.hpp
[3.664s] -- Up-to-date symlink: /home/pi/ros2_ws/install/turtlesim/include/turtlesim/turtlesim/msg/rosidl_typesupport_fastrtps_cpp__visibility_control.h
[3.666s] -- Up-to-date symlink: /home/pi/ros2_ws/install/turtlesim/include/turtlesim/turtlesim/srv/detail/kill__rosidl_typesupport_fastrtps_cpp.hpp
[3.667s] -- Up-to-date symlink: /home/pi/ros2_ws/install/turtlesim/include/turtlesim/turtlesim/srv/detail/set_pen__rosidl_typesupport_fastrtps_cpp.hpp
[3.669s] -- Up-to-date symlink: /home/pi/ros2_ws/install/turtlesim/include/turtlesim/turtlesim/srv/detail/spawn__rosidl_typesupport_fastrtps_cpp.hpp
[3.670s] -- Up-to-date symlink: /home/pi/ros2_ws/install/turtlesim/include/turtlesim/turtlesim/srv/detail/teleport_absolute__rosidl_typesupport_fastrtps_cpp.hpp
[3.672s] -- Up-to-date symlink: /home/pi/ros2_ws/install/turtlesim/include/turtlesim/turtlesim/srv/detail/teleport_relative__rosidl_typesupport_fastrtps_cpp.hpp
[3.677s] -- Up-to-date symlink: /home/pi/ros2_ws/install/turtlesim/include/turtlesim/turtlesim/action/detail/rotate_absolute__rosidl_typesupport_introspection_c.h
[3.678s] -- Up-to-date symlink: /home/pi/ros2_ws/install/turtlesim/include/turtlesim/turtlesim/msg/detail/color__rosidl_typesupport_introspection_c.h
[3.679s] -- Up-to-date symlink: /home/pi/ros2_ws/install/turtlesim/include/turtlesim/turtlesim/msg/detail/pose__rosidl_typesupport_introspection_c.h
[3.681s] -- Up-to-date symlink: /home/pi/ros2_ws/install/turtlesim/include/turtlesim/turtlesim/msg/rosidl_typesupport_introspection_c__visibility_control.h
[3.683s] -- Up-to-date symlink: /home/pi/ros2_ws/install/turtlesim/include/turtlesim/turtlesim/srv/detail/kill__rosidl_typesupport_introspection_c.h
[3.684s] -- Up-to-date symlink: /home/pi/ros2_ws/install/turtlesim/include/turtlesim/turtlesim/srv/detail/set_pen__rosidl_typesupport_introspection_c.h
[3.686s] -- Up-to-date symlink: /home/pi/ros2_ws/install/turtlesim/include/turtlesim/turtlesim/srv/detail/spawn__rosidl_typesupport_introspection_c.h
[3.687s] -- Up-to-date symlink: /home/pi/ros2_ws/install/turtlesim/include/turtlesim/turtlesim/srv/detail/teleport_absolute__rosidl_typesupport_introspection_c.h
[3.689s] -- Up-to-date symlink: /home/pi/ros2_ws/install/turtlesim/include/turtlesim/turtlesim/srv/detail/teleport_relative__rosidl_typesupport_introspection_c.h
[3.694s] -- Up-to-date symlink: /home/pi/ros2_ws/install/turtlesim/include/turtlesim/turtlesim/action/detail/rotate_absolute__rosidl_typesupport_introspection_cpp.hpp
[3.695s] -- Up-to-date symlink: /home/pi/ros2_ws/install/turtlesim/include/turtlesim/turtlesim/msg/detail/color__rosidl_typesupport_introspection_cpp.hpp
[3.697s] -- Up-to-date symlink: /home/pi/ros2_ws/install/turtlesim/include/turtlesim/turtlesim/msg/detail/pose__rosidl_typesupport_introspection_cpp.hpp
[3.698s] -- Up-to-date symlink: /home/pi/ros2_ws/install/turtlesim/include/turtlesim/turtlesim/srv/detail/kill__rosidl_typesupport_introspection_cpp.hpp
[3.701s] -- Up-to-date symlink: /home/pi/ros2_ws/install/turtlesim/include/turtlesim/turtlesim/srv/detail/set_pen__rosidl_typesupport_introspection_cpp.hpp
[3.703s] -- Up-to-date symlink: /home/pi/ros2_ws/install/turtlesim/include/turtlesim/turtlesim/srv/detail/spawn__rosidl_typesupport_introspection_cpp.hpp
[3.705s] -- Up-to-date symlink: /home/pi/ros2_ws/install/turtlesim/include/turtlesim/turtlesim/srv/detail/teleport_absolute__rosidl_typesupport_introspection_cpp.hpp
[3.707s] -- Up-to-date symlink: /home/pi/ros2_ws/install/turtlesim/include/turtlesim/turtlesim/srv/detail/teleport_relative__rosidl_typesupport_introspection_cpp.hpp
[3.708s] -- Up-to-date symlink: /home/pi/ros2_ws/install/turtlesim/share/turtlesim/environment/pythonpath.sh
[3.710s] -- Up-to-date symlink: /home/pi/ros2_ws/install/turtlesim/share/turtlesim/environment/pythonpath.dsv
[3.713s] -- Up-to-date symlink: /home/pi/ros2_ws/install/turtlesim/local/lib/python3.10/dist-packages/turtlesim-1.4.3-py3.10.egg-info/PKG-INFO
[3.714s] -- Up-to-date symlink: /home/pi/ros2_ws/install/turtlesim/local/lib/python3.10/dist-packages/turtlesim-1.4.3-py3.10.egg-info/SOURCES.txt
[3.716s] -- Up-to-date symlink: /home/pi/ros2_ws/install/turtlesim/local/lib/python3.10/dist-packages/turtlesim-1.4.3-py3.10.egg-info/dependency_links.txt
[3.717s] -- Up-to-date symlink: /home/pi/ros2_ws/install/turtlesim/local/lib/python3.10/dist-packages/turtlesim-1.4.3-py3.10.egg-info/top_level.txt
[3.727s] -- Up-to-date symlink: /home/pi/ros2_ws/install/turtlesim/local/lib/python3.10/dist-packages/turtlesim/__init__.py
[3.730s] -- Up-to-date symlink: /home/pi/ros2_ws/install/turtlesim/local/lib/python3.10/dist-packages/turtlesim/_turtlesim_s.ep.rosidl_typesupport_c.c
[3.731s] -- Up-to-date symlink: /home/pi/ros2_ws/install/turtlesim/local/lib/python3.10/dist-packages/turtlesim/_turtlesim_s.ep.rosidl_typesupport_fastrtps_c.c
[3.732s] -- Up-to-date symlink: /home/pi/ros2_ws/install/turtlesim/local/lib/python3.10/dist-packages/turtlesim/_turtlesim_s.ep.rosidl_typesupport_introspection_c.c
[3.733s] -- Up-to-date symlink: /home/pi/ros2_ws/install/turtlesim/local/lib/python3.10/dist-packages/turtlesim/action/__init__.py
[3.735s] -- Up-to-date symlink: /home/pi/ros2_ws/install/turtlesim/local/lib/python3.10/dist-packages/turtlesim/action/_rotate_absolute.py
[3.736s] -- Up-to-date symlink: /home/pi/ros2_ws/install/turtlesim/local/lib/python3.10/dist-packages/turtlesim/action/_rotate_absolute_s.c
[3.738s] -- Up-to-date symlink: /home/pi/ros2_ws/install/turtlesim/local/lib/python3.10/dist-packages/turtlesim/libturtlesim__rosidl_generator_py.so
[3.739s] -- Up-to-date symlink: /home/pi/ros2_ws/install/turtlesim/local/lib/python3.10/dist-packages/turtlesim/msg/__init__.py
[3.741s] -- Up-to-date symlink: /home/pi/ros2_ws/install/turtlesim/local/lib/python3.10/dist-packages/turtlesim/msg/_color.py
[3.742s] -- Up-to-date symlink: /home/pi/ros2_ws/install/turtlesim/local/lib/python3.10/dist-packages/turtlesim/msg/_color_s.c
[3.744s] -- Up-to-date symlink: /home/pi/ros2_ws/install/turtlesim/local/lib/python3.10/dist-packages/turtlesim/msg/_pose.py
[3.745s] -- Up-to-date symlink: /home/pi/ros2_ws/install/turtlesim/local/lib/python3.10/dist-packages/turtlesim/msg/_pose_s.c
[3.747s] -- Up-to-date symlink: /home/pi/ros2_ws/install/turtlesim/local/lib/python3.10/dist-packages/turtlesim/srv/__init__.py
[3.749s] -- Up-to-date symlink: /home/pi/ros2_ws/install/turtlesim/local/lib/python3.10/dist-packages/turtlesim/srv/_kill.py
[3.751s] -- Up-to-date symlink: /home/pi/ros2_ws/install/turtlesim/local/lib/python3.10/dist-packages/turtlesim/srv/_kill_s.c
[3.753s] -- Up-to-date symlink: /home/pi/ros2_ws/install/turtlesim/local/lib/python3.10/dist-packages/turtlesim/srv/_set_pen.py
[3.754s] -- Up-to-date symlink: /home/pi/ros2_ws/install/turtlesim/local/lib/python3.10/dist-packages/turtlesim/srv/_set_pen_s.c
[3.755s] -- Up-to-date symlink: /home/pi/ros2_ws/install/turtlesim/local/lib/python3.10/dist-packages/turtlesim/srv/_spawn.py
[3.756s] -- Up-to-date symlink: /home/pi/ros2_ws/install/turtlesim/local/lib/python3.10/dist-packages/turtlesim/srv/_spawn_s.c
[3.758s] -- Up-to-date symlink: /home/pi/ros2_ws/install/turtlesim/local/lib/python3.10/dist-packages/turtlesim/srv/_teleport_absolute.py
[3.759s] -- Up-to-date symlink: /home/pi/ros2_ws/install/turtlesim/local/lib/python3.10/dist-packages/turtlesim/srv/_teleport_absolute_s.c
[3.761s] -- Up-to-date symlink: /home/pi/ros2_ws/install/turtlesim/local/lib/python3.10/dist-packages/turtlesim/srv/_teleport_relative.py
[3.762s] -- Up-to-date symlink: /home/pi/ros2_ws/install/turtlesim/local/lib/python3.10/dist-packages/turtlesim/srv/_teleport_relative_s.c
[3.763s] -- Up-to-date symlink: /home/pi/ros2_ws/install/turtlesim/local/lib/python3.10/dist-packages/turtlesim/turtlesim_s__rosidl_typesupport_c.cpython-310-aarch64-linux-gnu.so
[3.765s] -- Up-to-date symlink: /home/pi/ros2_ws/install/turtlesim/local/lib/python3.10/dist-packages/turtlesim/turtlesim_s__rosidl_typesupport_fastrtps_c.cpython-310-aarch64-linux-gnu.so
[3.768s] -- Up-to-date symlink: /home/pi/ros2_ws/install/turtlesim/local/lib/python3.10/dist-packages/turtlesim/turtlesim_s__rosidl_typesupport_introspection_c.cpython-310-aarch64-linux-gnu.so
[3.770s] -- Up-to-date symlink: /home/pi/ros2_ws/install/turtlesim/local/lib/python3.10/dist-packages/turtlesim/turtlesim_s__rosidl_typesupport_fastrtps_c.cpython-310-aarch64-linux-gnu.so
[3.772s] -- Up-to-date symlink: /home/pi/ros2_ws/install/turtlesim/local/lib/python3.10/dist-packages/turtlesim/turtlesim_s__rosidl_typesupport_introspection_c.cpython-310-aarch64-linux-gnu.so
[3.774s] -- Up-to-date symlink: /home/pi/ros2_ws/install/turtlesim/local/lib/python3.10/dist-packages/turtlesim/turtlesim_s__rosidl_typesupport_c.cpython-310-aarch64-linux-gnu.so
[3.776s] -- Up-to-date symlink: /home/pi/ros2_ws/install/turtlesim/share/turtlesim/action/RotateAbsolute.idl
[3.778s] -- Up-to-date symlink: /home/pi/ros2_ws/install/turtlesim/share/turtlesim/msg/Color.idl
[3.779s] -- Up-to-date symlink: /home/pi/ros2_ws/install/turtlesim/share/turtlesim/msg/Pose.idl
[3.781s] -- Up-to-date symlink: /home/pi/ros2_ws/install/turtlesim/share/turtlesim/srv/Kill.idl
[3.786s] -- Up-to-date symlink: /home/pi/ros2_ws/install/turtlesim/share/turtlesim/srv/SetPen.idl
[3.787s] -- Up-to-date symlink: /home/pi/ros2_ws/install/turtlesim/share/turtlesim/srv/Spawn.idl
[3.787s] -- Up-to-date symlink: /home/pi/ros2_ws/install/turtlesim/share/turtlesim/srv/TeleportAbsolute.idl
[3.788s] -- Up-to-date symlink: /home/pi/ros2_ws/install/turtlesim/share/turtlesim/srv/TeleportRelative.idl
[3.790s] -- Up-to-date symlink: /home/pi/ros2_ws/install/turtlesim/share/turtlesim/action/RotateAbsolute.action
[3.792s] -- Up-to-date symlink: /home/pi/ros2_ws/install/turtlesim/share/turtlesim/msg/Color.msg
[3.793s] -- Up-to-date symlink: /home/pi/ros2_ws/install/turtlesim/share/turtlesim/msg/Pose.msg
[3.795s] -- Up-to-date symlink: /home/pi/ros2_ws/install/turtlesim/share/turtlesim/srv/Kill.srv
[3.796s] -- Up-to-date symlink: /home/pi/ros2_ws/install/turtlesim/share/turtlesim/srv/Kill_Request.msg
[3.798s] -- Up-to-date symlink: /home/pi/ros2_ws/install/turtlesim/share/turtlesim/srv/Kill_Response.msg
[3.799s] -- Up-to-date symlink: /home/pi/ros2_ws/install/turtlesim/share/turtlesim/srv/SetPen.srv
[3.801s] -- Up-to-date symlink: /home/pi/ros2_ws/install/turtlesim/share/turtlesim/srv/SetPen_Request.msg
[3.802s] -- Up-to-date symlink: /home/pi/ros2_ws/install/turtlesim/share/turtlesim/srv/SetPen_Response.msg
[3.803s] -- Up-to-date symlink: /home/pi/ros2_ws/install/turtlesim/share/turtlesim/srv/Spawn.srv
[3.805s] -- Up-to-date symlink: /home/pi/ros2_ws/install/turtlesim/share/turtlesim/srv/Spawn_Request.msg
[3.806s] -- Up-to-date symlink: /home/pi/ros2_ws/install/turtlesim/share/turtlesim/srv/Spawn_Response.msg
[3.807s] -- Up-to-date symlink: /home/pi/ros2_ws/install/turtlesim/share/turtlesim/srv/TeleportAbsolute.srv
[3.808s] -- Up-to-date symlink: /home/pi/ros2_ws/install/turtlesim/share/turtlesim/srv/TeleportAbsolute_Request.msg
[3.810s] -- Up-to-date symlink: /home/pi/ros2_ws/install/turtlesim/share/turtlesim/srv/TeleportAbsolute_Response.msg
[3.811s] -- Up-to-date symlink: /home/pi/ros2_ws/install/turtlesim/share/turtlesim/srv/TeleportRelative.srv
[3.812s] -- Up-to-date symlink: /home/pi/ros2_ws/install/turtlesim/share/turtlesim/srv/TeleportRelative_Request.msg
[3.813s] -- Up-to-date symlink: /home/pi/ros2_ws/install/turtlesim/share/turtlesim/srv/TeleportRelative_Response.msg
[3.815s] -- Up-to-date symlink: /home/pi/ros2_ws/install/turtlesim/lib/turtlesim/turtlesim_node
[3.816s] -- Up-to-date symlink: /home/pi/ros2_ws/install/turtlesim/lib/turtlesim/turtle_teleop_key
[3.817s] -- Up-to-date symlink: /home/pi/ros2_ws/install/turtlesim/lib/turtlesim/draw_square
[3.818s] -- Up-to-date symlink: /home/pi/ros2_ws/install/turtlesim/lib/turtlesim/mimic
[3.820s] -- Up-to-date symlink: /home/pi/ros2_ws/install/turtlesim/share/turtlesim/launch/multisim.launch.py
[3.822s] -- Up-to-date symlink: /home/pi/ros2_ws/install/turtlesim/share/ament_index/resource_index/package_run_dependencies/turtlesim
[3.827s] -- Up-to-date symlink: /home/pi/ros2_ws/install/turtlesim/share/ament_index/resource_index/parent_prefix_path/turtlesim
[3.829s] -- Up-to-date symlink: /home/pi/ros2_ws/install/turtlesim/share/turtlesim/environment/ament_prefix_path.sh
[3.830s] -- Up-to-date symlink: /home/pi/ros2_ws/install/turtlesim/share/turtlesim/environment/ament_prefix_path.dsv
[3.831s] -- Up-to-date symlink: /home/pi/ros2_ws/install/turtlesim/share/turtlesim/environment/path.sh
[3.832s] -- Up-to-date symlink: /home/pi/ros2_ws/install/turtlesim/share/turtlesim/environment/path.dsv
[3.833s] -- Up-to-date symlink: /home/pi/ros2_ws/install/turtlesim/share/turtlesim/local_setup.bash
[3.835s] -- Up-to-date symlink: /home/pi/ros2_ws/install/turtlesim/share/turtlesim/local_setup.sh
[3.836s] -- Up-to-date symlink: /home/pi/ros2_ws/install/turtlesim/share/turtlesim/local_setup.zsh
[3.838s] -- Up-to-date symlink: /home/pi/ros2_ws/install/turtlesim/share/turtlesim/local_setup.dsv
[3.838s] -- Symlinking: /home/pi/ros2_ws/install/turtlesim/share/turtlesim/package.dsv
[3.883s] -- Up-to-date symlink: /home/pi/ros2_ws/install/turtlesim/share/ament_index/resource_index/packages/turtlesim
[3.887s] -- Up-to-date symlink: /home/pi/ros2_ws/install/turtlesim/share/turtlesim/cmake/rosidl_cmake-extras.cmake
[3.889s] -- Up-to-date symlink: /home/pi/ros2_ws/install/turtlesim/share/turtlesim/cmake/ament_cmake_export_dependencies-extras.cmake
[3.890s] -- Up-to-date symlink: /home/pi/ros2_ws/install/turtlesim/share/turtlesim/cmake/ament_cmake_export_include_directories-extras.cmake
[3.891s] -- Up-to-date symlink: /home/pi/ros2_ws/install/turtlesim/share/turtlesim/cmake/ament_cmake_export_libraries-extras.cmake
[3.892s] -- Up-to-date symlink: /home/pi/ros2_ws/install/turtlesim/share/turtlesim/cmake/ament_cmake_export_targets-extras.cmake
[3.893s] -- Up-to-date symlink: /home/pi/ros2_ws/install/turtlesim/share/turtlesim/cmake/rosidl_cmake_export_typesupport_targets-extras.cmake
[3.894s] -- Up-to-date symlink: /home/pi/ros2_ws/install/turtlesim/share/turtlesim/cmake/rosidl_cmake_export_typesupport_libraries-extras.cmake
[3.895s] -- Up-to-date symlink: /home/pi/ros2_ws/install/turtlesim/share/turtlesim/cmake/turtlesimConfig.cmake
[3.896s] -- Up-to-date symlink: /home/pi/ros2_ws/install/turtlesim/share/turtlesim/cmake/turtlesimConfig-version.cmake
[3.897s] -- Up-to-date symlink: /home/pi/ros2_ws/install/turtlesim/share/turtlesim/package.xml
[3.899s] -- Up-to-date: /home/pi/ros2_ws/install/turtlesim/lib/libturtlesim__rosidl_generator_c.so
[3.902s] -- Up-to-date: /home/pi/ros2_ws/install/turtlesim/lib/libturtlesim__rosidl_typesupport_fastrtps_c.so
[3.904s] -- Up-to-date: /home/pi/ros2_ws/install/turtlesim/lib/libturtlesim__rosidl_typesupport_fastrtps_cpp.so
[3.907s] -- Up-to-date: /home/pi/ros2_ws/install/turtlesim/lib/libturtlesim__rosidl_typesupport_introspection_c.so
[3.910s] -- Up-to-date: /home/pi/ros2_ws/install/turtlesim/lib/libturtlesim__rosidl_typesupport_c.so
[3.914s] -- Up-to-date: /home/pi/ros2_ws/install/turtlesim/lib/libturtlesim__rosidl_typesupport_introspection_cpp.so
[3.917s] -- Up-to-date: /home/pi/ros2_ws/install/turtlesim/lib/libturtlesim__rosidl_typesupport_cpp.so
[4.180s] Listing '/home/pi/ros2_ws/install/turtlesim/local/lib/python3.10/dist-packages/turtlesim'...
[4.182s] Listing '/home/pi/ros2_ws/install/turtlesim/local/lib/python3.10/dist-packages/turtlesim/action'...
[4.184s] Listing '/home/pi/ros2_ws/install/turtlesim/local/lib/python3.10/dist-packages/turtlesim/msg'...
[4.186s] Listing '/home/pi/ros2_ws/install/turtlesim/local/lib/python3.10/dist-packages/turtlesim/srv'...
[4.226s] -- Up-to-date: /home/pi/ros2_ws/install/turtlesim/lib/libturtlesim__rosidl_generator_py.so
[4.228s] -- Up-to-date: /home/pi/ros2_ws/install/turtlesim/share/turtlesim/images
[4.228s] -- Up-to-date: /home/pi/ros2_ws/install/turtlesim/share/turtlesim/images/eloquent.png
[4.230s] -- Up-to-date: /home/pi/ros2_ws/install/turtlesim/share/turtlesim/images/galactic.png
[4.231s] -- Up-to-date: /home/pi/ros2_ws/install/turtlesim/share/turtlesim/images/dashing.png
[4.232s] -- Up-to-date: /home/pi/ros2_ws/install/turtlesim/share/turtlesim/images/humble.png
[4.233s] -- Up-to-date: /home/pi/ros2_ws/install/turtlesim/share/turtlesim/images/bouncy.png
[4.234s] -- Up-to-date: /home/pi/ros2_ws/install/turtlesim/share/turtlesim/images/rolling.png
[4.235s] -- Up-to-date: /home/pi/ros2_ws/install/turtlesim/share/turtlesim/images/ardent.png
[4.236s] -- Up-to-date: /home/pi/ros2_ws/install/turtlesim/share/turtlesim/images/crystal.png
[4.237s] -- Up-to-date: /home/pi/ros2_ws/install/turtlesim/share/turtlesim/images/foxy.png
[4.238s] -- Up-to-date: /home/pi/ros2_ws/install/turtlesim/share/turtlesim/cmake/export_turtlesim__rosidl_generator_cExport.cmake
[4.239s] -- Up-to-date: /home/pi/ros2_ws/install/turtlesim/share/turtlesim/cmake/export_turtlesim__rosidl_generator_cExport-noconfig.cmake
[4.240s] -- Up-to-date: /home/pi/ros2_ws/install/turtlesim/share/turtlesim/cmake/export_turtlesim__rosidl_typesupport_fastrtps_cExport.cmake
[4.240s] -- Up-to-date: /home/pi/ros2_ws/install/turtlesim/share/turtlesim/cmake/export_turtlesim__rosidl_typesupport_fastrtps_cExport-noconfig.cmake
[4.242s] -- Up-to-date: /home/pi/ros2_ws/install/turtlesim/share/turtlesim/cmake/export_turtlesim__rosidl_generator_cppExport.cmake
[4.244s] -- Up-to-date: /home/pi/ros2_ws/install/turtlesim/share/turtlesim/cmake/export_turtlesim__rosidl_typesupport_fastrtps_cppExport.cmake
[4.245s] -- Up-to-date: /home/pi/ros2_ws/install/turtlesim/share/turtlesim/cmake/export_turtlesim__rosidl_typesupport_fastrtps_cppExport-noconfig.cmake
[4.246s] -- Up-to-date: /home/pi/ros2_ws/install/turtlesim/share/turtlesim/cmake/turtlesim__rosidl_typesupport_introspection_cExport.cmake
[4.248s] -- Up-to-date: /home/pi/ros2_ws/install/turtlesim/share/turtlesim/cmake/turtlesim__rosidl_typesupport_introspection_cExport-noconfig.cmake
[4.249s] -- Up-to-date: /home/pi/ros2_ws/install/turtlesim/share/turtlesim/cmake/turtlesim__rosidl_typesupport_cExport.cmake
[4.250s] -- Up-to-date: /home/pi/ros2_ws/install/turtlesim/share/turtlesim/cmake/turtlesim__rosidl_typesupport_cExport-noconfig.cmake
[4.252s] -- Up-to-date: /home/pi/ros2_ws/install/turtlesim/share/turtlesim/cmake/turtlesim__rosidl_typesupport_introspection_cppExport.cmake
[4.253s] -- Up-to-date: /home/pi/ros2_ws/install/turtlesim/share/turtlesim/cmake/turtlesim__rosidl_typesupport_introspection_cppExport-noconfig.cmake
[4.254s] -- Up-to-date: /home/pi/ros2_ws/install/turtlesim/share/turtlesim/cmake/turtlesim__rosidl_typesupport_cppExport.cmake
[4.256s] -- Up-to-date: /home/pi/ros2_ws/install/turtlesim/share/turtlesim/cmake/turtlesim__rosidl_typesupport_cppExport-noconfig.cmake
[4.259s] -- Up-to-date: /home/pi/ros2_ws/install/turtlesim/share/turtlesim/cmake/export_turtlesim__rosidl_generator_pyExport.cmake
[4.264s] -- Up-to-date: /home/pi/ros2_ws/install/turtlesim/share/turtlesim/cmake/export_turtlesim__rosidl_generator_pyExport-noconfig.cmake
[4.266s] Invoked command in '/home/pi/ros2_ws/build/turtlesim' returned '0': CMAKE_PREFIX_PATH=${CMAKE_PREFIX_PATH}:/home/pi/ros2_ws/install/green_control:/opt/ros/humble /usr/bin/cmake --install /home/pi/ros2_ws/build/turtlesim
