[6.148s] Invoking command in '/home/pi/ros2_ws/src/green_vision': PYTHONPATH=/home/pi/ros2_ws/build/green_vision/prefix_override:/usr/lib/python3/dist-packages/colcon_core/task/python/colcon_distutils_commands:/home/pi/ros2_ws/install/green_vision/lib/python3.10/site-packages:${PYTHONPATH} /usr/bin/python3 -W ignore:setup.py install is deprecated -W ignore:easy_install command is deprecated setup.py egg_info --egg-base ../../build/green_vision build --build-base /home/pi/ros2_ws/build/green_vision/build install --record /home/pi/ros2_ws/build/green_vision/install.log --single-version-externally-managed install_data
[7.960s] running egg_info
[7.964s] writing ../../build/green_vision/green_vision.egg-info/PKG-INFO
[7.965s] writing dependency_links to ../../build/green_vision/green_vision.egg-info/dependency_links.txt
[7.967s] writing entry points to ../../build/green_vision/green_vision.egg-info/entry_points.txt
[7.968s] writing requirements to ../../build/green_vision/green_vision.egg-info/requires.txt
[7.969s] writing top-level names to ../../build/green_vision/green_vision.egg-info/top_level.txt
[7.980s] reading manifest file '../../build/green_vision/green_vision.egg-info/SOURCES.txt'
[7.985s] writing manifest file '../../build/green_vision/green_vision.egg-info/SOURCES.txt'
[7.986s] running build
[7.986s] running build_py
[7.990s] running install
[7.991s] running install_lib
[7.999s] byte-compiling /home/pi/ros2_ws/install/green_vision/lib/python3.10/site-packages/green_vision/green_vision.py to green_vision.cpython-310.pyc
[8.000s] Sorry: IndentationError: unindent does not match any outer indentation level (green_vision.py, line 79)
[8.001s] running install_data
[8.002s] running install_egg_info
[8.011s] removing '/home/pi/ros2_ws/install/green_vision/lib/python3.10/site-packages/green_vision-0.0.0-py3.10.egg-info' (and everything under it)
[8.013s] Copying ../../build/green_vision/green_vision.egg-info to /home/pi/ros2_ws/install/green_vision/lib/python3.10/site-packages/green_vision-0.0.0-py3.10.egg-info
[8.021s] running install_scripts
[8.128s] Installing green_vision script to /home/pi/ros2_ws/install/green_vision/lib/green_vision
[8.130s] writing list of installed files to '/home/pi/ros2_ws/build/green_vision/install.log'
[8.288s] Invoked command in '/home/pi/ros2_ws/src/green_vision' returned '0': PYTHONPATH=/home/pi/ros2_ws/build/green_vision/prefix_override:/usr/lib/python3/dist-packages/colcon_core/task/python/colcon_distutils_commands:/home/pi/ros2_ws/install/green_vision/lib/python3.10/site-packages:${PYTHONPATH} /usr/bin/python3 -W ignore:setup.py install is deprecated -W ignore:easy_install command is deprecated setup.py egg_info --egg-base ../../build/green_vision build --build-base /home/pi/ros2_ws/build/green_vision/build install --record /home/pi/ros2_ws/build/green_vision/install.log --single-version-externally-managed install_data
