[0.178s] Invoking command in '/home/pi/ros2_ws/build/realsense2_description': AMENT_PREFIX_PATH=/home/pi/ros2_ws/install/realsense2_camera_msgs:${AMENT_PREFIX_PATH} CMAKE_PREFIX_PATH=/home/pi/ros2_ws/install/realsense2_camera_msgs:/home/pi/ros2_ws/install/turtlesim:/home/pi/ros2_ws/install/rplidar_ros:/home/pi/ros2_ws/install/robo_rover:/home/pi/ros2_ws/install/ack_control:/home/pi/ros2_ws/install/py_Controller:/home/pi/ros2_ws/install/green_vision:/home/pi/ros2_ws/install/green_control:/opt/ros/humble LD_LIBRARY_PATH=/home/pi/ros2_ws/install/realsense2_camera_msgs/lib:${LD_LIBRARY_PATH} PYTHONPATH=/home/pi/ros2_ws/install/realsense2_camera_msgs/local/lib/python3.10/dist-packages:${PYTHONPATH} /usr/bin/cmake /home/pi/ros2_ws/src/realsense-ros/realsense2_description -DCMAKE_INSTALL_PREFIX=/home/pi/ros2_ws/install/realsense2_description
[0.711s] -- The C compiler identification is GNU 11.4.0
[1.101s] -- The CXX compiler identification is GNU 11.4.0
[1.160s] -- Detecting C compiler ABI info
[1.630s] -- Detecting C compiler ABI info - done
[1.655s] -- Check for working C compiler: /usr/bin/cc - skipped
[1.656s] -- Detecting C compile features
[1.657s] -- Detecting C compile features - done
[1.673s] -- Detecting CXX compiler ABI info
[2.252s] -- Detecting CXX compiler ABI info - done
[2.278s] -- Check for working CXX compiler: /usr/bin/c++ - skipped
[2.280s] -- Detecting CXX compile features
[2.285s] -- Detecting CXX compile features - done
[2.322s] -- Found ament_cmake: 1.3.13 (/opt/ros/humble/share/ament_cmake/cmake)
[3.433s] -- Found Python3: /usr/bin/python3 (found version "3.10.12") found components: Interpreter 
[4.735s] -- Configuring done
[4.774s] -- Generating done
[4.776s] -- Build files have been written to: /home/pi/ros2_ws/build/realsense2_description
[4.794s] Invoked command in '/home/pi/ros2_ws/build/realsense2_description' returned '0': AMENT_PREFIX_PATH=/home/pi/ros2_ws/install/realsense2_camera_msgs:${AMENT_PREFIX_PATH} CMAKE_PREFIX_PATH=/home/pi/ros2_ws/install/realsense2_camera_msgs:/home/pi/ros2_ws/install/turtlesim:/home/pi/ros2_ws/install/rplidar_ros:/home/pi/ros2_ws/install/robo_rover:/home/pi/ros2_ws/install/ack_control:/home/pi/ros2_ws/install/py_Controller:/home/pi/ros2_ws/install/green_vision:/home/pi/ros2_ws/install/green_control:/opt/ros/humble LD_LIBRARY_PATH=/home/pi/ros2_ws/install/realsense2_camera_msgs/lib:${LD_LIBRARY_PATH} PYTHONPATH=/home/pi/ros2_ws/install/realsense2_camera_msgs/local/lib/python3.10/dist-packages:${PYTHONPATH} /usr/bin/cmake /home/pi/ros2_ws/src/realsense-ros/realsense2_description -DCMAKE_INSTALL_PREFIX=/home/pi/ros2_ws/install/realsense2_description
[4.797s] Invoking command in '/home/pi/ros2_ws/build/realsense2_description': AMENT_PREFIX_PATH=/home/pi/ros2_ws/install/realsense2_camera_msgs:${AMENT_PREFIX_PATH} CMAKE_PREFIX_PATH=/home/pi/ros2_ws/install/realsense2_camera_msgs:/home/pi/ros2_ws/install/turtlesim:/home/pi/ros2_ws/install/rplidar_ros:/home/pi/ros2_ws/install/robo_rover:/home/pi/ros2_ws/install/ack_control:/home/pi/ros2_ws/install/py_Controller:/home/pi/ros2_ws/install/green_vision:/home/pi/ros2_ws/install/green_control:/opt/ros/humble LD_LIBRARY_PATH=/home/pi/ros2_ws/install/realsense2_camera_msgs/lib:${LD_LIBRARY_PATH} PYTHONPATH=/home/pi/ros2_ws/install/realsense2_camera_msgs/local/lib/python3.10/dist-packages:${PYTHONPATH} /usr/bin/cmake --build /home/pi/ros2_ws/build/realsense2_description -- -j4 -l4
[4.967s] Invoked command in '/home/pi/ros2_ws/build/realsense2_description' returned '0': AMENT_PREFIX_PATH=/home/pi/ros2_ws/install/realsense2_camera_msgs:${AMENT_PREFIX_PATH} CMAKE_PREFIX_PATH=/home/pi/ros2_ws/install/realsense2_camera_msgs:/home/pi/ros2_ws/install/turtlesim:/home/pi/ros2_ws/install/rplidar_ros:/home/pi/ros2_ws/install/robo_rover:/home/pi/ros2_ws/install/ack_control:/home/pi/ros2_ws/install/py_Controller:/home/pi/ros2_ws/install/green_vision:/home/pi/ros2_ws/install/green_control:/opt/ros/humble LD_LIBRARY_PATH=/home/pi/ros2_ws/install/realsense2_camera_msgs/lib:${LD_LIBRARY_PATH} PYTHONPATH=/home/pi/ros2_ws/install/realsense2_camera_msgs/local/lib/python3.10/dist-packages:${PYTHONPATH} /usr/bin/cmake --build /home/pi/ros2_ws/build/realsense2_description -- -j4 -l4
[4.978s] Invoking command in '/home/pi/ros2_ws/build/realsense2_description': AMENT_PREFIX_PATH=/home/pi/ros2_ws/install/realsense2_camera_msgs:${AMENT_PREFIX_PATH} CMAKE_PREFIX_PATH=/home/pi/ros2_ws/install/realsense2_camera_msgs:/home/pi/ros2_ws/install/turtlesim:/home/pi/ros2_ws/install/rplidar_ros:/home/pi/ros2_ws/install/robo_rover:/home/pi/ros2_ws/install/ack_control:/home/pi/ros2_ws/install/py_Controller:/home/pi/ros2_ws/install/green_vision:/home/pi/ros2_ws/install/green_control:/opt/ros/humble LD_LIBRARY_PATH=/home/pi/ros2_ws/install/realsense2_camera_msgs/lib:${LD_LIBRARY_PATH} PYTHONPATH=/home/pi/ros2_ws/install/realsense2_camera_msgs/local/lib/python3.10/dist-packages:${PYTHONPATH} /usr/bin/cmake --install /home/pi/ros2_ws/build/realsense2_description
[5.025s] -- Install configuration: ""
[5.026s] -- Installing: /home/pi/ros2_ws/install/realsense2_description/share/realsense2_description/launch
[5.027s] -- Installing: /home/pi/ros2_ws/install/realsense2_description/share/realsense2_description/launch/view_model.launch.py
[5.032s] -- Installing: /home/pi/ros2_ws/install/realsense2_description/share/realsense2_description/launch/launch_utils.py
[5.033s] -- Installing: /home/pi/ros2_ws/install/realsense2_description/share/realsense2_description/meshes
[5.034s] -- Installing: /home/pi/ros2_ws/install/realsense2_description/share/realsense2_description/meshes/d436.dae
[5.143s] -- Installing: /home/pi/ros2_ws/install/realsense2_description/share/realsense2_description/meshes/d415.stl
[5.303s] -- Installing: /home/pi/ros2_ws/install/realsense2_description/share/realsense2_description/meshes/plug.stl
[5.306s] -- Installing: /home/pi/ros2_ws/install/realsense2_description/share/realsense2_description/meshes/d405.stl
[5.309s] -- Installing: /home/pi/ros2_ws/install/realsense2_description/share/realsense2_description/meshes/d585.stl
[5.367s] -- Installing: /home/pi/ros2_ws/install/realsense2_description/share/realsense2_description/meshes/plug_collision.stl
[5.370s] -- Installing: /home/pi/ros2_ws/install/realsense2_description/share/realsense2_description/meshes/d435.dae
[5.487s] -- Installing: /home/pi/ros2_ws/install/realsense2_description/share/realsense2_description/meshes/l515.dae
[5.736s] -- Installing: /home/pi/ros2_ws/install/realsense2_description/share/realsense2_description/meshes/d455.stl
[5.756s] -- Installing: /home/pi/ros2_ws/install/realsense2_description/share/realsense2_description/rviz
[5.756s] -- Installing: /home/pi/ros2_ws/install/realsense2_description/share/realsense2_description/rviz/urdf.rviz
[5.757s] -- Installing: /home/pi/ros2_ws/install/realsense2_description/share/realsense2_description/urdf
[5.758s] -- Installing: /home/pi/ros2_ws/install/realsense2_description/share/realsense2_description/urdf/_d435.urdf.xacro
[5.759s] -- Installing: /home/pi/ros2_ws/install/realsense2_description/share/realsense2_description/urdf/test_d405_camera.urdf.xacro
[5.760s] -- Installing: /home/pi/ros2_ws/install/realsense2_description/share/realsense2_description/urdf/test_r430_camera.urdf.xacro
[5.761s] -- Installing: /home/pi/ros2_ws/install/realsense2_description/share/realsense2_description/urdf/_d405.urdf.xacro
[5.763s] -- Installing: /home/pi/ros2_ws/install/realsense2_description/share/realsense2_description/urdf/test_r410_camera.urdf.xacro
[5.764s] -- Installing: /home/pi/ros2_ws/install/realsense2_description/share/realsense2_description/urdf/_r430.urdf.xacro
[5.765s] -- Installing: /home/pi/ros2_ws/install/realsense2_description/share/realsense2_description/urdf/_d435i_imu_modules.urdf.xacro
[5.766s] -- Installing: /home/pi/ros2_ws/install/realsense2_description/share/realsense2_description/urdf/test_d435_multiple_cameras.urdf.xacro
[5.767s] -- Installing: /home/pi/ros2_ws/install/realsense2_description/share/realsense2_description/urdf/test_d435_camera.urdf.xacro
[5.768s] -- Installing: /home/pi/ros2_ws/install/realsense2_description/share/realsense2_description/urdf/_d585.urdf.xacro
[5.769s] -- Installing: /home/pi/ros2_ws/install/realsense2_description/share/realsense2_description/urdf/test_d435i_camera.urdf.xacro
[5.773s] -- Installing: /home/pi/ros2_ws/install/realsense2_description/share/realsense2_description/urdf/test_d415_camera.urdf.xacro
[5.773s] -- Installing: /home/pi/ros2_ws/install/realsense2_description/share/realsense2_description/urdf/_d435i.urdf.xacro
[5.774s] -- Installing: /home/pi/ros2_ws/install/realsense2_description/share/realsense2_description/urdf/_materials.urdf.xacro
[5.774s] -- Installing: /home/pi/ros2_ws/install/realsense2_description/share/realsense2_description/urdf/test_d585_camera.urdf.xacro
[5.774s] -- Installing: /home/pi/ros2_ws/install/realsense2_description/share/realsense2_description/urdf/_d436.urdf.xacro
[5.776s] -- Installing: /home/pi/ros2_ws/install/realsense2_description/share/realsense2_description/urdf/_r410.urdf.xacro
[5.777s] -- Installing: /home/pi/ros2_ws/install/realsense2_description/share/realsense2_description/urdf/test_d436_camera.urdf.xacro
[5.778s] -- Installing: /home/pi/ros2_ws/install/realsense2_description/share/realsense2_description/urdf/_usb_plug.urdf.xacro
[5.779s] -- Installing: /home/pi/ros2_ws/install/realsense2_description/share/realsense2_description/urdf/_d455.urdf.xacro
[5.780s] -- Installing: /home/pi/ros2_ws/install/realsense2_description/share/realsense2_description/urdf/_d415.urdf.xacro
[5.781s] -- Installing: /home/pi/ros2_ws/install/realsense2_description/share/realsense2_description/urdf/test_d455_camera.urdf.xacro
[5.783s] -- Installing: /home/pi/ros2_ws/install/realsense2_description/share/ament_index/resource_index/package_run_dependencies/realsense2_description
[5.785s] -- Installing: /home/pi/ros2_ws/install/realsense2_description/share/ament_index/resource_index/parent_prefix_path/realsense2_description
[5.786s] -- Installing: /home/pi/ros2_ws/install/realsense2_description/share/realsense2_description/environment/ament_prefix_path.sh
[5.788s] -- Installing: /home/pi/ros2_ws/install/realsense2_description/share/realsense2_description/environment/ament_prefix_path.dsv
[5.789s] -- Installing: /home/pi/ros2_ws/install/realsense2_description/share/realsense2_description/environment/path.sh
[5.790s] -- Installing: /home/pi/ros2_ws/install/realsense2_description/share/realsense2_description/environment/path.dsv
[5.791s] -- Installing: /home/pi/ros2_ws/install/realsense2_description/share/realsense2_description/local_setup.bash
[5.793s] -- Installing: /home/pi/ros2_ws/install/realsense2_description/share/realsense2_description/local_setup.sh
[5.795s] -- Installing: /home/pi/ros2_ws/install/realsense2_description/share/realsense2_description/local_setup.zsh
[5.796s] -- Installing: /home/pi/ros2_ws/install/realsense2_description/share/realsense2_description/local_setup.dsv
[5.797s] -- Installing: /home/pi/ros2_ws/install/realsense2_description/share/realsense2_description/package.dsv
[5.798s] -- Installing: /home/pi/ros2_ws/install/realsense2_description/share/ament_index/resource_index/packages/realsense2_description
[5.800s] -- Installing: /home/pi/ros2_ws/install/realsense2_description/share/realsense2_description/cmake/realsense2_descriptionConfig.cmake
[5.801s] -- Installing: /home/pi/ros2_ws/install/realsense2_description/share/realsense2_description/cmake/realsense2_descriptionConfig-version.cmake
[5.802s] -- Installing: /home/pi/ros2_ws/install/realsense2_description/share/realsense2_description/package.xml
[5.810s] Invoked command in '/home/pi/ros2_ws/build/realsense2_description' returned '0': AMENT_PREFIX_PATH=/home/pi/ros2_ws/install/realsense2_camera_msgs:${AMENT_PREFIX_PATH} CMAKE_PREFIX_PATH=/home/pi/ros2_ws/install/realsense2_camera_msgs:/home/pi/ros2_ws/install/turtlesim:/home/pi/ros2_ws/install/rplidar_ros:/home/pi/ros2_ws/install/robo_rover:/home/pi/ros2_ws/install/ack_control:/home/pi/ros2_ws/install/py_Controller:/home/pi/ros2_ws/install/green_vision:/home/pi/ros2_ws/install/green_control:/opt/ros/humble LD_LIBRARY_PATH=/home/pi/ros2_ws/install/realsense2_camera_msgs/lib:${LD_LIBRARY_PATH} PYTHONPATH=/home/pi/ros2_ws/install/realsense2_camera_msgs/local/lib/python3.10/dist-packages:${PYTHONPATH} /usr/bin/cmake --install /home/pi/ros2_ws/build/realsense2_description
