[5.411s] Invoking command in '/home/pi/ros2_ws/src/py_Controller': PYTHONPATH=/home/pi/ros2_ws/build/py_Controller/prefix_override:/usr/lib/python3/dist-packages/colcon_core/task/python/colcon_distutils_commands:/home/pi/ros2_ws/install/py_Controller/lib/python3.10/site-packages:${PYTHONPATH} /usr/bin/python3 -W ignore:setup.py install is deprecated -W ignore:easy_install command is deprecated setup.py egg_info --egg-base ../../build/py_Controller build --build-base /home/pi/ros2_ws/build/py_Controller/build install --record /home/pi/ros2_ws/build/py_Controller/install.log --single-version-externally-managed install_data
[8.118s] running egg_info
[8.120s] writing ../../build/py_Controller/py_Controller.egg-info/PKG-INFO
[8.121s] writing dependency_links to ../../build/py_Controller/py_Controller.egg-info/dependency_links.txt
[8.122s] writing entry points to ../../build/py_Controller/py_Controller.egg-info/entry_points.txt
[8.123s] writing requirements to ../../build/py_Controller/py_Controller.egg-info/requires.txt
[8.124s] writing top-level names to ../../build/py_Controller/py_Controller.egg-info/top_level.txt
[8.133s] reading manifest file '../../build/py_Controller/py_Controller.egg-info/SOURCES.txt'
[8.135s] adding license file 'LICENSE'
[8.137s] writing manifest file '../../build/py_Controller/py_Controller.egg-info/SOURCES.txt'
[8.138s] running build
[8.139s] running build_py
[8.140s] running install
[8.141s] running install_lib
[8.146s] running install_data
[8.147s] running install_egg_info
[8.155s] removing '/home/pi/ros2_ws/install/py_Controller/lib/python3.10/site-packages/py_Controller-0.0.0-py3.10.egg-info' (and everything under it)
[8.157s] Copying ../../build/py_Controller/py_Controller.egg-info to /home/pi/ros2_ws/install/py_Controller/lib/python3.10/site-packages/py_Controller-0.0.0-py3.10.egg-info
[8.163s] running install_scripts
[8.250s] writing list of installed files to '/home/pi/ros2_ws/build/py_Controller/install.log'
[8.399s] Invoked command in '/home/pi/ros2_ws/src/py_Controller' returned '0': PYTHONPATH=/home/pi/ros2_ws/build/py_Controller/prefix_override:/usr/lib/python3/dist-packages/colcon_core/task/python/colcon_distutils_commands:/home/pi/ros2_ws/install/py_Controller/lib/python3.10/site-packages:${PYTHONPATH} /usr/bin/python3 -W ignore:setup.py install is deprecated -W ignore:easy_install command is deprecated setup.py egg_info --egg-base ../../build/py_Controller build --build-base /home/pi/ros2_ws/build/py_Controller/build install --record /home/pi/ros2_ws/build/py_Controller/install.log --single-version-externally-managed install_data
