[2.830s] Invoking command in '/home/pi/ros2_ws/build/robo_rover': CMAKE_PREFIX_PATH=${CMAKE_PREFIX_PATH}:/home/pi/ros2_ws/install/green_vision:/home/pi/ros2_ws/install/green_control:/opt/ros/humble /usr/bin/cmake --build /home/pi/ros2_ws/build/robo_rover -- -j4 -l4
[3.151s] Built target ament_cmake_python_symlink_robo_rover
[5.675s] running egg_info
[5.689s] writing robo_rover.egg-info/PKG-INFO
[5.690s] writing dependency_links to robo_rover.egg-info/dependency_links.txt
[5.692s] writing top-level names to robo_rover.egg-info/top_level.txt
[5.720s] reading manifest file 'robo_rover.egg-info/SOURCES.txt'
[5.737s] writing manifest file 'robo_rover.egg-info/SOURCES.txt'
[5.966s] Built target ament_cmake_python_build_robo_rover_egg
[6.063s] Invoked command in '/home/pi/ros2_ws/build/robo_rover' returned '0': CMAKE_PREFIX_PATH=${CMAKE_PREFIX_PATH}:/home/pi/ros2_ws/install/green_vision:/home/pi/ros2_ws/install/green_control:/opt/ros/humble /usr/bin/cmake --build /home/pi/ros2_ws/build/robo_rover -- -j4 -l4
[6.089s] Invoking command in '/home/pi/ros2_ws/build/robo_rover': CMAKE_PREFIX_PATH=${CMAKE_PREFIX_PATH}:/home/pi/ros2_ws/install/green_vision:/home/pi/ros2_ws/install/green_control:/opt/ros/humble /usr/bin/cmake --install /home/pi/ros2_ws/build/robo_rover
[6.129s] -- Install configuration: ""
[6.132s] -- Execute custom install script
[6.135s] -- Up-to-date symlink: /home/pi/ros2_ws/install/robo_rover/share/robo_rover/environment/pythonpath.sh
[6.136s] -- Up-to-date symlink: /home/pi/ros2_ws/install/robo_rover/share/robo_rover/environment/pythonpath.dsv
[6.146s] -- Up-to-date symlink: /home/pi/ros2_ws/install/robo_rover/local/lib/python3.10/dist-packages/robo_rover-1.0.0-py3.10.egg-info/PKG-INFO
[6.147s] -- Up-to-date symlink: /home/pi/ros2_ws/install/robo_rover/local/lib/python3.10/dist-packages/robo_rover-1.0.0-py3.10.egg-info/SOURCES.txt
[6.148s] -- Up-to-date symlink: /home/pi/ros2_ws/install/robo_rover/local/lib/python3.10/dist-packages/robo_rover-1.0.0-py3.10.egg-info/dependency_links.txt
[6.150s] -- Up-to-date symlink: /home/pi/ros2_ws/install/robo_rover/local/lib/python3.10/dist-packages/robo_rover-1.0.0-py3.10.egg-info/top_level.txt
[6.154s] -- Up-to-date symlink: /home/pi/ros2_ws/install/robo_rover/local/lib/python3.10/dist-packages/robo_rover/__init__.py
[6.155s] -- Up-to-date symlink: /home/pi/ros2_ws/install/robo_rover/local/lib/python3.10/dist-packages/robo_rover/rover_node.py
[6.158s] -- Up-to-date symlink: /home/pi/ros2_ws/install/robo_rover/share/robo_rover/launch/rover_launch.py
[6.162s] -- Up-to-date symlink: /home/pi/ros2_ws/install/robo_rover/share/ament_index/resource_index/package_run_dependencies/robo_rover
[6.166s] -- Up-to-date symlink: /home/pi/ros2_ws/install/robo_rover/share/ament_index/resource_index/parent_prefix_path/robo_rover
[6.170s] -- Up-to-date symlink: /home/pi/ros2_ws/install/robo_rover/share/robo_rover/environment/ament_prefix_path.sh
[6.172s] -- Up-to-date symlink: /home/pi/ros2_ws/install/robo_rover/share/robo_rover/environment/ament_prefix_path.dsv
[6.175s] -- Up-to-date symlink: /home/pi/ros2_ws/install/robo_rover/share/robo_rover/environment/path.sh
[6.178s] -- Up-to-date symlink: /home/pi/ros2_ws/install/robo_rover/share/robo_rover/environment/path.dsv
[6.180s] -- Up-to-date symlink: /home/pi/ros2_ws/install/robo_rover/share/robo_rover/local_setup.bash
[6.187s] -- Up-to-date symlink: /home/pi/ros2_ws/install/robo_rover/share/robo_rover/local_setup.sh
[6.195s] -- Up-to-date symlink: /home/pi/ros2_ws/install/robo_rover/share/robo_rover/local_setup.zsh
[6.198s] -- Up-to-date symlink: /home/pi/ros2_ws/install/robo_rover/share/robo_rover/local_setup.dsv
[6.204s] -- Symlinking: /home/pi/ros2_ws/install/robo_rover/share/robo_rover/package.dsv
[6.317s] -- Up-to-date symlink: /home/pi/ros2_ws/install/robo_rover/share/ament_index/resource_index/packages/robo_rover
[6.319s] -- Up-to-date symlink: /home/pi/ros2_ws/install/robo_rover/share/robo_rover/cmake/robo_roverConfig.cmake
[6.321s] -- Up-to-date symlink: /home/pi/ros2_ws/install/robo_rover/share/robo_rover/cmake/robo_roverConfig-version.cmake
[6.323s] -- Up-to-date symlink: /home/pi/ros2_ws/install/robo_rover/share/robo_rover/package.xml
[6.662s] Listing '/home/pi/ros2_ws/install/robo_rover/local/lib/python3.10/dist-packages/robo_rover'...
[6.702s] -- Up-to-date: /home/pi/ros2_ws/install/robo_rover/lib/robo_rover/rover_node
[6.713s] Invoked command in '/home/pi/ros2_ws/build/robo_rover' returned '0': CMAKE_PREFIX_PATH=${CMAKE_PREFIX_PATH}:/home/pi/ros2_ws/install/green_vision:/home/pi/ros2_ws/install/green_control:/opt/ros/humble /usr/bin/cmake --install /home/pi/ros2_ws/build/robo_rover
