running egg_info
writing ../../build/green_vision/green_vision.egg-info/PKG-INFO
writing dependency_links to ../../build/green_vision/green_vision.egg-info/dependency_links.txt
writing entry points to ../../build/green_vision/green_vision.egg-info/entry_points.txt
writing requirements to ../../build/green_vision/green_vision.egg-info/requires.txt
writing top-level names to ../../build/green_vision/green_vision.egg-info/top_level.txt
reading manifest file '../../build/green_vision/green_vision.egg-info/SOURCES.txt'
writing manifest file '../../build/green_vision/green_vision.egg-info/SOURCES.txt'
running build
running build_py
running install
running install_lib
running install_data
creating /home/pi/ros2_ws/install/green_vision/share/green_vision/config
copying config/rgb_config.yaml -> /home/pi/ros2_ws/install/green_vision/share/green_vision/config
running install_egg_info
removing '/home/pi/ros2_ws/install/green_vision/lib/python3.10/site-packages/green_vision-0.0.0-py3.10.egg-info' (and everything under it)
Copying ../../build/green_vision/green_vision.egg-info to /home/pi/ros2_ws/install/green_vision/lib/python3.10/site-packages/green_vision-0.0.0-py3.10.egg-info
running install_scripts
Installing green_vision script to /home/pi/ros2_ws/install/green_vision/lib/green_vision
writing list of installed files to '/home/pi/ros2_ws/build/green_vision/install.log'
