[6.237s] Invoking command in '/home/pi/ros2_ws/src/green_vision': PYTHONPATH=/home/pi/ros2_ws/build/green_vision/prefix_override:/usr/lib/python3/dist-packages/colcon_core/task/python/colcon_distutils_commands:/home/pi/ros2_ws/install/green_vision/lib/python3.10/site-packages:${PYTHONPATH} /usr/bin/python3 -W ignore:setup.py install is deprecated -W ignore:easy_install command is deprecated setup.py egg_info --egg-base ../../build/green_vision build --build-base /home/pi/ros2_ws/build/green_vision/build install --record /home/pi/ros2_ws/build/green_vision/install.log --single-version-externally-managed install_data
[8.194s] running egg_info
[8.197s] writing ../../build/green_vision/green_vision.egg-info/PKG-INFO
[8.198s] writing dependency_links to ../../build/green_vision/green_vision.egg-info/dependency_links.txt
[8.200s] writing entry points to ../../build/green_vision/green_vision.egg-info/entry_points.txt
[8.202s] writing requirements to ../../build/green_vision/green_vision.egg-info/requires.txt
[8.204s] writing top-level names to ../../build/green_vision/green_vision.egg-info/top_level.txt
[8.215s] reading manifest file '../../build/green_vision/green_vision.egg-info/SOURCES.txt'
[8.219s] writing manifest file '../../build/green_vision/green_vision.egg-info/SOURCES.txt'
[8.220s] running build
[8.221s] running build_py
[8.222s] running install
[8.224s] running install_lib
[8.230s] running install_data
[8.231s] creating /home/pi/ros2_ws/install/green_vision/share/green_vision/config
[8.232s] copying config/rgb_config.yaml -> /home/pi/ros2_ws/install/green_vision/share/green_vision/config
[8.233s] running install_egg_info
[8.242s] removing '/home/pi/ros2_ws/install/green_vision/lib/python3.10/site-packages/green_vision-0.0.0-py3.10.egg-info' (and everything under it)
[8.244s] Copying ../../build/green_vision/green_vision.egg-info to /home/pi/ros2_ws/install/green_vision/lib/python3.10/site-packages/green_vision-0.0.0-py3.10.egg-info
[8.251s] running install_scripts
[8.364s] Installing green_vision script to /home/pi/ros2_ws/install/green_vision/lib/green_vision
[8.369s] writing list of installed files to '/home/pi/ros2_ws/build/green_vision/install.log'
[8.646s] Invoked command in '/home/pi/ros2_ws/src/green_vision' returned '0': PYTHONPATH=/home/pi/ros2_ws/build/green_vision/prefix_override:/usr/lib/python3/dist-packages/colcon_core/task/python/colcon_distutils_commands:/home/pi/ros2_ws/install/green_vision/lib/python3.10/site-packages:${PYTHONPATH} /usr/bin/python3 -W ignore:setup.py install is deprecated -W ignore:easy_install command is deprecated setup.py egg_info --egg-base ../../build/green_vision build --build-base /home/pi/ros2_ws/build/green_vision/build install --record /home/pi/ros2_ws/build/green_vision/install.log --single-version-externally-managed install_data
