running egg_info
creating ../../build/green_control/green_control.egg-info
writing ../../build/green_control/green_control.egg-info/PKG-INFO
writing dependency_links to ../../build/green_control/green_control.egg-info/dependency_links.txt
writing entry points to ../../build/green_control/green_control.egg-info/entry_points.txt
writing requirements to ../../build/green_control/green_control.egg-info/requires.txt
writing top-level names to ../../build/green_control/green_control.egg-info/top_level.txt
writing manifest file '../../build/green_control/green_control.egg-info/SOURCES.txt'
reading manifest file '../../build/green_control/green_control.egg-info/SOURCES.txt'
writing manifest file '../../build/green_control/green_control.egg-info/SOURCES.txt'
running build
running build_py
creating /home/pi/ros2_ws/build/green_control/build
creating /home/pi/ros2_ws/build/green_control/build/lib
creating /home/pi/ros2_ws/build/green_control/build/lib/green_control
copying green_control/green_control.py -> /home/pi/ros2_ws/build/green_control/build/lib/green_control
copying green_control/__init__.py -> /home/pi/ros2_ws/build/green_control/build/lib/green_control
running install
running install_lib
creating /home/pi/ros2_ws/install/green_control/lib/python3.10/site-packages/green_control
copying /home/pi/ros2_ws/build/green_control/build/lib/green_control/green_control.py -> /home/pi/ros2_ws/install/green_control/lib/python3.10/site-packages/green_control
copying /home/pi/ros2_ws/build/green_control/build/lib/green_control/__init__.py -> /home/pi/ros2_ws/install/green_control/lib/python3.10/site-packages/green_control
byte-compiling /home/pi/ros2_ws/install/green_control/lib/python3.10/site-packages/green_control/green_control.py to green_control.cpython-310.pyc
byte-compiling /home/pi/ros2_ws/install/green_control/lib/python3.10/site-packages/green_control/__init__.py to __init__.cpython-310.pyc
running install_data
creating /home/pi/ros2_ws/install/green_control/share/ament_index
creating /home/pi/ros2_ws/install/green_control/share/ament_index/resource_index
creating /home/pi/ros2_ws/install/green_control/share/ament_index/resource_index/packages
copying resource/green_control -> /home/pi/ros2_ws/install/green_control/share/ament_index/resource_index/packages
copying package.xml -> /home/pi/ros2_ws/install/green_control/share/green_control
running install_egg_info
Copying ../../build/green_control/green_control.egg-info to /home/pi/ros2_ws/install/green_control/lib/python3.10/site-packages/green_control-0.0.0-py3.10.egg-info
running install_scripts
Installing green_control script to /home/pi/ros2_ws/install/green_control/lib/green_control
writing list of installed files to '/home/pi/ros2_ws/build/green_control/install.log'
