[5.346s] Invoking command in '/home/pi/ros2_ws/src/green_control': PYTHONPATH=/home/pi/ros2_ws/build/green_control/prefix_override:/usr/lib/python3/dist-packages/colcon_core/task/python/colcon_distutils_commands:/home/pi/ros2_ws/install/green_control/lib/python3.10/site-packages:${PYTHONPATH} /usr/bin/python3 -W ignore:setup.py install is deprecated -W ignore:easy_install command is deprecated setup.py egg_info --egg-base ../../build/green_control build --build-base /home/pi/ros2_ws/build/green_control/build install --record /home/pi/ros2_ws/build/green_control/install.log --single-version-externally-managed install_data
[7.173s] running egg_info
[7.176s] creating ../../build/green_control/green_control.egg-info
[7.177s] writing ../../build/green_control/green_control.egg-info/PKG-INFO
[7.178s] writing dependency_links to ../../build/green_control/green_control.egg-info/dependency_links.txt
[7.179s] writing entry points to ../../build/green_control/green_control.egg-info/entry_points.txt
[7.180s] writing requirements to ../../build/green_control/green_control.egg-info/requires.txt
[7.181s] writing top-level names to ../../build/green_control/green_control.egg-info/top_level.txt
[7.182s] writing manifest file '../../build/green_control/green_control.egg-info/SOURCES.txt'
[7.194s] reading manifest file '../../build/green_control/green_control.egg-info/SOURCES.txt'
[7.198s] writing manifest file '../../build/green_control/green_control.egg-info/SOURCES.txt'
[7.198s] running build
[7.199s] running build_py
[7.199s] creating /home/pi/ros2_ws/build/green_control/build
[7.200s] creating /home/pi/ros2_ws/build/green_control/build/lib
[7.201s] creating /home/pi/ros2_ws/build/green_control/build/lib/green_control
[7.201s] copying green_control/green_control.py -> /home/pi/ros2_ws/build/green_control/build/lib/green_control
[7.202s] copying green_control/__init__.py -> /home/pi/ros2_ws/build/green_control/build/lib/green_control
[7.203s] running install
[7.204s] running install_lib
[7.208s] creating /home/pi/ros2_ws/install/green_control/lib/python3.10/site-packages/green_control
[7.208s] copying /home/pi/ros2_ws/build/green_control/build/lib/green_control/green_control.py -> /home/pi/ros2_ws/install/green_control/lib/python3.10/site-packages/green_control
[7.209s] copying /home/pi/ros2_ws/build/green_control/build/lib/green_control/__init__.py -> /home/pi/ros2_ws/install/green_control/lib/python3.10/site-packages/green_control
[7.212s] byte-compiling /home/pi/ros2_ws/install/green_control/lib/python3.10/site-packages/green_control/green_control.py to green_control.cpython-310.pyc
[7.214s] byte-compiling /home/pi/ros2_ws/install/green_control/lib/python3.10/site-packages/green_control/__init__.py to __init__.cpython-310.pyc
[7.215s] running install_data
[7.216s] creating /home/pi/ros2_ws/install/green_control/share/ament_index
[7.217s] creating /home/pi/ros2_ws/install/green_control/share/ament_index/resource_index
[7.218s] creating /home/pi/ros2_ws/install/green_control/share/ament_index/resource_index/packages
[7.218s] copying resource/green_control -> /home/pi/ros2_ws/install/green_control/share/ament_index/resource_index/packages
[7.219s] copying package.xml -> /home/pi/ros2_ws/install/green_control/share/green_control
[7.219s] running install_egg_info
[7.229s] Copying ../../build/green_control/green_control.egg-info to /home/pi/ros2_ws/install/green_control/lib/python3.10/site-packages/green_control-0.0.0-py3.10.egg-info
[7.236s] running install_scripts
[7.342s] Installing green_control script to /home/pi/ros2_ws/install/green_control/lib/green_control
[7.345s] writing list of installed files to '/home/pi/ros2_ws/build/green_control/install.log'
[7.569s] Invoked command in '/home/pi/ros2_ws/src/green_control' returned '0': PYTHONPATH=/home/pi/ros2_ws/build/green_control/prefix_override:/usr/lib/python3/dist-packages/colcon_core/task/python/colcon_distutils_commands:/home/pi/ros2_ws/install/green_control/lib/python3.10/site-packages:${PYTHONPATH} /usr/bin/python3 -W ignore:setup.py install is deprecated -W ignore:easy_install command is deprecated setup.py egg_info --egg-base ../../build/green_control build --build-base /home/pi/ros2_ws/build/green_control/build install --record /home/pi/ros2_ws/build/green_control/install.log --single-version-externally-managed install_data
