[5.842s] Invoking command in '/home/pi/ros2_ws/src/green_control': PYTHONPATH=/home/pi/ros2_ws/build/green_control/prefix_override:/usr/lib/python3/dist-packages/colcon_core/task/python/colcon_distutils_commands:/home/pi/ros2_ws/install/green_control/lib/python3.10/site-packages:${PYTHONPATH} /usr/bin/python3 -W ignore:setup.py install is deprecated -W ignore:easy_install command is deprecated setup.py egg_info --egg-base ../../build/green_control build --build-base /home/pi/ros2_ws/build/green_control/build install --record /home/pi/ros2_ws/build/green_control/install.log --single-version-externally-managed install_data
[7.731s] running egg_info
[7.735s] writing ../../build/green_control/green_control.egg-info/PKG-INFO
[7.737s] writing dependency_links to ../../build/green_control/green_control.egg-info/dependency_links.txt
[7.740s] writing entry points to ../../build/green_control/green_control.egg-info/entry_points.txt
[7.742s] writing requirements to ../../build/green_control/green_control.egg-info/requires.txt
[7.742s] writing top-level names to ../../build/green_control/green_control.egg-info/top_level.txt
[7.750s] reading manifest file '../../build/green_control/green_control.egg-info/SOURCES.txt'
[7.755s] writing manifest file '../../build/green_control/green_control.egg-info/SOURCES.txt'
[7.756s] running build
[7.757s] running build_py
[7.759s] running install
[7.761s] running install_lib
[7.766s] running install_data
[7.767s] running install_egg_info
[7.776s] removing '/home/pi/ros2_ws/install/green_control/lib/python3.10/site-packages/green_control-0.0.0-py3.10.egg-info' (and everything under it)
[7.779s] Copying ../../build/green_control/green_control.egg-info to /home/pi/ros2_ws/install/green_control/lib/python3.10/site-packages/green_control-0.0.0-py3.10.egg-info
[7.787s] running install_scripts
[7.894s] Installing green_control script to /home/pi/ros2_ws/install/green_control/lib/green_control
[7.897s] writing list of installed files to '/home/pi/ros2_ws/build/green_control/install.log'
[8.063s] Invoked command in '/home/pi/ros2_ws/src/green_control' returned '0': PYTHONPATH=/home/pi/ros2_ws/build/green_control/prefix_override:/usr/lib/python3/dist-packages/colcon_core/task/python/colcon_distutils_commands:/home/pi/ros2_ws/install/green_control/lib/python3.10/site-packages:${PYTHONPATH} /usr/bin/python3 -W ignore:setup.py install is deprecated -W ignore:easy_install command is deprecated setup.py egg_info --egg-base ../../build/green_control build --build-base /home/pi/ros2_ws/build/green_control/build install --record /home/pi/ros2_ws/build/green_control/install.log --single-version-externally-managed install_data
