[0.056s] Invoking command in '/home/pi/ros2_ws/build/rplidar_ros': CMAKE_PREFIX_PATH=${CMAKE_PREFIX_PATH}:/home/pi/ros2_ws/install/green_control:/opt/ros/humble /usr/bin/cmake --build /home/pi/ros2_ws/build/rplidar_ros -- -j4 -l4
[0.490s] [ 47%] Built target rplidar_node
[0.561s] [ 86%] Built target rplidar_client
[0.563s] [100%] Built target rplidar_composition
[0.624s] Invoked command in '/home/pi/ros2_ws/build/rplidar_ros' returned '0': CMAKE_PREFIX_PATH=${CMAKE_PREFIX_PATH}:/home/pi/ros2_ws/install/green_control:/opt/ros/humble /usr/bin/cmake --build /home/pi/ros2_ws/build/rplidar_ros -- -j4 -l4
[0.625s] Invoking command in '/home/pi/ros2_ws/build/rplidar_ros': CMAKE_PREFIX_PATH=${CMAKE_PREFIX_PATH}:/home/pi/ros2_ws/install/green_control:/opt/ros/humble /usr/bin/cmake --install /home/pi/ros2_ws/build/rplidar_ros
[0.667s] -- Install configuration: ""
[0.670s] -- Execute custom install script
[0.675s] -- Up-to-date symlink: /home/pi/ros2_ws/install/rplidar_ros/share/rplidar_ros/launch/__pycache__/rplidar_a1_launch.cpython-310.pyc
[0.677s] -- Up-to-date symlink: /home/pi/ros2_ws/install/rplidar_ros/share/rplidar_ros/launch/rplidar_a1_launch.py
[0.679s] -- Up-to-date symlink: /home/pi/ros2_ws/install/rplidar_ros/share/rplidar_ros/launch/rplidar_a2m12_launch.py
[0.681s] -- Up-to-date symlink: /home/pi/ros2_ws/install/rplidar_ros/share/rplidar_ros/launch/rplidar_a2m7_launch.py
[0.684s] -- Up-to-date symlink: /home/pi/ros2_ws/install/rplidar_ros/share/rplidar_ros/launch/rplidar_a2m8_launch.py
[0.686s] -- Up-to-date symlink: /home/pi/ros2_ws/install/rplidar_ros/share/rplidar_ros/launch/rplidar_a3_launch.py
[0.688s] -- Up-to-date symlink: /home/pi/ros2_ws/install/rplidar_ros/share/rplidar_ros/launch/rplidar_c1_launch.py
[0.690s] -- Up-to-date symlink: /home/pi/ros2_ws/install/rplidar_ros/share/rplidar_ros/launch/rplidar_s1_launch.py
[0.692s] -- Up-to-date symlink: /home/pi/ros2_ws/install/rplidar_ros/share/rplidar_ros/launch/rplidar_s1_tcp_launch.py
[0.694s] -- Up-to-date symlink: /home/pi/ros2_ws/install/rplidar_ros/share/rplidar_ros/launch/rplidar_s2_launch.py
[0.697s] -- Up-to-date symlink: /home/pi/ros2_ws/install/rplidar_ros/share/rplidar_ros/launch/rplidar_s2e_launch.py
[0.699s] -- Up-to-date symlink: /home/pi/ros2_ws/install/rplidar_ros/share/rplidar_ros/launch/rplidar_s3_launch.py
[0.701s] -- Up-to-date symlink: /home/pi/ros2_ws/install/rplidar_ros/share/rplidar_ros/launch/rplidar_t1_launch.py
[0.703s] -- Up-to-date symlink: /home/pi/ros2_ws/install/rplidar_ros/share/rplidar_ros/launch/view_rplidar_a1_launch.py
[0.705s] -- Up-to-date symlink: /home/pi/ros2_ws/install/rplidar_ros/share/rplidar_ros/launch/view_rplidar_a2m12_launch.py
[0.707s] -- Up-to-date symlink: /home/pi/ros2_ws/install/rplidar_ros/share/rplidar_ros/launch/view_rplidar_a2m7_launch.py
[0.709s] -- Up-to-date symlink: /home/pi/ros2_ws/install/rplidar_ros/share/rplidar_ros/launch/view_rplidar_a2m8_launch.py
[0.711s] -- Up-to-date symlink: /home/pi/ros2_ws/install/rplidar_ros/share/rplidar_ros/launch/view_rplidar_a3_launch.py
[0.713s] -- Up-to-date symlink: /home/pi/ros2_ws/install/rplidar_ros/share/rplidar_ros/launch/view_rplidar_c1_launch.py
[0.715s] -- Up-to-date symlink: /home/pi/ros2_ws/install/rplidar_ros/share/rplidar_ros/launch/view_rplidar_s1_launch.py
[0.717s] -- Up-to-date symlink: /home/pi/ros2_ws/install/rplidar_ros/share/rplidar_ros/launch/view_rplidar_s1_tcp_launch.py
[0.719s] -- Up-to-date symlink: /home/pi/ros2_ws/install/rplidar_ros/share/rplidar_ros/launch/view_rplidar_s2_launch.py
[0.721s] -- Up-to-date symlink: /home/pi/ros2_ws/install/rplidar_ros/share/rplidar_ros/launch/view_rplidar_s2e_launch.py
[0.723s] -- Up-to-date symlink: /home/pi/ros2_ws/install/rplidar_ros/share/rplidar_ros/launch/view_rplidar_s3_launch.py
[0.725s] -- Up-to-date symlink: /home/pi/ros2_ws/install/rplidar_ros/share/rplidar_ros/launch/view_rplidar_t1_launch.py
[0.728s] -- Up-to-date symlink: /home/pi/ros2_ws/install/rplidar_ros/share/rplidar_ros/rviz/rplidar_ros.rviz
[0.731s] -- Up-to-date symlink: /home/pi/ros2_ws/install/rplidar_ros/lib/rplidar_ros/rplidar_node
[0.733s] -- Up-to-date symlink: /home/pi/ros2_ws/install/rplidar_ros/lib/rplidar_ros/rplidar_composition
[0.736s] -- Up-to-date symlink: /home/pi/ros2_ws/install/rplidar_ros/lib/rplidar_ros/rplidar_client
[0.738s] -- Up-to-date symlink: /home/pi/ros2_ws/install/rplidar_ros/share/ament_index/resource_index/package_run_dependencies/rplidar_ros
[0.741s] -- Up-to-date symlink: /home/pi/ros2_ws/install/rplidar_ros/share/ament_index/resource_index/parent_prefix_path/rplidar_ros
[0.744s] -- Up-to-date symlink: /home/pi/ros2_ws/install/rplidar_ros/share/rplidar_ros/environment/ament_prefix_path.sh
[0.747s] -- Up-to-date symlink: /home/pi/ros2_ws/install/rplidar_ros/share/rplidar_ros/environment/ament_prefix_path.dsv
[0.749s] -- Up-to-date symlink: /home/pi/ros2_ws/install/rplidar_ros/share/rplidar_ros/environment/path.sh
[0.751s] -- Up-to-date symlink: /home/pi/ros2_ws/install/rplidar_ros/share/rplidar_ros/environment/path.dsv
[0.753s] -- Up-to-date symlink: /home/pi/ros2_ws/install/rplidar_ros/share/rplidar_ros/local_setup.bash
[0.756s] -- Up-to-date symlink: /home/pi/ros2_ws/install/rplidar_ros/share/rplidar_ros/local_setup.sh
[0.758s] -- Up-to-date symlink: /home/pi/ros2_ws/install/rplidar_ros/share/rplidar_ros/local_setup.zsh
[0.761s] -- Up-to-date symlink: /home/pi/ros2_ws/install/rplidar_ros/share/rplidar_ros/local_setup.dsv
[0.763s] -- Symlinking: /home/pi/ros2_ws/install/rplidar_ros/share/rplidar_ros/package.dsv
[0.808s] -- Up-to-date symlink: /home/pi/ros2_ws/install/rplidar_ros/share/ament_index/resource_index/packages/rplidar_ros
[0.811s] -- Up-to-date symlink: /home/pi/ros2_ws/install/rplidar_ros/share/rplidar_ros/cmake/ament_cmake_export_dependencies-extras.cmake
[0.814s] -- Up-to-date symlink: /home/pi/ros2_ws/install/rplidar_ros/share/rplidar_ros/cmake/ament_cmake_export_include_directories-extras.cmake
[0.816s] -- Up-to-date symlink: /home/pi/ros2_ws/install/rplidar_ros/share/rplidar_ros/cmake/rplidar_rosConfig.cmake
[0.818s] -- Up-to-date symlink: /home/pi/ros2_ws/install/rplidar_ros/share/rplidar_ros/cmake/rplidar_rosConfig-version.cmake
[0.821s] -- Up-to-date symlink: /home/pi/ros2_ws/install/rplidar_ros/share/rplidar_ros/package.xml
[0.839s] Invoked command in '/home/pi/ros2_ws/build/rplidar_ros' returned '0': CMAKE_PREFIX_PATH=${CMAKE_PREFIX_PATH}:/home/pi/ros2_ws/install/green_control:/opt/ros/humble /usr/bin/cmake --install /home/pi/ros2_ws/build/rplidar_ros
