[0.183s] Invoking command in '/home/pi/ros2_ws/build/turtlesim': CMAKE_PREFIX_PATH=${CMAKE_PREFIX_PATH}:/opt/ros/humble /usr/bin/cmake --build /home/pi/ros2_ws/build/turtlesim -- -j4 -l4
[0.491s] [35m[1mConsolidate compiler generated dependencies of target turtlesim__rosidl_generator_c[0m
[0.522s] [  1%] Built target turtlesim__cpp
[0.602s] [ 11%] Built target turtlesim__rosidl_generator_c
[0.629s] [35m[1mConsolidate compiler generated dependencies of target turtlesim__rosidl_typesupport_cpp[0m
[0.658s] [ 11%] Built target ament_cmake_python_copy_turtlesim
[0.666s] [35m[1mConsolidate compiler generated dependencies of target turtlesim__rosidl_typesupport_fastrtps_cpp[0m
[0.733s] [35m[1mConsolidate compiler generated dependencies of target turtlesim__rosidl_typesupport_introspection_cpp[0m
[0.770s] [35m[1mConsolidate compiler generated dependencies of target turtlesim__rosidl_typesupport_fastrtps_c[0m
[0.820s] [ 21%] Built target turtlesim__rosidl_typesupport_fastrtps_cpp
[0.828s] [ 31%] Built target turtlesim__rosidl_typesupport_cpp
[0.864s] [ 41%] Built target turtlesim__rosidl_typesupport_introspection_cpp
[0.908s] [ 51%] Built target turtlesim__rosidl_typesupport_fastrtps_c
[0.915s] [35m[1mConsolidate compiler generated dependencies of target turtlesim__rosidl_typesupport_c[0m
[0.953s] [35m[1mConsolidate compiler generated dependencies of target turtlesim__rosidl_typesupport_introspection_c[0m
[1.020s] [35m[1mConsolidate compiler generated dependencies of target turtlesim_node[0m
[1.025s] [ 61%] Built target turtlesim__rosidl_typesupport_c
[1.072s] [ 71%] Built target turtlesim__rosidl_typesupport_introspection_c
[1.140s] [35m[1mConsolidate compiler generated dependencies of target turtle_teleop_key[0m
[1.209s] [35m[1mConsolidate compiler generated dependencies of target draw_square[0m
[1.314s] [ 73%] Built target turtle_teleop_key
[1.331s] [ 79%] Built target turtlesim_node
[1.357s] [ 81%] Built target draw_square
[1.404s] [35m[1mConsolidate compiler generated dependencies of target mimic[0m
[1.450s] [ 81%] Built target turtlesim
[1.507s] [ 83%] Built target mimic
[1.558s] [ 84%] Built target turtlesim__py
[1.628s] [35m[1mConsolidate compiler generated dependencies of target turtlesim__rosidl_generator_py[0m
[1.741s] [ 93%] Built target turtlesim__rosidl_generator_py
[1.813s] [35m[1mConsolidate compiler generated dependencies of target turtlesim__rosidl_typesupport_fastrtps_c__pyext[0m
[1.820s] [35m[1mConsolidate compiler generated dependencies of target turtlesim__rosidl_typesupport_introspection_c__pyext[0m
[1.840s] [35m[1mConsolidate compiler generated dependencies of target turtlesim__rosidl_typesupport_c__pyext[0m
[1.901s] [ 95%] Built target turtlesim__rosidl_typesupport_fastrtps_c__pyext
[1.931s] [ 97%] Built target turtlesim__rosidl_typesupport_introspection_c__pyext
[1.949s] [100%] Built target turtlesim__rosidl_typesupport_c__pyext
[2.520s] running egg_info
[2.523s] writing turtlesim.egg-info/PKG-INFO
[2.524s] writing dependency_links to turtlesim.egg-info/dependency_links.txt
[2.526s] writing top-level names to turtlesim.egg-info/top_level.txt
[2.541s] reading manifest file 'turtlesim.egg-info/SOURCES.txt'
[2.544s] writing manifest file 'turtlesim.egg-info/SOURCES.txt'
[2.687s] [100%] Built target ament_cmake_python_build_turtlesim_egg
[2.738s] Invoked command in '/home/pi/ros2_ws/build/turtlesim' returned '0': CMAKE_PREFIX_PATH=${CMAKE_PREFIX_PATH}:/opt/ros/humble /usr/bin/cmake --build /home/pi/ros2_ws/build/turtlesim -- -j4 -l4
[2.750s] Invoking command in '/home/pi/ros2_ws/build/turtlesim': CMAKE_PREFIX_PATH=${CMAKE_PREFIX_PATH}:/opt/ros/humble /usr/bin/cmake --install /home/pi/ros2_ws/build/turtlesim
[2.782s] -- Install configuration: ""
[2.783s] -- Up-to-date: /home/pi/ros2_ws/install/turtlesim/share/ament_index/resource_index/rosidl_interfaces/turtlesim
[2.784s] -- Up-to-date: /home/pi/ros2_ws/install/turtlesim/include/turtlesim/turtlesim
[2.785s] -- Up-to-date: /home/pi/ros2_ws/install/turtlesim/include/turtlesim/turtlesim/srv
[2.786s] -- Up-to-date: /home/pi/ros2_ws/install/turtlesim/include/turtlesim/turtlesim/srv/set_pen.h
[2.787s] -- Up-to-date: /home/pi/ros2_ws/install/turtlesim/include/turtlesim/turtlesim/srv/kill.h
[2.788s] -- Up-to-date: /home/pi/ros2_ws/install/turtlesim/include/turtlesim/turtlesim/srv/teleport_absolute.h
[2.788s] -- Up-to-date: /home/pi/ros2_ws/install/turtlesim/include/turtlesim/turtlesim/srv/teleport_relative.h
[2.789s] -- Up-to-date: /home/pi/ros2_ws/install/turtlesim/include/turtlesim/turtlesim/srv/spawn.h
[2.789s] -- Up-to-date: /home/pi/ros2_ws/install/turtlesim/include/turtlesim/turtlesim/srv/detail
[2.790s] -- Up-to-date: /home/pi/ros2_ws/install/turtlesim/include/turtlesim/turtlesim/srv/detail/spawn__struct.h
[2.791s] -- Up-to-date: /home/pi/ros2_ws/install/turtlesim/include/turtlesim/turtlesim/srv/detail/spawn__functions.h
[2.791s] -- Up-to-date: /home/pi/ros2_ws/install/turtlesim/include/turtlesim/turtlesim/srv/detail/kill__functions.h
[2.792s] -- Up-to-date: /home/pi/ros2_ws/install/turtlesim/include/turtlesim/turtlesim/srv/detail/teleport_relative__type_support.h
[2.793s] -- Up-to-date: /home/pi/ros2_ws/install/turtlesim/include/turtlesim/turtlesim/srv/detail/teleport_absolute__type_support.h
[2.793s] -- Up-to-date: /home/pi/ros2_ws/install/turtlesim/include/turtlesim/turtlesim/srv/detail/teleport_absolute__functions.c
[2.794s] -- Up-to-date: /home/pi/ros2_ws/install/turtlesim/include/turtlesim/turtlesim/srv/detail/set_pen__struct.h
[2.794s] -- Up-to-date: /home/pi/ros2_ws/install/turtlesim/include/turtlesim/turtlesim/srv/detail/set_pen__type_support.h
[2.795s] -- Up-to-date: /home/pi/ros2_ws/install/turtlesim/include/turtlesim/turtlesim/srv/detail/teleport_relative__struct.h
[2.795s] -- Up-to-date: /home/pi/ros2_ws/install/turtlesim/include/turtlesim/turtlesim/srv/detail/spawn__type_support.h
[2.796s] -- Up-to-date: /home/pi/ros2_ws/install/turtlesim/include/turtlesim/turtlesim/srv/detail/teleport_relative__functions.h
[2.797s] -- Up-to-date: /home/pi/ros2_ws/install/turtlesim/include/turtlesim/turtlesim/srv/detail/teleport_relative__functions.c
[2.797s] -- Up-to-date: /home/pi/ros2_ws/install/turtlesim/include/turtlesim/turtlesim/srv/detail/spawn__functions.c
[2.798s] -- Up-to-date: /home/pi/ros2_ws/install/turtlesim/include/turtlesim/turtlesim/srv/detail/set_pen__functions.c
[2.798s] -- Up-to-date: /home/pi/ros2_ws/install/turtlesim/include/turtlesim/turtlesim/srv/detail/set_pen__functions.h
[2.799s] -- Up-to-date: /home/pi/ros2_ws/install/turtlesim/include/turtlesim/turtlesim/srv/detail/teleport_absolute__struct.h
[2.800s] -- Up-to-date: /home/pi/ros2_ws/install/turtlesim/include/turtlesim/turtlesim/srv/detail/kill__functions.c
[2.802s] -- Up-to-date: /home/pi/ros2_ws/install/turtlesim/include/turtlesim/turtlesim/srv/detail/teleport_absolute__functions.h
[2.803s] -- Up-to-date: /home/pi/ros2_ws/install/turtlesim/include/turtlesim/turtlesim/srv/detail/kill__type_support.h
[2.804s] -- Up-to-date: /home/pi/ros2_ws/install/turtlesim/include/turtlesim/turtlesim/srv/detail/kill__struct.h
[2.805s] -- Up-to-date: /home/pi/ros2_ws/install/turtlesim/include/turtlesim/turtlesim/msg
[2.806s] -- Up-to-date: /home/pi/ros2_ws/install/turtlesim/include/turtlesim/turtlesim/msg/pose.h
[2.806s] -- Up-to-date: /home/pi/ros2_ws/install/turtlesim/include/turtlesim/turtlesim/msg/rosidl_generator_c__visibility_control.h
[2.806s] -- Up-to-date: /home/pi/ros2_ws/install/turtlesim/include/turtlesim/turtlesim/msg/detail
[2.807s] -- Up-to-date: /home/pi/ros2_ws/install/turtlesim/include/turtlesim/turtlesim/msg/detail/color__functions.c
[2.807s] -- Up-to-date: /home/pi/ros2_ws/install/turtlesim/include/turtlesim/turtlesim/msg/detail/pose__type_support.h
[2.808s] -- Up-to-date: /home/pi/ros2_ws/install/turtlesim/include/turtlesim/turtlesim/msg/detail/pose__functions.h
[2.808s] -- Up-to-date: /home/pi/ros2_ws/install/turtlesim/include/turtlesim/turtlesim/msg/detail/color__struct.h
[2.809s] -- Up-to-date: /home/pi/ros2_ws/install/turtlesim/include/turtlesim/turtlesim/msg/detail/color__functions.h
[2.809s] -- Up-to-date: /home/pi/ros2_ws/install/turtlesim/include/turtlesim/turtlesim/msg/detail/color__type_support.h
[2.810s] -- Up-to-date: /home/pi/ros2_ws/install/turtlesim/include/turtlesim/turtlesim/msg/detail/pose__struct.h
[2.810s] -- Up-to-date: /home/pi/ros2_ws/install/turtlesim/include/turtlesim/turtlesim/msg/detail/pose__functions.c
[2.811s] -- Up-to-date: /home/pi/ros2_ws/install/turtlesim/include/turtlesim/turtlesim/msg/color.h
[2.811s] -- Up-to-date: /home/pi/ros2_ws/install/turtlesim/include/turtlesim/turtlesim/action
[2.812s] -- Up-to-date: /home/pi/ros2_ws/install/turtlesim/include/turtlesim/turtlesim/action/detail
[2.813s] -- Up-to-date: /home/pi/ros2_ws/install/turtlesim/include/turtlesim/turtlesim/action/detail/rotate_absolute__functions.h
[2.813s] -- Up-to-date: /home/pi/ros2_ws/install/turtlesim/include/turtlesim/turtlesim/action/detail/rotate_absolute__functions.c
[2.814s] -- Up-to-date: /home/pi/ros2_ws/install/turtlesim/include/turtlesim/turtlesim/action/detail/rotate_absolute__type_support.h
[2.814s] -- Up-to-date: /home/pi/ros2_ws/install/turtlesim/include/turtlesim/turtlesim/action/detail/rotate_absolute__struct.h
[2.815s] -- Up-to-date: /home/pi/ros2_ws/install/turtlesim/include/turtlesim/turtlesim/action/rotate_absolute.h
[2.815s] -- Up-to-date: /home/pi/ros2_ws/install/turtlesim/share/turtlesim/environment/library_path.sh
[2.816s] -- Up-to-date: /home/pi/ros2_ws/install/turtlesim/share/turtlesim/environment/library_path.dsv
[2.817s] -- Up-to-date: /home/pi/ros2_ws/install/turtlesim/lib/libturtlesim__rosidl_generator_c.so
[2.817s] -- Up-to-date: /home/pi/ros2_ws/install/turtlesim/include/turtlesim/turtlesim
[2.817s] -- Up-to-date: /home/pi/ros2_ws/install/turtlesim/include/turtlesim/turtlesim/srv
[2.818s] -- Up-to-date: /home/pi/ros2_ws/install/turtlesim/include/turtlesim/turtlesim/srv/detail
[2.818s] -- Up-to-date: /home/pi/ros2_ws/install/turtlesim/include/turtlesim/turtlesim/srv/detail/set_pen__rosidl_typesupport_fastrtps_c.h
[2.819s] -- Up-to-date: /home/pi/ros2_ws/install/turtlesim/include/turtlesim/turtlesim/srv/detail/kill__rosidl_typesupport_fastrtps_c.h
[2.819s] -- Up-to-date: /home/pi/ros2_ws/install/turtlesim/include/turtlesim/turtlesim/srv/detail/spawn__rosidl_typesupport_fastrtps_c.h
[2.819s] -- Up-to-date: /home/pi/ros2_ws/install/turtlesim/include/turtlesim/turtlesim/srv/detail/teleport_absolute__rosidl_typesupport_fastrtps_c.h
[2.820s] -- Up-to-date: /home/pi/ros2_ws/install/turtlesim/include/turtlesim/turtlesim/srv/detail/teleport_relative__rosidl_typesupport_fastrtps_c.h
[2.820s] -- Up-to-date: /home/pi/ros2_ws/install/turtlesim/include/turtlesim/turtlesim/msg
[2.820s] -- Up-to-date: /home/pi/ros2_ws/install/turtlesim/include/turtlesim/turtlesim/msg/detail
[2.821s] -- Up-to-date: /home/pi/ros2_ws/install/turtlesim/include/turtlesim/turtlesim/msg/detail/pose__rosidl_typesupport_fastrtps_c.h
[2.821s] -- Up-to-date: /home/pi/ros2_ws/install/turtlesim/include/turtlesim/turtlesim/msg/detail/color__rosidl_typesupport_fastrtps_c.h
[2.822s] -- Up-to-date: /home/pi/ros2_ws/install/turtlesim/include/turtlesim/turtlesim/msg/rosidl_typesupport_fastrtps_c__visibility_control.h
[2.822s] -- Up-to-date: /home/pi/ros2_ws/install/turtlesim/include/turtlesim/turtlesim/action
[2.822s] -- Up-to-date: /home/pi/ros2_ws/install/turtlesim/include/turtlesim/turtlesim/action/detail
[2.823s] -- Up-to-date: /home/pi/ros2_ws/install/turtlesim/include/turtlesim/turtlesim/action/detail/rotate_absolute__rosidl_typesupport_fastrtps_c.h
[2.823s] -- Up-to-date: /home/pi/ros2_ws/install/turtlesim/lib/libturtlesim__rosidl_typesupport_fastrtps_c.so
[2.823s] -- Up-to-date: /home/pi/ros2_ws/install/turtlesim/include/turtlesim/turtlesim
[2.824s] -- Up-to-date: /home/pi/ros2_ws/install/turtlesim/include/turtlesim/turtlesim/srv
[2.825s] -- Up-to-date: /home/pi/ros2_ws/install/turtlesim/include/turtlesim/turtlesim/srv/teleport_absolute.hpp
[2.826s] -- Up-to-date: /home/pi/ros2_ws/install/turtlesim/include/turtlesim/turtlesim/srv/spawn.hpp
[2.826s] -- Up-to-date: /home/pi/ros2_ws/install/turtlesim/include/turtlesim/turtlesim/srv/teleport_relative.hpp
[2.827s] -- Up-to-date: /home/pi/ros2_ws/install/turtlesim/include/turtlesim/turtlesim/srv/detail
[2.827s] -- Up-to-date: /home/pi/ros2_ws/install/turtlesim/include/turtlesim/turtlesim/srv/detail/set_pen__type_support.hpp
[2.828s] -- Up-to-date: /home/pi/ros2_ws/install/turtlesim/include/turtlesim/turtlesim/srv/detail/teleport_relative__type_support.hpp
[2.828s] -- Up-to-date: /home/pi/ros2_ws/install/turtlesim/include/turtlesim/turtlesim/srv/detail/teleport_relative__builder.hpp
[2.829s] -- Up-to-date: /home/pi/ros2_ws/install/turtlesim/include/turtlesim/turtlesim/srv/detail/set_pen__traits.hpp
[2.829s] -- Up-to-date: /home/pi/ros2_ws/install/turtlesim/include/turtlesim/turtlesim/srv/detail/teleport_absolute__traits.hpp
[2.830s] -- Up-to-date: /home/pi/ros2_ws/install/turtlesim/include/turtlesim/turtlesim/srv/detail/teleport_absolute__builder.hpp
[2.830s] -- Up-to-date: /home/pi/ros2_ws/install/turtlesim/include/turtlesim/turtlesim/srv/detail/spawn__builder.hpp
[2.831s] -- Up-to-date: /home/pi/ros2_ws/install/turtlesim/include/turtlesim/turtlesim/srv/detail/spawn__traits.hpp
[2.831s] -- Up-to-date: /home/pi/ros2_ws/install/turtlesim/include/turtlesim/turtlesim/srv/detail/kill__builder.hpp
[2.831s] -- Up-to-date: /home/pi/ros2_ws/install/turtlesim/include/turtlesim/turtlesim/srv/detail/kill__traits.hpp
[2.832s] -- Up-to-date: /home/pi/ros2_ws/install/turtlesim/include/turtlesim/turtlesim/srv/detail/teleport_relative__traits.hpp
[2.833s] -- Up-to-date: /home/pi/ros2_ws/install/turtlesim/include/turtlesim/turtlesim/srv/detail/teleport_relative__struct.hpp
[2.833s] -- Up-to-date: /home/pi/ros2_ws/install/turtlesim/include/turtlesim/turtlesim/srv/detail/spawn__struct.hpp
[2.834s] -- Up-to-date: /home/pi/ros2_ws/install/turtlesim/include/turtlesim/turtlesim/srv/detail/set_pen__builder.hpp
[2.834s] -- Up-to-date: /home/pi/ros2_ws/install/turtlesim/include/turtlesim/turtlesim/srv/detail/spawn__type_support.hpp
[2.835s] -- Up-to-date: /home/pi/ros2_ws/install/turtlesim/include/turtlesim/turtlesim/srv/detail/kill__struct.hpp
[2.835s] -- Up-to-date: /home/pi/ros2_ws/install/turtlesim/include/turtlesim/turtlesim/srv/detail/teleport_absolute__type_support.hpp
[2.836s] -- Up-to-date: /home/pi/ros2_ws/install/turtlesim/include/turtlesim/turtlesim/srv/detail/kill__type_support.hpp
[2.836s] -- Up-to-date: /home/pi/ros2_ws/install/turtlesim/include/turtlesim/turtlesim/srv/detail/teleport_absolute__struct.hpp
[2.837s] -- Up-to-date: /home/pi/ros2_ws/install/turtlesim/include/turtlesim/turtlesim/srv/detail/set_pen__struct.hpp
[2.838s] -- Up-to-date: /home/pi/ros2_ws/install/turtlesim/include/turtlesim/turtlesim/srv/kill.hpp
[2.838s] -- Up-to-date: /home/pi/ros2_ws/install/turtlesim/include/turtlesim/turtlesim/srv/set_pen.hpp
[2.839s] -- Up-to-date: /home/pi/ros2_ws/install/turtlesim/include/turtlesim/turtlesim/msg
[2.839s] -- Up-to-date: /home/pi/ros2_ws/install/turtlesim/include/turtlesim/turtlesim/msg/rosidl_generator_cpp__visibility_control.hpp
[2.839s] -- Up-to-date: /home/pi/ros2_ws/install/turtlesim/include/turtlesim/turtlesim/msg/pose.hpp
[2.840s] -- Up-to-date: /home/pi/ros2_ws/install/turtlesim/include/turtlesim/turtlesim/msg/detail
[2.840s] -- Up-to-date: /home/pi/ros2_ws/install/turtlesim/include/turtlesim/turtlesim/msg/detail/pose__traits.hpp
[2.841s] -- Up-to-date: /home/pi/ros2_ws/install/turtlesim/include/turtlesim/turtlesim/msg/detail/pose__type_support.hpp
[2.842s] -- Up-to-date: /home/pi/ros2_ws/install/turtlesim/include/turtlesim/turtlesim/msg/detail/color__struct.hpp
[2.842s] -- Up-to-date: /home/pi/ros2_ws/install/turtlesim/include/turtlesim/turtlesim/msg/detail/color__builder.hpp
[2.843s] -- Up-to-date: /home/pi/ros2_ws/install/turtlesim/include/turtlesim/turtlesim/msg/detail/color__traits.hpp
[2.843s] -- Up-to-date: /home/pi/ros2_ws/install/turtlesim/include/turtlesim/turtlesim/msg/detail/pose__builder.hpp
[2.844s] -- Up-to-date: /home/pi/ros2_ws/install/turtlesim/include/turtlesim/turtlesim/msg/detail/color__type_support.hpp
[2.844s] -- Up-to-date: /home/pi/ros2_ws/install/turtlesim/include/turtlesim/turtlesim/msg/detail/pose__struct.hpp
[2.845s] -- Up-to-date: /home/pi/ros2_ws/install/turtlesim/include/turtlesim/turtlesim/msg/color.hpp
[2.845s] -- Up-to-date: /home/pi/ros2_ws/install/turtlesim/include/turtlesim/turtlesim/action
[2.846s] -- Up-to-date: /home/pi/ros2_ws/install/turtlesim/include/turtlesim/turtlesim/action/detail
[2.846s] -- Up-to-date: /home/pi/ros2_ws/install/turtlesim/include/turtlesim/turtlesim/action/detail/rotate_absolute__struct.hpp
[2.846s] -- Up-to-date: /home/pi/ros2_ws/install/turtlesim/include/turtlesim/turtlesim/action/detail/rotate_absolute__traits.hpp
[2.847s] -- Up-to-date: /home/pi/ros2_ws/install/turtlesim/include/turtlesim/turtlesim/action/detail/rotate_absolute__builder.hpp
[2.847s] -- Up-to-date: /home/pi/ros2_ws/install/turtlesim/include/turtlesim/turtlesim/action/detail/rotate_absolute__type_support.hpp
[2.847s] -- Up-to-date: /home/pi/ros2_ws/install/turtlesim/include/turtlesim/turtlesim/action/rotate_absolute.hpp
[2.848s] -- Up-to-date: /home/pi/ros2_ws/install/turtlesim/include/turtlesim/turtlesim
[2.848s] -- Up-to-date: /home/pi/ros2_ws/install/turtlesim/include/turtlesim/turtlesim/srv
[2.849s] -- Up-to-date: /home/pi/ros2_ws/install/turtlesim/include/turtlesim/turtlesim/srv/detail
[2.849s] -- Up-to-date: /home/pi/ros2_ws/install/turtlesim/include/turtlesim/turtlesim/srv/detail/set_pen__rosidl_typesupport_fastrtps_cpp.hpp
[2.849s] -- Up-to-date: /home/pi/ros2_ws/install/turtlesim/include/turtlesim/turtlesim/srv/detail/kill__rosidl_typesupport_fastrtps_cpp.hpp
[2.850s] -- Up-to-date: /home/pi/ros2_ws/install/turtlesim/include/turtlesim/turtlesim/srv/detail/spawn__rosidl_typesupport_fastrtps_cpp.hpp
[2.850s] -- Up-to-date: /home/pi/ros2_ws/install/turtlesim/include/turtlesim/turtlesim/srv/detail/teleport_relative__rosidl_typesupport_fastrtps_cpp.hpp
[2.851s] -- Up-to-date: /home/pi/ros2_ws/install/turtlesim/include/turtlesim/turtlesim/srv/detail/dds_fastrtps
[2.851s] -- Up-to-date: /home/pi/ros2_ws/install/turtlesim/include/turtlesim/turtlesim/srv/detail/teleport_absolute__rosidl_typesupport_fastrtps_cpp.hpp
[2.852s] -- Up-to-date: /home/pi/ros2_ws/install/turtlesim/include/turtlesim/turtlesim/msg
[2.852s] -- Up-to-date: /home/pi/ros2_ws/install/turtlesim/include/turtlesim/turtlesim/msg/rosidl_typesupport_fastrtps_cpp__visibility_control.h
[2.853s] -- Up-to-date: /home/pi/ros2_ws/install/turtlesim/include/turtlesim/turtlesim/msg/detail
[2.853s] -- Up-to-date: /home/pi/ros2_ws/install/turtlesim/include/turtlesim/turtlesim/msg/detail/dds_fastrtps
[2.853s] -- Up-to-date: /home/pi/ros2_ws/install/turtlesim/include/turtlesim/turtlesim/msg/detail/color__rosidl_typesupport_fastrtps_cpp.hpp
[2.854s] -- Up-to-date: /home/pi/ros2_ws/install/turtlesim/include/turtlesim/turtlesim/msg/detail/pose__rosidl_typesupport_fastrtps_cpp.hpp
[2.854s] -- Up-to-date: /home/pi/ros2_ws/install/turtlesim/include/turtlesim/turtlesim/action
[2.854s] -- Up-to-date: /home/pi/ros2_ws/install/turtlesim/include/turtlesim/turtlesim/action/detail
[2.855s] -- Up-to-date: /home/pi/ros2_ws/install/turtlesim/include/turtlesim/turtlesim/action/detail/rotate_absolute__rosidl_typesupport_fastrtps_cpp.hpp
[2.855s] -- Up-to-date: /home/pi/ros2_ws/install/turtlesim/include/turtlesim/turtlesim/action/detail/dds_fastrtps
[2.855s] -- Up-to-date: /home/pi/ros2_ws/install/turtlesim/lib/libturtlesim__rosidl_typesupport_fastrtps_cpp.so
[2.856s] -- Up-to-date: /home/pi/ros2_ws/install/turtlesim/include/turtlesim/turtlesim
[2.856s] -- Up-to-date: /home/pi/ros2_ws/install/turtlesim/include/turtlesim/turtlesim/srv
[2.857s] -- Up-to-date: /home/pi/ros2_ws/install/turtlesim/include/turtlesim/turtlesim/srv/detail
[2.858s] -- Up-to-date: /home/pi/ros2_ws/install/turtlesim/include/turtlesim/turtlesim/srv/detail/teleport_relative__type_support.c
[2.858s] -- Up-to-date: /home/pi/ros2_ws/install/turtlesim/include/turtlesim/turtlesim/srv/detail/set_pen__rosidl_typesupport_introspection_c.h
[2.858s] -- Up-to-date: /home/pi/ros2_ws/install/turtlesim/include/turtlesim/turtlesim/srv/detail/teleport_absolute__rosidl_typesupport_introspection_c.h
[2.859s] -- Up-to-date: /home/pi/ros2_ws/install/turtlesim/include/turtlesim/turtlesim/srv/detail/kill__type_support.c
[2.860s] -- Up-to-date: /home/pi/ros2_ws/install/turtlesim/include/turtlesim/turtlesim/srv/detail/spawn__type_support.c
[2.860s] -- Up-to-date: /home/pi/ros2_ws/install/turtlesim/include/turtlesim/turtlesim/srv/detail/teleport_absolute__type_support.c
[2.860s] -- Up-to-date: /home/pi/ros2_ws/install/turtlesim/include/turtlesim/turtlesim/srv/detail/spawn__rosidl_typesupport_introspection_c.h
[2.861s] -- Up-to-date: /home/pi/ros2_ws/install/turtlesim/include/turtlesim/turtlesim/srv/detail/kill__rosidl_typesupport_introspection_c.h
[2.861s] -- Up-to-date: /home/pi/ros2_ws/install/turtlesim/include/turtlesim/turtlesim/srv/detail/set_pen__type_support.c
[2.861s] -- Up-to-date: /home/pi/ros2_ws/install/turtlesim/include/turtlesim/turtlesim/srv/detail/teleport_relative__rosidl_typesupport_introspection_c.h
[2.862s] -- Up-to-date: /home/pi/ros2_ws/install/turtlesim/include/turtlesim/turtlesim/msg
[2.862s] -- Up-to-date: /home/pi/ros2_ws/install/turtlesim/include/turtlesim/turtlesim/msg/detail
[2.863s] -- Up-to-date: /home/pi/ros2_ws/install/turtlesim/include/turtlesim/turtlesim/msg/detail/pose__type_support.c
[2.863s] -- Up-to-date: /home/pi/ros2_ws/install/turtlesim/include/turtlesim/turtlesim/msg/detail/pose__rosidl_typesupport_introspection_c.h
[2.863s] -- Up-to-date: /home/pi/ros2_ws/install/turtlesim/include/turtlesim/turtlesim/msg/detail/color__type_support.c
[2.864s] -- Up-to-date: /home/pi/ros2_ws/install/turtlesim/include/turtlesim/turtlesim/msg/detail/color__rosidl_typesupport_introspection_c.h
[2.864s] -- Up-to-date: /home/pi/ros2_ws/install/turtlesim/include/turtlesim/turtlesim/msg/rosidl_typesupport_introspection_c__visibility_control.h
[2.865s] -- Up-to-date: /home/pi/ros2_ws/install/turtlesim/include/turtlesim/turtlesim/action
[2.865s] -- Up-to-date: /home/pi/ros2_ws/install/turtlesim/include/turtlesim/turtlesim/action/detail
[2.865s] -- Up-to-date: /home/pi/ros2_ws/install/turtlesim/include/turtlesim/turtlesim/action/detail/rotate_absolute__type_support.c
[2.866s] -- Up-to-date: /home/pi/ros2_ws/install/turtlesim/include/turtlesim/turtlesim/action/detail/rotate_absolute__rosidl_typesupport_introspection_c.h
[2.866s] -- Up-to-date: /home/pi/ros2_ws/install/turtlesim/lib/libturtlesim__rosidl_typesupport_introspection_c.so
[2.867s] -- Up-to-date: /home/pi/ros2_ws/install/turtlesim/lib/libturtlesim__rosidl_typesupport_c.so
[2.868s] -- Up-to-date: /home/pi/ros2_ws/install/turtlesim/include/turtlesim/turtlesim
[2.869s] -- Up-to-date: /home/pi/ros2_ws/install/turtlesim/include/turtlesim/turtlesim/srv
[2.869s] -- Up-to-date: /home/pi/ros2_ws/install/turtlesim/include/turtlesim/turtlesim/srv/detail
[2.870s] -- Up-to-date: /home/pi/ros2_ws/install/turtlesim/include/turtlesim/turtlesim/srv/detail/teleport_absolute__rosidl_typesupport_introspection_cpp.hpp
[2.870s] -- Up-to-date: /home/pi/ros2_ws/install/turtlesim/include/turtlesim/turtlesim/srv/detail/teleport_relative__type_support.cpp
[2.871s] -- Up-to-date: /home/pi/ros2_ws/install/turtlesim/include/turtlesim/turtlesim/srv/detail/kill__type_support.cpp
[2.871s] -- Up-to-date: /home/pi/ros2_ws/install/turtlesim/include/turtlesim/turtlesim/srv/detail/spawn__type_support.cpp
[2.872s] -- Up-to-date: /home/pi/ros2_ws/install/turtlesim/include/turtlesim/turtlesim/srv/detail/set_pen__type_support.cpp
[2.872s] -- Up-to-date: /home/pi/ros2_ws/install/turtlesim/include/turtlesim/turtlesim/srv/detail/teleport_absolute__type_support.cpp
[2.873s] -- Up-to-date: /home/pi/ros2_ws/install/turtlesim/include/turtlesim/turtlesim/srv/detail/spawn__rosidl_typesupport_introspection_cpp.hpp
[2.873s] -- Up-to-date: /home/pi/ros2_ws/install/turtlesim/include/turtlesim/turtlesim/srv/detail/set_pen__rosidl_typesupport_introspection_cpp.hpp
[2.874s] -- Up-to-date: /home/pi/ros2_ws/install/turtlesim/include/turtlesim/turtlesim/srv/detail/kill__rosidl_typesupport_introspection_cpp.hpp
[2.874s] -- Up-to-date: /home/pi/ros2_ws/install/turtlesim/include/turtlesim/turtlesim/srv/detail/teleport_relative__rosidl_typesupport_introspection_cpp.hpp
[2.875s] -- Up-to-date: /home/pi/ros2_ws/install/turtlesim/include/turtlesim/turtlesim/msg
[2.875s] -- Up-to-date: /home/pi/ros2_ws/install/turtlesim/include/turtlesim/turtlesim/msg/detail
[2.876s] -- Up-to-date: /home/pi/ros2_ws/install/turtlesim/include/turtlesim/turtlesim/msg/detail/color__type_support.cpp
[2.877s] -- Up-to-date: /home/pi/ros2_ws/install/turtlesim/include/turtlesim/turtlesim/msg/detail/pose__type_support.cpp
[2.877s] -- Up-to-date: /home/pi/ros2_ws/install/turtlesim/include/turtlesim/turtlesim/msg/detail/color__rosidl_typesupport_introspection_cpp.hpp
[2.877s] -- Up-to-date: /home/pi/ros2_ws/install/turtlesim/include/turtlesim/turtlesim/msg/detail/pose__rosidl_typesupport_introspection_cpp.hpp
[2.878s] -- Up-to-date: /home/pi/ros2_ws/install/turtlesim/include/turtlesim/turtlesim/action
[2.878s] -- Up-to-date: /home/pi/ros2_ws/install/turtlesim/include/turtlesim/turtlesim/action/detail
[2.879s] -- Up-to-date: /home/pi/ros2_ws/install/turtlesim/include/turtlesim/turtlesim/action/detail/rotate_absolute__type_support.cpp
[2.879s] -- Up-to-date: /home/pi/ros2_ws/install/turtlesim/include/turtlesim/turtlesim/action/detail/rotate_absolute__rosidl_typesupport_introspection_cpp.hpp
[2.881s] -- Up-to-date: /home/pi/ros2_ws/install/turtlesim/lib/libturtlesim__rosidl_typesupport_introspection_cpp.so
[2.885s] -- Up-to-date: /home/pi/ros2_ws/install/turtlesim/lib/libturtlesim__rosidl_typesupport_cpp.so
[2.887s] -- Up-to-date: /home/pi/ros2_ws/install/turtlesim/share/turtlesim/environment/pythonpath.sh
[2.887s] -- Up-to-date: /home/pi/ros2_ws/install/turtlesim/share/turtlesim/environment/pythonpath.dsv
[2.888s] -- Up-to-date: /home/pi/ros2_ws/install/turtlesim/local/lib/python3.10/dist-packages/turtlesim-1.4.3-py3.10.egg-info
[2.888s] -- Installing: /home/pi/ros2_ws/install/turtlesim/local/lib/python3.10/dist-packages/turtlesim-1.4.3-py3.10.egg-info/PKG-INFO
[2.889s] -- Installing: /home/pi/ros2_ws/install/turtlesim/local/lib/python3.10/dist-packages/turtlesim-1.4.3-py3.10.egg-info/top_level.txt
[2.890s] -- Installing: /home/pi/ros2_ws/install/turtlesim/local/lib/python3.10/dist-packages/turtlesim-1.4.3-py3.10.egg-info/dependency_links.txt
[2.892s] -- Installing: /home/pi/ros2_ws/install/turtlesim/local/lib/python3.10/dist-packages/turtlesim-1.4.3-py3.10.egg-info/SOURCES.txt
[2.893s] -- Up-to-date: /home/pi/ros2_ws/install/turtlesim/local/lib/python3.10/dist-packages/turtlesim
[2.895s] -- Up-to-date: /home/pi/ros2_ws/install/turtlesim/local/lib/python3.10/dist-packages/turtlesim/turtlesim_s__rosidl_typesupport_introspection_c.cpython-310-aarch64-linux-gnu.so
[2.895s] -- Up-to-date: /home/pi/ros2_ws/install/turtlesim/local/lib/python3.10/dist-packages/turtlesim/_turtlesim_s.ep.rosidl_typesupport_c.c
[2.896s] -- Up-to-date: /home/pi/ros2_ws/install/turtlesim/local/lib/python3.10/dist-packages/turtlesim/srv
[2.897s] -- Up-to-date: /home/pi/ros2_ws/install/turtlesim/local/lib/python3.10/dist-packages/turtlesim/srv/_set_pen_s.c
[2.898s] -- Up-to-date: /home/pi/ros2_ws/install/turtlesim/local/lib/python3.10/dist-packages/turtlesim/srv/_teleport_relative.py
[2.899s] -- Up-to-date: /home/pi/ros2_ws/install/turtlesim/local/lib/python3.10/dist-packages/turtlesim/srv/__init__.py
[2.900s] -- Up-to-date: /home/pi/ros2_ws/install/turtlesim/local/lib/python3.10/dist-packages/turtlesim/srv/_spawn.py
[2.900s] -- Up-to-date: /home/pi/ros2_ws/install/turtlesim/local/lib/python3.10/dist-packages/turtlesim/srv/_kill_s.c
[2.903s] -- Up-to-date: /home/pi/ros2_ws/install/turtlesim/local/lib/python3.10/dist-packages/turtlesim/srv/_teleport_absolute_s.c
[2.903s] -- Up-to-date: /home/pi/ros2_ws/install/turtlesim/local/lib/python3.10/dist-packages/turtlesim/srv/_spawn_s.c
[2.904s] -- Up-to-date: /home/pi/ros2_ws/install/turtlesim/local/lib/python3.10/dist-packages/turtlesim/srv/_teleport_relative_s.c
[2.905s] -- Up-to-date: /home/pi/ros2_ws/install/turtlesim/local/lib/python3.10/dist-packages/turtlesim/srv/_teleport_absolute.py
[2.906s] -- Up-to-date: /home/pi/ros2_ws/install/turtlesim/local/lib/python3.10/dist-packages/turtlesim/srv/_set_pen.py
[2.907s] -- Up-to-date: /home/pi/ros2_ws/install/turtlesim/local/lib/python3.10/dist-packages/turtlesim/srv/_kill.py
[2.908s] -- Up-to-date: /home/pi/ros2_ws/install/turtlesim/local/lib/python3.10/dist-packages/turtlesim/msg
[2.908s] -- Up-to-date: /home/pi/ros2_ws/install/turtlesim/local/lib/python3.10/dist-packages/turtlesim/msg/_color.py
[2.908s] -- Up-to-date: /home/pi/ros2_ws/install/turtlesim/local/lib/python3.10/dist-packages/turtlesim/msg/__init__.py
[2.909s] -- Up-to-date: /home/pi/ros2_ws/install/turtlesim/local/lib/python3.10/dist-packages/turtlesim/msg/_color_s.c
[2.909s] -- Up-to-date: /home/pi/ros2_ws/install/turtlesim/local/lib/python3.10/dist-packages/turtlesim/msg/_pose_s.c
[2.910s] -- Up-to-date: /home/pi/ros2_ws/install/turtlesim/local/lib/python3.10/dist-packages/turtlesim/msg/_pose.py
[2.910s] -- Up-to-date: /home/pi/ros2_ws/install/turtlesim/local/lib/python3.10/dist-packages/turtlesim/libturtlesim__rosidl_generator_py.so
[2.910s] -- Up-to-date: /home/pi/ros2_ws/install/turtlesim/local/lib/python3.10/dist-packages/turtlesim/_turtlesim_s.ep.rosidl_typesupport_fastrtps_c.c
[2.911s] -- Up-to-date: /home/pi/ros2_ws/install/turtlesim/local/lib/python3.10/dist-packages/turtlesim/action
[2.911s] -- Up-to-date: /home/pi/ros2_ws/install/turtlesim/local/lib/python3.10/dist-packages/turtlesim/action/_rotate_absolute_s.c
[2.912s] -- Up-to-date: /home/pi/ros2_ws/install/turtlesim/local/lib/python3.10/dist-packages/turtlesim/action/__init__.py
[2.912s] -- Up-to-date: /home/pi/ros2_ws/install/turtlesim/local/lib/python3.10/dist-packages/turtlesim/action/_rotate_absolute.py
[2.913s] -- Up-to-date: /home/pi/ros2_ws/install/turtlesim/local/lib/python3.10/dist-packages/turtlesim/_turtlesim_s.ep.rosidl_typesupport_introspection_c.c
[2.913s] -- Up-to-date: /home/pi/ros2_ws/install/turtlesim/local/lib/python3.10/dist-packages/turtlesim/__init__.py
[2.914s] -- Up-to-date: /home/pi/ros2_ws/install/turtlesim/local/lib/python3.10/dist-packages/turtlesim/turtlesim_s__rosidl_typesupport_c.cpython-310-aarch64-linux-gnu.so
[2.914s] -- Up-to-date: /home/pi/ros2_ws/install/turtlesim/local/lib/python3.10/dist-packages/turtlesim/turtlesim_s__rosidl_typesupport_fastrtps_c.cpython-310-aarch64-linux-gnu.so
[3.081s] Listing '/home/pi/ros2_ws/install/turtlesim/local/lib/python3.10/dist-packages/turtlesim'...
[3.082s] Listing '/home/pi/ros2_ws/install/turtlesim/local/lib/python3.10/dist-packages/turtlesim/action'...
[3.083s] Listing '/home/pi/ros2_ws/install/turtlesim/local/lib/python3.10/dist-packages/turtlesim/msg'...
[3.084s] Listing '/home/pi/ros2_ws/install/turtlesim/local/lib/python3.10/dist-packages/turtlesim/srv'...
[3.112s] -- Up-to-date: /home/pi/ros2_ws/install/turtlesim/local/lib/python3.10/dist-packages/turtlesim/turtlesim_s__rosidl_typesupport_fastrtps_c.cpython-310-aarch64-linux-gnu.so
[3.117s] -- Up-to-date: /home/pi/ros2_ws/install/turtlesim/local/lib/python3.10/dist-packages/turtlesim/turtlesim_s__rosidl_typesupport_introspection_c.cpython-310-aarch64-linux-gnu.so
[3.121s] -- Up-to-date: /home/pi/ros2_ws/install/turtlesim/local/lib/python3.10/dist-packages/turtlesim/turtlesim_s__rosidl_typesupport_c.cpython-310-aarch64-linux-gnu.so
[3.126s] -- Up-to-date: /home/pi/ros2_ws/install/turtlesim/lib/libturtlesim__rosidl_generator_py.so
[3.128s] -- Up-to-date: /home/pi/ros2_ws/install/turtlesim/share/turtlesim/action/RotateAbsolute.idl
[3.129s] -- Up-to-date: /home/pi/ros2_ws/install/turtlesim/share/turtlesim/msg/Color.idl
[3.130s] -- Up-to-date: /home/pi/ros2_ws/install/turtlesim/share/turtlesim/msg/Pose.idl
[3.131s] -- Up-to-date: /home/pi/ros2_ws/install/turtlesim/share/turtlesim/srv/Kill.idl
[3.132s] -- Up-to-date: /home/pi/ros2_ws/install/turtlesim/share/turtlesim/srv/SetPen.idl
[3.132s] -- Up-to-date: /home/pi/ros2_ws/install/turtlesim/share/turtlesim/srv/Spawn.idl
[3.133s] -- Up-to-date: /home/pi/ros2_ws/install/turtlesim/share/turtlesim/srv/TeleportAbsolute.idl
[3.134s] -- Up-to-date: /home/pi/ros2_ws/install/turtlesim/share/turtlesim/srv/TeleportRelative.idl
[3.134s] -- Up-to-date: /home/pi/ros2_ws/install/turtlesim/share/turtlesim/action/RotateAbsolute.action
[3.135s] -- Up-to-date: /home/pi/ros2_ws/install/turtlesim/share/turtlesim/msg/Color.msg
[3.136s] -- Up-to-date: /home/pi/ros2_ws/install/turtlesim/share/turtlesim/msg/Pose.msg
[3.137s] -- Up-to-date: /home/pi/ros2_ws/install/turtlesim/share/turtlesim/srv/Kill.srv
[3.137s] -- Up-to-date: /home/pi/ros2_ws/install/turtlesim/share/turtlesim/srv/Kill_Request.msg
[3.138s] -- Up-to-date: /home/pi/ros2_ws/install/turtlesim/share/turtlesim/srv/Kill_Response.msg
[3.138s] -- Up-to-date: /home/pi/ros2_ws/install/turtlesim/share/turtlesim/srv/SetPen.srv
[3.139s] -- Up-to-date: /home/pi/ros2_ws/install/turtlesim/share/turtlesim/srv/SetPen_Request.msg
[3.140s] -- Up-to-date: /home/pi/ros2_ws/install/turtlesim/share/turtlesim/srv/SetPen_Response.msg
[3.141s] -- Up-to-date: /home/pi/ros2_ws/install/turtlesim/share/turtlesim/srv/Spawn.srv
[3.141s] -- Up-to-date: /home/pi/ros2_ws/install/turtlesim/share/turtlesim/srv/Spawn_Request.msg
[3.142s] -- Up-to-date: /home/pi/ros2_ws/install/turtlesim/share/turtlesim/srv/Spawn_Response.msg
[3.143s] -- Up-to-date: /home/pi/ros2_ws/install/turtlesim/share/turtlesim/srv/TeleportAbsolute.srv
[3.143s] -- Up-to-date: /home/pi/ros2_ws/install/turtlesim/share/turtlesim/srv/TeleportAbsolute_Request.msg
[3.143s] -- Up-to-date: /home/pi/ros2_ws/install/turtlesim/share/turtlesim/srv/TeleportAbsolute_Response.msg
[3.144s] -- Up-to-date: /home/pi/ros2_ws/install/turtlesim/share/turtlesim/srv/TeleportRelative.srv
[3.144s] -- Up-to-date: /home/pi/ros2_ws/install/turtlesim/share/turtlesim/srv/TeleportRelative_Request.msg
[3.145s] -- Up-to-date: /home/pi/ros2_ws/install/turtlesim/share/turtlesim/srv/TeleportRelative_Response.msg
[3.147s] -- Up-to-date: /home/pi/ros2_ws/install/turtlesim/lib/turtlesim/turtlesim_node
[3.152s] -- Up-to-date: /home/pi/ros2_ws/install/turtlesim/lib/turtlesim/turtle_teleop_key
[3.157s] -- Up-to-date: /home/pi/ros2_ws/install/turtlesim/lib/turtlesim/draw_square
[3.162s] -- Up-to-date: /home/pi/ros2_ws/install/turtlesim/lib/turtlesim/mimic
[3.163s] -- Up-to-date: /home/pi/ros2_ws/install/turtlesim/share/turtlesim/images
[3.165s] -- Up-to-date: /home/pi/ros2_ws/install/turtlesim/share/turtlesim/images/eloquent.png
[3.166s] -- Up-to-date: /home/pi/ros2_ws/install/turtlesim/share/turtlesim/images/galactic.png
[3.167s] -- Up-to-date: /home/pi/ros2_ws/install/turtlesim/share/turtlesim/images/dashing.png
[3.167s] -- Up-to-date: /home/pi/ros2_ws/install/turtlesim/share/turtlesim/images/humble.png
[3.168s] -- Up-to-date: /home/pi/ros2_ws/install/turtlesim/share/turtlesim/images/bouncy.png
[3.168s] -- Up-to-date: /home/pi/ros2_ws/install/turtlesim/share/turtlesim/images/rolling.png
[3.169s] -- Up-to-date: /home/pi/ros2_ws/install/turtlesim/share/turtlesim/images/ardent.png
[3.169s] -- Up-to-date: /home/pi/ros2_ws/install/turtlesim/share/turtlesim/images/crystal.png
[3.170s] -- Up-to-date: /home/pi/ros2_ws/install/turtlesim/share/turtlesim/images/foxy.png
[3.170s] -- Up-to-date: /home/pi/ros2_ws/install/turtlesim/share/turtlesim/launch
[3.171s] -- Up-to-date: /home/pi/ros2_ws/install/turtlesim/share/turtlesim/launch/multisim.launch.py
[3.172s] -- Up-to-date: /home/pi/ros2_ws/install/turtlesim/share/ament_index/resource_index/package_run_dependencies/turtlesim
[3.172s] -- Up-to-date: /home/pi/ros2_ws/install/turtlesim/share/ament_index/resource_index/parent_prefix_path/turtlesim
[3.173s] -- Up-to-date: /home/pi/ros2_ws/install/turtlesim/share/turtlesim/environment/ament_prefix_path.sh
[3.174s] -- Up-to-date: /home/pi/ros2_ws/install/turtlesim/share/turtlesim/environment/ament_prefix_path.dsv
[3.174s] -- Up-to-date: /home/pi/ros2_ws/install/turtlesim/share/turtlesim/environment/path.sh
[3.175s] -- Up-to-date: /home/pi/ros2_ws/install/turtlesim/share/turtlesim/environment/path.dsv
[3.175s] -- Up-to-date: /home/pi/ros2_ws/install/turtlesim/share/turtlesim/local_setup.bash
[3.176s] -- Up-to-date: /home/pi/ros2_ws/install/turtlesim/share/turtlesim/local_setup.sh
[3.177s] -- Up-to-date: /home/pi/ros2_ws/install/turtlesim/share/turtlesim/local_setup.zsh
[3.177s] -- Up-to-date: /home/pi/ros2_ws/install/turtlesim/share/turtlesim/local_setup.dsv
[3.177s] -- Installing: /home/pi/ros2_ws/install/turtlesim/share/turtlesim/package.dsv
[3.179s] -- Up-to-date: /home/pi/ros2_ws/install/turtlesim/share/ament_index/resource_index/packages/turtlesim
[3.184s] -- Up-to-date: /home/pi/ros2_ws/install/turtlesim/share/turtlesim/cmake/export_turtlesim__rosidl_generator_cExport.cmake
[3.184s] -- Up-to-date: /home/pi/ros2_ws/install/turtlesim/share/turtlesim/cmake/export_turtlesim__rosidl_generator_cExport-noconfig.cmake
[3.187s] -- Up-to-date: /home/pi/ros2_ws/install/turtlesim/share/turtlesim/cmake/export_turtlesim__rosidl_typesupport_fastrtps_cExport.cmake
[3.188s] -- Up-to-date: /home/pi/ros2_ws/install/turtlesim/share/turtlesim/cmake/export_turtlesim__rosidl_typesupport_fastrtps_cExport-noconfig.cmake
[3.190s] -- Up-to-date: /home/pi/ros2_ws/install/turtlesim/share/turtlesim/cmake/export_turtlesim__rosidl_generator_cppExport.cmake
[3.192s] -- Up-to-date: /home/pi/ros2_ws/install/turtlesim/share/turtlesim/cmake/export_turtlesim__rosidl_typesupport_fastrtps_cppExport.cmake
[3.193s] -- Up-to-date: /home/pi/ros2_ws/install/turtlesim/share/turtlesim/cmake/export_turtlesim__rosidl_typesupport_fastrtps_cppExport-noconfig.cmake
[3.196s] -- Up-to-date: /home/pi/ros2_ws/install/turtlesim/share/turtlesim/cmake/turtlesim__rosidl_typesupport_introspection_cExport.cmake
[3.196s] -- Up-to-date: /home/pi/ros2_ws/install/turtlesim/share/turtlesim/cmake/turtlesim__rosidl_typesupport_introspection_cExport-noconfig.cmake
[3.199s] -- Up-to-date: /home/pi/ros2_ws/install/turtlesim/share/turtlesim/cmake/turtlesim__rosidl_typesupport_cExport.cmake
[3.200s] -- Up-to-date: /home/pi/ros2_ws/install/turtlesim/share/turtlesim/cmake/turtlesim__rosidl_typesupport_cExport-noconfig.cmake
[3.203s] -- Up-to-date: /home/pi/ros2_ws/install/turtlesim/share/turtlesim/cmake/turtlesim__rosidl_typesupport_introspection_cppExport.cmake
[3.205s] -- Up-to-date: /home/pi/ros2_ws/install/turtlesim/share/turtlesim/cmake/turtlesim__rosidl_typesupport_introspection_cppExport-noconfig.cmake
[3.207s] -- Up-to-date: /home/pi/ros2_ws/install/turtlesim/share/turtlesim/cmake/turtlesim__rosidl_typesupport_cppExport.cmake
[3.208s] -- Up-to-date: /home/pi/ros2_ws/install/turtlesim/share/turtlesim/cmake/turtlesim__rosidl_typesupport_cppExport-noconfig.cmake
[3.211s] -- Up-to-date: /home/pi/ros2_ws/install/turtlesim/share/turtlesim/cmake/export_turtlesim__rosidl_generator_pyExport.cmake
[3.212s] -- Up-to-date: /home/pi/ros2_ws/install/turtlesim/share/turtlesim/cmake/export_turtlesim__rosidl_generator_pyExport-noconfig.cmake
[3.213s] -- Up-to-date: /home/pi/ros2_ws/install/turtlesim/share/turtlesim/cmake/rosidl_cmake-extras.cmake
[3.214s] -- Up-to-date: /home/pi/ros2_ws/install/turtlesim/share/turtlesim/cmake/ament_cmake_export_dependencies-extras.cmake
[3.214s] -- Up-to-date: /home/pi/ros2_ws/install/turtlesim/share/turtlesim/cmake/ament_cmake_export_include_directories-extras.cmake
[3.215s] -- Up-to-date: /home/pi/ros2_ws/install/turtlesim/share/turtlesim/cmake/ament_cmake_export_libraries-extras.cmake
[3.216s] -- Up-to-date: /home/pi/ros2_ws/install/turtlesim/share/turtlesim/cmake/ament_cmake_export_targets-extras.cmake
[3.216s] -- Up-to-date: /home/pi/ros2_ws/install/turtlesim/share/turtlesim/cmake/rosidl_cmake_export_typesupport_targets-extras.cmake
[3.217s] -- Up-to-date: /home/pi/ros2_ws/install/turtlesim/share/turtlesim/cmake/rosidl_cmake_export_typesupport_libraries-extras.cmake
[3.217s] -- Up-to-date: /home/pi/ros2_ws/install/turtlesim/share/turtlesim/cmake/turtlesimConfig.cmake
[3.218s] -- Up-to-date: /home/pi/ros2_ws/install/turtlesim/share/turtlesim/cmake/turtlesimConfig-version.cmake
[3.218s] -- Up-to-date: /home/pi/ros2_ws/install/turtlesim/share/turtlesim/package.xml
[3.229s] Invoked command in '/home/pi/ros2_ws/build/turtlesim' returned '0': CMAKE_PREFIX_PATH=${CMAKE_PREFIX_PATH}:/opt/ros/humble /usr/bin/cmake --install /home/pi/ros2_ws/build/turtlesim
