[0.062s] Invoking command in '/home/pi/ros2_ws/src/ack_control/build/ack_control': CMAKE_PREFIX_PATH=${CMAKE_PREFIX_PATH}:/opt/ros/humble /usr/bin/cmake /home/pi/ros2_ws/src/ack_control -DCMAKE_INSTALL_PREFIX=/home/pi/ros2_ws/src/ack_control/install/ack_control
[1.197s] -- The C compiler identification is GNU 11.4.0
[1.967s] -- The CXX compiler identification is GNU 11.4.0
[2.012s] -- Detecting C compiler ABI info
[2.376s] -- Detecting C compiler ABI info - done
[2.402s] -- Check for working C compiler: /usr/bin/cc - skipped
[2.404s] -- Detecting C compile features
[2.407s] -- Detecting C compile features - done
[2.423s] -- Detecting CXX compiler ABI info
[2.794s] -- Detecting CXX compiler ABI info - done
[2.822s] -- Check for working CXX compiler: /usr/bin/c++ - skipped
[2.823s] -- Detecting CXX compile features
[2.825s] -- Detecting CXX compile features - done
[2.875s] -- Found ament_cmake: 1.3.12 (/opt/ros/humble/share/ament_cmake/cmake)
[3.652s] -- Found Python3: /usr/bin/python3 (found version "3.10.12") found components: Interpreter 
[4.387s] -- Found hardware_interface: 2.53.0 (/opt/ros/humble/share/hardware_interface/cmake)
[4.873s] -- Found rosidl_generator_c: 3.1.8 (/opt/ros/humble/share/rosidl_generator_c/cmake)
[4.940s] -- Found rosidl_adapter: 3.1.8 (/opt/ros/humble/share/rosidl_adapter/cmake)
[5.294s] -- Found rosidl_generator_cpp: 3.1.8 (/opt/ros/humble/share/rosidl_generator_cpp/cmake)
[6.536s] -- Using all available rosidl_typesupport_c: rosidl_typesupport_fastrtps_c;rosidl_typesupport_introspection_c
[7.741s] -- Using all available rosidl_typesupport_cpp: rosidl_typesupport_fastrtps_cpp;rosidl_typesupport_introspection_cpp
[11.600s] -- Found rmw_implementation_cmake: 6.1.2 (/opt/ros/humble/share/rmw_implementation_cmake/cmake)
[11.637s] -- Found rmw_fastrtps_cpp: 6.2.9 (/opt/ros/humble/share/rmw_fastrtps_cpp/cmake)
[11.884s] -- Found TinyXML2 via Config file: TinyXML2_DIR-NOTFOUND
[12.150s] -- Found OpenSSL: /usr/lib/aarch64-linux-gnu/libcrypto.so (found version "3.0.2")  
[12.171s] -- Found TinyXML2 via Config file: TinyXML2_DIR-NOTFOUND
[12.255s] -- Found FastRTPS: /opt/ros/humble/include  
[12.268s] -- Found TinyXML2 via Config file: TinyXML2_DIR-NOTFOUND
[12.303s] -- Found TinyXML2 via Config file: TinyXML2_DIR-NOTFOUND
[12.340s] -- Using RMW implementation 'rmw_fastrtps_cpp' as default
[12.448s] -- Looking for pthread.h
[12.833s] -- Looking for pthread.h - found
[12.835s] -- Performing Test CMAKE_HAVE_LIBC_PTHREAD
[13.186s] -- Performing Test CMAKE_HAVE_LIBC_PTHREAD - Success
[13.190s] -- Found Threads: TRUE  
[13.899s] -- Configuring done
[13.980s] -- Generating done
[14.000s] -- Build files have been written to: /home/pi/ros2_ws/src/ack_control/build/ack_control
[14.041s] Invoked command in '/home/pi/ros2_ws/src/ack_control/build/ack_control' returned '0': CMAKE_PREFIX_PATH=${CMAKE_PREFIX_PATH}:/opt/ros/humble /usr/bin/cmake /home/pi/ros2_ws/src/ack_control -DCMAKE_INSTALL_PREFIX=/home/pi/ros2_ws/src/ack_control/install/ack_control
[14.050s] Invoking command in '/home/pi/ros2_ws/src/ack_control/build/ack_control': CMAKE_PREFIX_PATH=${CMAKE_PREFIX_PATH}:/opt/ros/humble /usr/bin/cmake --build /home/pi/ros2_ws/src/ack_control/build/ack_control -- -j4 -l4
[14.273s] [ 50%] [32mBuilding CXX object CMakeFiles/ack_control.dir/src/ack_hardware.cpp.o[0m
[20.609s] [100%] [32m[1mLinking CXX shared library liback_control.so[0m
[21.513s] [100%] Built target ack_control
[21.553s] Invoked command in '/home/pi/ros2_ws/src/ack_control/build/ack_control' returned '0': CMAKE_PREFIX_PATH=${CMAKE_PREFIX_PATH}:/opt/ros/humble /usr/bin/cmake --build /home/pi/ros2_ws/src/ack_control/build/ack_control -- -j4 -l4
[21.596s] Invoking command in '/home/pi/ros2_ws/src/ack_control/build/ack_control': CMAKE_PREFIX_PATH=${CMAKE_PREFIX_PATH}:/opt/ros/humble /usr/bin/cmake --install /home/pi/ros2_ws/src/ack_control/build/ack_control
[21.625s] -- Install configuration: ""
[21.626s] -- Installing: /home/pi/ros2_ws/src/ack_control/install/ack_control/share/ack_control/ack_control.xml
[21.628s] -- Installing: /home/pi/ros2_ws/src/ack_control/install/ack_control/lib/liback_control.so
[21.634s] -- Set runtime path of "/home/pi/ros2_ws/src/ack_control/install/ack_control/lib/liback_control.so" to ""
[21.634s] -- Installing: /home/pi/ros2_ws/src/ack_control/install/ack_control/share/ack_control/config
[21.635s] -- Installing: /home/pi/ros2_ws/src/ack_control/install/ack_control/share/ack_control/description
[21.635s] -- Installing: /home/pi/ros2_ws/src/ack_control/install/ack_control/share/ack_control/launch
[21.636s] -- Installing: /home/pi/ros2_ws/src/ack_control/install/ack_control/include
[21.636s] -- Installing: /home/pi/ros2_ws/src/ack_control/install/ack_control/include/ack_control
[21.637s] -- Installing: /home/pi/ros2_ws/src/ack_control/install/ack_control/include/ack_control/ack_hardware.hpp
[21.639s] -- Installing: /home/pi/ros2_ws/src/ack_control/install/ack_control/share/ament_index/resource_index/package_run_dependencies/ack_control
[21.640s] -- Installing: /home/pi/ros2_ws/src/ack_control/install/ack_control/share/ament_index/resource_index/parent_prefix_path/ack_control
[21.642s] -- Installing: /home/pi/ros2_ws/src/ack_control/install/ack_control/share/ack_control/environment/ament_prefix_path.sh
[21.643s] -- Installing: /home/pi/ros2_ws/src/ack_control/install/ack_control/share/ack_control/environment/ament_prefix_path.dsv
[21.644s] -- Installing: /home/pi/ros2_ws/src/ack_control/install/ack_control/share/ack_control/environment/path.sh
[21.645s] -- Installing: /home/pi/ros2_ws/src/ack_control/install/ack_control/share/ack_control/environment/path.dsv
[21.647s] -- Installing: /home/pi/ros2_ws/src/ack_control/install/ack_control/share/ack_control/local_setup.bash
[21.648s] -- Installing: /home/pi/ros2_ws/src/ack_control/install/ack_control/share/ack_control/local_setup.sh
[21.649s] -- Installing: /home/pi/ros2_ws/src/ack_control/install/ack_control/share/ack_control/local_setup.zsh
[21.650s] -- Installing: /home/pi/ros2_ws/src/ack_control/install/ack_control/share/ack_control/local_setup.dsv
[21.651s] -- Installing: /home/pi/ros2_ws/src/ack_control/install/ack_control/share/ack_control/package.dsv
[21.653s] -- Installing: /home/pi/ros2_ws/src/ack_control/install/ack_control/share/ament_index/resource_index/packages/ack_control
[21.655s] -- Installing: /home/pi/ros2_ws/src/ack_control/install/ack_control/share/ament_index/resource_index/hardware_interface__pluginlib__plugin/ack_control
[21.656s] -- Installing: /home/pi/ros2_ws/src/ack_control/install/ack_control/share/ack_control/cmake/ack_controlConfig.cmake
[21.657s] -- Installing: /home/pi/ros2_ws/src/ack_control/install/ack_control/share/ack_control/cmake/ack_controlConfig-version.cmake
[21.658s] -- Installing: /home/pi/ros2_ws/src/ack_control/install/ack_control/share/ack_control/package.xml
[21.664s] Invoked command in '/home/pi/ros2_ws/src/ack_control/build/ack_control' returned '0': CMAKE_PREFIX_PATH=${CMAKE_PREFIX_PATH}:/opt/ros/humble /usr/bin/cmake --install /home/pi/ros2_ws/src/ack_control/build/ack_control
