running egg_info
creating ../../build/green_vision/green_vision.egg-info
writing ../../build/green_vision/green_vision.egg-info/PKG-INFO
writing dependency_links to ../../build/green_vision/green_vision.egg-info/dependency_links.txt
writing entry points to ../../build/green_vision/green_vision.egg-info/entry_points.txt
writing requirements to ../../build/green_vision/green_vision.egg-info/requires.txt
writing top-level names to ../../build/green_vision/green_vision.egg-info/top_level.txt
writing manifest file '../../build/green_vision/green_vision.egg-info/SOURCES.txt'
reading manifest file '../../build/green_vision/green_vision.egg-info/SOURCES.txt'
writing manifest file '../../build/green_vision/green_vision.egg-info/SOURCES.txt'
running build
running build_py
creating /home/pi/ros2_ws/build/green_vision/build
creating /home/pi/ros2_ws/build/green_vision/build/lib
creating /home/pi/ros2_ws/build/green_vision/build/lib/green_vision
copying green_vision/__init__.py -> /home/pi/ros2_ws/build/green_vision/build/lib/green_vision
running install
running install_lib
creating /home/pi/ros2_ws/install/green_vision/lib/python3.10/site-packages/green_vision
copying /home/pi/ros2_ws/build/green_vision/build/lib/green_vision/__init__.py -> /home/pi/ros2_ws/install/green_vision/lib/python3.10/site-packages/green_vision
byte-compiling /home/pi/ros2_ws/install/green_vision/lib/python3.10/site-packages/green_vision/__init__.py to __init__.cpython-310.pyc
running install_data
creating /home/pi/ros2_ws/install/green_vision/share/ament_index
creating /home/pi/ros2_ws/install/green_vision/share/ament_index/resource_index
creating /home/pi/ros2_ws/install/green_vision/share/ament_index/resource_index/packages
copying resource/green_vision -> /home/pi/ros2_ws/install/green_vision/share/ament_index/resource_index/packages
copying package.xml -> /home/pi/ros2_ws/install/green_vision/share/green_vision
running install_egg_info
Copying ../../build/green_vision/green_vision.egg-info to /home/pi/ros2_ws/install/green_vision/lib/python3.10/site-packages/green_vision-0.0.0-py3.10.egg-info
running install_scripts
Installing green_control script to /home/pi/ros2_ws/install/green_vision/lib/green_vision
writing list of installed files to '/home/pi/ros2_ws/build/green_vision/install.log'
