[6.965s] Invoking command in '/home/pi/ros2_ws/src/green_vision': PYTHONPATH=/home/pi/ros2_ws/build/green_vision/prefix_override:/usr/lib/python3/dist-packages/colcon_core/task/python/colcon_distutils_commands:/home/pi/ros2_ws/install/green_vision/lib/python3.10/site-packages:${PYTHONPATH} /usr/bin/python3 -W ignore:setup.py install is deprecated -W ignore:easy_install command is deprecated setup.py egg_info --egg-base ../../build/green_vision build --build-base /home/pi/ros2_ws/build/green_vision/build install --record /home/pi/ros2_ws/build/green_vision/install.log --single-version-externally-managed install_data
[8.582s] running egg_info
[8.584s] creating ../../build/green_vision/green_vision.egg-info
[8.589s] writing ../../build/green_vision/green_vision.egg-info/PKG-INFO
[8.591s] writing dependency_links to ../../build/green_vision/green_vision.egg-info/dependency_links.txt
[8.593s] writing entry points to ../../build/green_vision/green_vision.egg-info/entry_points.txt
[8.593s] writing requirements to ../../build/green_vision/green_vision.egg-info/requires.txt
[8.594s] writing top-level names to ../../build/green_vision/green_vision.egg-info/top_level.txt
[8.594s] writing manifest file '../../build/green_vision/green_vision.egg-info/SOURCES.txt'
[8.599s] reading manifest file '../../build/green_vision/green_vision.egg-info/SOURCES.txt'
[8.603s] writing manifest file '../../build/green_vision/green_vision.egg-info/SOURCES.txt'
[8.603s] running build
[8.605s] running build_py
[8.606s] creating /home/pi/ros2_ws/build/green_vision/build
[8.606s] creating /home/pi/ros2_ws/build/green_vision/build/lib
[8.607s] creating /home/pi/ros2_ws/build/green_vision/build/lib/green_vision
[8.608s] copying green_vision/__init__.py -> /home/pi/ros2_ws/build/green_vision/build/lib/green_vision
[8.608s] running install
[8.608s] running install_lib
[8.611s] creating /home/pi/ros2_ws/install/green_vision/lib/python3.10/site-packages/green_vision
[8.611s] copying /home/pi/ros2_ws/build/green_vision/build/lib/green_vision/__init__.py -> /home/pi/ros2_ws/install/green_vision/lib/python3.10/site-packages/green_vision
[8.614s] byte-compiling /home/pi/ros2_ws/install/green_vision/lib/python3.10/site-packages/green_vision/__init__.py to __init__.cpython-310.pyc
[8.615s] running install_data
[8.616s] creating /home/pi/ros2_ws/install/green_vision/share/ament_index
[8.617s] creating /home/pi/ros2_ws/install/green_vision/share/ament_index/resource_index
[8.617s] creating /home/pi/ros2_ws/install/green_vision/share/ament_index/resource_index/packages
[8.618s] copying resource/green_vision -> /home/pi/ros2_ws/install/green_vision/share/ament_index/resource_index/packages
[8.619s] copying package.xml -> /home/pi/ros2_ws/install/green_vision/share/green_vision
[8.619s] running install_egg_info
[8.627s] Copying ../../build/green_vision/green_vision.egg-info to /home/pi/ros2_ws/install/green_vision/lib/python3.10/site-packages/green_vision-0.0.0-py3.10.egg-info
[8.634s] running install_scripts
[8.727s] Installing green_control script to /home/pi/ros2_ws/install/green_vision/lib/green_vision
[8.728s] writing list of installed files to '/home/pi/ros2_ws/build/green_vision/install.log'
[8.914s] Invoked command in '/home/pi/ros2_ws/src/green_vision' returned '0': PYTHONPATH=/home/pi/ros2_ws/build/green_vision/prefix_override:/usr/lib/python3/dist-packages/colcon_core/task/python/colcon_distutils_commands:/home/pi/ros2_ws/install/green_vision/lib/python3.10/site-packages:${PYTHONPATH} /usr/bin/python3 -W ignore:setup.py install is deprecated -W ignore:easy_install command is deprecated setup.py egg_info --egg-base ../../build/green_vision build --build-base /home/pi/ros2_ws/build/green_vision/build install --record /home/pi/ros2_ws/build/green_vision/install.log --single-version-externally-managed install_data
