-- The C compiler identification is GNU 11.4.0
-- The CXX compiler identification is GNU 11.4.0
-- Detecting C compiler ABI info
-- Detecting C compiler ABI info - done
-- Check for working C compiler: /usr/bin/cc - skipped
-- Detecting C compile features
-- Detecting C compile features - done
-- Detecting CXX compiler ABI info
-- Detecting CXX compiler ABI info - done
-- Check for working CXX compiler: /usr/bin/c++ - skipped
-- Detecting CXX compile features
-- Detecting CXX compile features - done
-- Found ament_cmake: 1.3.12 (/opt/ros/humble/share/ament_cmake/cmake)
-- Found Python3: /usr/bin/python3 (found version "3.10.12") found components: Interpreter 
-- Found hardware_interface: 2.53.0 (/opt/ros/humble/share/hardware_interface/cmake)
-- Found rosidl_generator_c: 3.1.8 (/opt/ros/humble/share/rosidl_generator_c/cmake)
-- Found rosidl_adapter: 3.1.8 (/opt/ros/humble/share/rosidl_adapter/cmake)
-- Found rosidl_generator_cpp: 3.1.8 (/opt/ros/humble/share/rosidl_generator_cpp/cmake)
-- Using all available rosidl_typesupport_c: rosidl_typesupport_fastrtps_c;rosidl_typesupport_introspection_c
-- Using all available rosidl_typesupport_cpp: rosidl_typesupport_fastrtps_cpp;rosidl_typesupport_introspection_cpp
-- Found rmw_implementation_cmake: 6.1.2 (/opt/ros/humble/share/rmw_implementation_cmake/cmake)
-- Found rmw_fastrtps_cpp: 6.2.9 (/opt/ros/humble/share/rmw_fastrtps_cpp/cmake)
-- Found TinyXML2 via Config file: TinyXML2_DIR-NOTFOUND
-- Found OpenSSL: /usr/lib/aarch64-linux-gnu/libcrypto.so (found version "3.0.2")  
-- Found TinyXML2 via Config file: TinyXML2_DIR-NOTFOUND
-- Found FastRTPS: /opt/ros/humble/include  
-- Found TinyXML2 via Config file: TinyXML2_DIR-NOTFOUND
-- Found TinyXML2 via Config file: TinyXML2_DIR-NOTFOUND
-- Using RMW implementation 'rmw_fastrtps_cpp' as default
-- Looking for pthread.h
-- Looking for pthread.h - found
-- Performing Test CMAKE_HAVE_LIBC_PTHREAD
-- Performing Test CMAKE_HAVE_LIBC_PTHREAD - Success
-- Found Threads: TRUE  
-- Configuring done
-- Generating done
-- Build files have been written to: /home/pi/ros2_ws/src/build/ack_control
[ 50%] [32mBuilding CXX object CMakeFiles/ack_control.dir/src/ack_hardware.cpp.o[0m
[100%] [32m[1mLinking CXX shared library liback_control.so[0m
[100%] Built target ack_control
-- Install configuration: ""
-- Installing: /home/pi/ros2_ws/src/install/ack_control/share/ack_control/ack_control.xml
-- Installing: /home/pi/ros2_ws/src/install/ack_control/lib/liback_control.so
-- Set runtime path of "/home/pi/ros2_ws/src/install/ack_control/lib/liback_control.so" to ""
-- Installing: /home/pi/ros2_ws/src/install/ack_control/share/ack_control/config
-- Installing: /home/pi/ros2_ws/src/install/ack_control/share/ack_control/config/ack_controllers.yaml
-- Installing: /home/pi/ros2_ws/src/install/ack_control/share/ack_control/description
-- Installing: /home/pi/ros2_ws/src/install/ack_control/share/ack_control/description/deep.urdf.xacro
-- Installing: /home/pi/ros2_ws/src/install/ack_control/share/ack_control/launch
-- Installing: /home/pi/ros2_ws/src/install/ack_control/share/ack_control/launch/bringup.launch.py
-- Installing: /home/pi/ros2_ws/src/install/ack_control/include
-- Installing: /home/pi/ros2_ws/src/install/ack_control/include/ack_control
-- Installing: /home/pi/ros2_ws/src/install/ack_control/include/ack_control/ack_hardware.hpp
-- Installing: /home/pi/ros2_ws/src/install/ack_control/share/ament_index/resource_index/package_run_dependencies/ack_control
-- Installing: /home/pi/ros2_ws/src/install/ack_control/share/ament_index/resource_index/parent_prefix_path/ack_control
-- Installing: /home/pi/ros2_ws/src/install/ack_control/share/ack_control/environment/ament_prefix_path.sh
-- Installing: /home/pi/ros2_ws/src/install/ack_control/share/ack_control/environment/ament_prefix_path.dsv
-- Installing: /home/pi/ros2_ws/src/install/ack_control/share/ack_control/environment/path.sh
-- Installing: /home/pi/ros2_ws/src/install/ack_control/share/ack_control/environment/path.dsv
-- Installing: /home/pi/ros2_ws/src/install/ack_control/share/ack_control/local_setup.bash
-- Installing: /home/pi/ros2_ws/src/install/ack_control/share/ack_control/local_setup.sh
-- Installing: /home/pi/ros2_ws/src/install/ack_control/share/ack_control/local_setup.zsh
-- Installing: /home/pi/ros2_ws/src/install/ack_control/share/ack_control/local_setup.dsv
-- Installing: /home/pi/ros2_ws/src/install/ack_control/share/ack_control/package.dsv
-- Installing: /home/pi/ros2_ws/src/install/ack_control/share/ament_index/resource_index/packages/ack_control
-- Installing: /home/pi/ros2_ws/src/install/ack_control/share/ament_index/resource_index/hardware_interface__pluginlib__plugin/ack_control
-- Installing: /home/pi/ros2_ws/src/install/ack_control/share/ack_control/cmake/ack_controlConfig.cmake
-- Installing: /home/pi/ros2_ws/src/install/ack_control/share/ack_control/cmake/ack_controlConfig-version.cmake
-- Installing: /home/pi/ros2_ws/src/install/ack_control/share/ack_control/package.xml
