running egg_info
creating ../../build/py_Controller/py_Controller.egg-info
writing ../../build/py_Controller/py_Controller.egg-info/PKG-INFO
writing dependency_links to ../../build/py_Controller/py_Controller.egg-info/dependency_links.txt
writing entry points to ../../build/py_Controller/py_Controller.egg-info/entry_points.txt
writing requirements to ../../build/py_Controller/py_Controller.egg-info/requires.txt
writing top-level names to ../../build/py_Controller/py_Controller.egg-info/top_level.txt
writing manifest file '../../build/py_Controller/py_Controller.egg-info/SOURCES.txt'
reading manifest file '../../build/py_Controller/py_Controller.egg-info/SOURCES.txt'
adding license file 'LICENSE'
writing manifest file '../../build/py_Controller/py_Controller.egg-info/SOURCES.txt'
running build
running build_py
creating /home/pi/ros2_ws/build/py_Controller/build
creating /home/pi/ros2_ws/build/py_Controller/build/lib
creating /home/pi/ros2_ws/build/py_Controller/build/lib/py_Controller
copying py_Controller/__init__.py -> /home/pi/ros2_ws/build/py_Controller/build/lib/py_Controller
running install
running install_lib
creating /home/pi/ros2_ws/install/py_Controller/lib/python3.10/site-packages/py_Controller
copying /home/pi/ros2_ws/build/py_Controller/build/lib/py_Controller/__init__.py -> /home/pi/ros2_ws/install/py_Controller/lib/python3.10/site-packages/py_Controller
byte-compiling /home/pi/ros2_ws/install/py_Controller/lib/python3.10/site-packages/py_Controller/__init__.py to __init__.cpython-310.pyc
running install_data
creating /home/pi/ros2_ws/install/py_Controller/share/ament_index
creating /home/pi/ros2_ws/install/py_Controller/share/ament_index/resource_index
creating /home/pi/ros2_ws/install/py_Controller/share/ament_index/resource_index/packages
copying resource/py_Controller -> /home/pi/ros2_ws/install/py_Controller/share/ament_index/resource_index/packages
copying package.xml -> /home/pi/ros2_ws/install/py_Controller/share/py_Controller
running install_egg_info
Copying ../../build/py_Controller/py_Controller.egg-info to /home/pi/ros2_ws/install/py_Controller/lib/python3.10/site-packages/py_Controller-0.0.0-py3.10.egg-info
running install_scripts
writing list of installed files to '/home/pi/ros2_ws/build/py_Controller/install.log'
