[0.164s] Invoking command in '/home/pi/ros2_ws/build/ack_control': CMAKE_PREFIX_PATH=${CMAKE_PREFIX_PATH}:/opt/ros/humble /usr/bin/cmake --build /home/pi/ros2_ws/build/ack_control -- -j4 -l4
[0.799s] [35m[1mConsolidate compiler generated dependencies of target ack_control[0m
[1.101s] [100%] Built target ack_control
[1.258s] Invoked command in '/home/pi/ros2_ws/build/ack_control' returned '0': CMAKE_PREFIX_PATH=${CMAKE_PREFIX_PATH}:/opt/ros/humble /usr/bin/cmake --build /home/pi/ros2_ws/build/ack_control -- -j4 -l4
[1.372s] Invoking command in '/home/pi/ros2_ws/build/ack_control': CMAKE_PREFIX_PATH=${CMAKE_PREFIX_PATH}:/opt/ros/humble /usr/bin/cmake --install /home/pi/ros2_ws/build/ack_control
[1.494s] -- Install configuration: ""
[1.502s] -- Execute custom install script
[1.506s] -- Up-to-date symlink: /home/pi/ros2_ws/install/ack_control/share/ack_control//ack_control.xml
[1.510s] -- Up-to-date symlink: /home/pi/ros2_ws/install/ack_control/lib/liback_control.so
[1.518s] -- Up-to-date symlink: /home/pi/ros2_ws/install/ack_control/share/ack_control/config/ack_controllers.yaml
[1.521s] -- Up-to-date symlink: /home/pi/ros2_ws/install/ack_control/share/ack_control/description/deep.urdf.xacro
[1.522s] -- Up-to-date symlink: /home/pi/ros2_ws/install/ack_control/share/ack_control/launch/bringup.launch.py
[1.535s] -- Up-to-date symlink: /home/pi/ros2_ws/install/ack_control/include/ack_control/ack_hardware.hpp
[1.550s] -- Up-to-date symlink: /home/pi/ros2_ws/install/ack_control/share/ament_index/resource_index/package_run_dependencies/ack_control
[1.554s] -- Up-to-date symlink: /home/pi/ros2_ws/install/ack_control/share/ament_index/resource_index/parent_prefix_path/ack_control
[1.557s] -- Up-to-date symlink: /home/pi/ros2_ws/install/ack_control/share/ack_control/environment/ament_prefix_path.sh
[1.566s] -- Up-to-date symlink: /home/pi/ros2_ws/install/ack_control/share/ack_control/environment/ament_prefix_path.dsv
[1.569s] -- Up-to-date symlink: /home/pi/ros2_ws/install/ack_control/share/ack_control/environment/path.sh
[1.571s] -- Up-to-date symlink: /home/pi/ros2_ws/install/ack_control/share/ack_control/environment/path.dsv
[1.572s] -- Up-to-date symlink: /home/pi/ros2_ws/install/ack_control/share/ack_control/local_setup.bash
[1.577s] -- Up-to-date symlink: /home/pi/ros2_ws/install/ack_control/share/ack_control/local_setup.sh
[1.578s] -- Up-to-date symlink: /home/pi/ros2_ws/install/ack_control/share/ack_control/local_setup.zsh
[1.586s] -- Up-to-date symlink: /home/pi/ros2_ws/install/ack_control/share/ack_control/local_setup.dsv
[1.596s] -- Symlinking: /home/pi/ros2_ws/install/ack_control/share/ack_control/package.dsv
[1.702s] -- Up-to-date symlink: /home/pi/ros2_ws/install/ack_control/share/ament_index/resource_index/packages/ack_control
[1.706s] -- Up-to-date symlink: /home/pi/ros2_ws/install/ack_control/share/ament_index/resource_index/hardware_interface__pluginlib__plugin/ack_control
[1.710s] -- Up-to-date symlink: /home/pi/ros2_ws/install/ack_control/share/ack_control/cmake/ack_controlConfig.cmake
[1.714s] -- Up-to-date symlink: /home/pi/ros2_ws/install/ack_control/share/ack_control/cmake/ack_controlConfig-version.cmake
[1.724s] -- Up-to-date symlink: /home/pi/ros2_ws/install/ack_control/share/ack_control/package.xml
[1.747s] Invoked command in '/home/pi/ros2_ws/build/ack_control' returned '0': CMAKE_PREFIX_PATH=${CMAKE_PREFIX_PATH}:/opt/ros/humble /usr/bin/cmake --install /home/pi/ros2_ws/build/ack_control
