[7.778s] Invoking command in '/home/pi/ros2_ws/src/green_control': PYTHONPATH=/home/pi/ros2_ws/build/green_control/prefix_override:/usr/lib/python3/dist-packages/colcon_core/task/python/colcon_distutils_commands:/home/pi/ros2_ws/install/green_control/lib/python3.10/site-packages:${PYTHONPATH} /usr/bin/python3 -W ignore:setup.py install is deprecated -W ignore:easy_install command is deprecated setup.py egg_info --egg-base ../../build/green_control build --build-base /home/pi/ros2_ws/build/green_control/build install --record /home/pi/ros2_ws/build/green_control/install.log --single-version-externally-managed install_data
[9.819s] running egg_info
[9.826s] writing ../../build/green_control/green_control.egg-info/PKG-INFO
[9.828s] writing dependency_links to ../../build/green_control/green_control.egg-info/dependency_links.txt
[9.830s] writing entry points to ../../build/green_control/green_control.egg-info/entry_points.txt
[9.832s] writing requirements to ../../build/green_control/green_control.egg-info/requires.txt
[9.832s] writing top-level names to ../../build/green_control/green_control.egg-info/top_level.txt
[9.844s] reading manifest file '../../build/green_control/green_control.egg-info/SOURCES.txt'
[9.849s] writing manifest file '../../build/green_control/green_control.egg-info/SOURCES.txt'
[9.850s] running build
[9.851s] running build_py
[9.852s] running install
[9.853s] running install_lib
[9.866s] running install_data
[9.867s] running install_egg_info
[9.884s] removing '/home/pi/ros2_ws/install/green_control/lib/python3.10/site-packages/green_control-0.0.0-py3.10.egg-info' (and everything under it)
[9.890s] Copying ../../build/green_control/green_control.egg-info to /home/pi/ros2_ws/install/green_control/lib/python3.10/site-packages/green_control-0.0.0-py3.10.egg-info
[9.902s] running install_scripts
[10.191s] Installing green_control script to /home/pi/ros2_ws/install/green_control/lib/green_control
[10.196s] writing list of installed files to '/home/pi/ros2_ws/build/green_control/install.log'
[10.631s] Invoked command in '/home/pi/ros2_ws/src/green_control' returned '0': PYTHONPATH=/home/pi/ros2_ws/build/green_control/prefix_override:/usr/lib/python3/dist-packages/colcon_core/task/python/colcon_distutils_commands:/home/pi/ros2_ws/install/green_control/lib/python3.10/site-packages:${PYTHONPATH} /usr/bin/python3 -W ignore:setup.py install is deprecated -W ignore:easy_install command is deprecated setup.py egg_info --egg-base ../../build/green_control build --build-base /home/pi/ros2_ws/build/green_control/build install --record /home/pi/ros2_ws/build/green_control/install.log --single-version-externally-managed install_data
