[0.081s] Invoking command in '/home/pi/ros2_ws/build/turtlesim': CMAKE_PREFIX_PATH=${CMAKE_PREFIX_PATH}:/home/pi/ros2_ws/install/py_Controller:/home/pi/ros2_ws/install/green_vision:/home/pi/ros2_ws/install/green_control:/opt/ros/humble /usr/bin/cmake --build /home/pi/ros2_ws/build/turtlesim -- -j4 -l4
[0.522s] [  1%] Built target turtlesim__cpp
[0.551s] [ 11%] Built target turtlesim__rosidl_generator_c
[0.617s] [ 11%] Built target ament_cmake_python_symlink_turtlesim
[0.770s] [ 21%] Built target turtlesim__rosidl_typesupport_fastrtps_cpp
[0.902s] [ 31%] Built target turtlesim__rosidl_typesupport_cpp
[0.911s] [ 41%] Built target turtlesim__rosidl_typesupport_introspection_cpp
[0.917s] [ 51%] Built target turtlesim__rosidl_typesupport_fastrtps_c
[0.926s] [ 61%] Built target turtlesim__rosidl_typesupport_introspection_c
[1.161s] [ 63%] Built target turtle_teleop_key
[1.209s] [ 73%] Built target turtlesim__rosidl_typesupport_c
[1.298s] [ 79%] Built target turtlesim_node
[1.473s] [ 81%] Built target mimic
[1.558s] [ 81%] Built target turtlesim
[1.590s] [ 83%] Built target draw_square
[1.914s] [ 84%] Built target turtlesim__py
[2.117s] [ 93%] Built target turtlesim__rosidl_generator_py
[2.262s] [ 95%] Built target turtlesim__rosidl_typesupport_introspection_c__pyext
[2.321s] [ 97%] Built target turtlesim__rosidl_typesupport_fastrtps_c__pyext
[2.390s] [100%] Built target turtlesim__rosidl_typesupport_c__pyext
[3.504s] running egg_info
[3.518s] writing turtlesim.egg-info/PKG-INFO
[3.532s] writing dependency_links to turtlesim.egg-info/dependency_links.txt
[3.534s] writing top-level names to turtlesim.egg-info/top_level.txt
[3.590s] reading manifest file 'turtlesim.egg-info/SOURCES.txt'
[3.591s] writing manifest file 'turtlesim.egg-info/SOURCES.txt'
[3.687s] [100%] Built target ament_cmake_python_build_turtlesim_egg
[3.756s] Invoked command in '/home/pi/ros2_ws/build/turtlesim' returned '0': CMAKE_PREFIX_PATH=${CMAKE_PREFIX_PATH}:/home/pi/ros2_ws/install/py_Controller:/home/pi/ros2_ws/install/green_vision:/home/pi/ros2_ws/install/green_control:/opt/ros/humble /usr/bin/cmake --build /home/pi/ros2_ws/build/turtlesim -- -j4 -l4
[3.758s] Invoking command in '/home/pi/ros2_ws/build/turtlesim': CMAKE_PREFIX_PATH=${CMAKE_PREFIX_PATH}:/home/pi/ros2_ws/install/py_Controller:/home/pi/ros2_ws/install/green_vision:/home/pi/ros2_ws/install/green_control:/opt/ros/humble /usr/bin/cmake --install /home/pi/ros2_ws/build/turtlesim
[3.797s] -- Install configuration: ""
[3.798s] -- Execute custom install script
[3.798s] -- Up-to-date symlink: /home/pi/ros2_ws/install/turtlesim/share/ament_index/resource_index/rosidl_interfaces/turtlesim
[3.800s] -- Up-to-date symlink: /home/pi/ros2_ws/install/turtlesim/include/turtlesim/turtlesim/action/detail/rotate_absolute__functions.h
[3.803s] -- Up-to-date symlink: /home/pi/ros2_ws/install/turtlesim/include/turtlesim/turtlesim/action/detail/rotate_absolute__struct.h
[3.806s] -- Up-to-date symlink: /home/pi/ros2_ws/install/turtlesim/include/turtlesim/turtlesim/action/detail/rotate_absolute__type_support.h
[3.807s] -- Up-to-date symlink: /home/pi/ros2_ws/install/turtlesim/include/turtlesim/turtlesim/action/rotate_absolute.h
[3.808s] -- Up-to-date symlink: /home/pi/ros2_ws/install/turtlesim/include/turtlesim/turtlesim/msg/color.h
[3.809s] -- Up-to-date symlink: /home/pi/ros2_ws/install/turtlesim/include/turtlesim/turtlesim/msg/detail/color__functions.h
[3.810s] -- Up-to-date symlink: /home/pi/ros2_ws/install/turtlesim/include/turtlesim/turtlesim/msg/detail/color__struct.h
[3.812s] -- Up-to-date symlink: /home/pi/ros2_ws/install/turtlesim/include/turtlesim/turtlesim/msg/detail/color__type_support.h
[3.814s] -- Up-to-date symlink: /home/pi/ros2_ws/install/turtlesim/include/turtlesim/turtlesim/msg/detail/pose__functions.h
[3.815s] -- Up-to-date symlink: /home/pi/ros2_ws/install/turtlesim/include/turtlesim/turtlesim/msg/detail/pose__struct.h
[3.815s] -- Up-to-date symlink: /home/pi/ros2_ws/install/turtlesim/include/turtlesim/turtlesim/msg/detail/pose__type_support.h
[3.817s] -- Up-to-date symlink: /home/pi/ros2_ws/install/turtlesim/include/turtlesim/turtlesim/msg/pose.h
[3.820s] -- Up-to-date symlink: /home/pi/ros2_ws/install/turtlesim/include/turtlesim/turtlesim/msg/rosidl_generator_c__visibility_control.h
[3.833s] -- Up-to-date symlink: /home/pi/ros2_ws/install/turtlesim/include/turtlesim/turtlesim/srv/detail/kill__functions.h
[3.834s] -- Up-to-date symlink: /home/pi/ros2_ws/install/turtlesim/include/turtlesim/turtlesim/srv/detail/kill__struct.h
[3.834s] -- Up-to-date symlink: /home/pi/ros2_ws/install/turtlesim/include/turtlesim/turtlesim/srv/detail/kill__type_support.h
[3.835s] -- Up-to-date symlink: /home/pi/ros2_ws/install/turtlesim/include/turtlesim/turtlesim/srv/detail/set_pen__functions.h
[3.835s] -- Up-to-date symlink: /home/pi/ros2_ws/install/turtlesim/include/turtlesim/turtlesim/srv/detail/set_pen__struct.h
[3.835s] -- Up-to-date symlink: /home/pi/ros2_ws/install/turtlesim/include/turtlesim/turtlesim/srv/detail/set_pen__type_support.h
[3.836s] -- Up-to-date symlink: /home/pi/ros2_ws/install/turtlesim/include/turtlesim/turtlesim/srv/detail/spawn__functions.h
[3.836s] -- Up-to-date symlink: /home/pi/ros2_ws/install/turtlesim/include/turtlesim/turtlesim/srv/detail/spawn__struct.h
[3.837s] -- Up-to-date symlink: /home/pi/ros2_ws/install/turtlesim/include/turtlesim/turtlesim/srv/detail/spawn__type_support.h
[3.837s] -- Up-to-date symlink: /home/pi/ros2_ws/install/turtlesim/include/turtlesim/turtlesim/srv/detail/teleport_absolute__functions.h
[3.838s] -- Up-to-date symlink: /home/pi/ros2_ws/install/turtlesim/include/turtlesim/turtlesim/srv/detail/teleport_absolute__struct.h
[3.838s] -- Up-to-date symlink: /home/pi/ros2_ws/install/turtlesim/include/turtlesim/turtlesim/srv/detail/teleport_absolute__type_support.h
[3.839s] -- Up-to-date symlink: /home/pi/ros2_ws/install/turtlesim/include/turtlesim/turtlesim/srv/detail/teleport_relative__functions.h
[3.839s] -- Up-to-date symlink: /home/pi/ros2_ws/install/turtlesim/include/turtlesim/turtlesim/srv/detail/teleport_relative__struct.h
[3.839s] -- Up-to-date symlink: /home/pi/ros2_ws/install/turtlesim/include/turtlesim/turtlesim/srv/detail/teleport_relative__type_support.h
[3.840s] -- Up-to-date symlink: /home/pi/ros2_ws/install/turtlesim/include/turtlesim/turtlesim/srv/kill.h
[3.840s] -- Up-to-date symlink: /home/pi/ros2_ws/install/turtlesim/include/turtlesim/turtlesim/srv/set_pen.h
[3.840s] -- Up-to-date symlink: /home/pi/ros2_ws/install/turtlesim/include/turtlesim/turtlesim/srv/spawn.h
[3.842s] -- Up-to-date symlink: /home/pi/ros2_ws/install/turtlesim/include/turtlesim/turtlesim/srv/teleport_absolute.h
[3.842s] -- Up-to-date symlink: /home/pi/ros2_ws/install/turtlesim/include/turtlesim/turtlesim/srv/teleport_relative.h
[3.846s] -- Up-to-date symlink: /home/pi/ros2_ws/install/turtlesim/share/turtlesim/environment/library_path.sh
[3.846s] -- Up-to-date symlink: /home/pi/ros2_ws/install/turtlesim/share/turtlesim/environment/library_path.dsv
[3.847s] -- Up-to-date symlink: /home/pi/ros2_ws/install/turtlesim/include/turtlesim/turtlesim/action/detail/rotate_absolute__rosidl_typesupport_fastrtps_c.h
[3.848s] -- Up-to-date symlink: /home/pi/ros2_ws/install/turtlesim/include/turtlesim/turtlesim/msg/detail/color__rosidl_typesupport_fastrtps_c.h
[3.850s] -- Up-to-date symlink: /home/pi/ros2_ws/install/turtlesim/include/turtlesim/turtlesim/msg/detail/pose__rosidl_typesupport_fastrtps_c.h
[3.851s] -- Up-to-date symlink: /home/pi/ros2_ws/install/turtlesim/include/turtlesim/turtlesim/msg/rosidl_typesupport_fastrtps_c__visibility_control.h
[3.852s] -- Up-to-date symlink: /home/pi/ros2_ws/install/turtlesim/include/turtlesim/turtlesim/srv/detail/kill__rosidl_typesupport_fastrtps_c.h
[3.853s] -- Up-to-date symlink: /home/pi/ros2_ws/install/turtlesim/include/turtlesim/turtlesim/srv/detail/set_pen__rosidl_typesupport_fastrtps_c.h
[3.854s] -- Up-to-date symlink: /home/pi/ros2_ws/install/turtlesim/include/turtlesim/turtlesim/srv/detail/spawn__rosidl_typesupport_fastrtps_c.h
[3.855s] -- Up-to-date symlink: /home/pi/ros2_ws/install/turtlesim/include/turtlesim/turtlesim/srv/detail/teleport_absolute__rosidl_typesupport_fastrtps_c.h
[3.858s] -- Up-to-date symlink: /home/pi/ros2_ws/install/turtlesim/include/turtlesim/turtlesim/srv/detail/teleport_relative__rosidl_typesupport_fastrtps_c.h
[3.859s] -- Up-to-date symlink: /home/pi/ros2_ws/install/turtlesim/include/turtlesim/turtlesim/action/detail/rotate_absolute__builder.hpp
[3.859s] -- Up-to-date symlink: /home/pi/ros2_ws/install/turtlesim/include/turtlesim/turtlesim/action/detail/rotate_absolute__struct.hpp
[3.861s] -- Up-to-date symlink: /home/pi/ros2_ws/install/turtlesim/include/turtlesim/turtlesim/action/detail/rotate_absolute__traits.hpp
[3.863s] -- Up-to-date symlink: /home/pi/ros2_ws/install/turtlesim/include/turtlesim/turtlesim/action/detail/rotate_absolute__type_support.hpp
[3.863s] -- Up-to-date symlink: /home/pi/ros2_ws/install/turtlesim/include/turtlesim/turtlesim/action/rotate_absolute.hpp
[3.864s] -- Up-to-date symlink: /home/pi/ros2_ws/install/turtlesim/include/turtlesim/turtlesim/msg/color.hpp
[3.866s] -- Up-to-date symlink: /home/pi/ros2_ws/install/turtlesim/include/turtlesim/turtlesim/msg/detail/color__builder.hpp
[3.867s] -- Up-to-date symlink: /home/pi/ros2_ws/install/turtlesim/include/turtlesim/turtlesim/msg/detail/color__struct.hpp
[3.868s] -- Up-to-date symlink: /home/pi/ros2_ws/install/turtlesim/include/turtlesim/turtlesim/msg/detail/color__traits.hpp
[3.869s] -- Up-to-date symlink: /home/pi/ros2_ws/install/turtlesim/include/turtlesim/turtlesim/msg/detail/color__type_support.hpp
[3.871s] -- Up-to-date symlink: /home/pi/ros2_ws/install/turtlesim/include/turtlesim/turtlesim/msg/detail/pose__builder.hpp
[3.872s] -- Up-to-date symlink: /home/pi/ros2_ws/install/turtlesim/include/turtlesim/turtlesim/msg/detail/pose__struct.hpp
[3.877s] -- Up-to-date symlink: /home/pi/ros2_ws/install/turtlesim/include/turtlesim/turtlesim/msg/detail/pose__traits.hpp
[3.877s] -- Up-to-date symlink: /home/pi/ros2_ws/install/turtlesim/include/turtlesim/turtlesim/msg/detail/pose__type_support.hpp
[3.878s] -- Up-to-date symlink: /home/pi/ros2_ws/install/turtlesim/include/turtlesim/turtlesim/msg/pose.hpp
[3.879s] -- Up-to-date symlink: /home/pi/ros2_ws/install/turtlesim/include/turtlesim/turtlesim/msg/rosidl_generator_cpp__visibility_control.hpp
[3.880s] -- Up-to-date symlink: /home/pi/ros2_ws/install/turtlesim/include/turtlesim/turtlesim/srv/detail/kill__builder.hpp
[3.881s] -- Up-to-date symlink: /home/pi/ros2_ws/install/turtlesim/include/turtlesim/turtlesim/srv/detail/kill__struct.hpp
[3.881s] -- Up-to-date symlink: /home/pi/ros2_ws/install/turtlesim/include/turtlesim/turtlesim/srv/detail/kill__traits.hpp
[3.884s] -- Up-to-date symlink: /home/pi/ros2_ws/install/turtlesim/include/turtlesim/turtlesim/srv/detail/kill__type_support.hpp
[3.885s] -- Up-to-date symlink: /home/pi/ros2_ws/install/turtlesim/include/turtlesim/turtlesim/srv/detail/set_pen__builder.hpp
[3.885s] -- Up-to-date symlink: /home/pi/ros2_ws/install/turtlesim/include/turtlesim/turtlesim/srv/detail/set_pen__struct.hpp
[3.887s] -- Up-to-date symlink: /home/pi/ros2_ws/install/turtlesim/include/turtlesim/turtlesim/srv/detail/set_pen__traits.hpp
[3.888s] -- Up-to-date symlink: /home/pi/ros2_ws/install/turtlesim/include/turtlesim/turtlesim/srv/detail/set_pen__type_support.hpp
[3.888s] -- Up-to-date symlink: /home/pi/ros2_ws/install/turtlesim/include/turtlesim/turtlesim/srv/detail/spawn__builder.hpp
[3.889s] -- Up-to-date symlink: /home/pi/ros2_ws/install/turtlesim/include/turtlesim/turtlesim/srv/detail/spawn__struct.hpp
[3.890s] -- Up-to-date symlink: /home/pi/ros2_ws/install/turtlesim/include/turtlesim/turtlesim/srv/detail/spawn__traits.hpp
[3.891s] -- Up-to-date symlink: /home/pi/ros2_ws/install/turtlesim/include/turtlesim/turtlesim/srv/detail/spawn__type_support.hpp
[3.891s] -- Up-to-date symlink: /home/pi/ros2_ws/install/turtlesim/include/turtlesim/turtlesim/srv/detail/teleport_absolute__builder.hpp
[3.892s] -- Up-to-date symlink: /home/pi/ros2_ws/install/turtlesim/include/turtlesim/turtlesim/srv/detail/teleport_absolute__struct.hpp
[3.893s] -- Up-to-date symlink: /home/pi/ros2_ws/install/turtlesim/include/turtlesim/turtlesim/srv/detail/teleport_absolute__traits.hpp
[3.894s] -- Up-to-date symlink: /home/pi/ros2_ws/install/turtlesim/include/turtlesim/turtlesim/srv/detail/teleport_absolute__type_support.hpp
[3.895s] -- Up-to-date symlink: /home/pi/ros2_ws/install/turtlesim/include/turtlesim/turtlesim/srv/detail/teleport_relative__builder.hpp
[3.895s] -- Up-to-date symlink: /home/pi/ros2_ws/install/turtlesim/include/turtlesim/turtlesim/srv/detail/teleport_relative__struct.hpp
[3.896s] -- Up-to-date symlink: /home/pi/ros2_ws/install/turtlesim/include/turtlesim/turtlesim/srv/detail/teleport_relative__traits.hpp
[3.896s] -- Up-to-date symlink: /home/pi/ros2_ws/install/turtlesim/include/turtlesim/turtlesim/srv/detail/teleport_relative__type_support.hpp
[3.897s] -- Up-to-date symlink: /home/pi/ros2_ws/install/turtlesim/include/turtlesim/turtlesim/srv/kill.hpp
[3.898s] -- Up-to-date symlink: /home/pi/ros2_ws/install/turtlesim/include/turtlesim/turtlesim/srv/set_pen.hpp
[3.898s] -- Up-to-date symlink: /home/pi/ros2_ws/install/turtlesim/include/turtlesim/turtlesim/srv/spawn.hpp
[3.899s] -- Up-to-date symlink: /home/pi/ros2_ws/install/turtlesim/include/turtlesim/turtlesim/srv/teleport_absolute.hpp
[3.899s] -- Up-to-date symlink: /home/pi/ros2_ws/install/turtlesim/include/turtlesim/turtlesim/srv/teleport_relative.hpp
[3.903s] -- Up-to-date symlink: /home/pi/ros2_ws/install/turtlesim/include/turtlesim/turtlesim/action/detail/rotate_absolute__rosidl_typesupport_fastrtps_cpp.hpp
[3.904s] -- Up-to-date symlink: /home/pi/ros2_ws/install/turtlesim/include/turtlesim/turtlesim/msg/detail/color__rosidl_typesupport_fastrtps_cpp.hpp
[3.905s] -- Up-to-date symlink: /home/pi/ros2_ws/install/turtlesim/include/turtlesim/turtlesim/msg/detail/pose__rosidl_typesupport_fastrtps_cpp.hpp
[3.906s] -- Up-to-date symlink: /home/pi/ros2_ws/install/turtlesim/include/turtlesim/turtlesim/msg/rosidl_typesupport_fastrtps_cpp__visibility_control.h
[3.908s] -- Up-to-date symlink: /home/pi/ros2_ws/install/turtlesim/include/turtlesim/turtlesim/srv/detail/kill__rosidl_typesupport_fastrtps_cpp.hpp
[3.909s] -- Up-to-date symlink: /home/pi/ros2_ws/install/turtlesim/include/turtlesim/turtlesim/srv/detail/set_pen__rosidl_typesupport_fastrtps_cpp.hpp
[3.910s] -- Up-to-date symlink: /home/pi/ros2_ws/install/turtlesim/include/turtlesim/turtlesim/srv/detail/spawn__rosidl_typesupport_fastrtps_cpp.hpp
[3.912s] -- Up-to-date symlink: /home/pi/ros2_ws/install/turtlesim/include/turtlesim/turtlesim/srv/detail/teleport_absolute__rosidl_typesupport_fastrtps_cpp.hpp
[3.914s] -- Up-to-date symlink: /home/pi/ros2_ws/install/turtlesim/include/turtlesim/turtlesim/srv/detail/teleport_relative__rosidl_typesupport_fastrtps_cpp.hpp
[3.920s] -- Up-to-date symlink: /home/pi/ros2_ws/install/turtlesim/include/turtlesim/turtlesim/action/detail/rotate_absolute__rosidl_typesupport_introspection_c.h
[3.928s] -- Up-to-date symlink: /home/pi/ros2_ws/install/turtlesim/include/turtlesim/turtlesim/msg/detail/color__rosidl_typesupport_introspection_c.h
[3.932s] -- Up-to-date symlink: /home/pi/ros2_ws/install/turtlesim/include/turtlesim/turtlesim/msg/detail/pose__rosidl_typesupport_introspection_c.h
[3.934s] -- Up-to-date symlink: /home/pi/ros2_ws/install/turtlesim/include/turtlesim/turtlesim/msg/rosidl_typesupport_introspection_c__visibility_control.h
[3.935s] -- Up-to-date symlink: /home/pi/ros2_ws/install/turtlesim/include/turtlesim/turtlesim/srv/detail/kill__rosidl_typesupport_introspection_c.h
[3.936s] -- Up-to-date symlink: /home/pi/ros2_ws/install/turtlesim/include/turtlesim/turtlesim/srv/detail/set_pen__rosidl_typesupport_introspection_c.h
[3.940s] -- Up-to-date symlink: /home/pi/ros2_ws/install/turtlesim/include/turtlesim/turtlesim/srv/detail/spawn__rosidl_typesupport_introspection_c.h
[3.941s] -- Up-to-date symlink: /home/pi/ros2_ws/install/turtlesim/include/turtlesim/turtlesim/srv/detail/teleport_absolute__rosidl_typesupport_introspection_c.h
[3.943s] -- Up-to-date symlink: /home/pi/ros2_ws/install/turtlesim/include/turtlesim/turtlesim/srv/detail/teleport_relative__rosidl_typesupport_introspection_c.h
[3.945s] -- Up-to-date symlink: /home/pi/ros2_ws/install/turtlesim/include/turtlesim/turtlesim/action/detail/rotate_absolute__rosidl_typesupport_introspection_cpp.hpp
[3.946s] -- Up-to-date symlink: /home/pi/ros2_ws/install/turtlesim/include/turtlesim/turtlesim/msg/detail/color__rosidl_typesupport_introspection_cpp.hpp
[3.946s] -- Up-to-date symlink: /home/pi/ros2_ws/install/turtlesim/include/turtlesim/turtlesim/msg/detail/pose__rosidl_typesupport_introspection_cpp.hpp
[3.946s] -- Up-to-date symlink: /home/pi/ros2_ws/install/turtlesim/include/turtlesim/turtlesim/srv/detail/kill__rosidl_typesupport_introspection_cpp.hpp
[3.947s] -- Up-to-date symlink: /home/pi/ros2_ws/install/turtlesim/include/turtlesim/turtlesim/srv/detail/set_pen__rosidl_typesupport_introspection_cpp.hpp
[3.947s] -- Up-to-date symlink: /home/pi/ros2_ws/install/turtlesim/include/turtlesim/turtlesim/srv/detail/spawn__rosidl_typesupport_introspection_cpp.hpp
[3.948s] -- Up-to-date symlink: /home/pi/ros2_ws/install/turtlesim/include/turtlesim/turtlesim/srv/detail/teleport_absolute__rosidl_typesupport_introspection_cpp.hpp
[3.948s] -- Up-to-date symlink: /home/pi/ros2_ws/install/turtlesim/include/turtlesim/turtlesim/srv/detail/teleport_relative__rosidl_typesupport_introspection_cpp.hpp
[3.948s] -- Up-to-date symlink: /home/pi/ros2_ws/install/turtlesim/share/turtlesim/environment/pythonpath.sh
[3.949s] -- Up-to-date symlink: /home/pi/ros2_ws/install/turtlesim/share/turtlesim/environment/pythonpath.dsv
[3.949s] -- Up-to-date symlink: /home/pi/ros2_ws/install/turtlesim/local/lib/python3.10/dist-packages/turtlesim-1.4.3-py3.10.egg-info/PKG-INFO
[3.950s] -- Up-to-date symlink: /home/pi/ros2_ws/install/turtlesim/local/lib/python3.10/dist-packages/turtlesim-1.4.3-py3.10.egg-info/SOURCES.txt
[3.950s] -- Up-to-date symlink: /home/pi/ros2_ws/install/turtlesim/local/lib/python3.10/dist-packages/turtlesim-1.4.3-py3.10.egg-info/dependency_links.txt
[3.951s] -- Up-to-date symlink: /home/pi/ros2_ws/install/turtlesim/local/lib/python3.10/dist-packages/turtlesim-1.4.3-py3.10.egg-info/top_level.txt
[3.954s] -- Up-to-date symlink: /home/pi/ros2_ws/install/turtlesim/local/lib/python3.10/dist-packages/turtlesim/__init__.py
[3.955s] -- Up-to-date symlink: /home/pi/ros2_ws/install/turtlesim/local/lib/python3.10/dist-packages/turtlesim/_turtlesim_s.ep.rosidl_typesupport_c.c
[3.958s] -- Up-to-date symlink: /home/pi/ros2_ws/install/turtlesim/local/lib/python3.10/dist-packages/turtlesim/_turtlesim_s.ep.rosidl_typesupport_fastrtps_c.c
[3.959s] -- Up-to-date symlink: /home/pi/ros2_ws/install/turtlesim/local/lib/python3.10/dist-packages/turtlesim/_turtlesim_s.ep.rosidl_typesupport_introspection_c.c
[3.960s] -- Up-to-date symlink: /home/pi/ros2_ws/install/turtlesim/local/lib/python3.10/dist-packages/turtlesim/action/__init__.py
[3.961s] -- Up-to-date symlink: /home/pi/ros2_ws/install/turtlesim/local/lib/python3.10/dist-packages/turtlesim/action/_rotate_absolute.py
[3.963s] -- Up-to-date symlink: /home/pi/ros2_ws/install/turtlesim/local/lib/python3.10/dist-packages/turtlesim/action/_rotate_absolute_s.c
[3.964s] -- Up-to-date symlink: /home/pi/ros2_ws/install/turtlesim/local/lib/python3.10/dist-packages/turtlesim/libturtlesim__rosidl_generator_py.so
[3.964s] -- Up-to-date symlink: /home/pi/ros2_ws/install/turtlesim/local/lib/python3.10/dist-packages/turtlesim/msg/__init__.py
[3.965s] -- Up-to-date symlink: /home/pi/ros2_ws/install/turtlesim/local/lib/python3.10/dist-packages/turtlesim/msg/_color.py
[3.966s] -- Up-to-date symlink: /home/pi/ros2_ws/install/turtlesim/local/lib/python3.10/dist-packages/turtlesim/msg/_color_s.c
[3.972s] -- Up-to-date symlink: /home/pi/ros2_ws/install/turtlesim/local/lib/python3.10/dist-packages/turtlesim/msg/_pose.py
[3.973s] -- Up-to-date symlink: /home/pi/ros2_ws/install/turtlesim/local/lib/python3.10/dist-packages/turtlesim/msg/_pose_s.c
[3.974s] -- Up-to-date symlink: /home/pi/ros2_ws/install/turtlesim/local/lib/python3.10/dist-packages/turtlesim/srv/__init__.py
[3.974s] -- Up-to-date symlink: /home/pi/ros2_ws/install/turtlesim/local/lib/python3.10/dist-packages/turtlesim/srv/_kill.py
[3.976s] -- Up-to-date symlink: /home/pi/ros2_ws/install/turtlesim/local/lib/python3.10/dist-packages/turtlesim/srv/_kill_s.c
[3.976s] -- Up-to-date symlink: /home/pi/ros2_ws/install/turtlesim/local/lib/python3.10/dist-packages/turtlesim/srv/_set_pen.py
[3.977s] -- Up-to-date symlink: /home/pi/ros2_ws/install/turtlesim/local/lib/python3.10/dist-packages/turtlesim/srv/_set_pen_s.c
[3.977s] -- Up-to-date symlink: /home/pi/ros2_ws/install/turtlesim/local/lib/python3.10/dist-packages/turtlesim/srv/_spawn.py
[3.978s] -- Up-to-date symlink: /home/pi/ros2_ws/install/turtlesim/local/lib/python3.10/dist-packages/turtlesim/srv/_spawn_s.c
[3.978s] -- Up-to-date symlink: /home/pi/ros2_ws/install/turtlesim/local/lib/python3.10/dist-packages/turtlesim/srv/_teleport_absolute.py
[3.979s] -- Up-to-date symlink: /home/pi/ros2_ws/install/turtlesim/local/lib/python3.10/dist-packages/turtlesim/srv/_teleport_absolute_s.c
[3.979s] -- Up-to-date symlink: /home/pi/ros2_ws/install/turtlesim/local/lib/python3.10/dist-packages/turtlesim/srv/_teleport_relative.py
[3.980s] -- Up-to-date symlink: /home/pi/ros2_ws/install/turtlesim/local/lib/python3.10/dist-packages/turtlesim/srv/_teleport_relative_s.c
[3.980s] -- Up-to-date symlink: /home/pi/ros2_ws/install/turtlesim/local/lib/python3.10/dist-packages/turtlesim/turtlesim_s__rosidl_typesupport_c.cpython-310-aarch64-linux-gnu.so
[3.981s] -- Up-to-date symlink: /home/pi/ros2_ws/install/turtlesim/local/lib/python3.10/dist-packages/turtlesim/turtlesim_s__rosidl_typesupport_fastrtps_c.cpython-310-aarch64-linux-gnu.so
[3.981s] -- Up-to-date symlink: /home/pi/ros2_ws/install/turtlesim/local/lib/python3.10/dist-packages/turtlesim/turtlesim_s__rosidl_typesupport_introspection_c.cpython-310-aarch64-linux-gnu.so
[3.982s] -- Up-to-date symlink: /home/pi/ros2_ws/install/turtlesim/local/lib/python3.10/dist-packages/turtlesim/turtlesim_s__rosidl_typesupport_fastrtps_c.cpython-310-aarch64-linux-gnu.so
[3.983s] -- Up-to-date symlink: /home/pi/ros2_ws/install/turtlesim/local/lib/python3.10/dist-packages/turtlesim/turtlesim_s__rosidl_typesupport_introspection_c.cpython-310-aarch64-linux-gnu.so
[3.984s] -- Up-to-date symlink: /home/pi/ros2_ws/install/turtlesim/local/lib/python3.10/dist-packages/turtlesim/turtlesim_s__rosidl_typesupport_c.cpython-310-aarch64-linux-gnu.so
[3.985s] -- Up-to-date symlink: /home/pi/ros2_ws/install/turtlesim/share/turtlesim/action/RotateAbsolute.idl
[3.986s] -- Up-to-date symlink: /home/pi/ros2_ws/install/turtlesim/share/turtlesim/msg/Color.idl
[3.987s] -- Up-to-date symlink: /home/pi/ros2_ws/install/turtlesim/share/turtlesim/msg/Pose.idl
[3.988s] -- Up-to-date symlink: /home/pi/ros2_ws/install/turtlesim/share/turtlesim/srv/Kill.idl
[3.989s] -- Up-to-date symlink: /home/pi/ros2_ws/install/turtlesim/share/turtlesim/srv/SetPen.idl
[3.990s] -- Up-to-date symlink: /home/pi/ros2_ws/install/turtlesim/share/turtlesim/srv/Spawn.idl
[3.991s] -- Up-to-date symlink: /home/pi/ros2_ws/install/turtlesim/share/turtlesim/srv/TeleportAbsolute.idl
[3.992s] -- Up-to-date symlink: /home/pi/ros2_ws/install/turtlesim/share/turtlesim/srv/TeleportRelative.idl
[3.993s] -- Up-to-date symlink: /home/pi/ros2_ws/install/turtlesim/share/turtlesim/action/RotateAbsolute.action
[3.994s] -- Up-to-date symlink: /home/pi/ros2_ws/install/turtlesim/share/turtlesim/msg/Color.msg
[3.995s] -- Up-to-date symlink: /home/pi/ros2_ws/install/turtlesim/share/turtlesim/msg/Pose.msg
[3.996s] -- Up-to-date symlink: /home/pi/ros2_ws/install/turtlesim/share/turtlesim/srv/Kill.srv
[3.997s] -- Up-to-date symlink: /home/pi/ros2_ws/install/turtlesim/share/turtlesim/srv/Kill_Request.msg
[3.998s] -- Up-to-date symlink: /home/pi/ros2_ws/install/turtlesim/share/turtlesim/srv/Kill_Response.msg
[3.999s] -- Up-to-date symlink: /home/pi/ros2_ws/install/turtlesim/share/turtlesim/srv/SetPen.srv
[4.000s] -- Up-to-date symlink: /home/pi/ros2_ws/install/turtlesim/share/turtlesim/srv/SetPen_Request.msg
[4.001s] -- Up-to-date symlink: /home/pi/ros2_ws/install/turtlesim/share/turtlesim/srv/SetPen_Response.msg
[4.002s] -- Up-to-date symlink: /home/pi/ros2_ws/install/turtlesim/share/turtlesim/srv/Spawn.srv
[4.003s] -- Up-to-date symlink: /home/pi/ros2_ws/install/turtlesim/share/turtlesim/srv/Spawn_Request.msg
[4.004s] -- Up-to-date symlink: /home/pi/ros2_ws/install/turtlesim/share/turtlesim/srv/Spawn_Response.msg
[4.005s] -- Up-to-date symlink: /home/pi/ros2_ws/install/turtlesim/share/turtlesim/srv/TeleportAbsolute.srv
[4.006s] -- Up-to-date symlink: /home/pi/ros2_ws/install/turtlesim/share/turtlesim/srv/TeleportAbsolute_Request.msg
[4.007s] -- Up-to-date symlink: /home/pi/ros2_ws/install/turtlesim/share/turtlesim/srv/TeleportAbsolute_Response.msg
[4.008s] -- Up-to-date symlink: /home/pi/ros2_ws/install/turtlesim/share/turtlesim/srv/TeleportRelative.srv
[4.009s] -- Up-to-date symlink: /home/pi/ros2_ws/install/turtlesim/share/turtlesim/srv/TeleportRelative_Request.msg
[4.010s] -- Up-to-date symlink: /home/pi/ros2_ws/install/turtlesim/share/turtlesim/srv/TeleportRelative_Response.msg
[4.011s] -- Up-to-date symlink: /home/pi/ros2_ws/install/turtlesim/lib/turtlesim/turtlesim_node
[4.012s] -- Up-to-date symlink: /home/pi/ros2_ws/install/turtlesim/lib/turtlesim/turtle_teleop_key
[4.013s] -- Up-to-date symlink: /home/pi/ros2_ws/install/turtlesim/lib/turtlesim/draw_square
[4.014s] -- Up-to-date symlink: /home/pi/ros2_ws/install/turtlesim/lib/turtlesim/mimic
[4.015s] -- Up-to-date symlink: /home/pi/ros2_ws/install/turtlesim/share/turtlesim/launch/multisim.launch.py
[4.016s] -- Up-to-date symlink: /home/pi/ros2_ws/install/turtlesim/share/ament_index/resource_index/package_run_dependencies/turtlesim
[4.018s] -- Up-to-date symlink: /home/pi/ros2_ws/install/turtlesim/share/ament_index/resource_index/parent_prefix_path/turtlesim
[4.019s] -- Up-to-date symlink: /home/pi/ros2_ws/install/turtlesim/share/turtlesim/environment/ament_prefix_path.sh
[4.019s] -- Up-to-date symlink: /home/pi/ros2_ws/install/turtlesim/share/turtlesim/environment/ament_prefix_path.dsv
[4.020s] -- Up-to-date symlink: /home/pi/ros2_ws/install/turtlesim/share/turtlesim/environment/path.sh
[4.021s] -- Up-to-date symlink: /home/pi/ros2_ws/install/turtlesim/share/turtlesim/environment/path.dsv
[4.024s] -- Up-to-date symlink: /home/pi/ros2_ws/install/turtlesim/share/turtlesim/local_setup.bash
[4.024s] -- Up-to-date symlink: /home/pi/ros2_ws/install/turtlesim/share/turtlesim/local_setup.sh
[4.025s] -- Up-to-date symlink: /home/pi/ros2_ws/install/turtlesim/share/turtlesim/local_setup.zsh
[4.026s] -- Up-to-date symlink: /home/pi/ros2_ws/install/turtlesim/share/turtlesim/local_setup.dsv
[4.027s] -- Symlinking: /home/pi/ros2_ws/install/turtlesim/share/turtlesim/package.dsv
[4.064s] -- Up-to-date symlink: /home/pi/ros2_ws/install/turtlesim/share/ament_index/resource_index/packages/turtlesim
[4.065s] -- Up-to-date symlink: /home/pi/ros2_ws/install/turtlesim/share/turtlesim/cmake/rosidl_cmake-extras.cmake
[4.066s] -- Up-to-date symlink: /home/pi/ros2_ws/install/turtlesim/share/turtlesim/cmake/ament_cmake_export_dependencies-extras.cmake
[4.067s] -- Up-to-date symlink: /home/pi/ros2_ws/install/turtlesim/share/turtlesim/cmake/ament_cmake_export_include_directories-extras.cmake
[4.067s] -- Up-to-date symlink: /home/pi/ros2_ws/install/turtlesim/share/turtlesim/cmake/ament_cmake_export_libraries-extras.cmake
[4.068s] -- Up-to-date symlink: /home/pi/ros2_ws/install/turtlesim/share/turtlesim/cmake/ament_cmake_export_targets-extras.cmake
[4.070s] -- Up-to-date symlink: /home/pi/ros2_ws/install/turtlesim/share/turtlesim/cmake/rosidl_cmake_export_typesupport_targets-extras.cmake
[4.070s] -- Up-to-date symlink: /home/pi/ros2_ws/install/turtlesim/share/turtlesim/cmake/rosidl_cmake_export_typesupport_libraries-extras.cmake
[4.071s] -- Up-to-date symlink: /home/pi/ros2_ws/install/turtlesim/share/turtlesim/cmake/turtlesimConfig.cmake
[4.072s] -- Up-to-date symlink: /home/pi/ros2_ws/install/turtlesim/share/turtlesim/cmake/turtlesimConfig-version.cmake
[4.073s] -- Up-to-date symlink: /home/pi/ros2_ws/install/turtlesim/share/turtlesim/package.xml
[4.074s] -- Up-to-date: /home/pi/ros2_ws/install/turtlesim/lib/libturtlesim__rosidl_generator_c.so
[4.076s] -- Up-to-date: /home/pi/ros2_ws/install/turtlesim/lib/libturtlesim__rosidl_typesupport_fastrtps_c.so
[4.078s] -- Up-to-date: /home/pi/ros2_ws/install/turtlesim/lib/libturtlesim__rosidl_typesupport_fastrtps_cpp.so
[4.081s] -- Up-to-date: /home/pi/ros2_ws/install/turtlesim/lib/libturtlesim__rosidl_typesupport_introspection_c.so
[4.082s] -- Up-to-date: /home/pi/ros2_ws/install/turtlesim/lib/libturtlesim__rosidl_typesupport_c.so
[4.084s] -- Up-to-date: /home/pi/ros2_ws/install/turtlesim/lib/libturtlesim__rosidl_typesupport_introspection_cpp.so
[4.086s] -- Up-to-date: /home/pi/ros2_ws/install/turtlesim/lib/libturtlesim__rosidl_typesupport_cpp.so
[4.269s] Listing '/home/pi/ros2_ws/install/turtlesim/local/lib/python3.10/dist-packages/turtlesim'...
[4.270s] Listing '/home/pi/ros2_ws/install/turtlesim/local/lib/python3.10/dist-packages/turtlesim/action'...
[4.272s] Listing '/home/pi/ros2_ws/install/turtlesim/local/lib/python3.10/dist-packages/turtlesim/msg'...
[4.273s] Listing '/home/pi/ros2_ws/install/turtlesim/local/lib/python3.10/dist-packages/turtlesim/srv'...
[4.299s] -- Up-to-date: /home/pi/ros2_ws/install/turtlesim/lib/libturtlesim__rosidl_generator_py.so
[4.300s] -- Up-to-date: /home/pi/ros2_ws/install/turtlesim/share/turtlesim/images
[4.301s] -- Up-to-date: /home/pi/ros2_ws/install/turtlesim/share/turtlesim/images/eloquent.png
[4.302s] -- Up-to-date: /home/pi/ros2_ws/install/turtlesim/share/turtlesim/images/galactic.png
[4.303s] -- Up-to-date: /home/pi/ros2_ws/install/turtlesim/share/turtlesim/images/dashing.png
[4.303s] -- Up-to-date: /home/pi/ros2_ws/install/turtlesim/share/turtlesim/images/humble.png
[4.303s] -- Up-to-date: /home/pi/ros2_ws/install/turtlesim/share/turtlesim/images/bouncy.png
[4.304s] -- Up-to-date: /home/pi/ros2_ws/install/turtlesim/share/turtlesim/images/rolling.png
[4.304s] -- Up-to-date: /home/pi/ros2_ws/install/turtlesim/share/turtlesim/images/ardent.png
[4.305s] -- Up-to-date: /home/pi/ros2_ws/install/turtlesim/share/turtlesim/images/crystal.png
[4.305s] -- Up-to-date: /home/pi/ros2_ws/install/turtlesim/share/turtlesim/images/foxy.png
[4.306s] -- Up-to-date: /home/pi/ros2_ws/install/turtlesim/share/turtlesim/cmake/export_turtlesim__rosidl_generator_cExport.cmake
[4.306s] -- Up-to-date: /home/pi/ros2_ws/install/turtlesim/share/turtlesim/cmake/export_turtlesim__rosidl_generator_cExport-noconfig.cmake
[4.307s] -- Up-to-date: /home/pi/ros2_ws/install/turtlesim/share/turtlesim/cmake/export_turtlesim__rosidl_typesupport_fastrtps_cExport.cmake
[4.307s] -- Up-to-date: /home/pi/ros2_ws/install/turtlesim/share/turtlesim/cmake/export_turtlesim__rosidl_typesupport_fastrtps_cExport-noconfig.cmake
[4.308s] -- Up-to-date: /home/pi/ros2_ws/install/turtlesim/share/turtlesim/cmake/export_turtlesim__rosidl_generator_cppExport.cmake
[4.308s] -- Up-to-date: /home/pi/ros2_ws/install/turtlesim/share/turtlesim/cmake/export_turtlesim__rosidl_typesupport_fastrtps_cppExport.cmake
[4.309s] -- Up-to-date: /home/pi/ros2_ws/install/turtlesim/share/turtlesim/cmake/export_turtlesim__rosidl_typesupport_fastrtps_cppExport-noconfig.cmake
[4.309s] -- Up-to-date: /home/pi/ros2_ws/install/turtlesim/share/turtlesim/cmake/turtlesim__rosidl_typesupport_introspection_cExport.cmake
[4.310s] -- Up-to-date: /home/pi/ros2_ws/install/turtlesim/share/turtlesim/cmake/turtlesim__rosidl_typesupport_introspection_cExport-noconfig.cmake
[4.310s] -- Up-to-date: /home/pi/ros2_ws/install/turtlesim/share/turtlesim/cmake/turtlesim__rosidl_typesupport_cExport.cmake
[4.311s] -- Up-to-date: /home/pi/ros2_ws/install/turtlesim/share/turtlesim/cmake/turtlesim__rosidl_typesupport_cExport-noconfig.cmake
[4.311s] -- Up-to-date: /home/pi/ros2_ws/install/turtlesim/share/turtlesim/cmake/turtlesim__rosidl_typesupport_introspection_cppExport.cmake
[4.312s] -- Up-to-date: /home/pi/ros2_ws/install/turtlesim/share/turtlesim/cmake/turtlesim__rosidl_typesupport_introspection_cppExport-noconfig.cmake
[4.312s] -- Up-to-date: /home/pi/ros2_ws/install/turtlesim/share/turtlesim/cmake/turtlesim__rosidl_typesupport_cppExport.cmake
[4.313s] -- Up-to-date: /home/pi/ros2_ws/install/turtlesim/share/turtlesim/cmake/turtlesim__rosidl_typesupport_cppExport-noconfig.cmake
[4.314s] -- Up-to-date: /home/pi/ros2_ws/install/turtlesim/share/turtlesim/cmake/export_turtlesim__rosidl_generator_pyExport.cmake
[4.314s] -- Up-to-date: /home/pi/ros2_ws/install/turtlesim/share/turtlesim/cmake/export_turtlesim__rosidl_generator_pyExport-noconfig.cmake
[4.323s] Invoked command in '/home/pi/ros2_ws/build/turtlesim' returned '0': CMAKE_PREFIX_PATH=${CMAKE_PREFIX_PATH}:/home/pi/ros2_ws/install/py_Controller:/home/pi/ros2_ws/install/green_vision:/home/pi/ros2_ws/install/green_control:/opt/ros/humble /usr/bin/cmake --install /home/pi/ros2_ws/build/turtlesim
