[7.900s] Invoking command in '/home/pi/ros2_ws/src/green_control': PYTHONPATH=/home/pi/ros2_ws/build/green_control/prefix_override:/usr/lib/python3/dist-packages/colcon_core/task/python/colcon_distutils_commands:/home/pi/ros2_ws/install/green_control/lib/python3.10/site-packages:${PYTHONPATH} /usr/bin/python3 -W ignore:setup.py install is deprecated -W ignore:easy_install command is deprecated setup.py egg_info --egg-base ../../build/green_control build --build-base /home/pi/ros2_ws/build/green_control/build install --record /home/pi/ros2_ws/build/green_control/install.log --single-version-externally-managed install_data
[9.970s] running egg_info
[9.973s] writing ../../build/green_control/green_control.egg-info/PKG-INFO
[9.979s] writing dependency_links to ../../build/green_control/green_control.egg-info/dependency_links.txt
[9.980s] writing entry points to ../../build/green_control/green_control.egg-info/entry_points.txt
[9.981s] writing requirements to ../../build/green_control/green_control.egg-info/requires.txt
[9.987s] writing top-level names to ../../build/green_control/green_control.egg-info/top_level.txt
[9.995s] reading manifest file '../../build/green_control/green_control.egg-info/SOURCES.txt'
[9.997s] writing manifest file '../../build/green_control/green_control.egg-info/SOURCES.txt'
[10.008s] running build
[10.010s] running build_py
[10.014s] running install
[10.015s] running install_lib
[10.017s] running install_data
[10.017s] running install_egg_info
[10.027s] removing '/home/pi/ros2_ws/install/green_control/lib/python3.10/site-packages/green_control-0.0.0-py3.10.egg-info' (and everything under it)
[10.035s] Copying ../../build/green_control/green_control.egg-info to /home/pi/ros2_ws/install/green_control/lib/python3.10/site-packages/green_control-0.0.0-py3.10.egg-info
[10.039s] running install_scripts
[10.179s] Installing green_control script to /home/pi/ros2_ws/install/green_control/lib/green_control
[10.183s] writing list of installed files to '/home/pi/ros2_ws/build/green_control/install.log'
[10.515s] Invoked command in '/home/pi/ros2_ws/src/green_control' returned '0': PYTHONPATH=/home/pi/ros2_ws/build/green_control/prefix_override:/usr/lib/python3/dist-packages/colcon_core/task/python/colcon_distutils_commands:/home/pi/ros2_ws/install/green_control/lib/python3.10/site-packages:${PYTHONPATH} /usr/bin/python3 -W ignore:setup.py install is deprecated -W ignore:easy_install command is deprecated setup.py egg_info --egg-base ../../build/green_control build --build-base /home/pi/ros2_ws/build/green_control/build install --record /home/pi/ros2_ws/build/green_control/install.log --single-version-externally-managed install_data
