[7.706s] Invoking command in '/home/pi/ros2_ws/src/green_vision': PYTHONPATH=/home/pi/ros2_ws/build/green_vision/prefix_override:/usr/lib/python3/dist-packages/colcon_core/task/python/colcon_distutils_commands:/home/pi/ros2_ws/install/green_vision/lib/python3.10/site-packages:${PYTHONPATH} /usr/bin/python3 -W ignore:setup.py install is deprecated -W ignore:easy_install command is deprecated setup.py egg_info --egg-base ../../build/green_vision build --build-base /home/pi/ros2_ws/build/green_vision/build install --record /home/pi/ros2_ws/build/green_vision/install.log --single-version-externally-managed install_data
[9.651s] running egg_info
[9.654s] writing ../../build/green_vision/green_vision.egg-info/PKG-INFO
[9.659s] writing dependency_links to ../../build/green_vision/green_vision.egg-info/dependency_links.txt
[9.661s] writing entry points to ../../build/green_vision/green_vision.egg-info/entry_points.txt
[9.662s] writing requirements to ../../build/green_vision/green_vision.egg-info/requires.txt
[9.663s] writing top-level names to ../../build/green_vision/green_vision.egg-info/top_level.txt
[9.693s] reading manifest file '../../build/green_vision/green_vision.egg-info/SOURCES.txt'
[9.698s] writing manifest file '../../build/green_vision/green_vision.egg-info/SOURCES.txt'
[9.699s] running build
[9.700s] running build_py
[9.701s] copying green_vision/green_vision.py -> /home/pi/ros2_ws/build/green_vision/build/lib/green_vision
[9.702s] running install
[9.704s] running install_lib
[9.709s] copying /home/pi/ros2_ws/build/green_vision/build/lib/green_vision/green_vision.py -> /home/pi/ros2_ws/install/green_vision/lib/python3.10/site-packages/green_vision
[9.713s] byte-compiling /home/pi/ros2_ws/install/green_vision/lib/python3.10/site-packages/green_vision/green_vision.py to green_vision.cpython-310.pyc
[9.716s] running install_data
[9.717s] running install_egg_info
[9.730s] removing '/home/pi/ros2_ws/install/green_vision/lib/python3.10/site-packages/green_vision-0.0.0-py3.10.egg-info' (and everything under it)
[9.733s] Copying ../../build/green_vision/green_vision.egg-info to /home/pi/ros2_ws/install/green_vision/lib/python3.10/site-packages/green_vision-0.0.0-py3.10.egg-info
[9.742s] running install_scripts
[9.875s] Installing green_vision script to /home/pi/ros2_ws/install/green_vision/lib/green_vision
[9.877s] writing list of installed files to '/home/pi/ros2_ws/build/green_vision/install.log'
[10.272s] Invoked command in '/home/pi/ros2_ws/src/green_vision' returned '0': PYTHONPATH=/home/pi/ros2_ws/build/green_vision/prefix_override:/usr/lib/python3/dist-packages/colcon_core/task/python/colcon_distutils_commands:/home/pi/ros2_ws/install/green_vision/lib/python3.10/site-packages:${PYTHONPATH} /usr/bin/python3 -W ignore:setup.py install is deprecated -W ignore:easy_install command is deprecated setup.py egg_info --egg-base ../../build/green_vision build --build-base /home/pi/ros2_ws/build/green_vision/build install --record /home/pi/ros2_ws/build/green_vision/install.log --single-version-externally-managed install_data
