[0.054s] Invoking command in '/home/pi/ros2_ws/build/turtlesim': CMAKE_PREFIX_PATH=${CMAKE_PREFIX_PATH}:/home/pi/ros2_ws/install/green_vision:/home/pi/ros2_ws/install/green_control:/opt/ros/humble /usr/bin/cmake --build /home/pi/ros2_ws/build/turtlesim -- -j4 -l4
[0.418s] [  1%] Built target turtlesim__cpp
[0.483s] [ 11%] Built target turtlesim__rosidl_generator_c
[0.559s] [ 11%] Built target ament_cmake_python_symlink_turtlesim
[0.685s] [ 21%] Built target turtlesim__rosidl_typesupport_fastrtps_cpp
[0.696s] [ 31%] Built target turtlesim__rosidl_typesupport_cpp
[0.742s] [ 41%] Built target turtlesim__rosidl_typesupport_introspection_cpp
[0.895s] [ 51%] Built target turtlesim__rosidl_typesupport_fastrtps_c
[0.916s] [ 61%] Built target turtlesim__rosidl_typesupport_c
[1.013s] [ 71%] Built target turtlesim__rosidl_typesupport_introspection_c
[1.243s] [ 73%] Built target turtle_teleop_key
[1.293s] [ 75%] Built target draw_square
[1.353s] [ 81%] Built target turtlesim_node
[1.486s] [ 81%] Built target turtlesim
[1.533s] [ 83%] Built target mimic
[1.687s] [ 84%] Built target turtlesim__py
[1.903s] [ 93%] Built target turtlesim__rosidl_generator_py
[2.148s] [ 95%] Built target turtlesim__rosidl_typesupport_introspection_c__pyext
[2.176s] [ 97%] Built target turtlesim__rosidl_typesupport_fastrtps_c__pyext
[2.211s] [100%] Built target turtlesim__rosidl_typesupport_c__pyext
[3.287s] running egg_info
[3.290s] writing turtlesim.egg-info/PKG-INFO
[3.291s] writing dependency_links to turtlesim.egg-info/dependency_links.txt
[3.292s] writing top-level names to turtlesim.egg-info/top_level.txt
[3.313s] reading manifest file 'turtlesim.egg-info/SOURCES.txt'
[3.316s] writing manifest file 'turtlesim.egg-info/SOURCES.txt'
[3.481s] [100%] Built target ament_cmake_python_build_turtlesim_egg
[3.545s] Invoked command in '/home/pi/ros2_ws/build/turtlesim' returned '0': CMAKE_PREFIX_PATH=${CMAKE_PREFIX_PATH}:/home/pi/ros2_ws/install/green_vision:/home/pi/ros2_ws/install/green_control:/opt/ros/humble /usr/bin/cmake --build /home/pi/ros2_ws/build/turtlesim -- -j4 -l4
[3.554s] Invoking command in '/home/pi/ros2_ws/build/turtlesim': CMAKE_PREFIX_PATH=${CMAKE_PREFIX_PATH}:/home/pi/ros2_ws/install/green_vision:/home/pi/ros2_ws/install/green_control:/opt/ros/humble /usr/bin/cmake --install /home/pi/ros2_ws/build/turtlesim
[3.588s] -- Install configuration: ""
[3.591s] -- Execute custom install script
[3.592s] -- Up-to-date symlink: /home/pi/ros2_ws/install/turtlesim/share/ament_index/resource_index/rosidl_interfaces/turtlesim
[3.599s] -- Up-to-date symlink: /home/pi/ros2_ws/install/turtlesim/include/turtlesim/turtlesim/action/detail/rotate_absolute__functions.h
[3.600s] -- Up-to-date symlink: /home/pi/ros2_ws/install/turtlesim/include/turtlesim/turtlesim/action/detail/rotate_absolute__struct.h
[3.601s] -- Up-to-date symlink: /home/pi/ros2_ws/install/turtlesim/include/turtlesim/turtlesim/action/detail/rotate_absolute__type_support.h
[3.602s] -- Up-to-date symlink: /home/pi/ros2_ws/install/turtlesim/include/turtlesim/turtlesim/action/rotate_absolute.h
[3.604s] -- Up-to-date symlink: /home/pi/ros2_ws/install/turtlesim/include/turtlesim/turtlesim/msg/color.h
[3.605s] -- Up-to-date symlink: /home/pi/ros2_ws/install/turtlesim/include/turtlesim/turtlesim/msg/detail/color__functions.h
[3.606s] -- Up-to-date symlink: /home/pi/ros2_ws/install/turtlesim/include/turtlesim/turtlesim/msg/detail/color__struct.h
[3.609s] -- Up-to-date symlink: /home/pi/ros2_ws/install/turtlesim/include/turtlesim/turtlesim/msg/detail/color__type_support.h
[3.610s] -- Up-to-date symlink: /home/pi/ros2_ws/install/turtlesim/include/turtlesim/turtlesim/msg/detail/pose__functions.h
[3.611s] -- Up-to-date symlink: /home/pi/ros2_ws/install/turtlesim/include/turtlesim/turtlesim/msg/detail/pose__struct.h
[3.612s] -- Up-to-date symlink: /home/pi/ros2_ws/install/turtlesim/include/turtlesim/turtlesim/msg/detail/pose__type_support.h
[3.612s] -- Up-to-date symlink: /home/pi/ros2_ws/install/turtlesim/include/turtlesim/turtlesim/msg/pose.h
[3.613s] -- Up-to-date symlink: /home/pi/ros2_ws/install/turtlesim/include/turtlesim/turtlesim/msg/rosidl_generator_c__visibility_control.h
[3.615s] -- Up-to-date symlink: /home/pi/ros2_ws/install/turtlesim/include/turtlesim/turtlesim/srv/detail/kill__functions.h
[3.615s] -- Up-to-date symlink: /home/pi/ros2_ws/install/turtlesim/include/turtlesim/turtlesim/srv/detail/kill__struct.h
[3.616s] -- Up-to-date symlink: /home/pi/ros2_ws/install/turtlesim/include/turtlesim/turtlesim/srv/detail/kill__type_support.h
[3.617s] -- Up-to-date symlink: /home/pi/ros2_ws/install/turtlesim/include/turtlesim/turtlesim/srv/detail/set_pen__functions.h
[3.618s] -- Up-to-date symlink: /home/pi/ros2_ws/install/turtlesim/include/turtlesim/turtlesim/srv/detail/set_pen__struct.h
[3.619s] -- Up-to-date symlink: /home/pi/ros2_ws/install/turtlesim/include/turtlesim/turtlesim/srv/detail/set_pen__type_support.h
[3.620s] -- Up-to-date symlink: /home/pi/ros2_ws/install/turtlesim/include/turtlesim/turtlesim/srv/detail/spawn__functions.h
[3.621s] -- Up-to-date symlink: /home/pi/ros2_ws/install/turtlesim/include/turtlesim/turtlesim/srv/detail/spawn__struct.h
[3.622s] -- Up-to-date symlink: /home/pi/ros2_ws/install/turtlesim/include/turtlesim/turtlesim/srv/detail/spawn__type_support.h
[3.624s] -- Up-to-date symlink: /home/pi/ros2_ws/install/turtlesim/include/turtlesim/turtlesim/srv/detail/teleport_absolute__functions.h
[3.625s] -- Up-to-date symlink: /home/pi/ros2_ws/install/turtlesim/include/turtlesim/turtlesim/srv/detail/teleport_absolute__struct.h
[3.626s] -- Up-to-date symlink: /home/pi/ros2_ws/install/turtlesim/include/turtlesim/turtlesim/srv/detail/teleport_absolute__type_support.h
[3.627s] -- Up-to-date symlink: /home/pi/ros2_ws/install/turtlesim/include/turtlesim/turtlesim/srv/detail/teleport_relative__functions.h
[3.628s] -- Up-to-date symlink: /home/pi/ros2_ws/install/turtlesim/include/turtlesim/turtlesim/srv/detail/teleport_relative__struct.h
[3.629s] -- Up-to-date symlink: /home/pi/ros2_ws/install/turtlesim/include/turtlesim/turtlesim/srv/detail/teleport_relative__type_support.h
[3.630s] -- Up-to-date symlink: /home/pi/ros2_ws/install/turtlesim/include/turtlesim/turtlesim/srv/kill.h
[3.631s] -- Up-to-date symlink: /home/pi/ros2_ws/install/turtlesim/include/turtlesim/turtlesim/srv/set_pen.h
[3.632s] -- Up-to-date symlink: /home/pi/ros2_ws/install/turtlesim/include/turtlesim/turtlesim/srv/spawn.h
[3.633s] -- Up-to-date symlink: /home/pi/ros2_ws/install/turtlesim/include/turtlesim/turtlesim/srv/teleport_absolute.h
[3.635s] -- Up-to-date symlink: /home/pi/ros2_ws/install/turtlesim/include/turtlesim/turtlesim/srv/teleport_relative.h
[3.636s] -- Up-to-date symlink: /home/pi/ros2_ws/install/turtlesim/share/turtlesim/environment/library_path.sh
[3.637s] -- Up-to-date symlink: /home/pi/ros2_ws/install/turtlesim/share/turtlesim/environment/library_path.dsv
[3.644s] -- Up-to-date symlink: /home/pi/ros2_ws/install/turtlesim/include/turtlesim/turtlesim/action/detail/rotate_absolute__rosidl_typesupport_fastrtps_c.h
[3.645s] -- Up-to-date symlink: /home/pi/ros2_ws/install/turtlesim/include/turtlesim/turtlesim/msg/detail/color__rosidl_typesupport_fastrtps_c.h
[3.646s] -- Up-to-date symlink: /home/pi/ros2_ws/install/turtlesim/include/turtlesim/turtlesim/msg/detail/pose__rosidl_typesupport_fastrtps_c.h
[3.647s] -- Up-to-date symlink: /home/pi/ros2_ws/install/turtlesim/include/turtlesim/turtlesim/msg/rosidl_typesupport_fastrtps_c__visibility_control.h
[3.649s] -- Up-to-date symlink: /home/pi/ros2_ws/install/turtlesim/include/turtlesim/turtlesim/srv/detail/kill__rosidl_typesupport_fastrtps_c.h
[3.650s] -- Up-to-date symlink: /home/pi/ros2_ws/install/turtlesim/include/turtlesim/turtlesim/srv/detail/set_pen__rosidl_typesupport_fastrtps_c.h
[3.653s] -- Up-to-date symlink: /home/pi/ros2_ws/install/turtlesim/include/turtlesim/turtlesim/srv/detail/spawn__rosidl_typesupport_fastrtps_c.h
[3.655s] -- Up-to-date symlink: /home/pi/ros2_ws/install/turtlesim/include/turtlesim/turtlesim/srv/detail/teleport_absolute__rosidl_typesupport_fastrtps_c.h
[3.656s] -- Up-to-date symlink: /home/pi/ros2_ws/install/turtlesim/include/turtlesim/turtlesim/srv/detail/teleport_relative__rosidl_typesupport_fastrtps_c.h
[3.661s] -- Up-to-date symlink: /home/pi/ros2_ws/install/turtlesim/include/turtlesim/turtlesim/action/detail/rotate_absolute__builder.hpp
[3.662s] -- Up-to-date symlink: /home/pi/ros2_ws/install/turtlesim/include/turtlesim/turtlesim/action/detail/rotate_absolute__struct.hpp
[3.663s] -- Up-to-date symlink: /home/pi/ros2_ws/install/turtlesim/include/turtlesim/turtlesim/action/detail/rotate_absolute__traits.hpp
[3.664s] -- Up-to-date symlink: /home/pi/ros2_ws/install/turtlesim/include/turtlesim/turtlesim/action/detail/rotate_absolute__type_support.hpp
[3.665s] -- Up-to-date symlink: /home/pi/ros2_ws/install/turtlesim/include/turtlesim/turtlesim/action/rotate_absolute.hpp
[3.666s] -- Up-to-date symlink: /home/pi/ros2_ws/install/turtlesim/include/turtlesim/turtlesim/msg/color.hpp
[3.668s] -- Up-to-date symlink: /home/pi/ros2_ws/install/turtlesim/include/turtlesim/turtlesim/msg/detail/color__builder.hpp
[3.669s] -- Up-to-date symlink: /home/pi/ros2_ws/install/turtlesim/include/turtlesim/turtlesim/msg/detail/color__struct.hpp
[3.670s] -- Up-to-date symlink: /home/pi/ros2_ws/install/turtlesim/include/turtlesim/turtlesim/msg/detail/color__traits.hpp
[3.671s] -- Up-to-date symlink: /home/pi/ros2_ws/install/turtlesim/include/turtlesim/turtlesim/msg/detail/color__type_support.hpp
[3.672s] -- Up-to-date symlink: /home/pi/ros2_ws/install/turtlesim/include/turtlesim/turtlesim/msg/detail/pose__builder.hpp
[3.674s] -- Up-to-date symlink: /home/pi/ros2_ws/install/turtlesim/include/turtlesim/turtlesim/msg/detail/pose__struct.hpp
[3.675s] -- Up-to-date symlink: /home/pi/ros2_ws/install/turtlesim/include/turtlesim/turtlesim/msg/detail/pose__traits.hpp
[3.676s] -- Up-to-date symlink: /home/pi/ros2_ws/install/turtlesim/include/turtlesim/turtlesim/msg/detail/pose__type_support.hpp
[3.677s] -- Up-to-date symlink: /home/pi/ros2_ws/install/turtlesim/include/turtlesim/turtlesim/msg/pose.hpp
[3.678s] -- Up-to-date symlink: /home/pi/ros2_ws/install/turtlesim/include/turtlesim/turtlesim/msg/rosidl_generator_cpp__visibility_control.hpp
[3.679s] -- Up-to-date symlink: /home/pi/ros2_ws/install/turtlesim/include/turtlesim/turtlesim/srv/detail/kill__builder.hpp
[3.680s] -- Up-to-date symlink: /home/pi/ros2_ws/install/turtlesim/include/turtlesim/turtlesim/srv/detail/kill__struct.hpp
[3.681s] -- Up-to-date symlink: /home/pi/ros2_ws/install/turtlesim/include/turtlesim/turtlesim/srv/detail/kill__traits.hpp
[3.682s] -- Up-to-date symlink: /home/pi/ros2_ws/install/turtlesim/include/turtlesim/turtlesim/srv/detail/kill__type_support.hpp
[3.684s] -- Up-to-date symlink: /home/pi/ros2_ws/install/turtlesim/include/turtlesim/turtlesim/srv/detail/set_pen__builder.hpp
[3.685s] -- Up-to-date symlink: /home/pi/ros2_ws/install/turtlesim/include/turtlesim/turtlesim/srv/detail/set_pen__struct.hpp
[3.686s] -- Up-to-date symlink: /home/pi/ros2_ws/install/turtlesim/include/turtlesim/turtlesim/srv/detail/set_pen__traits.hpp
[3.687s] -- Up-to-date symlink: /home/pi/ros2_ws/install/turtlesim/include/turtlesim/turtlesim/srv/detail/set_pen__type_support.hpp
[3.688s] -- Up-to-date symlink: /home/pi/ros2_ws/install/turtlesim/include/turtlesim/turtlesim/srv/detail/spawn__builder.hpp
[3.689s] -- Up-to-date symlink: /home/pi/ros2_ws/install/turtlesim/include/turtlesim/turtlesim/srv/detail/spawn__struct.hpp
[3.690s] -- Up-to-date symlink: /home/pi/ros2_ws/install/turtlesim/include/turtlesim/turtlesim/srv/detail/spawn__traits.hpp
[3.692s] -- Up-to-date symlink: /home/pi/ros2_ws/install/turtlesim/include/turtlesim/turtlesim/srv/detail/spawn__type_support.hpp
[3.694s] -- Up-to-date symlink: /home/pi/ros2_ws/install/turtlesim/include/turtlesim/turtlesim/srv/detail/teleport_absolute__builder.hpp
[3.695s] -- Up-to-date symlink: /home/pi/ros2_ws/install/turtlesim/include/turtlesim/turtlesim/srv/detail/teleport_absolute__struct.hpp
[3.696s] -- Up-to-date symlink: /home/pi/ros2_ws/install/turtlesim/include/turtlesim/turtlesim/srv/detail/teleport_absolute__traits.hpp
[3.698s] -- Up-to-date symlink: /home/pi/ros2_ws/install/turtlesim/include/turtlesim/turtlesim/srv/detail/teleport_absolute__type_support.hpp
[3.700s] -- Up-to-date symlink: /home/pi/ros2_ws/install/turtlesim/include/turtlesim/turtlesim/srv/detail/teleport_relative__builder.hpp
[3.703s] -- Up-to-date symlink: /home/pi/ros2_ws/install/turtlesim/include/turtlesim/turtlesim/srv/detail/teleport_relative__struct.hpp
[3.705s] -- Up-to-date symlink: /home/pi/ros2_ws/install/turtlesim/include/turtlesim/turtlesim/srv/detail/teleport_relative__traits.hpp
[3.706s] -- Up-to-date symlink: /home/pi/ros2_ws/install/turtlesim/include/turtlesim/turtlesim/srv/detail/teleport_relative__type_support.hpp
[3.708s] -- Up-to-date symlink: /home/pi/ros2_ws/install/turtlesim/include/turtlesim/turtlesim/srv/kill.hpp
[3.709s] -- Up-to-date symlink: /home/pi/ros2_ws/install/turtlesim/include/turtlesim/turtlesim/srv/set_pen.hpp
[3.709s] -- Up-to-date symlink: /home/pi/ros2_ws/install/turtlesim/include/turtlesim/turtlesim/srv/spawn.hpp
[3.710s] -- Up-to-date symlink: /home/pi/ros2_ws/install/turtlesim/include/turtlesim/turtlesim/srv/teleport_absolute.hpp
[3.710s] -- Up-to-date symlink: /home/pi/ros2_ws/install/turtlesim/include/turtlesim/turtlesim/srv/teleport_relative.hpp
[3.720s] -- Up-to-date symlink: /home/pi/ros2_ws/install/turtlesim/include/turtlesim/turtlesim/action/detail/rotate_absolute__rosidl_typesupport_fastrtps_cpp.hpp
[3.721s] -- Up-to-date symlink: /home/pi/ros2_ws/install/turtlesim/include/turtlesim/turtlesim/msg/detail/color__rosidl_typesupport_fastrtps_cpp.hpp
[3.722s] -- Up-to-date symlink: /home/pi/ros2_ws/install/turtlesim/include/turtlesim/turtlesim/msg/detail/pose__rosidl_typesupport_fastrtps_cpp.hpp
[3.724s] -- Up-to-date symlink: /home/pi/ros2_ws/install/turtlesim/include/turtlesim/turtlesim/msg/rosidl_typesupport_fastrtps_cpp__visibility_control.h
[3.725s] -- Up-to-date symlink: /home/pi/ros2_ws/install/turtlesim/include/turtlesim/turtlesim/srv/detail/kill__rosidl_typesupport_fastrtps_cpp.hpp
[3.726s] -- Up-to-date symlink: /home/pi/ros2_ws/install/turtlesim/include/turtlesim/turtlesim/srv/detail/set_pen__rosidl_typesupport_fastrtps_cpp.hpp
[3.726s] -- Up-to-date symlink: /home/pi/ros2_ws/install/turtlesim/include/turtlesim/turtlesim/srv/detail/spawn__rosidl_typesupport_fastrtps_cpp.hpp
[3.727s] -- Up-to-date symlink: /home/pi/ros2_ws/install/turtlesim/include/turtlesim/turtlesim/srv/detail/teleport_absolute__rosidl_typesupport_fastrtps_cpp.hpp
[3.729s] -- Up-to-date symlink: /home/pi/ros2_ws/install/turtlesim/include/turtlesim/turtlesim/srv/detail/teleport_relative__rosidl_typesupport_fastrtps_cpp.hpp
[3.733s] -- Up-to-date symlink: /home/pi/ros2_ws/install/turtlesim/include/turtlesim/turtlesim/action/detail/rotate_absolute__rosidl_typesupport_introspection_c.h
[3.735s] -- Up-to-date symlink: /home/pi/ros2_ws/install/turtlesim/include/turtlesim/turtlesim/msg/detail/color__rosidl_typesupport_introspection_c.h
[3.736s] -- Up-to-date symlink: /home/pi/ros2_ws/install/turtlesim/include/turtlesim/turtlesim/msg/detail/pose__rosidl_typesupport_introspection_c.h
[3.737s] -- Up-to-date symlink: /home/pi/ros2_ws/install/turtlesim/include/turtlesim/turtlesim/msg/rosidl_typesupport_introspection_c__visibility_control.h
[3.739s] -- Up-to-date symlink: /home/pi/ros2_ws/install/turtlesim/include/turtlesim/turtlesim/srv/detail/kill__rosidl_typesupport_introspection_c.h
[3.740s] -- Up-to-date symlink: /home/pi/ros2_ws/install/turtlesim/include/turtlesim/turtlesim/srv/detail/set_pen__rosidl_typesupport_introspection_c.h
[3.741s] -- Up-to-date symlink: /home/pi/ros2_ws/install/turtlesim/include/turtlesim/turtlesim/srv/detail/spawn__rosidl_typesupport_introspection_c.h
[3.742s] -- Up-to-date symlink: /home/pi/ros2_ws/install/turtlesim/include/turtlesim/turtlesim/srv/detail/teleport_absolute__rosidl_typesupport_introspection_c.h
[3.743s] -- Up-to-date symlink: /home/pi/ros2_ws/install/turtlesim/include/turtlesim/turtlesim/srv/detail/teleport_relative__rosidl_typesupport_introspection_c.h
[3.748s] -- Up-to-date symlink: /home/pi/ros2_ws/install/turtlesim/include/turtlesim/turtlesim/action/detail/rotate_absolute__rosidl_typesupport_introspection_cpp.hpp
[3.750s] -- Up-to-date symlink: /home/pi/ros2_ws/install/turtlesim/include/turtlesim/turtlesim/msg/detail/color__rosidl_typesupport_introspection_cpp.hpp
[3.750s] -- Up-to-date symlink: /home/pi/ros2_ws/install/turtlesim/include/turtlesim/turtlesim/msg/detail/pose__rosidl_typesupport_introspection_cpp.hpp
[3.752s] -- Up-to-date symlink: /home/pi/ros2_ws/install/turtlesim/include/turtlesim/turtlesim/srv/detail/kill__rosidl_typesupport_introspection_cpp.hpp
[3.753s] -- Up-to-date symlink: /home/pi/ros2_ws/install/turtlesim/include/turtlesim/turtlesim/srv/detail/set_pen__rosidl_typesupport_introspection_cpp.hpp
[3.754s] -- Up-to-date symlink: /home/pi/ros2_ws/install/turtlesim/include/turtlesim/turtlesim/srv/detail/spawn__rosidl_typesupport_introspection_cpp.hpp
[3.756s] -- Up-to-date symlink: /home/pi/ros2_ws/install/turtlesim/include/turtlesim/turtlesim/srv/detail/teleport_absolute__rosidl_typesupport_introspection_cpp.hpp
[3.757s] -- Up-to-date symlink: /home/pi/ros2_ws/install/turtlesim/include/turtlesim/turtlesim/srv/detail/teleport_relative__rosidl_typesupport_introspection_cpp.hpp
[3.758s] -- Up-to-date symlink: /home/pi/ros2_ws/install/turtlesim/share/turtlesim/environment/pythonpath.sh
[3.760s] -- Up-to-date symlink: /home/pi/ros2_ws/install/turtlesim/share/turtlesim/environment/pythonpath.dsv
[3.762s] -- Up-to-date symlink: /home/pi/ros2_ws/install/turtlesim/local/lib/python3.10/dist-packages/turtlesim-1.4.3-py3.10.egg-info/PKG-INFO
[3.763s] -- Up-to-date symlink: /home/pi/ros2_ws/install/turtlesim/local/lib/python3.10/dist-packages/turtlesim-1.4.3-py3.10.egg-info/SOURCES.txt
[3.765s] -- Up-to-date symlink: /home/pi/ros2_ws/install/turtlesim/local/lib/python3.10/dist-packages/turtlesim-1.4.3-py3.10.egg-info/dependency_links.txt
[3.766s] -- Up-to-date symlink: /home/pi/ros2_ws/install/turtlesim/local/lib/python3.10/dist-packages/turtlesim-1.4.3-py3.10.egg-info/top_level.txt
[3.775s] -- Up-to-date symlink: /home/pi/ros2_ws/install/turtlesim/local/lib/python3.10/dist-packages/turtlesim/__init__.py
[3.776s] -- Up-to-date symlink: /home/pi/ros2_ws/install/turtlesim/local/lib/python3.10/dist-packages/turtlesim/_turtlesim_s.ep.rosidl_typesupport_c.c
[3.777s] -- Up-to-date symlink: /home/pi/ros2_ws/install/turtlesim/local/lib/python3.10/dist-packages/turtlesim/_turtlesim_s.ep.rosidl_typesupport_fastrtps_c.c
[3.779s] -- Up-to-date symlink: /home/pi/ros2_ws/install/turtlesim/local/lib/python3.10/dist-packages/turtlesim/_turtlesim_s.ep.rosidl_typesupport_introspection_c.c
[3.780s] -- Up-to-date symlink: /home/pi/ros2_ws/install/turtlesim/local/lib/python3.10/dist-packages/turtlesim/action/__init__.py
[3.781s] -- Up-to-date symlink: /home/pi/ros2_ws/install/turtlesim/local/lib/python3.10/dist-packages/turtlesim/action/_rotate_absolute.py
[3.783s] -- Up-to-date symlink: /home/pi/ros2_ws/install/turtlesim/local/lib/python3.10/dist-packages/turtlesim/action/_rotate_absolute_s.c
[3.784s] -- Up-to-date symlink: /home/pi/ros2_ws/install/turtlesim/local/lib/python3.10/dist-packages/turtlesim/libturtlesim__rosidl_generator_py.so
[3.785s] -- Up-to-date symlink: /home/pi/ros2_ws/install/turtlesim/local/lib/python3.10/dist-packages/turtlesim/msg/__init__.py
[3.787s] -- Up-to-date symlink: /home/pi/ros2_ws/install/turtlesim/local/lib/python3.10/dist-packages/turtlesim/msg/_color.py
[3.788s] -- Up-to-date symlink: /home/pi/ros2_ws/install/turtlesim/local/lib/python3.10/dist-packages/turtlesim/msg/_color_s.c
[3.789s] -- Up-to-date symlink: /home/pi/ros2_ws/install/turtlesim/local/lib/python3.10/dist-packages/turtlesim/msg/_pose.py
[3.790s] -- Up-to-date symlink: /home/pi/ros2_ws/install/turtlesim/local/lib/python3.10/dist-packages/turtlesim/msg/_pose_s.c
[3.791s] -- Up-to-date symlink: /home/pi/ros2_ws/install/turtlesim/local/lib/python3.10/dist-packages/turtlesim/srv/__init__.py
[3.792s] -- Up-to-date symlink: /home/pi/ros2_ws/install/turtlesim/local/lib/python3.10/dist-packages/turtlesim/srv/_kill.py
[3.794s] -- Up-to-date symlink: /home/pi/ros2_ws/install/turtlesim/local/lib/python3.10/dist-packages/turtlesim/srv/_kill_s.c
[3.795s] -- Up-to-date symlink: /home/pi/ros2_ws/install/turtlesim/local/lib/python3.10/dist-packages/turtlesim/srv/_set_pen.py
[3.796s] -- Up-to-date symlink: /home/pi/ros2_ws/install/turtlesim/local/lib/python3.10/dist-packages/turtlesim/srv/_set_pen_s.c
[3.797s] -- Up-to-date symlink: /home/pi/ros2_ws/install/turtlesim/local/lib/python3.10/dist-packages/turtlesim/srv/_spawn.py
[3.798s] -- Up-to-date symlink: /home/pi/ros2_ws/install/turtlesim/local/lib/python3.10/dist-packages/turtlesim/srv/_spawn_s.c
[3.800s] -- Up-to-date symlink: /home/pi/ros2_ws/install/turtlesim/local/lib/python3.10/dist-packages/turtlesim/srv/_teleport_absolute.py
[3.801s] -- Up-to-date symlink: /home/pi/ros2_ws/install/turtlesim/local/lib/python3.10/dist-packages/turtlesim/srv/_teleport_absolute_s.c
[3.802s] -- Up-to-date symlink: /home/pi/ros2_ws/install/turtlesim/local/lib/python3.10/dist-packages/turtlesim/srv/_teleport_relative.py
[3.804s] -- Up-to-date symlink: /home/pi/ros2_ws/install/turtlesim/local/lib/python3.10/dist-packages/turtlesim/srv/_teleport_relative_s.c
[3.805s] -- Up-to-date symlink: /home/pi/ros2_ws/install/turtlesim/local/lib/python3.10/dist-packages/turtlesim/turtlesim_s__rosidl_typesupport_c.cpython-310-aarch64-linux-gnu.so
[3.806s] -- Up-to-date symlink: /home/pi/ros2_ws/install/turtlesim/local/lib/python3.10/dist-packages/turtlesim/turtlesim_s__rosidl_typesupport_fastrtps_c.cpython-310-aarch64-linux-gnu.so
[3.808s] -- Up-to-date symlink: /home/pi/ros2_ws/install/turtlesim/local/lib/python3.10/dist-packages/turtlesim/turtlesim_s__rosidl_typesupport_introspection_c.cpython-310-aarch64-linux-gnu.so
[3.811s] -- Up-to-date symlink: /home/pi/ros2_ws/install/turtlesim/local/lib/python3.10/dist-packages/turtlesim/turtlesim_s__rosidl_typesupport_fastrtps_c.cpython-310-aarch64-linux-gnu.so
[3.813s] -- Up-to-date symlink: /home/pi/ros2_ws/install/turtlesim/local/lib/python3.10/dist-packages/turtlesim/turtlesim_s__rosidl_typesupport_introspection_c.cpython-310-aarch64-linux-gnu.so
[3.816s] -- Up-to-date symlink: /home/pi/ros2_ws/install/turtlesim/local/lib/python3.10/dist-packages/turtlesim/turtlesim_s__rosidl_typesupport_c.cpython-310-aarch64-linux-gnu.so
[3.817s] -- Up-to-date symlink: /home/pi/ros2_ws/install/turtlesim/share/turtlesim/action/RotateAbsolute.idl
[3.819s] -- Up-to-date symlink: /home/pi/ros2_ws/install/turtlesim/share/turtlesim/msg/Color.idl
[3.820s] -- Up-to-date symlink: /home/pi/ros2_ws/install/turtlesim/share/turtlesim/msg/Pose.idl
[3.821s] -- Up-to-date symlink: /home/pi/ros2_ws/install/turtlesim/share/turtlesim/srv/Kill.idl
[3.822s] -- Up-to-date symlink: /home/pi/ros2_ws/install/turtlesim/share/turtlesim/srv/SetPen.idl
[3.824s] -- Up-to-date symlink: /home/pi/ros2_ws/install/turtlesim/share/turtlesim/srv/Spawn.idl
[3.826s] -- Up-to-date symlink: /home/pi/ros2_ws/install/turtlesim/share/turtlesim/srv/TeleportAbsolute.idl
[3.827s] -- Up-to-date symlink: /home/pi/ros2_ws/install/turtlesim/share/turtlesim/srv/TeleportRelative.idl
[3.829s] -- Up-to-date symlink: /home/pi/ros2_ws/install/turtlesim/share/turtlesim/action/RotateAbsolute.action
[3.830s] -- Up-to-date symlink: /home/pi/ros2_ws/install/turtlesim/share/turtlesim/msg/Color.msg
[3.831s] -- Up-to-date symlink: /home/pi/ros2_ws/install/turtlesim/share/turtlesim/msg/Pose.msg
[3.833s] -- Up-to-date symlink: /home/pi/ros2_ws/install/turtlesim/share/turtlesim/srv/Kill.srv
[3.835s] -- Up-to-date symlink: /home/pi/ros2_ws/install/turtlesim/share/turtlesim/srv/Kill_Request.msg
[3.837s] -- Up-to-date symlink: /home/pi/ros2_ws/install/turtlesim/share/turtlesim/srv/Kill_Response.msg
[3.838s] -- Up-to-date symlink: /home/pi/ros2_ws/install/turtlesim/share/turtlesim/srv/SetPen.srv
[3.840s] -- Up-to-date symlink: /home/pi/ros2_ws/install/turtlesim/share/turtlesim/srv/SetPen_Request.msg
[3.841s] -- Up-to-date symlink: /home/pi/ros2_ws/install/turtlesim/share/turtlesim/srv/SetPen_Response.msg
[3.842s] -- Up-to-date symlink: /home/pi/ros2_ws/install/turtlesim/share/turtlesim/srv/Spawn.srv
[3.844s] -- Up-to-date symlink: /home/pi/ros2_ws/install/turtlesim/share/turtlesim/srv/Spawn_Request.msg
[3.845s] -- Up-to-date symlink: /home/pi/ros2_ws/install/turtlesim/share/turtlesim/srv/Spawn_Response.msg
[3.846s] -- Up-to-date symlink: /home/pi/ros2_ws/install/turtlesim/share/turtlesim/srv/TeleportAbsolute.srv
[3.850s] -- Up-to-date symlink: /home/pi/ros2_ws/install/turtlesim/share/turtlesim/srv/TeleportAbsolute_Request.msg
[3.851s] -- Up-to-date symlink: /home/pi/ros2_ws/install/turtlesim/share/turtlesim/srv/TeleportAbsolute_Response.msg
[3.851s] -- Up-to-date symlink: /home/pi/ros2_ws/install/turtlesim/share/turtlesim/srv/TeleportRelative.srv
[3.852s] -- Up-to-date symlink: /home/pi/ros2_ws/install/turtlesim/share/turtlesim/srv/TeleportRelative_Request.msg
[3.853s] -- Up-to-date symlink: /home/pi/ros2_ws/install/turtlesim/share/turtlesim/srv/TeleportRelative_Response.msg
[3.855s] -- Up-to-date symlink: /home/pi/ros2_ws/install/turtlesim/lib/turtlesim/turtlesim_node
[3.857s] -- Up-to-date symlink: /home/pi/ros2_ws/install/turtlesim/lib/turtlesim/turtle_teleop_key
[3.857s] -- Up-to-date symlink: /home/pi/ros2_ws/install/turtlesim/lib/turtlesim/draw_square
[3.860s] -- Up-to-date symlink: /home/pi/ros2_ws/install/turtlesim/lib/turtlesim/mimic
[3.863s] -- Up-to-date symlink: /home/pi/ros2_ws/install/turtlesim/share/turtlesim/launch/multisim.launch.py
[3.865s] -- Up-to-date symlink: /home/pi/ros2_ws/install/turtlesim/share/ament_index/resource_index/package_run_dependencies/turtlesim
[3.868s] -- Up-to-date symlink: /home/pi/ros2_ws/install/turtlesim/share/ament_index/resource_index/parent_prefix_path/turtlesim
[3.869s] -- Up-to-date symlink: /home/pi/ros2_ws/install/turtlesim/share/turtlesim/environment/ament_prefix_path.sh
[3.871s] -- Up-to-date symlink: /home/pi/ros2_ws/install/turtlesim/share/turtlesim/environment/ament_prefix_path.dsv
[3.873s] -- Up-to-date symlink: /home/pi/ros2_ws/install/turtlesim/share/turtlesim/environment/path.sh
[3.875s] -- Up-to-date symlink: /home/pi/ros2_ws/install/turtlesim/share/turtlesim/environment/path.dsv
[3.878s] -- Up-to-date symlink: /home/pi/ros2_ws/install/turtlesim/share/turtlesim/local_setup.bash
[3.879s] -- Up-to-date symlink: /home/pi/ros2_ws/install/turtlesim/share/turtlesim/local_setup.sh
[3.881s] -- Up-to-date symlink: /home/pi/ros2_ws/install/turtlesim/share/turtlesim/local_setup.zsh
[3.883s] -- Up-to-date symlink: /home/pi/ros2_ws/install/turtlesim/share/turtlesim/local_setup.dsv
[3.885s] -- Symlinking: /home/pi/ros2_ws/install/turtlesim/share/turtlesim/package.dsv
[3.943s] -- Up-to-date symlink: /home/pi/ros2_ws/install/turtlesim/share/ament_index/resource_index/packages/turtlesim
[3.945s] -- Up-to-date symlink: /home/pi/ros2_ws/install/turtlesim/share/turtlesim/cmake/rosidl_cmake-extras.cmake
[3.947s] -- Up-to-date symlink: /home/pi/ros2_ws/install/turtlesim/share/turtlesim/cmake/ament_cmake_export_dependencies-extras.cmake
[3.948s] -- Up-to-date symlink: /home/pi/ros2_ws/install/turtlesim/share/turtlesim/cmake/ament_cmake_export_include_directories-extras.cmake
[3.949s] -- Up-to-date symlink: /home/pi/ros2_ws/install/turtlesim/share/turtlesim/cmake/ament_cmake_export_libraries-extras.cmake
[3.951s] -- Up-to-date symlink: /home/pi/ros2_ws/install/turtlesim/share/turtlesim/cmake/ament_cmake_export_targets-extras.cmake
[3.953s] -- Up-to-date symlink: /home/pi/ros2_ws/install/turtlesim/share/turtlesim/cmake/rosidl_cmake_export_typesupport_targets-extras.cmake
[3.954s] -- Up-to-date symlink: /home/pi/ros2_ws/install/turtlesim/share/turtlesim/cmake/rosidl_cmake_export_typesupport_libraries-extras.cmake
[3.957s] -- Up-to-date symlink: /home/pi/ros2_ws/install/turtlesim/share/turtlesim/cmake/turtlesimConfig.cmake
[3.959s] -- Up-to-date symlink: /home/pi/ros2_ws/install/turtlesim/share/turtlesim/cmake/turtlesimConfig-version.cmake
[3.961s] -- Up-to-date symlink: /home/pi/ros2_ws/install/turtlesim/share/turtlesim/package.xml
[3.964s] -- Up-to-date: /home/pi/ros2_ws/install/turtlesim/lib/libturtlesim__rosidl_generator_c.so
[3.967s] -- Up-to-date: /home/pi/ros2_ws/install/turtlesim/lib/libturtlesim__rosidl_typesupport_fastrtps_c.so
[3.971s] -- Up-to-date: /home/pi/ros2_ws/install/turtlesim/lib/libturtlesim__rosidl_typesupport_fastrtps_cpp.so
[3.974s] -- Up-to-date: /home/pi/ros2_ws/install/turtlesim/lib/libturtlesim__rosidl_typesupport_introspection_c.so
[3.977s] -- Up-to-date: /home/pi/ros2_ws/install/turtlesim/lib/libturtlesim__rosidl_typesupport_c.so
[3.980s] -- Up-to-date: /home/pi/ros2_ws/install/turtlesim/lib/libturtlesim__rosidl_typesupport_introspection_cpp.so
[3.983s] -- Up-to-date: /home/pi/ros2_ws/install/turtlesim/lib/libturtlesim__rosidl_typesupport_cpp.so
[4.177s] Listing '/home/pi/ros2_ws/install/turtlesim/local/lib/python3.10/dist-packages/turtlesim'...
[4.178s] Listing '/home/pi/ros2_ws/install/turtlesim/local/lib/python3.10/dist-packages/turtlesim/action'...
[4.179s] Listing '/home/pi/ros2_ws/install/turtlesim/local/lib/python3.10/dist-packages/turtlesim/msg'...
[4.180s] Listing '/home/pi/ros2_ws/install/turtlesim/local/lib/python3.10/dist-packages/turtlesim/srv'...
[4.206s] -- Up-to-date: /home/pi/ros2_ws/install/turtlesim/lib/libturtlesim__rosidl_generator_py.so
[4.207s] -- Up-to-date: /home/pi/ros2_ws/install/turtlesim/share/turtlesim/images
[4.208s] -- Up-to-date: /home/pi/ros2_ws/install/turtlesim/share/turtlesim/images/eloquent.png
[4.209s] -- Up-to-date: /home/pi/ros2_ws/install/turtlesim/share/turtlesim/images/galactic.png
[4.211s] -- Up-to-date: /home/pi/ros2_ws/install/turtlesim/share/turtlesim/images/dashing.png
[4.212s] -- Up-to-date: /home/pi/ros2_ws/install/turtlesim/share/turtlesim/images/humble.png
[4.212s] -- Up-to-date: /home/pi/ros2_ws/install/turtlesim/share/turtlesim/images/bouncy.png
[4.213s] -- Up-to-date: /home/pi/ros2_ws/install/turtlesim/share/turtlesim/images/rolling.png
[4.214s] -- Up-to-date: /home/pi/ros2_ws/install/turtlesim/share/turtlesim/images/ardent.png
[4.214s] -- Up-to-date: /home/pi/ros2_ws/install/turtlesim/share/turtlesim/images/crystal.png
[4.215s] -- Up-to-date: /home/pi/ros2_ws/install/turtlesim/share/turtlesim/images/foxy.png
[4.216s] -- Up-to-date: /home/pi/ros2_ws/install/turtlesim/share/turtlesim/cmake/export_turtlesim__rosidl_generator_cExport.cmake
[4.218s] -- Up-to-date: /home/pi/ros2_ws/install/turtlesim/share/turtlesim/cmake/export_turtlesim__rosidl_generator_cExport-noconfig.cmake
[4.218s] -- Up-to-date: /home/pi/ros2_ws/install/turtlesim/share/turtlesim/cmake/export_turtlesim__rosidl_typesupport_fastrtps_cExport.cmake
[4.219s] -- Up-to-date: /home/pi/ros2_ws/install/turtlesim/share/turtlesim/cmake/export_turtlesim__rosidl_typesupport_fastrtps_cExport-noconfig.cmake
[4.219s] -- Up-to-date: /home/pi/ros2_ws/install/turtlesim/share/turtlesim/cmake/export_turtlesim__rosidl_generator_cppExport.cmake
[4.220s] -- Up-to-date: /home/pi/ros2_ws/install/turtlesim/share/turtlesim/cmake/export_turtlesim__rosidl_typesupport_fastrtps_cppExport.cmake
[4.220s] -- Up-to-date: /home/pi/ros2_ws/install/turtlesim/share/turtlesim/cmake/export_turtlesim__rosidl_typesupport_fastrtps_cppExport-noconfig.cmake
[4.221s] -- Up-to-date: /home/pi/ros2_ws/install/turtlesim/share/turtlesim/cmake/turtlesim__rosidl_typesupport_introspection_cExport.cmake
[4.221s] -- Up-to-date: /home/pi/ros2_ws/install/turtlesim/share/turtlesim/cmake/turtlesim__rosidl_typesupport_introspection_cExport-noconfig.cmake
[4.222s] -- Up-to-date: /home/pi/ros2_ws/install/turtlesim/share/turtlesim/cmake/turtlesim__rosidl_typesupport_cExport.cmake
[4.222s] -- Up-to-date: /home/pi/ros2_ws/install/turtlesim/share/turtlesim/cmake/turtlesim__rosidl_typesupport_cExport-noconfig.cmake
[4.224s] -- Up-to-date: /home/pi/ros2_ws/install/turtlesim/share/turtlesim/cmake/turtlesim__rosidl_typesupport_introspection_cppExport.cmake
[4.225s] -- Up-to-date: /home/pi/ros2_ws/install/turtlesim/share/turtlesim/cmake/turtlesim__rosidl_typesupport_introspection_cppExport-noconfig.cmake
[4.226s] -- Up-to-date: /home/pi/ros2_ws/install/turtlesim/share/turtlesim/cmake/turtlesim__rosidl_typesupport_cppExport.cmake
[4.227s] -- Up-to-date: /home/pi/ros2_ws/install/turtlesim/share/turtlesim/cmake/turtlesim__rosidl_typesupport_cppExport-noconfig.cmake
[4.228s] -- Up-to-date: /home/pi/ros2_ws/install/turtlesim/share/turtlesim/cmake/export_turtlesim__rosidl_generator_pyExport.cmake
[4.229s] -- Up-to-date: /home/pi/ros2_ws/install/turtlesim/share/turtlesim/cmake/export_turtlesim__rosidl_generator_pyExport-noconfig.cmake
[4.241s] Invoked command in '/home/pi/ros2_ws/build/turtlesim' returned '0': CMAKE_PREFIX_PATH=${CMAKE_PREFIX_PATH}:/home/pi/ros2_ws/install/green_vision:/home/pi/ros2_ws/install/green_control:/opt/ros/humble /usr/bin/cmake --install /home/pi/ros2_ws/build/turtlesim
