[2.931s] Invoking command in '/home/pi/ros2_ws/build/robo_rover': CMAKE_PREFIX_PATH=${CMAKE_PREFIX_PATH}:/home/pi/ros2_ws/install/green_vision:/home/pi/ros2_ws/install/green_control:/opt/ros/humble /usr/bin/cmake --build /home/pi/ros2_ws/build/robo_rover -- -j4 -l4
[3.293s] Built target ament_cmake_python_symlink_robo_rover
[6.020s] running egg_info
[6.027s] writing robo_rover.egg-info/PKG-INFO
[6.029s] writing dependency_links to robo_rover.egg-info/dependency_links.txt
[6.032s] writing top-level names to robo_rover.egg-info/top_level.txt
[6.052s] reading manifest file 'robo_rover.egg-info/SOURCES.txt'
[6.055s] writing manifest file 'robo_rover.egg-info/SOURCES.txt'
[6.320s] Built target ament_cmake_python_build_robo_rover_egg
[6.362s] Invoked command in '/home/pi/ros2_ws/build/robo_rover' returned '0': CMAKE_PREFIX_PATH=${CMAKE_PREFIX_PATH}:/home/pi/ros2_ws/install/green_vision:/home/pi/ros2_ws/install/green_control:/opt/ros/humble /usr/bin/cmake --build /home/pi/ros2_ws/build/robo_rover -- -j4 -l4
[6.374s] Invoking command in '/home/pi/ros2_ws/build/robo_rover': CMAKE_PREFIX_PATH=${CMAKE_PREFIX_PATH}:/home/pi/ros2_ws/install/green_vision:/home/pi/ros2_ws/install/green_control:/opt/ros/humble /usr/bin/cmake --install /home/pi/ros2_ws/build/robo_rover
[6.447s] -- Install configuration: ""
[6.450s] -- Execute custom install script
[6.457s] -- Up-to-date symlink: /home/pi/ros2_ws/install/robo_rover/share/robo_rover/environment/pythonpath.sh
[6.461s] -- Up-to-date symlink: /home/pi/ros2_ws/install/robo_rover/share/robo_rover/environment/pythonpath.dsv
[6.467s] -- Up-to-date symlink: /home/pi/ros2_ws/install/robo_rover/local/lib/python3.10/dist-packages/robo_rover-1.0.0-py3.10.egg-info/PKG-INFO
[6.470s] -- Up-to-date symlink: /home/pi/ros2_ws/install/robo_rover/local/lib/python3.10/dist-packages/robo_rover-1.0.0-py3.10.egg-info/SOURCES.txt
[6.477s] -- Up-to-date symlink: /home/pi/ros2_ws/install/robo_rover/local/lib/python3.10/dist-packages/robo_rover-1.0.0-py3.10.egg-info/dependency_links.txt
[6.481s] -- Up-to-date symlink: /home/pi/ros2_ws/install/robo_rover/local/lib/python3.10/dist-packages/robo_rover-1.0.0-py3.10.egg-info/top_level.txt
[6.488s] -- Up-to-date symlink: /home/pi/ros2_ws/install/robo_rover/local/lib/python3.10/dist-packages/robo_rover/__init__.py
[6.491s] -- Up-to-date symlink: /home/pi/ros2_ws/install/robo_rover/local/lib/python3.10/dist-packages/robo_rover/rover_node.py
[6.495s] -- Up-to-date symlink: /home/pi/ros2_ws/install/robo_rover/share/robo_rover/launch/rover_launch.py
[6.499s] -- Up-to-date symlink: /home/pi/ros2_ws/install/robo_rover/share/ament_index/resource_index/package_run_dependencies/robo_rover
[6.503s] -- Up-to-date symlink: /home/pi/ros2_ws/install/robo_rover/share/ament_index/resource_index/parent_prefix_path/robo_rover
[6.507s] -- Up-to-date symlink: /home/pi/ros2_ws/install/robo_rover/share/robo_rover/environment/ament_prefix_path.sh
[6.511s] -- Up-to-date symlink: /home/pi/ros2_ws/install/robo_rover/share/robo_rover/environment/ament_prefix_path.dsv
[6.516s] -- Up-to-date symlink: /home/pi/ros2_ws/install/robo_rover/share/robo_rover/environment/path.sh
[6.520s] -- Up-to-date symlink: /home/pi/ros2_ws/install/robo_rover/share/robo_rover/environment/path.dsv
[6.527s] -- Up-to-date symlink: /home/pi/ros2_ws/install/robo_rover/share/robo_rover/local_setup.bash
[6.531s] -- Up-to-date symlink: /home/pi/ros2_ws/install/robo_rover/share/robo_rover/local_setup.sh
[6.535s] -- Up-to-date symlink: /home/pi/ros2_ws/install/robo_rover/share/robo_rover/local_setup.zsh
[6.539s] -- Up-to-date symlink: /home/pi/ros2_ws/install/robo_rover/share/robo_rover/local_setup.dsv
[6.542s] -- Symlinking: /home/pi/ros2_ws/install/robo_rover/share/robo_rover/package.dsv
[6.625s] -- Up-to-date symlink: /home/pi/ros2_ws/install/robo_rover/share/ament_index/resource_index/packages/robo_rover
[6.627s] -- Up-to-date symlink: /home/pi/ros2_ws/install/robo_rover/share/robo_rover/cmake/robo_roverConfig.cmake
[6.630s] -- Up-to-date symlink: /home/pi/ros2_ws/install/robo_rover/share/robo_rover/cmake/robo_roverConfig-version.cmake
[6.633s] -- Up-to-date symlink: /home/pi/ros2_ws/install/robo_rover/share/robo_rover/package.xml
[6.956s] Listing '/home/pi/ros2_ws/install/robo_rover/local/lib/python3.10/dist-packages/robo_rover'...
[6.998s] -- Up-to-date: /home/pi/ros2_ws/install/robo_rover/lib/robo_rover/rover_node
[7.009s] Invoked command in '/home/pi/ros2_ws/build/robo_rover' returned '0': CMAKE_PREFIX_PATH=${CMAKE_PREFIX_PATH}:/home/pi/ros2_ws/install/green_vision:/home/pi/ros2_ws/install/green_control:/opt/ros/humble /usr/bin/cmake --install /home/pi/ros2_ws/build/robo_rover
