[6.107s] Invoking command in '/home/pi/ros2_ws/src/green_control': PYTHONPATH=/home/pi/ros2_ws/build/green_control/prefix_override:/usr/lib/python3/dist-packages/colcon_core/task/python/colcon_distutils_commands:/home/pi/ros2_ws/install/green_control/lib/python3.10/site-packages:${PYTHONPATH} /usr/bin/python3 -W ignore:setup.py install is deprecated -W ignore:easy_install command is deprecated setup.py egg_info --egg-base ../../build/green_control build --build-base /home/pi/ros2_ws/build/green_control/build install --record /home/pi/ros2_ws/build/green_control/install.log --single-version-externally-managed install_data
[7.909s] running egg_info
[7.912s] writing ../../build/green_control/green_control.egg-info/PKG-INFO
[7.914s] writing dependency_links to ../../build/green_control/green_control.egg-info/dependency_links.txt
[7.915s] writing entry points to ../../build/green_control/green_control.egg-info/entry_points.txt
[7.917s] writing requirements to ../../build/green_control/green_control.egg-info/requires.txt
[7.918s] writing top-level names to ../../build/green_control/green_control.egg-info/top_level.txt
[7.929s] reading manifest file '../../build/green_control/green_control.egg-info/SOURCES.txt'
[7.933s] writing manifest file '../../build/green_control/green_control.egg-info/SOURCES.txt'
[7.934s] running build
[7.935s] running build_py
[7.937s] running install
[7.938s] running install_lib
[7.945s] running install_data
[7.946s] running install_egg_info
[7.954s] removing '/home/pi/ros2_ws/install/green_control/lib/python3.10/site-packages/green_control-0.0.0-py3.10.egg-info' (and everything under it)
[7.957s] Copying ../../build/green_control/green_control.egg-info to /home/pi/ros2_ws/install/green_control/lib/python3.10/site-packages/green_control-0.0.0-py3.10.egg-info
[7.964s] running install_scripts
[8.076s] Installing green_control script to /home/pi/ros2_ws/install/green_control/lib/green_control
[8.078s] writing list of installed files to '/home/pi/ros2_ws/build/green_control/install.log'
[8.263s] Invoked command in '/home/pi/ros2_ws/src/green_control' returned '0': PYTHONPATH=/home/pi/ros2_ws/build/green_control/prefix_override:/usr/lib/python3/dist-packages/colcon_core/task/python/colcon_distutils_commands:/home/pi/ros2_ws/install/green_control/lib/python3.10/site-packages:${PYTHONPATH} /usr/bin/python3 -W ignore:setup.py install is deprecated -W ignore:easy_install command is deprecated setup.py egg_info --egg-base ../../build/green_control build --build-base /home/pi/ros2_ws/build/green_control/build install --record /home/pi/ros2_ws/build/green_control/install.log --single-version-externally-managed install_data
