[6.337s] Invoking command in '/home/pi/ros2_ws/src/green_control': PYTHONPATH=/home/pi/ros2_ws/build/green_control/prefix_override:/usr/lib/python3/dist-packages/colcon_core/task/python/colcon_distutils_commands:/home/pi/ros2_ws/install/green_control/lib/python3.10/site-packages:${PYTHONPATH} /usr/bin/python3 -W ignore:setup.py install is deprecated -W ignore:easy_install command is deprecated setup.py egg_info --egg-base ../../build/green_control build --build-base /home/pi/ros2_ws/build/green_control/build install --record /home/pi/ros2_ws/build/green_control/install.log --single-version-externally-managed install_data
[8.396s] running egg_info
[8.400s] writing ../../build/green_control/green_control.egg-info/PKG-INFO
[8.401s] writing dependency_links to ../../build/green_control/green_control.egg-info/dependency_links.txt
[8.403s] writing entry points to ../../build/green_control/green_control.egg-info/entry_points.txt
[8.404s] writing requirements to ../../build/green_control/green_control.egg-info/requires.txt
[8.405s] writing top-level names to ../../build/green_control/green_control.egg-info/top_level.txt
[8.417s] reading manifest file '../../build/green_control/green_control.egg-info/SOURCES.txt'
[8.422s] writing manifest file '../../build/green_control/green_control.egg-info/SOURCES.txt'
[8.423s] running build
[8.424s] running build_py
[8.425s] copying green_control/green_control.py -> /home/pi/ros2_ws/build/green_control/build/lib/green_control
[8.427s] running install
[8.431s] running install_lib
[8.435s] copying /home/pi/ros2_ws/build/green_control/build/lib/green_control/green_control.py -> /home/pi/ros2_ws/install/green_control/lib/python3.10/site-packages/green_control
[8.438s] byte-compiling /home/pi/ros2_ws/install/green_control/lib/python3.10/site-packages/green_control/green_control.py to green_control.cpython-310.pyc
[8.442s] running install_data
[8.442s] running install_egg_info
[8.453s] removing '/home/pi/ros2_ws/install/green_control/lib/python3.10/site-packages/green_control-0.0.0-py3.10.egg-info' (and everything under it)
[8.456s] Copying ../../build/green_control/green_control.egg-info to /home/pi/ros2_ws/install/green_control/lib/python3.10/site-packages/green_control-0.0.0-py3.10.egg-info
[8.465s] running install_scripts
[8.608s] Installing green_control script to /home/pi/ros2_ws/install/green_control/lib/green_control
[8.613s] writing list of installed files to '/home/pi/ros2_ws/build/green_control/install.log'
[9.037s] Invoked command in '/home/pi/ros2_ws/src/green_control' returned '0': PYTHONPATH=/home/pi/ros2_ws/build/green_control/prefix_override:/usr/lib/python3/dist-packages/colcon_core/task/python/colcon_distutils_commands:/home/pi/ros2_ws/install/green_control/lib/python3.10/site-packages:${PYTHONPATH} /usr/bin/python3 -W ignore:setup.py install is deprecated -W ignore:easy_install command is deprecated setup.py egg_info --egg-base ../../build/green_control build --build-base /home/pi/ros2_ws/build/green_control/build install --record /home/pi/ros2_ws/build/green_control/install.log --single-version-externally-managed install_data
