[0.131s] Invoking command in '/home/pi/ros2_ws/build/rplidar_ros': CMAKE_PREFIX_PATH=${CMAKE_PREFIX_PATH}:/opt/ros/humble /usr/bin/cmake /home/pi/ros2_ws/src/rplidar_ros -DCMAKE_INSTALL_PREFIX=/home/pi/ros2_ws/install/rplidar_ros
[0.390s] -- Found ament_cmake: 1.3.13 (/opt/ros/humble/share/ament_cmake/cmake)
[1.391s] -- Override CMake install command with custom implementation using symlinks instead of copying resources
[1.523s] -- Found rclcpp: 16.0.18 (/opt/ros/humble/share/rclcpp/cmake)
[1.789s] -- Found rosidl_generator_c: 3.1.8 (/opt/ros/humble/share/rosidl_generator_c/cmake)
[1.805s] -- Found rosidl_adapter: 3.1.8 (/opt/ros/humble/share/rosidl_adapter/cmake)
[2.057s] -- Found rosidl_generator_cpp: 3.1.8 (/opt/ros/humble/share/rosidl_generator_cpp/cmake)
[2.213s] -- Using all available rosidl_typesupport_c: rosidl_typesupport_fastrtps_c;rosidl_typesupport_introspection_c
[2.296s] -- Using all available rosidl_typesupport_cpp: rosidl_typesupport_fastrtps_cpp;rosidl_typesupport_introspection_cpp
[2.549s] -- Found rmw_implementation_cmake: 6.1.2 (/opt/ros/humble/share/rmw_implementation_cmake/cmake)
[2.572s] -- Found rmw_fastrtps_cpp: 6.2.10 (/opt/ros/humble/share/rmw_fastrtps_cpp/cmake)
[3.829s] -- Using RMW implementation 'rmw_fastrtps_cpp' as default
[4.185s] -- Found sensor_msgs: 4.9.1 (/opt/ros/humble/share/sensor_msgs/cmake)
[4.393s] -- Found std_srvs: 4.9.1 (/opt/ros/humble/share/std_srvs/cmake)
[5.013s] -- Configuring done
[5.201s] -- Generating done
[5.249s] -- Build files have been written to: /home/pi/ros2_ws/build/rplidar_ros
[5.304s] Invoked command in '/home/pi/ros2_ws/build/rplidar_ros' returned '0': CMAKE_PREFIX_PATH=${CMAKE_PREFIX_PATH}:/opt/ros/humble /usr/bin/cmake /home/pi/ros2_ws/src/rplidar_ros -DCMAKE_INSTALL_PREFIX=/home/pi/ros2_ws/install/rplidar_ros
[5.317s] Invoking command in '/home/pi/ros2_ws/build/rplidar_ros': CMAKE_PREFIX_PATH=${CMAKE_PREFIX_PATH}:/opt/ros/humble /usr/bin/cmake --build /home/pi/ros2_ws/build/rplidar_ros -- -j4 -l4
[5.599s] [35m[1mConsolidate compiler generated dependencies of target rplidar_client[0m
[5.634s] [35m[1mConsolidate compiler generated dependencies of target rplidar_node[0m
[5.663s] [35m[1mConsolidate compiler generated dependencies of target rplidar_composition[0m
[5.921s] [  5%] Built target rplidar_client
[5.957s] [ 52%] Built target rplidar_composition
[5.983s] [100%] Built target rplidar_node
[6.051s] Invoked command in '/home/pi/ros2_ws/build/rplidar_ros' returned '0': CMAKE_PREFIX_PATH=${CMAKE_PREFIX_PATH}:/opt/ros/humble /usr/bin/cmake --build /home/pi/ros2_ws/build/rplidar_ros -- -j4 -l4
[6.112s] Invoking command in '/home/pi/ros2_ws/build/rplidar_ros': CMAKE_PREFIX_PATH=${CMAKE_PREFIX_PATH}:/opt/ros/humble /usr/bin/cmake --install /home/pi/ros2_ws/build/rplidar_ros
[6.150s] -- Install configuration: ""
[6.153s] -- Execute custom install script
[6.156s] -- Symlinking: /home/pi/ros2_ws/install/rplidar_ros/share/rplidar_ros/launch/__pycache__/rplidar_a1_launch.cpython-310.pyc
[6.215s] -- Up-to-date symlink: /home/pi/ros2_ws/install/rplidar_ros/share/rplidar_ros/launch/rplidar_a1_launch.py
[6.220s] -- Up-to-date symlink: /home/pi/ros2_ws/install/rplidar_ros/share/rplidar_ros/launch/rplidar_a2m12_launch.py
[6.222s] -- Up-to-date symlink: /home/pi/ros2_ws/install/rplidar_ros/share/rplidar_ros/launch/rplidar_a2m7_launch.py
[6.228s] -- Up-to-date symlink: /home/pi/ros2_ws/install/rplidar_ros/share/rplidar_ros/launch/rplidar_a2m8_launch.py
[6.229s] -- Up-to-date symlink: /home/pi/ros2_ws/install/rplidar_ros/share/rplidar_ros/launch/rplidar_a3_launch.py
[6.232s] -- Up-to-date symlink: /home/pi/ros2_ws/install/rplidar_ros/share/rplidar_ros/launch/rplidar_c1_launch.py
[6.237s] -- Up-to-date symlink: /home/pi/ros2_ws/install/rplidar_ros/share/rplidar_ros/launch/rplidar_s1_launch.py
[6.241s] -- Up-to-date symlink: /home/pi/ros2_ws/install/rplidar_ros/share/rplidar_ros/launch/rplidar_s1_tcp_launch.py
[6.247s] -- Up-to-date symlink: /home/pi/ros2_ws/install/rplidar_ros/share/rplidar_ros/launch/rplidar_s2_launch.py
[6.248s] -- Up-to-date symlink: /home/pi/ros2_ws/install/rplidar_ros/share/rplidar_ros/launch/rplidar_s2e_launch.py
[6.253s] -- Up-to-date symlink: /home/pi/ros2_ws/install/rplidar_ros/share/rplidar_ros/launch/rplidar_s3_launch.py
[6.258s] -- Up-to-date symlink: /home/pi/ros2_ws/install/rplidar_ros/share/rplidar_ros/launch/rplidar_t1_launch.py
[6.259s] -- Up-to-date symlink: /home/pi/ros2_ws/install/rplidar_ros/share/rplidar_ros/launch/view_rplidar_a1_launch.py
[6.264s] -- Up-to-date symlink: /home/pi/ros2_ws/install/rplidar_ros/share/rplidar_ros/launch/view_rplidar_a2m12_launch.py
[6.268s] -- Up-to-date symlink: /home/pi/ros2_ws/install/rplidar_ros/share/rplidar_ros/launch/view_rplidar_a2m7_launch.py
[6.271s] -- Up-to-date symlink: /home/pi/ros2_ws/install/rplidar_ros/share/rplidar_ros/launch/view_rplidar_a2m8_launch.py
[6.275s] -- Up-to-date symlink: /home/pi/ros2_ws/install/rplidar_ros/share/rplidar_ros/launch/view_rplidar_a3_launch.py
[6.281s] -- Up-to-date symlink: /home/pi/ros2_ws/install/rplidar_ros/share/rplidar_ros/launch/view_rplidar_c1_launch.py
[6.282s] -- Up-to-date symlink: /home/pi/ros2_ws/install/rplidar_ros/share/rplidar_ros/launch/view_rplidar_s1_launch.py
[6.283s] -- Up-to-date symlink: /home/pi/ros2_ws/install/rplidar_ros/share/rplidar_ros/launch/view_rplidar_s1_tcp_launch.py
[6.285s] -- Up-to-date symlink: /home/pi/ros2_ws/install/rplidar_ros/share/rplidar_ros/launch/view_rplidar_s2_launch.py
[6.290s] -- Up-to-date symlink: /home/pi/ros2_ws/install/rplidar_ros/share/rplidar_ros/launch/view_rplidar_s2e_launch.py
[6.291s] -- Up-to-date symlink: /home/pi/ros2_ws/install/rplidar_ros/share/rplidar_ros/launch/view_rplidar_s3_launch.py
[6.292s] -- Up-to-date symlink: /home/pi/ros2_ws/install/rplidar_ros/share/rplidar_ros/launch/view_rplidar_t1_launch.py
[6.297s] -- Up-to-date symlink: /home/pi/ros2_ws/install/rplidar_ros/share/rplidar_ros/rviz/rplidar_ros.rviz
[6.300s] -- Up-to-date symlink: /home/pi/ros2_ws/install/rplidar_ros/lib/rplidar_ros/rplidar_node
[6.302s] -- Up-to-date symlink: /home/pi/ros2_ws/install/rplidar_ros/lib/rplidar_ros/rplidar_composition
[6.303s] -- Up-to-date symlink: /home/pi/ros2_ws/install/rplidar_ros/lib/rplidar_ros/rplidar_client
[6.304s] -- Up-to-date symlink: /home/pi/ros2_ws/install/rplidar_ros/share/ament_index/resource_index/package_run_dependencies/rplidar_ros
[6.309s] -- Up-to-date symlink: /home/pi/ros2_ws/install/rplidar_ros/share/ament_index/resource_index/parent_prefix_path/rplidar_ros
[6.310s] -- Up-to-date symlink: /home/pi/ros2_ws/install/rplidar_ros/share/rplidar_ros/environment/ament_prefix_path.sh
[6.317s] -- Up-to-date symlink: /home/pi/ros2_ws/install/rplidar_ros/share/rplidar_ros/environment/ament_prefix_path.dsv
[6.319s] -- Up-to-date symlink: /home/pi/ros2_ws/install/rplidar_ros/share/rplidar_ros/environment/path.sh
[6.320s] -- Up-to-date symlink: /home/pi/ros2_ws/install/rplidar_ros/share/rplidar_ros/environment/path.dsv
[6.321s] -- Up-to-date symlink: /home/pi/ros2_ws/install/rplidar_ros/share/rplidar_ros/local_setup.bash
[6.322s] -- Up-to-date symlink: /home/pi/ros2_ws/install/rplidar_ros/share/rplidar_ros/local_setup.sh
[6.323s] -- Up-to-date symlink: /home/pi/ros2_ws/install/rplidar_ros/share/rplidar_ros/local_setup.zsh
[6.323s] -- Up-to-date symlink: /home/pi/ros2_ws/install/rplidar_ros/share/rplidar_ros/local_setup.dsv
[6.324s] -- Symlinking: /home/pi/ros2_ws/install/rplidar_ros/share/rplidar_ros/package.dsv
[6.373s] -- Up-to-date symlink: /home/pi/ros2_ws/install/rplidar_ros/share/ament_index/resource_index/packages/rplidar_ros
[6.373s] -- Up-to-date symlink: /home/pi/ros2_ws/install/rplidar_ros/share/rplidar_ros/cmake/ament_cmake_export_dependencies-extras.cmake
[6.376s] -- Up-to-date symlink: /home/pi/ros2_ws/install/rplidar_ros/share/rplidar_ros/cmake/ament_cmake_export_include_directories-extras.cmake
[6.381s] -- Up-to-date symlink: /home/pi/ros2_ws/install/rplidar_ros/share/rplidar_ros/cmake/rplidar_rosConfig.cmake
[6.383s] -- Up-to-date symlink: /home/pi/ros2_ws/install/rplidar_ros/share/rplidar_ros/cmake/rplidar_rosConfig-version.cmake
[6.385s] -- Up-to-date symlink: /home/pi/ros2_ws/install/rplidar_ros/share/rplidar_ros/package.xml
[6.400s] Invoked command in '/home/pi/ros2_ws/build/rplidar_ros' returned '0': CMAKE_PREFIX_PATH=${CMAKE_PREFIX_PATH}:/opt/ros/humble /usr/bin/cmake --install /home/pi/ros2_ws/build/rplidar_ros
