[0.224s] Invoking command in '/home/pi/ros2_ws/build/realsense2_description': AMENT_PREFIX_PATH=/home/pi/ros2_ws/install/realsense2_camera_msgs:${AMENT_PREFIX_PATH} CMAKE_PREFIX_PATH=/home/pi/ros2_ws/install/realsense2_camera_msgs:/home/pi/ros2_ws/install/turtlesim:/home/pi/ros2_ws/install/rplidar_ros:/home/pi/ros2_ws/install/robo_rover:/home/pi/ros2_ws/install/ack_control:/home/pi/ros2_ws/install/py_Controller:/home/pi/ros2_ws/install/green_vision:/home/pi/ros2_ws/install/green_control:/opt/ros/humble LD_LIBRARY_PATH=/home/pi/ros2_ws/install/realsense2_camera_msgs/lib:${LD_LIBRARY_PATH} PYTHONPATH=/home/pi/ros2_ws/install/realsense2_camera_msgs/local/lib/python3.10/dist-packages:${PYTHONPATH} /usr/bin/cmake --build /home/pi/ros2_ws/build/realsense2_description -- -j4 -l4
[0.675s] Invoked command in '/home/pi/ros2_ws/build/realsense2_description' returned '0': AMENT_PREFIX_PATH=/home/pi/ros2_ws/install/realsense2_camera_msgs:${AMENT_PREFIX_PATH} CMAKE_PREFIX_PATH=/home/pi/ros2_ws/install/realsense2_camera_msgs:/home/pi/ros2_ws/install/turtlesim:/home/pi/ros2_ws/install/rplidar_ros:/home/pi/ros2_ws/install/robo_rover:/home/pi/ros2_ws/install/ack_control:/home/pi/ros2_ws/install/py_Controller:/home/pi/ros2_ws/install/green_vision:/home/pi/ros2_ws/install/green_control:/opt/ros/humble LD_LIBRARY_PATH=/home/pi/ros2_ws/install/realsense2_camera_msgs/lib:${LD_LIBRARY_PATH} PYTHONPATH=/home/pi/ros2_ws/install/realsense2_camera_msgs/local/lib/python3.10/dist-packages:${PYTHONPATH} /usr/bin/cmake --build /home/pi/ros2_ws/build/realsense2_description -- -j4 -l4
[0.676s] Invoking command in '/home/pi/ros2_ws/build/realsense2_description': AMENT_PREFIX_PATH=/home/pi/ros2_ws/install/realsense2_camera_msgs:${AMENT_PREFIX_PATH} CMAKE_PREFIX_PATH=/home/pi/ros2_ws/install/realsense2_camera_msgs:/home/pi/ros2_ws/install/turtlesim:/home/pi/ros2_ws/install/rplidar_ros:/home/pi/ros2_ws/install/robo_rover:/home/pi/ros2_ws/install/ack_control:/home/pi/ros2_ws/install/py_Controller:/home/pi/ros2_ws/install/green_vision:/home/pi/ros2_ws/install/green_control:/opt/ros/humble LD_LIBRARY_PATH=/home/pi/ros2_ws/install/realsense2_camera_msgs/lib:${LD_LIBRARY_PATH} PYTHONPATH=/home/pi/ros2_ws/install/realsense2_camera_msgs/local/lib/python3.10/dist-packages:${PYTHONPATH} /usr/bin/cmake --install /home/pi/ros2_ws/build/realsense2_description
[0.720s] -- Install configuration: ""
[0.722s] -- Up-to-date: /home/pi/ros2_ws/install/realsense2_description/share/realsense2_description/launch
[0.723s] -- Up-to-date: /home/pi/ros2_ws/install/realsense2_description/share/realsense2_description/launch/view_model.launch.py
[0.724s] -- Up-to-date: /home/pi/ros2_ws/install/realsense2_description/share/realsense2_description/launch/launch_utils.py
[0.726s] -- Up-to-date: /home/pi/ros2_ws/install/realsense2_description/share/realsense2_description/meshes
[0.727s] -- Up-to-date: /home/pi/ros2_ws/install/realsense2_description/share/realsense2_description/meshes/d415.stl
[0.728s] -- Up-to-date: /home/pi/ros2_ws/install/realsense2_description/share/realsense2_description/meshes/plug.stl
[0.730s] -- Up-to-date: /home/pi/ros2_ws/install/realsense2_description/share/realsense2_description/meshes/d405.stl
[0.731s] -- Up-to-date: /home/pi/ros2_ws/install/realsense2_description/share/realsense2_description/meshes/plug_collision.stl
[0.732s] -- Up-to-date: /home/pi/ros2_ws/install/realsense2_description/share/realsense2_description/meshes/d435.dae
[0.734s] -- Up-to-date: /home/pi/ros2_ws/install/realsense2_description/share/realsense2_description/meshes/l515.dae
[0.735s] -- Up-to-date: /home/pi/ros2_ws/install/realsense2_description/share/realsense2_description/meshes/d455.stl
[0.736s] -- Up-to-date: /home/pi/ros2_ws/install/realsense2_description/share/realsense2_description/rviz
[0.738s] -- Up-to-date: /home/pi/ros2_ws/install/realsense2_description/share/realsense2_description/rviz/urdf.rviz
[0.739s] -- Up-to-date: /home/pi/ros2_ws/install/realsense2_description/share/realsense2_description/urdf
[0.742s] -- Up-to-date: /home/pi/ros2_ws/install/realsense2_description/share/realsense2_description/urdf/_d435.urdf.xacro
[0.745s] -- Up-to-date: /home/pi/ros2_ws/install/realsense2_description/share/realsense2_description/urdf/test_d405_camera.urdf.xacro
[0.747s] -- Up-to-date: /home/pi/ros2_ws/install/realsense2_description/share/realsense2_description/urdf/test_r430_camera.urdf.xacro
[0.748s] -- Up-to-date: /home/pi/ros2_ws/install/realsense2_description/share/realsense2_description/urdf/_d405.urdf.xacro
[0.750s] -- Up-to-date: /home/pi/ros2_ws/install/realsense2_description/share/realsense2_description/urdf/test_r410_camera.urdf.xacro
[0.752s] -- Up-to-date: /home/pi/ros2_ws/install/realsense2_description/share/realsense2_description/urdf/_r430.urdf.xacro
[0.754s] -- Up-to-date: /home/pi/ros2_ws/install/realsense2_description/share/realsense2_description/urdf/_d435i_imu_modules.urdf.xacro
[0.755s] -- Up-to-date: /home/pi/ros2_ws/install/realsense2_description/share/realsense2_description/urdf/test_d435_multiple_cameras.urdf.xacro
[0.757s] -- Up-to-date: /home/pi/ros2_ws/install/realsense2_description/share/realsense2_description/urdf/test_d435_camera.urdf.xacro
[0.758s] -- Up-to-date: /home/pi/ros2_ws/install/realsense2_description/share/realsense2_description/urdf/test_d435i_camera.urdf.xacro
[0.760s] -- Up-to-date: /home/pi/ros2_ws/install/realsense2_description/share/realsense2_description/urdf/test_d415_camera.urdf.xacro
[0.762s] -- Up-to-date: /home/pi/ros2_ws/install/realsense2_description/share/realsense2_description/urdf/_d435i.urdf.xacro
[0.763s] -- Up-to-date: /home/pi/ros2_ws/install/realsense2_description/share/realsense2_description/urdf/_materials.urdf.xacro
[0.769s] -- Up-to-date: /home/pi/ros2_ws/install/realsense2_description/share/realsense2_description/urdf/_r410.urdf.xacro
[0.770s] -- Up-to-date: /home/pi/ros2_ws/install/realsense2_description/share/realsense2_description/urdf/_usb_plug.urdf.xacro
[0.770s] -- Up-to-date: /home/pi/ros2_ws/install/realsense2_description/share/realsense2_description/urdf/_d455.urdf.xacro
[0.770s] -- Up-to-date: /home/pi/ros2_ws/install/realsense2_description/share/realsense2_description/urdf/_d415.urdf.xacro
[0.771s] -- Up-to-date: /home/pi/ros2_ws/install/realsense2_description/share/realsense2_description/urdf/test_d455_camera.urdf.xacro
[0.771s] -- Up-to-date: /home/pi/ros2_ws/install/realsense2_description/share/ament_index/resource_index/package_run_dependencies/realsense2_description
[0.776s] -- Up-to-date: /home/pi/ros2_ws/install/realsense2_description/share/ament_index/resource_index/parent_prefix_path/realsense2_description
[0.777s] -- Up-to-date: /home/pi/ros2_ws/install/realsense2_description/share/realsense2_description/environment/ament_prefix_path.sh
[0.777s] -- Up-to-date: /home/pi/ros2_ws/install/realsense2_description/share/realsense2_description/environment/ament_prefix_path.dsv
[0.781s] -- Up-to-date: /home/pi/ros2_ws/install/realsense2_description/share/realsense2_description/environment/path.sh
[0.781s] -- Up-to-date: /home/pi/ros2_ws/install/realsense2_description/share/realsense2_description/environment/path.dsv
[0.782s] -- Up-to-date: /home/pi/ros2_ws/install/realsense2_description/share/realsense2_description/local_setup.bash
[0.782s] -- Up-to-date: /home/pi/ros2_ws/install/realsense2_description/share/realsense2_description/local_setup.sh
[0.783s] -- Up-to-date: /home/pi/ros2_ws/install/realsense2_description/share/realsense2_description/local_setup.zsh
[0.787s] -- Up-to-date: /home/pi/ros2_ws/install/realsense2_description/share/realsense2_description/local_setup.dsv
[0.788s] -- Up-to-date: /home/pi/ros2_ws/install/realsense2_description/share/realsense2_description/package.dsv
[0.788s] -- Up-to-date: /home/pi/ros2_ws/install/realsense2_description/share/ament_index/resource_index/packages/realsense2_description
[0.789s] -- Up-to-date: /home/pi/ros2_ws/install/realsense2_description/share/realsense2_description/cmake/realsense2_descriptionConfig.cmake
[0.789s] -- Up-to-date: /home/pi/ros2_ws/install/realsense2_description/share/realsense2_description/cmake/realsense2_descriptionConfig-version.cmake
[0.795s] -- Up-to-date: /home/pi/ros2_ws/install/realsense2_description/share/realsense2_description/package.xml
[0.808s] Invoked command in '/home/pi/ros2_ws/build/realsense2_description' returned '0': AMENT_PREFIX_PATH=/home/pi/ros2_ws/install/realsense2_camera_msgs:${AMENT_PREFIX_PATH} CMAKE_PREFIX_PATH=/home/pi/ros2_ws/install/realsense2_camera_msgs:/home/pi/ros2_ws/install/turtlesim:/home/pi/ros2_ws/install/rplidar_ros:/home/pi/ros2_ws/install/robo_rover:/home/pi/ros2_ws/install/ack_control:/home/pi/ros2_ws/install/py_Controller:/home/pi/ros2_ws/install/green_vision:/home/pi/ros2_ws/install/green_control:/opt/ros/humble LD_LIBRARY_PATH=/home/pi/ros2_ws/install/realsense2_camera_msgs/lib:${LD_LIBRARY_PATH} PYTHONPATH=/home/pi/ros2_ws/install/realsense2_camera_msgs/local/lib/python3.10/dist-packages:${PYTHONPATH} /usr/bin/cmake --install /home/pi/ros2_ws/build/realsense2_description
