[6.178s] Invoking command in '/home/pi/ros2_ws/src/green_control': PYTHONPATH=/home/pi/ros2_ws/build/green_control/prefix_override:/usr/lib/python3/dist-packages/colcon_core/task/python/colcon_distutils_commands:/home/pi/ros2_ws/install/green_control/lib/python3.10/site-packages:${PYTHONPATH} /usr/bin/python3 -W ignore:setup.py install is deprecated -W ignore:easy_install command is deprecated setup.py egg_info --egg-base ../../build/green_control build --build-base /home/pi/ros2_ws/build/green_control/build install --record /home/pi/ros2_ws/build/green_control/install.log --single-version-externally-managed install_data
[7.878s] running egg_info
[7.882s] writing ../../build/green_control/green_control.egg-info/PKG-INFO
[7.883s] writing dependency_links to ../../build/green_control/green_control.egg-info/dependency_links.txt
[7.885s] writing entry points to ../../build/green_control/green_control.egg-info/entry_points.txt
[7.886s] writing requirements to ../../build/green_control/green_control.egg-info/requires.txt
[7.887s] writing top-level names to ../../build/green_control/green_control.egg-info/top_level.txt
[7.898s] reading manifest file '../../build/green_control/green_control.egg-info/SOURCES.txt'
[7.902s] writing manifest file '../../build/green_control/green_control.egg-info/SOURCES.txt'
[7.904s] running build
[7.905s] running build_py
[7.907s] copying green_control/green_control.py -> /home/pi/ros2_ws/build/green_control/build/lib/green_control
[7.908s] running install
[7.909s] running install_lib
[7.912s] copying /home/pi/ros2_ws/build/green_control/build/lib/green_control/green_control.py -> /home/pi/ros2_ws/install/green_control/lib/python3.10/site-packages/green_control
[7.916s] byte-compiling /home/pi/ros2_ws/install/green_control/lib/python3.10/site-packages/green_control/green_control.py to green_control.cpython-310.pyc
[7.918s] running install_data
[7.920s] running install_egg_info
[7.932s] removing '/home/pi/ros2_ws/install/green_control/lib/python3.10/site-packages/green_control-0.0.0-py3.10.egg-info' (and everything under it)
[7.937s] Copying ../../build/green_control/green_control.egg-info to /home/pi/ros2_ws/install/green_control/lib/python3.10/site-packages/green_control-0.0.0-py3.10.egg-info
[7.948s] running install_scripts
[8.072s] Installing green_control script to /home/pi/ros2_ws/install/green_control/lib/green_control
[8.078s] writing list of installed files to '/home/pi/ros2_ws/build/green_control/install.log'
[8.326s] Invoked command in '/home/pi/ros2_ws/src/green_control' returned '0': PYTHONPATH=/home/pi/ros2_ws/build/green_control/prefix_override:/usr/lib/python3/dist-packages/colcon_core/task/python/colcon_distutils_commands:/home/pi/ros2_ws/install/green_control/lib/python3.10/site-packages:${PYTHONPATH} /usr/bin/python3 -W ignore:setup.py install is deprecated -W ignore:easy_install command is deprecated setup.py egg_info --egg-base ../../build/green_control build --build-base /home/pi/ros2_ws/build/green_control/build install --record /home/pi/ros2_ws/build/green_control/install.log --single-version-externally-managed install_data
