[0.157s] Invoking command in '/home/pi/ros2_ws/build/ack_control': CMAKE_PREFIX_PATH=${CMAKE_PREFIX_PATH}:/home/pi/ros2_ws/install/green_control:/opt/ros/humble /usr/bin/cmake --build /home/pi/ros2_ws/build/ack_control -- -j4 -l4
[2.793s] [100%] Built target ack_control
[2.797s] Invoked command in '/home/pi/ros2_ws/build/ack_control' returned '0': CMAKE_PREFIX_PATH=${CMAKE_PREFIX_PATH}:/home/pi/ros2_ws/install/green_control:/opt/ros/humble /usr/bin/cmake --build /home/pi/ros2_ws/build/ack_control -- -j4 -l4
[2.843s] Invoking command in '/home/pi/ros2_ws/build/ack_control': CMAKE_PREFIX_PATH=${CMAKE_PREFIX_PATH}:/home/pi/ros2_ws/install/green_control:/opt/ros/humble /usr/bin/cmake --install /home/pi/ros2_ws/build/ack_control
[2.881s] -- Install configuration: ""
[2.885s] -- Execute custom install script
[2.891s] -- Up-to-date symlink: /home/pi/ros2_ws/install/ack_control/share/ack_control//ack_control.xml
[2.892s] -- Up-to-date symlink: /home/pi/ros2_ws/install/ack_control/lib/liback_control.so
[2.901s] -- Up-to-date symlink: /home/pi/ros2_ws/install/ack_control/share/ack_control/config/ack_controllers.yaml
[2.904s] -- Up-to-date symlink: /home/pi/ros2_ws/install/ack_control/share/ack_control/description/deep.urdf.xacro
[2.907s] -- Up-to-date symlink: /home/pi/ros2_ws/install/ack_control/share/ack_control/launch/bringup.launch.py
[2.911s] -- Up-to-date symlink: /home/pi/ros2_ws/install/ack_control/include/ack_control/ack_hardware.hpp
[2.912s] -- Up-to-date symlink: /home/pi/ros2_ws/install/ack_control/share/ament_index/resource_index/package_run_dependencies/ack_control
[2.915s] -- Up-to-date symlink: /home/pi/ros2_ws/install/ack_control/share/ament_index/resource_index/parent_prefix_path/ack_control
[2.918s] -- Up-to-date symlink: /home/pi/ros2_ws/install/ack_control/share/ack_control/environment/ament_prefix_path.sh
[2.919s] -- Up-to-date symlink: /home/pi/ros2_ws/install/ack_control/share/ack_control/environment/ament_prefix_path.dsv
[2.921s] -- Up-to-date symlink: /home/pi/ros2_ws/install/ack_control/share/ack_control/environment/path.sh
[2.922s] -- Up-to-date symlink: /home/pi/ros2_ws/install/ack_control/share/ack_control/environment/path.dsv
[2.925s] -- Up-to-date symlink: /home/pi/ros2_ws/install/ack_control/share/ack_control/local_setup.bash
[2.926s] -- Up-to-date symlink: /home/pi/ros2_ws/install/ack_control/share/ack_control/local_setup.sh
[2.928s] -- Up-to-date symlink: /home/pi/ros2_ws/install/ack_control/share/ack_control/local_setup.zsh
[2.929s] -- Up-to-date symlink: /home/pi/ros2_ws/install/ack_control/share/ack_control/local_setup.dsv
[2.931s] -- Symlinking: /home/pi/ros2_ws/install/ack_control/share/ack_control/package.dsv
[2.980s] -- Up-to-date symlink: /home/pi/ros2_ws/install/ack_control/share/ament_index/resource_index/packages/ack_control
[2.984s] -- Up-to-date symlink: /home/pi/ros2_ws/install/ack_control/share/ament_index/resource_index/hardware_interface__pluginlib__plugin/ack_control
[2.986s] -- Up-to-date symlink: /home/pi/ros2_ws/install/ack_control/share/ack_control/cmake/ack_controlConfig.cmake
[2.988s] -- Up-to-date symlink: /home/pi/ros2_ws/install/ack_control/share/ack_control/cmake/ack_controlConfig-version.cmake
[2.989s] -- Up-to-date symlink: /home/pi/ros2_ws/install/ack_control/share/ack_control/package.xml
[2.996s] Invoked command in '/home/pi/ros2_ws/build/ack_control' returned '0': CMAKE_PREFIX_PATH=${CMAKE_PREFIX_PATH}:/home/pi/ros2_ws/install/green_control:/opt/ros/humble /usr/bin/cmake --install /home/pi/ros2_ws/build/ack_control
