[6.243s] Invoking command in '/home/pi/ros2_ws/src/green_vision': PYTHONPATH=/home/pi/ros2_ws/build/green_vision/prefix_override:/usr/lib/python3/dist-packages/colcon_core/task/python/colcon_distutils_commands:/home/pi/ros2_ws/install/green_vision/lib/python3.10/site-packages:${PYTHONPATH} /usr/bin/python3 -W ignore:setup.py install is deprecated -W ignore:easy_install command is deprecated setup.py egg_info --egg-base ../../build/green_vision build --build-base /home/pi/ros2_ws/build/green_vision/build install --record /home/pi/ros2_ws/build/green_vision/install.log --single-version-externally-managed install_data
[8.062s] running egg_info
[8.065s] writing ../../build/green_vision/green_vision.egg-info/PKG-INFO
[8.067s] writing dependency_links to ../../build/green_vision/green_vision.egg-info/dependency_links.txt
[8.069s] writing entry points to ../../build/green_vision/green_vision.egg-info/entry_points.txt
[8.070s] writing requirements to ../../build/green_vision/green_vision.egg-info/requires.txt
[8.071s] writing top-level names to ../../build/green_vision/green_vision.egg-info/top_level.txt
[8.084s] reading manifest file '../../build/green_vision/green_vision.egg-info/SOURCES.txt'
[8.087s] writing manifest file '../../build/green_vision/green_vision.egg-info/SOURCES.txt'
[8.087s] running build
[8.088s] running build_py
[8.088s] copying green_vision/green_vision.py -> /home/pi/ros2_ws/build/green_vision/build/lib/green_vision
[8.089s] running install
[8.090s] running install_lib
[8.091s] copying /home/pi/ros2_ws/build/green_vision/build/lib/green_vision/green_vision.py -> /home/pi/ros2_ws/install/green_vision/lib/python3.10/site-packages/green_vision
[8.093s] byte-compiling /home/pi/ros2_ws/install/green_vision/lib/python3.10/site-packages/green_vision/green_vision.py to green_vision.cpython-310.pyc
[8.098s] running install_data
[8.100s] running install_egg_info
[8.106s] removing '/home/pi/ros2_ws/install/green_vision/lib/python3.10/site-packages/green_vision-0.0.0-py3.10.egg-info' (and everything under it)
[8.108s] Copying ../../build/green_vision/green_vision.egg-info to /home/pi/ros2_ws/install/green_vision/lib/python3.10/site-packages/green_vision-0.0.0-py3.10.egg-info
[8.115s] running install_scripts
[8.198s] Installing green_vision script to /home/pi/ros2_ws/install/green_vision/lib/green_vision
[8.199s] writing list of installed files to '/home/pi/ros2_ws/build/green_vision/install.log'
[8.320s] Invoked command in '/home/pi/ros2_ws/src/green_vision' returned '0': PYTHONPATH=/home/pi/ros2_ws/build/green_vision/prefix_override:/usr/lib/python3/dist-packages/colcon_core/task/python/colcon_distutils_commands:/home/pi/ros2_ws/install/green_vision/lib/python3.10/site-packages:${PYTHONPATH} /usr/bin/python3 -W ignore:setup.py install is deprecated -W ignore:easy_install command is deprecated setup.py egg_info --egg-base ../../build/green_vision build --build-base /home/pi/ros2_ws/build/green_vision/build install --record /home/pi/ros2_ws/build/green_vision/install.log --single-version-externally-managed install_data
