[0.182s] Invoking command in '/home/pi/ros2_ws/build/realsense2_camera': AMENT_PREFIX_PATH=/home/pi/ros2_ws/install/realsense2_camera_msgs:${AMENT_PREFIX_PATH} CMAKE_PREFIX_PATH=/home/pi/ros2_ws/install/realsense2_camera_msgs:/home/pi/ros2_ws/install/turtlesim:/home/pi/ros2_ws/install/rplidar_ros:/home/pi/ros2_ws/install/robo_rover:/home/pi/ros2_ws/install/ack_control:/home/pi/ros2_ws/install/py_Controller:/home/pi/ros2_ws/install/green_vision:/home/pi/ros2_ws/install/green_control:/opt/ros/humble LD_LIBRARY_PATH=/home/pi/ros2_ws/install/realsense2_camera_msgs/lib:${LD_LIBRARY_PATH} PYTHONPATH=/home/pi/ros2_ws/install/realsense2_camera_msgs/local/lib/python3.10/dist-packages:${PYTHONPATH} /usr/bin/cmake --build /home/pi/ros2_ws/build/realsense2_camera -- -j4 -l4
[0.309s] -- Create Release Build.
[0.309s] -- Found ament_cmake: 1.3.13 (/opt/ros/humble/share/ament_cmake/cmake)
[1.038s] -- Found builtin_interfaces: 1.2.2 (/opt/ros/humble/share/builtin_interfaces/cmake)
[1.221s] -- Found rosidl_generator_c: 3.1.8 (/opt/ros/humble/share/rosidl_generator_c/cmake)
[1.233s] -- Found rosidl_adapter: 3.1.8 (/opt/ros/humble/share/rosidl_adapter/cmake)
[1.262s] -- Found rosidl_generator_cpp: 3.1.8 (/opt/ros/humble/share/rosidl_generator_cpp/cmake)
[1.325s] -- Using all available rosidl_typesupport_c: rosidl_typesupport_fastrtps_c;rosidl_typesupport_introspection_c
[1.385s] -- Using all available rosidl_typesupport_cpp: rosidl_typesupport_fastrtps_cpp;rosidl_typesupport_introspection_cpp
[1.441s] -- Found cv_bridge: 3.2.1 (/opt/ros/humble/share/cv_bridge/cmake)
[1.675s] -- Found image_transport: 3.1.12 (/opt/ros/humble/share/image_transport/cmake)
[1.808s] -- Found rmw_implementation_cmake: 6.1.2 (/opt/ros/humble/share/rmw_implementation_cmake/cmake)
[1.816s] -- Found rmw_fastrtps_cpp: 6.2.10 (/opt/ros/humble/share/rmw_fastrtps_cpp/cmake)
[2.896s] -- Using RMW implementation 'rmw_fastrtps_cpp' as default
[3.267s] -- Found rclcpp_action: 16.0.18 (/opt/ros/humble/share/rclcpp_action/cmake)
[3.386s] -- Found rclcpp_components: 16.0.18 (/opt/ros/humble/share/rclcpp_components/cmake)
[3.451s] -- Found realsense2_camera_msgs: 4.56.4 (/home/pi/ros2_ws/install/realsense2_camera_msgs/share/realsense2_camera_msgs/cmake)
[3.536s] -- Found std_srvs: 4.9.1 (/opt/ros/humble/share/std_srvs/cmake)
[3.574s] -- Found nav_msgs: 4.9.1 (/opt/ros/humble/share/nav_msgs/cmake)
[3.636s] -- Found tf2_ros: 0.25.19 (/opt/ros/humble/share/tf2_ros/cmake)
[3.749s] -- Found diagnostic_updater: 4.0.6 (/opt/ros/humble/share/diagnostic_updater/cmake)
[3.839s] -- Build for ROS2 Humble
[3.872s] -- Found ament_cmake_gtest: 1.3.13 (/opt/ros/humble/share/ament_cmake_gtest/cmake)
[3.875s] -- Found gtest sources under '/opt/ros/humble/src/gtest_vendor': C++ tests using 'Google Test' will be built
[3.891s] -- Found ament_cmake_pytest: 1.3.13 (/opt/ros/humble/share/ament_cmake_pytest/cmake)
[18.595s] -- rs_device_info:
[18.597s] --  27/03 15:55:50,694 ERROR [281473207809120] (context.cpp:40) No valid configuration file found at : /home/pi/.realsense-config.json loading defaults
[18.598s] No device detected. Is it plugged in?
[18.598s] 
[18.963s] -- Configuring done
[19.134s] -- Generating done
[19.175s] -- Build files have been written to: /home/pi/ros2_ws/build/realsense2_camera
[19.313s] [35m[1mConsolidate compiler generated dependencies of target gtest_main[0m
[19.316s] [35m[1mConsolidate compiler generated dependencies of target realsense2_camera_node[0m
[19.321s] [35m[1mConsolidate compiler generated dependencies of target gtest[0m
[19.328s] [35m[1mConsolidate compiler generated dependencies of target realsense2_camera[0m
[19.387s] [  8%] Built target gtest_main
[19.391s] [ 16%] Built target gtest
[19.417s] [ 24%] Built target realsense2_camera_node
[19.443s] [35m[1mConsolidate compiler generated dependencies of target gtest_template[0m
[19.518s] [ 32%] [32mBuilding CXX object CMakeFiles/gtest_template.dir/test/gtest_template.cpp.o[0m
[19.523s] [ 32%] [32mBuilding CXX object CMakeFiles/realsense2_camera.dir/src/realsense_node_factory.cpp.o[0m
[19.533s] [ 36%] [32mBuilding CXX object CMakeFiles/realsense2_camera.dir/src/base_realsense_node.cpp.o[0m
[19.535s] [ 40%] [32mBuilding CXX object CMakeFiles/realsense2_camera.dir/src/parameters.cpp.o[0m
[24.914s] [ 44%] [32m[1mLinking CXX executable gtest_template[0m
[25.609s] [ 44%] Built target gtest_template
[25.666s] [ 48%] [32mBuilding CXX object CMakeFiles/realsense2_camera.dir/src/rs_node_setup.cpp.o[0m
[66.705s] [ 52%] [32mBuilding CXX object CMakeFiles/realsense2_camera.dir/src/ros_sensor.cpp.o[0m
[90.838s] [ 56%] [32mBuilding CXX object CMakeFiles/realsense2_camera.dir/src/ros_utils.cpp.o[0m
[118.061s] [ 60%] [32mBuilding CXX object CMakeFiles/realsense2_camera.dir/src/dynamic_params.cpp.o[0m
[118.229s] [ 64%] [32mBuilding CXX object CMakeFiles/realsense2_camera.dir/src/sensor_params.cpp.o[0m
[118.581s] [ 68%] [32mBuilding CXX object CMakeFiles/realsense2_camera.dir/src/named_filter.cpp.o[0m
[137.285s] [ 72%] [32mBuilding CXX object CMakeFiles/realsense2_camera.dir/src/pointcloud_filter.cpp.o[0m
[152.015s] [ 76%] [32mBuilding CXX object CMakeFiles/realsense2_camera.dir/src/align_depth_filter.cpp.o[0m
[153.724s] [ 80%] [32mBuilding CXX object CMakeFiles/realsense2_camera.dir/src/profile_manager.cpp.o[0m
[155.345s] [ 84%] [32mBuilding CXX object CMakeFiles/realsense2_camera.dir/src/image_publisher.cpp.o[0m
[207.622s] [ 88%] [32mBuilding CXX object CMakeFiles/realsense2_camera.dir/src/ros_param_backend.cpp.o[0m
[207.631s] [ 92%] [32mBuilding CXX object CMakeFiles/realsense2_camera.dir/src/actions.cpp.o[0m
[207.632s] [ 96%] [32mBuilding CXX object CMakeFiles/realsense2_camera.dir/src/tfs.cpp.o[0m
[252.065s] [100%] [32m[1mLinking CXX shared library librealsense2_camera.so[0m
[255.176s] [100%] Built target realsense2_camera
[255.221s] Invoked command in '/home/pi/ros2_ws/build/realsense2_camera' returned '0': AMENT_PREFIX_PATH=/home/pi/ros2_ws/install/realsense2_camera_msgs:${AMENT_PREFIX_PATH} CMAKE_PREFIX_PATH=/home/pi/ros2_ws/install/realsense2_camera_msgs:/home/pi/ros2_ws/install/turtlesim:/home/pi/ros2_ws/install/rplidar_ros:/home/pi/ros2_ws/install/robo_rover:/home/pi/ros2_ws/install/ack_control:/home/pi/ros2_ws/install/py_Controller:/home/pi/ros2_ws/install/green_vision:/home/pi/ros2_ws/install/green_control:/opt/ros/humble LD_LIBRARY_PATH=/home/pi/ros2_ws/install/realsense2_camera_msgs/lib:${LD_LIBRARY_PATH} PYTHONPATH=/home/pi/ros2_ws/install/realsense2_camera_msgs/local/lib/python3.10/dist-packages:${PYTHONPATH} /usr/bin/cmake --build /home/pi/ros2_ws/build/realsense2_camera -- -j4 -l4
[255.230s] Invoking command in '/home/pi/ros2_ws/build/realsense2_camera': AMENT_PREFIX_PATH=/home/pi/ros2_ws/install/realsense2_camera_msgs:${AMENT_PREFIX_PATH} CMAKE_PREFIX_PATH=/home/pi/ros2_ws/install/realsense2_camera_msgs:/home/pi/ros2_ws/install/turtlesim:/home/pi/ros2_ws/install/rplidar_ros:/home/pi/ros2_ws/install/robo_rover:/home/pi/ros2_ws/install/ack_control:/home/pi/ros2_ws/install/py_Controller:/home/pi/ros2_ws/install/green_vision:/home/pi/ros2_ws/install/green_control:/opt/ros/humble LD_LIBRARY_PATH=/home/pi/ros2_ws/install/realsense2_camera_msgs/lib:${LD_LIBRARY_PATH} PYTHONPATH=/home/pi/ros2_ws/install/realsense2_camera_msgs/local/lib/python3.10/dist-packages:${PYTHONPATH} /usr/bin/cmake --install /home/pi/ros2_ws/build/realsense2_camera
[255.262s] -- Install configuration: "Release"
[255.262s] -- Installing: /home/pi/ros2_ws/install/realsense2_camera/share/realsense2_camera/config/global_settings.yaml
[255.264s] -- Installing: /home/pi/ros2_ws/install/realsense2_camera/lib/realsense2_camera/realsense2_camera_node
[255.268s] -- Set runtime path of "/home/pi/ros2_ws/install/realsense2_camera/lib/realsense2_camera/realsense2_camera_node" to ""
[255.269s] -- Installing: /home/pi/ros2_ws/install/realsense2_camera/lib/librealsense2_camera.so
[255.291s] -- Set runtime path of "/home/pi/ros2_ws/install/realsense2_camera/lib/librealsense2_camera.so" to ""
[255.292s] -- Installing: /home/pi/ros2_ws/install/realsense2_camera/include
[255.292s] -- Installing: /home/pi/ros2_ws/install/realsense2_camera/include/sensor_params.h
[255.293s] -- Installing: /home/pi/ros2_ws/install/realsense2_camera/include/ros_sensor.h
[255.294s] -- Installing: /home/pi/ros2_ws/install/realsense2_camera/include/base_realsense_node.h
[255.295s] -- Installing: /home/pi/ros2_ws/install/realsense2_camera/include/ros_param_backend.h
[255.296s] -- Installing: /home/pi/ros2_ws/install/realsense2_camera/include/align_depth_filter.h
[255.297s] -- Installing: /home/pi/ros2_ws/install/realsense2_camera/include/profile_manager.h
[255.298s] -- Installing: /home/pi/ros2_ws/install/realsense2_camera/include/ros_node_base.h
[255.298s] -- Installing: /home/pi/ros2_ws/install/realsense2_camera/include/ros_utils.h
[255.299s] -- Installing: /home/pi/ros2_ws/install/realsense2_camera/include/image_publisher.h
[255.300s] -- Installing: /home/pi/ros2_ws/install/realsense2_camera/include/realsense_node_factory.h
[255.301s] -- Installing: /home/pi/ros2_ws/install/realsense2_camera/include/dynamic_params.h
[255.302s] -- Installing: /home/pi/ros2_ws/install/realsense2_camera/include/constants.h
[255.303s] -- Installing: /home/pi/ros2_ws/install/realsense2_camera/include/named_filter.h
[255.304s] -- Installing: /home/pi/ros2_ws/install/realsense2_camera/include/pointcloud_filter.h
[255.305s] -- Installing: /home/pi/ros2_ws/install/realsense2_camera/include/gl_window.h
[255.306s] -- Installing: /home/pi/ros2_ws/install/realsense2_camera/share/realsense2_camera/launch
[255.306s] -- Installing: /home/pi/ros2_ws/install/realsense2_camera/share/realsense2_camera/launch/default.rviz
[255.307s] -- Installing: /home/pi/ros2_ws/install/realsense2_camera/share/realsense2_camera/launch/rs_multi_camera_launch_sync.py
[255.308s] -- Installing: /home/pi/ros2_ws/install/realsense2_camera/share/realsense2_camera/launch/rs_multi_camera_launch.py
[255.309s] -- Installing: /home/pi/ros2_ws/install/realsense2_camera/share/realsense2_camera/launch/rs_intra_process_demo_launch.py
[255.310s] -- Installing: /home/pi/ros2_ws/install/realsense2_camera/share/realsense2_camera/launch/rs_launch.py
[255.312s] -- Installing: /home/pi/ros2_ws/install/realsense2_camera/share/realsense2_camera/examples
[255.312s] -- Installing: /home/pi/ros2_ws/install/realsense2_camera/share/realsense2_camera/examples/align_depth
[255.313s] -- Installing: /home/pi/ros2_ws/install/realsense2_camera/share/realsense2_camera/examples/align_depth/README.md
[255.314s] -- Installing: /home/pi/ros2_ws/install/realsense2_camera/share/realsense2_camera/examples/align_depth/rs_align_depth_launch.py
[255.316s] -- Installing: /home/pi/ros2_ws/install/realsense2_camera/share/realsense2_camera/examples/dual_camera
[255.316s] -- Installing: /home/pi/ros2_ws/install/realsense2_camera/share/realsense2_camera/examples/dual_camera/README.md
[255.317s] -- Installing: /home/pi/ros2_ws/install/realsense2_camera/share/realsense2_camera/examples/dual_camera/rviz
[255.318s] -- Installing: /home/pi/ros2_ws/install/realsense2_camera/share/realsense2_camera/examples/dual_camera/rviz/dual_camera_pointcloud.rviz
[255.319s] -- Installing: /home/pi/ros2_ws/install/realsense2_camera/share/realsense2_camera/examples/dual_camera/rs_dual_camera_launch.py
[255.320s] -- Installing: /home/pi/ros2_ws/install/realsense2_camera/share/realsense2_camera/examples/d500_tables
[255.321s] -- Installing: /home/pi/ros2_ws/install/realsense2_camera/share/realsense2_camera/examples/d500_tables/calib_config_example.json
[255.322s] -- Installing: /home/pi/ros2_ws/install/realsense2_camera/share/realsense2_camera/examples/pointcloud
[255.322s] -- Installing: /home/pi/ros2_ws/install/realsense2_camera/share/realsense2_camera/examples/pointcloud/README.md
[255.323s] -- Installing: /home/pi/ros2_ws/install/realsense2_camera/share/realsense2_camera/examples/pointcloud/rs_pointcloud_launch.py
[255.324s] -- Installing: /home/pi/ros2_ws/install/realsense2_camera/share/realsense2_camera/examples/pointcloud/rs_pointcloud_infra_launch.py
[255.326s] -- Installing: /home/pi/ros2_ws/install/realsense2_camera/share/realsense2_camera/examples/pointcloud/rviz
[255.326s] -- Installing: /home/pi/ros2_ws/install/realsense2_camera/share/realsense2_camera/examples/pointcloud/rviz/urdf_pointcloud.rviz
[255.327s] -- Installing: /home/pi/ros2_ws/install/realsense2_camera/share/realsense2_camera/examples/pointcloud/rviz/pointcloud.rviz
[255.329s] -- Installing: /home/pi/ros2_ws/install/realsense2_camera/share/realsense2_camera/examples/pointcloud/rs_d405_pointcloud_launch.py
[255.330s] -- Installing: /home/pi/ros2_ws/install/realsense2_camera/share/realsense2_camera/examples/pointcloud/rs_d455_pointcloud_launch.py
[255.331s] -- Installing: /home/pi/ros2_ws/install/realsense2_camera/share/realsense2_camera/examples/launch_params_from_file
[255.331s] -- Installing: /home/pi/ros2_ws/install/realsense2_camera/share/realsense2_camera/examples/launch_params_from_file/rs_launch_get_params_from_yaml.py
[255.333s] -- Installing: /home/pi/ros2_ws/install/realsense2_camera/share/realsense2_camera/examples/launch_params_from_file/README.md
[255.334s] -- Installing: /home/pi/ros2_ws/install/realsense2_camera/share/realsense2_camera/examples/launch_params_from_file/config
[255.334s] -- Installing: /home/pi/ros2_ws/install/realsense2_camera/share/realsense2_camera/examples/launch_params_from_file/config/config.yaml
[255.336s] -- Installing: /home/pi/ros2_ws/install/realsense2_camera/share/realsense2_camera/examples/launch_from_rosbag
[255.336s] -- Installing: /home/pi/ros2_ws/install/realsense2_camera/share/realsense2_camera/examples/launch_from_rosbag/README.md
[255.337s] -- Installing: /home/pi/ros2_ws/install/realsense2_camera/share/realsense2_camera/examples/launch_from_rosbag/rs_launch_from_rosbag.py
[255.339s] -- Installing: /home/pi/ros2_ws/install/realsense2_camera/share/realsense2_camera/environment/library_path.sh
[255.340s] -- Installing: /home/pi/ros2_ws/install/realsense2_camera/share/realsense2_camera/environment/library_path.dsv
[255.342s] -- Installing: /home/pi/ros2_ws/install/realsense2_camera/share/ament_index/resource_index/package_run_dependencies/realsense2_camera
[255.344s] -- Installing: /home/pi/ros2_ws/install/realsense2_camera/share/ament_index/resource_index/parent_prefix_path/realsense2_camera
[255.345s] -- Installing: /home/pi/ros2_ws/install/realsense2_camera/share/realsense2_camera/environment/ament_prefix_path.sh
[255.346s] -- Installing: /home/pi/ros2_ws/install/realsense2_camera/share/realsense2_camera/environment/ament_prefix_path.dsv
[255.347s] -- Installing: /home/pi/ros2_ws/install/realsense2_camera/share/realsense2_camera/environment/path.sh
[255.349s] -- Installing: /home/pi/ros2_ws/install/realsense2_camera/share/realsense2_camera/environment/path.dsv
[255.350s] -- Installing: /home/pi/ros2_ws/install/realsense2_camera/share/realsense2_camera/local_setup.bash
[255.351s] -- Installing: /home/pi/ros2_ws/install/realsense2_camera/share/realsense2_camera/local_setup.sh
[255.352s] -- Installing: /home/pi/ros2_ws/install/realsense2_camera/share/realsense2_camera/local_setup.zsh
[255.353s] -- Installing: /home/pi/ros2_ws/install/realsense2_camera/share/realsense2_camera/local_setup.dsv
[255.354s] -- Installing: /home/pi/ros2_ws/install/realsense2_camera/share/realsense2_camera/package.dsv
[255.356s] -- Installing: /home/pi/ros2_ws/install/realsense2_camera/share/ament_index/resource_index/packages/realsense2_camera
[255.358s] -- Installing: /home/pi/ros2_ws/install/realsense2_camera/share/ament_index/resource_index/rclcpp_components/realsense2_camera
[255.359s] -- Installing: /home/pi/ros2_ws/install/realsense2_camera/share/realsense2_camera/cmake/ament_cmake_export_include_directories-extras.cmake
[255.361s] -- Installing: /home/pi/ros2_ws/install/realsense2_camera/share/realsense2_camera/cmake/ament_cmake_export_libraries-extras.cmake
[255.362s] -- Installing: /home/pi/ros2_ws/install/realsense2_camera/share/realsense2_camera/cmake/ament_cmake_export_dependencies-extras.cmake
[255.363s] -- Installing: /home/pi/ros2_ws/install/realsense2_camera/share/realsense2_camera/cmake/realsense2_cameraConfig.cmake
[255.364s] -- Installing: /home/pi/ros2_ws/install/realsense2_camera/share/realsense2_camera/cmake/realsense2_cameraConfig-version.cmake
[255.365s] -- Installing: /home/pi/ros2_ws/install/realsense2_camera/share/realsense2_camera/package.xml
[255.374s] Invoked command in '/home/pi/ros2_ws/build/realsense2_camera' returned '0': AMENT_PREFIX_PATH=/home/pi/ros2_ws/install/realsense2_camera_msgs:${AMENT_PREFIX_PATH} CMAKE_PREFIX_PATH=/home/pi/ros2_ws/install/realsense2_camera_msgs:/home/pi/ros2_ws/install/turtlesim:/home/pi/ros2_ws/install/rplidar_ros:/home/pi/ros2_ws/install/robo_rover:/home/pi/ros2_ws/install/ack_control:/home/pi/ros2_ws/install/py_Controller:/home/pi/ros2_ws/install/green_vision:/home/pi/ros2_ws/install/green_control:/opt/ros/humble LD_LIBRARY_PATH=/home/pi/ros2_ws/install/realsense2_camera_msgs/lib:${LD_LIBRARY_PATH} PYTHONPATH=/home/pi/ros2_ws/install/realsense2_camera_msgs/local/lib/python3.10/dist-packages:${PYTHONPATH} /usr/bin/cmake --install /home/pi/ros2_ws/build/realsense2_camera
