[0.083s] Invoking command in '/home/pi/ros2_ws/build/realsense2_rviz_plugin': AMENT_PREFIX_PATH=/home/pi/ros2_ws/install/realsense2_camera_msgs:${AMENT_PREFIX_PATH} CMAKE_PREFIX_PATH=/home/pi/ros2_ws/install/realsense2_camera_msgs:/home/pi/ros2_ws/install/turtlesim:/home/pi/ros2_ws/install/rplidar_ros:/home/pi/ros2_ws/install/robo_rover:/home/pi/ros2_ws/install/ack_control:/home/pi/ros2_ws/install/py_Controller:/home/pi/ros2_ws/install/green_vision:/home/pi/ros2_ws/install/green_control:/opt/ros/humble LD_LIBRARY_PATH=/home/pi/ros2_ws/install/realsense2_camera_msgs/lib:${LD_LIBRARY_PATH} PYTHONPATH=/home/pi/ros2_ws/install/realsense2_camera_msgs/local/lib/python3.10/dist-packages:${PYTHONPATH} /usr/bin/cmake --build /home/pi/ros2_ws/build/realsense2_rviz_plugin -- -j4 -l4
[0.307s] Invoked command in '/home/pi/ros2_ws/build/realsense2_rviz_plugin' returned '0': AMENT_PREFIX_PATH=/home/pi/ros2_ws/install/realsense2_camera_msgs:${AMENT_PREFIX_PATH} CMAKE_PREFIX_PATH=/home/pi/ros2_ws/install/realsense2_camera_msgs:/home/pi/ros2_ws/install/turtlesim:/home/pi/ros2_ws/install/rplidar_ros:/home/pi/ros2_ws/install/robo_rover:/home/pi/ros2_ws/install/ack_control:/home/pi/ros2_ws/install/py_Controller:/home/pi/ros2_ws/install/green_vision:/home/pi/ros2_ws/install/green_control:/opt/ros/humble LD_LIBRARY_PATH=/home/pi/ros2_ws/install/realsense2_camera_msgs/lib:${LD_LIBRARY_PATH} PYTHONPATH=/home/pi/ros2_ws/install/realsense2_camera_msgs/local/lib/python3.10/dist-packages:${PYTHONPATH} /usr/bin/cmake --build /home/pi/ros2_ws/build/realsense2_rviz_plugin -- -j4 -l4
[0.317s] Invoking command in '/home/pi/ros2_ws/build/realsense2_rviz_plugin': AMENT_PREFIX_PATH=/home/pi/ros2_ws/install/realsense2_camera_msgs:${AMENT_PREFIX_PATH} CMAKE_PREFIX_PATH=/home/pi/ros2_ws/install/realsense2_camera_msgs:/home/pi/ros2_ws/install/turtlesim:/home/pi/ros2_ws/install/rplidar_ros:/home/pi/ros2_ws/install/robo_rover:/home/pi/ros2_ws/install/ack_control:/home/pi/ros2_ws/install/py_Controller:/home/pi/ros2_ws/install/green_vision:/home/pi/ros2_ws/install/green_control:/opt/ros/humble LD_LIBRARY_PATH=/home/pi/ros2_ws/install/realsense2_camera_msgs/lib:${LD_LIBRARY_PATH} PYTHONPATH=/home/pi/ros2_ws/install/realsense2_camera_msgs/local/lib/python3.10/dist-packages:${PYTHONPATH} /usr/bin/cmake --install /home/pi/ros2_ws/build/realsense2_rviz_plugin
[0.350s] -- Install configuration: ""
[0.351s] -- Up-to-date: /home/pi/ros2_ws/install/realsense2_rviz_plugin/share/realsense2_rviz_plugin/config/rviz_rgbd_plugin_settings.yaml
[0.352s] -- Up-to-date: /home/pi/ros2_ws/install/realsense2_rviz_plugin/share/ament_index/resource_index/package_run_dependencies/realsense2_rviz_plugin
[0.353s] -- Up-to-date: /home/pi/ros2_ws/install/realsense2_rviz_plugin/share/ament_index/resource_index/parent_prefix_path/realsense2_rviz_plugin
[0.354s] -- Up-to-date: /home/pi/ros2_ws/install/realsense2_rviz_plugin/share/realsense2_rviz_plugin/environment/ament_prefix_path.sh
[0.354s] -- Up-to-date: /home/pi/ros2_ws/install/realsense2_rviz_plugin/share/realsense2_rviz_plugin/environment/ament_prefix_path.dsv
[0.356s] -- Up-to-date: /home/pi/ros2_ws/install/realsense2_rviz_plugin/share/realsense2_rviz_plugin/environment/path.sh
[0.357s] -- Up-to-date: /home/pi/ros2_ws/install/realsense2_rviz_plugin/share/realsense2_rviz_plugin/environment/path.dsv
[0.358s] -- Up-to-date: /home/pi/ros2_ws/install/realsense2_rviz_plugin/share/realsense2_rviz_plugin/local_setup.bash
[0.359s] -- Up-to-date: /home/pi/ros2_ws/install/realsense2_rviz_plugin/share/realsense2_rviz_plugin/local_setup.sh
[0.360s] -- Up-to-date: /home/pi/ros2_ws/install/realsense2_rviz_plugin/share/realsense2_rviz_plugin/local_setup.zsh
[0.361s] -- Up-to-date: /home/pi/ros2_ws/install/realsense2_rviz_plugin/share/realsense2_rviz_plugin/local_setup.dsv
[0.362s] -- Up-to-date: /home/pi/ros2_ws/install/realsense2_rviz_plugin/share/realsense2_rviz_plugin/package.dsv
[0.363s] -- Up-to-date: /home/pi/ros2_ws/install/realsense2_rviz_plugin/share/ament_index/resource_index/packages/realsense2_rviz_plugin
[0.364s] -- Up-to-date: /home/pi/ros2_ws/install/realsense2_rviz_plugin/share/realsense2_rviz_plugin/cmake/realsense2_rviz_pluginConfig.cmake
[0.366s] -- Up-to-date: /home/pi/ros2_ws/install/realsense2_rviz_plugin/share/realsense2_rviz_plugin/cmake/realsense2_rviz_pluginConfig-version.cmake
[0.368s] -- Up-to-date: /home/pi/ros2_ws/install/realsense2_rviz_plugin/share/realsense2_rviz_plugin/package.xml
[0.370s] Invoked command in '/home/pi/ros2_ws/build/realsense2_rviz_plugin' returned '0': AMENT_PREFIX_PATH=/home/pi/ros2_ws/install/realsense2_camera_msgs:${AMENT_PREFIX_PATH} CMAKE_PREFIX_PATH=/home/pi/ros2_ws/install/realsense2_camera_msgs:/home/pi/ros2_ws/install/turtlesim:/home/pi/ros2_ws/install/rplidar_ros:/home/pi/ros2_ws/install/robo_rover:/home/pi/ros2_ws/install/ack_control:/home/pi/ros2_ws/install/py_Controller:/home/pi/ros2_ws/install/green_vision:/home/pi/ros2_ws/install/green_control:/opt/ros/humble LD_LIBRARY_PATH=/home/pi/ros2_ws/install/realsense2_camera_msgs/lib:${LD_LIBRARY_PATH} PYTHONPATH=/home/pi/ros2_ws/install/realsense2_camera_msgs/local/lib/python3.10/dist-packages:${PYTHONPATH} /usr/bin/cmake --install /home/pi/ros2_ws/build/realsense2_rviz_plugin
