[0.094s] Invoking command in '/home/pi/ros2_ws/build/hardware': CMAKE_PREFIX_PATH=${CMAKE_PREFIX_PATH}:/opt/ros/humble /usr/bin/cmake /home/pi/ros2_ws/src/hardware -DCMAKE_INSTALL_PREFIX=/home/pi/ros2_ws/install/hardware
[1.286s] -- The C compiler identification is GNU 11.4.0
[2.248s] -- The CXX compiler identification is GNU 11.4.0
[2.295s] -- Detecting C compiler ABI info
[2.778s] -- Detecting C compiler ABI info - done
[2.806s] -- Check for working C compiler: /usr/bin/cc - skipped
[2.807s] -- Detecting C compile features
[2.809s] -- Detecting C compile features - done
[2.821s] -- Detecting CXX compiler ABI info
[3.302s] -- Detecting CXX compiler ABI info - done
[3.329s] -- Check for working CXX compiler: /usr/bin/c++ - skipped
[3.330s] -- Detecting CXX compile features
[3.332s] -- Detecting CXX compile features - done
[3.378s] -- Found ament_cmake: 1.3.12 (/opt/ros/humble/share/ament_cmake/cmake)
[4.640s] -- Found Python3: /usr/bin/python3 (found version "3.10.12") found components: Interpreter 
[5.482s] -- Found ament_lint_auto: 0.12.14 (/opt/ros/humble/share/ament_lint_auto/cmake)
[6.103s] -- Added test 'lint_cmake' to check CMake code style
[6.111s] -- Added test 'xmllint' to check XML markup files
[6.121s] -- Configuring done
[6.144s] -- Generating done
[6.157s] -- Build files have been written to: /home/pi/ros2_ws/build/hardware
[6.212s] Invoked command in '/home/pi/ros2_ws/build/hardware' returned '0': CMAKE_PREFIX_PATH=${CMAKE_PREFIX_PATH}:/opt/ros/humble /usr/bin/cmake /home/pi/ros2_ws/src/hardware -DCMAKE_INSTALL_PREFIX=/home/pi/ros2_ws/install/hardware
[6.223s] Invoking command in '/home/pi/ros2_ws/build/hardware': CMAKE_PREFIX_PATH=${CMAKE_PREFIX_PATH}:/opt/ros/humble /usr/bin/cmake --build /home/pi/ros2_ws/build/hardware -- -j4 -l4
[6.443s] Invoked command in '/home/pi/ros2_ws/build/hardware' returned '0': CMAKE_PREFIX_PATH=${CMAKE_PREFIX_PATH}:/opt/ros/humble /usr/bin/cmake --build /home/pi/ros2_ws/build/hardware -- -j4 -l4
[6.445s] Invoking command in '/home/pi/ros2_ws/build/hardware': CMAKE_PREFIX_PATH=${CMAKE_PREFIX_PATH}:/opt/ros/humble /usr/bin/cmake --install /home/pi/ros2_ws/build/hardware
[6.487s] -- Install configuration: ""
[6.495s] -- Installing: /home/pi/ros2_ws/install/hardware/share/ament_index/resource_index/package_run_dependencies/hardware
[6.500s] -- Installing: /home/pi/ros2_ws/install/hardware/share/ament_index/resource_index/parent_prefix_path/hardware
[6.500s] -- Installing: /home/pi/ros2_ws/install/hardware/share/hardware/environment/ament_prefix_path.sh
[6.505s] -- Installing: /home/pi/ros2_ws/install/hardware/share/hardware/environment/ament_prefix_path.dsv
[6.507s] -- Installing: /home/pi/ros2_ws/install/hardware/share/hardware/environment/path.sh
[6.509s] -- Installing: /home/pi/ros2_ws/install/hardware/share/hardware/environment/path.dsv
[6.513s] -- Installing: /home/pi/ros2_ws/install/hardware/share/hardware/local_setup.bash
[6.518s] -- Installing: /home/pi/ros2_ws/install/hardware/share/hardware/local_setup.sh
[6.520s] -- Installing: /home/pi/ros2_ws/install/hardware/share/hardware/local_setup.zsh
[6.521s] -- Installing: /home/pi/ros2_ws/install/hardware/share/hardware/local_setup.dsv
[6.522s] -- Installing: /home/pi/ros2_ws/install/hardware/share/hardware/package.dsv
[6.523s] -- Installing: /home/pi/ros2_ws/install/hardware/share/ament_index/resource_index/packages/hardware
[6.524s] -- Installing: /home/pi/ros2_ws/install/hardware/share/hardware/cmake/hardwareConfig.cmake
[6.525s] -- Installing: /home/pi/ros2_ws/install/hardware/share/hardware/cmake/hardwareConfig-version.cmake
[6.527s] -- Installing: /home/pi/ros2_ws/install/hardware/share/hardware/package.xml
[6.689s] Invoked command in '/home/pi/ros2_ws/build/hardware' returned '0': CMAKE_PREFIX_PATH=${CMAKE_PREFIX_PATH}:/opt/ros/humble /usr/bin/cmake --install /home/pi/ros2_ws/build/hardware
