[0.137s] Invoking command in '/home/pi/ros2_ws/build/realsense2_camera': AMENT_PREFIX_PATH=/home/pi/ros2_ws/install/realsense2_camera_msgs:${AMENT_PREFIX_PATH} CMAKE_PREFIX_PATH=/home/pi/ros2_ws/install/realsense2_camera_msgs:/home/pi/ros2_ws/install/turtlesim:/home/pi/ros2_ws/install/rplidar_ros:/home/pi/ros2_ws/install/robo_rover:/home/pi/ros2_ws/install/ack_control:/home/pi/ros2_ws/install/py_Controller:/home/pi/ros2_ws/install/green_vision:/home/pi/ros2_ws/install/green_control:/opt/ros/humble LD_LIBRARY_PATH=/home/pi/ros2_ws/install/realsense2_camera_msgs/lib:${LD_LIBRARY_PATH} PYTHONPATH=/home/pi/ros2_ws/install/realsense2_camera_msgs/local/lib/python3.10/dist-packages:${PYTHONPATH} /usr/bin/cmake --build /home/pi/ros2_ws/build/realsense2_camera -- -j4 -l4
[0.621s] [35m[1mConsolidate compiler generated dependencies of target realsense2_camera[0m
[0.818s] [  8%] Built target gtest
[0.821s] [ 16%] Built target realsense2_camera_node
[0.843s] [ 24%] Built target gtest_main
[0.941s] [35m[1mConsolidate compiler generated dependencies of target gtest_template[0m
[1.067s] [ 32%] Built target gtest_template
[1.367s] [100%] Built target realsense2_camera
[1.471s] Invoked command in '/home/pi/ros2_ws/build/realsense2_camera' returned '0': AMENT_PREFIX_PATH=/home/pi/ros2_ws/install/realsense2_camera_msgs:${AMENT_PREFIX_PATH} CMAKE_PREFIX_PATH=/home/pi/ros2_ws/install/realsense2_camera_msgs:/home/pi/ros2_ws/install/turtlesim:/home/pi/ros2_ws/install/rplidar_ros:/home/pi/ros2_ws/install/robo_rover:/home/pi/ros2_ws/install/ack_control:/home/pi/ros2_ws/install/py_Controller:/home/pi/ros2_ws/install/green_vision:/home/pi/ros2_ws/install/green_control:/opt/ros/humble LD_LIBRARY_PATH=/home/pi/ros2_ws/install/realsense2_camera_msgs/lib:${LD_LIBRARY_PATH} PYTHONPATH=/home/pi/ros2_ws/install/realsense2_camera_msgs/local/lib/python3.10/dist-packages:${PYTHONPATH} /usr/bin/cmake --build /home/pi/ros2_ws/build/realsense2_camera -- -j4 -l4
[1.473s] Invoking command in '/home/pi/ros2_ws/build/realsense2_camera': AMENT_PREFIX_PATH=/home/pi/ros2_ws/install/realsense2_camera_msgs:${AMENT_PREFIX_PATH} CMAKE_PREFIX_PATH=/home/pi/ros2_ws/install/realsense2_camera_msgs:/home/pi/ros2_ws/install/turtlesim:/home/pi/ros2_ws/install/rplidar_ros:/home/pi/ros2_ws/install/robo_rover:/home/pi/ros2_ws/install/ack_control:/home/pi/ros2_ws/install/py_Controller:/home/pi/ros2_ws/install/green_vision:/home/pi/ros2_ws/install/green_control:/opt/ros/humble LD_LIBRARY_PATH=/home/pi/ros2_ws/install/realsense2_camera_msgs/lib:${LD_LIBRARY_PATH} PYTHONPATH=/home/pi/ros2_ws/install/realsense2_camera_msgs/local/lib/python3.10/dist-packages:${PYTHONPATH} /usr/bin/cmake --install /home/pi/ros2_ws/build/realsense2_camera
[1.520s] -- Install configuration: "Release"
[1.521s] -- Up-to-date: /home/pi/ros2_ws/install/realsense2_camera/share/realsense2_camera/config/global_settings.yaml
[1.522s] -- Up-to-date: /home/pi/ros2_ws/install/realsense2_camera/lib/realsense2_camera/realsense2_camera_node
[1.524s] -- Up-to-date: /home/pi/ros2_ws/install/realsense2_camera/lib/librealsense2_camera.so
[1.526s] -- Up-to-date: /home/pi/ros2_ws/install/realsense2_camera/include
[1.527s] -- Up-to-date: /home/pi/ros2_ws/install/realsense2_camera/include/sensor_params.h
[1.528s] -- Up-to-date: /home/pi/ros2_ws/install/realsense2_camera/include/ros_sensor.h
[1.529s] -- Up-to-date: /home/pi/ros2_ws/install/realsense2_camera/include/base_realsense_node.h
[1.530s] -- Up-to-date: /home/pi/ros2_ws/install/realsense2_camera/include/ros_param_backend.h
[1.532s] -- Up-to-date: /home/pi/ros2_ws/install/realsense2_camera/include/align_depth_filter.h
[1.533s] -- Up-to-date: /home/pi/ros2_ws/install/realsense2_camera/include/profile_manager.h
[1.535s] -- Up-to-date: /home/pi/ros2_ws/install/realsense2_camera/include/ros_node_base.h
[1.536s] -- Up-to-date: /home/pi/ros2_ws/install/realsense2_camera/include/ros_utils.h
[1.538s] -- Up-to-date: /home/pi/ros2_ws/install/realsense2_camera/include/image_publisher.h
[1.542s] -- Up-to-date: /home/pi/ros2_ws/install/realsense2_camera/include/realsense_node_factory.h
[1.544s] -- Up-to-date: /home/pi/ros2_ws/install/realsense2_camera/include/dynamic_params.h
[1.549s] -- Up-to-date: /home/pi/ros2_ws/install/realsense2_camera/include/constants.h
[1.550s] -- Up-to-date: /home/pi/ros2_ws/install/realsense2_camera/include/named_filter.h
[1.551s] -- Up-to-date: /home/pi/ros2_ws/install/realsense2_camera/include/pointcloud_filter.h
[1.552s] -- Up-to-date: /home/pi/ros2_ws/install/realsense2_camera/include/gl_window.h
[1.554s] -- Up-to-date: /home/pi/ros2_ws/install/realsense2_camera/share/realsense2_camera/launch
[1.557s] -- Up-to-date: /home/pi/ros2_ws/install/realsense2_camera/share/realsense2_camera/launch/default.rviz
[1.557s] -- Up-to-date: /home/pi/ros2_ws/install/realsense2_camera/share/realsense2_camera/launch/rs_multi_camera_launch_sync.py
[1.558s] -- Up-to-date: /home/pi/ros2_ws/install/realsense2_camera/share/realsense2_camera/launch/rs_multi_camera_launch.py
[1.559s] -- Up-to-date: /home/pi/ros2_ws/install/realsense2_camera/share/realsense2_camera/launch/rs_intra_process_demo_launch.py
[1.560s] -- Up-to-date: /home/pi/ros2_ws/install/realsense2_camera/share/realsense2_camera/launch/rs_launch.py
[1.569s] -- Up-to-date: /home/pi/ros2_ws/install/realsense2_camera/share/realsense2_camera/examples
[1.573s] -- Up-to-date: /home/pi/ros2_ws/install/realsense2_camera/share/realsense2_camera/examples/align_depth
[1.574s] -- Up-to-date: /home/pi/ros2_ws/install/realsense2_camera/share/realsense2_camera/examples/align_depth/README.md
[1.574s] -- Up-to-date: /home/pi/ros2_ws/install/realsense2_camera/share/realsense2_camera/examples/align_depth/rs_align_depth_launch.py
[1.575s] -- Up-to-date: /home/pi/ros2_ws/install/realsense2_camera/share/realsense2_camera/examples/dual_camera
[1.575s] -- Up-to-date: /home/pi/ros2_ws/install/realsense2_camera/share/realsense2_camera/examples/dual_camera/README.md
[1.575s] -- Up-to-date: /home/pi/ros2_ws/install/realsense2_camera/share/realsense2_camera/examples/dual_camera/rviz
[1.576s] -- Up-to-date: /home/pi/ros2_ws/install/realsense2_camera/share/realsense2_camera/examples/dual_camera/rviz/dual_camera_pointcloud.rviz
[1.576s] -- Up-to-date: /home/pi/ros2_ws/install/realsense2_camera/share/realsense2_camera/examples/dual_camera/rs_dual_camera_launch.py
[1.581s] -- Up-to-date: /home/pi/ros2_ws/install/realsense2_camera/share/realsense2_camera/examples/d500_tables
[1.582s] -- Up-to-date: /home/pi/ros2_ws/install/realsense2_camera/share/realsense2_camera/examples/d500_tables/calib_config_example.json
[1.583s] -- Up-to-date: /home/pi/ros2_ws/install/realsense2_camera/share/realsense2_camera/examples/pointcloud
[1.583s] -- Up-to-date: /home/pi/ros2_ws/install/realsense2_camera/share/realsense2_camera/examples/pointcloud/README.md
[1.584s] -- Up-to-date: /home/pi/ros2_ws/install/realsense2_camera/share/realsense2_camera/examples/pointcloud/rs_pointcloud_launch.py
[1.584s] -- Up-to-date: /home/pi/ros2_ws/install/realsense2_camera/share/realsense2_camera/examples/pointcloud/rs_pointcloud_infra_launch.py
[1.585s] -- Up-to-date: /home/pi/ros2_ws/install/realsense2_camera/share/realsense2_camera/examples/pointcloud/rviz
[1.585s] -- Up-to-date: /home/pi/ros2_ws/install/realsense2_camera/share/realsense2_camera/examples/pointcloud/rviz/urdf_pointcloud.rviz
[1.586s] -- Up-to-date: /home/pi/ros2_ws/install/realsense2_camera/share/realsense2_camera/examples/pointcloud/rviz/pointcloud.rviz
[1.586s] -- Up-to-date: /home/pi/ros2_ws/install/realsense2_camera/share/realsense2_camera/examples/pointcloud/rs_d405_pointcloud_launch.py
[1.587s] -- Up-to-date: /home/pi/ros2_ws/install/realsense2_camera/share/realsense2_camera/examples/pointcloud/rs_d455_pointcloud_launch.py
[1.587s] -- Up-to-date: /home/pi/ros2_ws/install/realsense2_camera/share/realsense2_camera/examples/launch_params_from_file
[1.588s] -- Up-to-date: /home/pi/ros2_ws/install/realsense2_camera/share/realsense2_camera/examples/launch_params_from_file/rs_launch_get_params_from_yaml.py
[1.601s] -- Up-to-date: /home/pi/ros2_ws/install/realsense2_camera/share/realsense2_camera/examples/launch_params_from_file/README.md
[1.601s] -- Up-to-date: /home/pi/ros2_ws/install/realsense2_camera/share/realsense2_camera/examples/launch_params_from_file/config
[1.602s] -- Up-to-date: /home/pi/ros2_ws/install/realsense2_camera/share/realsense2_camera/examples/launch_params_from_file/config/config.yaml
[1.603s] -- Up-to-date: /home/pi/ros2_ws/install/realsense2_camera/share/realsense2_camera/examples/launch_from_rosbag
[1.603s] -- Up-to-date: /home/pi/ros2_ws/install/realsense2_camera/share/realsense2_camera/examples/launch_from_rosbag/README.md
[1.604s] -- Up-to-date: /home/pi/ros2_ws/install/realsense2_camera/share/realsense2_camera/examples/launch_from_rosbag/rs_launch_from_rosbag.py
[1.604s] -- Up-to-date: /home/pi/ros2_ws/install/realsense2_camera/share/realsense2_camera/environment/library_path.sh
[1.605s] -- Up-to-date: /home/pi/ros2_ws/install/realsense2_camera/share/realsense2_camera/environment/library_path.dsv
[1.606s] -- Up-to-date: /home/pi/ros2_ws/install/realsense2_camera/share/ament_index/resource_index/package_run_dependencies/realsense2_camera
[1.606s] -- Up-to-date: /home/pi/ros2_ws/install/realsense2_camera/share/ament_index/resource_index/parent_prefix_path/realsense2_camera
[1.607s] -- Up-to-date: /home/pi/ros2_ws/install/realsense2_camera/share/realsense2_camera/environment/ament_prefix_path.sh
[1.607s] -- Up-to-date: /home/pi/ros2_ws/install/realsense2_camera/share/realsense2_camera/environment/ament_prefix_path.dsv
[1.608s] -- Up-to-date: /home/pi/ros2_ws/install/realsense2_camera/share/realsense2_camera/environment/path.sh
[1.609s] -- Up-to-date: /home/pi/ros2_ws/install/realsense2_camera/share/realsense2_camera/environment/path.dsv
[1.609s] -- Up-to-date: /home/pi/ros2_ws/install/realsense2_camera/share/realsense2_camera/local_setup.bash
[1.610s] -- Up-to-date: /home/pi/ros2_ws/install/realsense2_camera/share/realsense2_camera/local_setup.sh
[1.611s] -- Up-to-date: /home/pi/ros2_ws/install/realsense2_camera/share/realsense2_camera/local_setup.zsh
[1.612s] -- Up-to-date: /home/pi/ros2_ws/install/realsense2_camera/share/realsense2_camera/local_setup.dsv
[1.612s] -- Installing: /home/pi/ros2_ws/install/realsense2_camera/share/realsense2_camera/package.dsv
[1.613s] -- Up-to-date: /home/pi/ros2_ws/install/realsense2_camera/share/ament_index/resource_index/packages/realsense2_camera
[1.613s] -- Up-to-date: /home/pi/ros2_ws/install/realsense2_camera/share/ament_index/resource_index/rclcpp_components/realsense2_camera
[1.627s] -- Up-to-date: /home/pi/ros2_ws/install/realsense2_camera/share/realsense2_camera/cmake/ament_cmake_export_include_directories-extras.cmake
[1.628s] -- Up-to-date: /home/pi/ros2_ws/install/realsense2_camera/share/realsense2_camera/cmake/ament_cmake_export_libraries-extras.cmake
[1.629s] -- Up-to-date: /home/pi/ros2_ws/install/realsense2_camera/share/realsense2_camera/cmake/ament_cmake_export_dependencies-extras.cmake
[1.630s] -- Up-to-date: /home/pi/ros2_ws/install/realsense2_camera/share/realsense2_camera/cmake/realsense2_cameraConfig.cmake
[1.630s] -- Up-to-date: /home/pi/ros2_ws/install/realsense2_camera/share/realsense2_camera/cmake/realsense2_cameraConfig-version.cmake
[1.633s] -- Up-to-date: /home/pi/ros2_ws/install/realsense2_camera/share/realsense2_camera/package.xml
[1.641s] Invoked command in '/home/pi/ros2_ws/build/realsense2_camera' returned '0': AMENT_PREFIX_PATH=/home/pi/ros2_ws/install/realsense2_camera_msgs:${AMENT_PREFIX_PATH} CMAKE_PREFIX_PATH=/home/pi/ros2_ws/install/realsense2_camera_msgs:/home/pi/ros2_ws/install/turtlesim:/home/pi/ros2_ws/install/rplidar_ros:/home/pi/ros2_ws/install/robo_rover:/home/pi/ros2_ws/install/ack_control:/home/pi/ros2_ws/install/py_Controller:/home/pi/ros2_ws/install/green_vision:/home/pi/ros2_ws/install/green_control:/opt/ros/humble LD_LIBRARY_PATH=/home/pi/ros2_ws/install/realsense2_camera_msgs/lib:${LD_LIBRARY_PATH} PYTHONPATH=/home/pi/ros2_ws/install/realsense2_camera_msgs/local/lib/python3.10/dist-packages:${PYTHONPATH} /usr/bin/cmake --install /home/pi/ros2_ws/build/realsense2_camera
