[5.124s] Invoking command in '/home/pi/ros2_ws/src/realsense-ros/realsense2_ros_mqtt_bridge': PYTHONPATH=/home/pi/ros2_ws/build/realsense2_ros_mqtt_bridge/prefix_override:/usr/lib/python3/dist-packages/colcon_core/task/python/colcon_distutils_commands:/home/pi/ros2_ws/install/realsense2_ros_mqtt_bridge/lib/python3.10/site-packages:${PYTHONPATH} /usr/bin/python3 -W ignore:setup.py install is deprecated -W ignore:easy_install command is deprecated setup.py egg_info --egg-base ../../../build/realsense2_ros_mqtt_bridge build --build-base /home/pi/ros2_ws/build/realsense2_ros_mqtt_bridge/build install --record /home/pi/ros2_ws/build/realsense2_ros_mqtt_bridge/install.log --single-version-externally-managed install_data
[7.798s] running egg_info
[7.805s] writing ../../../build/realsense2_ros_mqtt_bridge/realsense2_ros_mqtt_bridge.egg-info/PKG-INFO
[7.810s] writing dependency_links to ../../../build/realsense2_ros_mqtt_bridge/realsense2_ros_mqtt_bridge.egg-info/dependency_links.txt
[7.810s] writing entry points to ../../../build/realsense2_ros_mqtt_bridge/realsense2_ros_mqtt_bridge.egg-info/entry_points.txt
[7.811s] writing requirements to ../../../build/realsense2_ros_mqtt_bridge/realsense2_ros_mqtt_bridge.egg-info/requires.txt
[7.811s] writing top-level names to ../../../build/realsense2_ros_mqtt_bridge/realsense2_ros_mqtt_bridge.egg-info/top_level.txt
[7.821s] reading manifest file '../../../build/realsense2_ros_mqtt_bridge/realsense2_ros_mqtt_bridge.egg-info/SOURCES.txt'
[7.825s] writing manifest file '../../../build/realsense2_ros_mqtt_bridge/realsense2_ros_mqtt_bridge.egg-info/SOURCES.txt'
[7.826s] running build
[7.827s] running build_py
[7.838s] running install
[7.838s] running install_lib
[7.851s] running install_data
[7.858s] running install_egg_info
[7.869s] removing '/home/pi/ros2_ws/install/realsense2_ros_mqtt_bridge/lib/python3.10/site-packages/realsense2_ros_mqtt_bridge-4.57.0-py3.10.egg-info' (and everything under it)
[7.870s] Copying ../../../build/realsense2_ros_mqtt_bridge/realsense2_ros_mqtt_bridge.egg-info to /home/pi/ros2_ws/install/realsense2_ros_mqtt_bridge/lib/python3.10/site-packages/realsense2_ros_mqtt_bridge-4.57.0-py3.10.egg-info
[7.882s] running install_scripts
[8.017s] Installing realsense2_ros_mqtt_bridge script to /home/pi/ros2_ws/install/realsense2_ros_mqtt_bridge/lib/realsense2_ros_mqtt_bridge
[8.022s] writing list of installed files to '/home/pi/ros2_ws/build/realsense2_ros_mqtt_bridge/install.log'
[8.215s] Invoked command in '/home/pi/ros2_ws/src/realsense-ros/realsense2_ros_mqtt_bridge' returned '0': PYTHONPATH=/home/pi/ros2_ws/build/realsense2_ros_mqtt_bridge/prefix_override:/usr/lib/python3/dist-packages/colcon_core/task/python/colcon_distutils_commands:/home/pi/ros2_ws/install/realsense2_ros_mqtt_bridge/lib/python3.10/site-packages:${PYTHONPATH} /usr/bin/python3 -W ignore:setup.py install is deprecated -W ignore:easy_install command is deprecated setup.py egg_info --egg-base ../../../build/realsense2_ros_mqtt_bridge build --build-base /home/pi/ros2_ws/build/realsense2_ros_mqtt_bridge/build install --record /home/pi/ros2_ws/build/realsense2_ros_mqtt_bridge/install.log --single-version-externally-managed install_data
